[2024-11-21T17:33:40.358+0100] {processor.py:186} INFO - Started process (PID=2004) to work on /Users/jobandtalent/opt/anaconda3/envs/e2s-env/lib/python3.9/site-packages/airflow/example_dags/plugins/event_listener.py
[2024-11-21T17:33:40.360+0100] {processor.py:914} INFO - Processing file /Users/jobandtalent/opt/anaconda3/envs/e2s-env/lib/python3.9/site-packages/airflow/example_dags/plugins/event_listener.py for tasks to queue
[2024-11-21T17:33:40.360+0100] {logging_mixin.py:190} INFO - [2024-11-21T17:33:40.360+0100] {dagbag.py:588} INFO - Filling up the DagBag from /Users/jobandtalent/opt/anaconda3/envs/e2s-env/lib/python3.9/site-packages/airflow/example_dags/plugins/event_listener.py
[2024-11-21T17:33:40.361+0100] {processor.py:927} WARNING - No viable dags retrieved from /Users/jobandtalent/opt/anaconda3/envs/e2s-env/lib/python3.9/site-packages/airflow/example_dags/plugins/event_listener.py
[2024-11-21T17:33:40.419+0100] {processor.py:208} INFO - Processing /Users/jobandtalent/opt/anaconda3/envs/e2s-env/lib/python3.9/site-packages/airflow/example_dags/plugins/event_listener.py took 0.072 seconds
[2024-11-21T17:36:37.906+0100] {processor.py:186} INFO - Started process (PID=2448) to work on /Users/jobandtalent/opt/anaconda3/envs/e2s-env/lib/python3.9/site-packages/airflow/example_dags/plugins/event_listener.py
[2024-11-21T17:36:37.910+0100] {processor.py:914} INFO - Processing file /Users/jobandtalent/opt/anaconda3/envs/e2s-env/lib/python3.9/site-packages/airflow/example_dags/plugins/event_listener.py for tasks to queue
[2024-11-21T17:36:37.911+0100] {logging_mixin.py:190} INFO - [2024-11-21T17:36:37.911+0100] {dagbag.py:588} INFO - Filling up the DagBag from /Users/jobandtalent/opt/anaconda3/envs/e2s-env/lib/python3.9/site-packages/airflow/example_dags/plugins/event_listener.py
[2024-11-21T17:36:37.912+0100] {processor.py:927} WARNING - No viable dags retrieved from /Users/jobandtalent/opt/anaconda3/envs/e2s-env/lib/python3.9/site-packages/airflow/example_dags/plugins/event_listener.py
[2024-11-21T17:36:37.964+0100] {processor.py:208} INFO - Processing /Users/jobandtalent/opt/anaconda3/envs/e2s-env/lib/python3.9/site-packages/airflow/example_dags/plugins/event_listener.py took 0.067 seconds
[2024-11-21T17:38:58.546+0100] {processor.py:186} INFO - Started process (PID=2791) to work on /Users/jobandtalent/opt/anaconda3/envs/e2s-env/lib/python3.9/site-packages/airflow/example_dags/plugins/event_listener.py
[2024-11-21T17:38:58.547+0100] {processor.py:914} INFO - Processing file /Users/jobandtalent/opt/anaconda3/envs/e2s-env/lib/python3.9/site-packages/airflow/example_dags/plugins/event_listener.py for tasks to queue
[2024-11-21T17:38:58.548+0100] {logging_mixin.py:190} INFO - [2024-11-21T17:38:58.548+0100] {dagbag.py:588} INFO - Filling up the DagBag from /Users/jobandtalent/opt/anaconda3/envs/e2s-env/lib/python3.9/site-packages/airflow/example_dags/plugins/event_listener.py
[2024-11-21T17:38:58.550+0100] {processor.py:927} WARNING - No viable dags retrieved from /Users/jobandtalent/opt/anaconda3/envs/e2s-env/lib/python3.9/site-packages/airflow/example_dags/plugins/event_listener.py
[2024-11-21T17:38:58.617+0100] {processor.py:208} INFO - Processing /Users/jobandtalent/opt/anaconda3/envs/e2s-env/lib/python3.9/site-packages/airflow/example_dags/plugins/event_listener.py took 0.081 seconds
[2024-11-21T17:41:21.779+0100] {processor.py:186} INFO - Started process (PID=3154) to work on /Users/jobandtalent/opt/anaconda3/envs/e2s-env/lib/python3.9/site-packages/airflow/example_dags/plugins/event_listener.py
[2024-11-21T17:41:21.781+0100] {processor.py:914} INFO - Processing file /Users/jobandtalent/opt/anaconda3/envs/e2s-env/lib/python3.9/site-packages/airflow/example_dags/plugins/event_listener.py for tasks to queue
[2024-11-21T17:41:21.782+0100] {logging_mixin.py:190} INFO - [2024-11-21T17:41:21.782+0100] {dagbag.py:588} INFO - Filling up the DagBag from /Users/jobandtalent/opt/anaconda3/envs/e2s-env/lib/python3.9/site-packages/airflow/example_dags/plugins/event_listener.py
[2024-11-21T17:41:21.783+0100] {processor.py:927} WARNING - No viable dags retrieved from /Users/jobandtalent/opt/anaconda3/envs/e2s-env/lib/python3.9/site-packages/airflow/example_dags/plugins/event_listener.py
[2024-11-21T17:41:21.834+0100] {processor.py:208} INFO - Processing /Users/jobandtalent/opt/anaconda3/envs/e2s-env/lib/python3.9/site-packages/airflow/example_dags/plugins/event_listener.py took 0.067 seconds
[2024-11-21T17:43:47.171+0100] {processor.py:186} INFO - Started process (PID=3496) to work on /Users/jobandtalent/opt/anaconda3/envs/e2s-env/lib/python3.9/site-packages/airflow/example_dags/plugins/event_listener.py
[2024-11-21T17:43:47.173+0100] {processor.py:914} INFO - Processing file /Users/jobandtalent/opt/anaconda3/envs/e2s-env/lib/python3.9/site-packages/airflow/example_dags/plugins/event_listener.py for tasks to queue
[2024-11-21T17:43:47.174+0100] {logging_mixin.py:190} INFO - [2024-11-21T17:43:47.174+0100] {dagbag.py:588} INFO - Filling up the DagBag from /Users/jobandtalent/opt/anaconda3/envs/e2s-env/lib/python3.9/site-packages/airflow/example_dags/plugins/event_listener.py
[2024-11-21T17:43:47.175+0100] {processor.py:927} WARNING - No viable dags retrieved from /Users/jobandtalent/opt/anaconda3/envs/e2s-env/lib/python3.9/site-packages/airflow/example_dags/plugins/event_listener.py
[2024-11-21T17:43:47.244+0100] {processor.py:208} INFO - Processing /Users/jobandtalent/opt/anaconda3/envs/e2s-env/lib/python3.9/site-packages/airflow/example_dags/plugins/event_listener.py took 0.085 seconds
[2024-11-21T17:46:37.171+0100] {processor.py:186} INFO - Started process (PID=4220) to work on /Users/jobandtalent/opt/anaconda3/envs/e2s-env/lib/python3.9/site-packages/airflow/example_dags/plugins/event_listener.py
[2024-11-21T17:46:37.172+0100] {processor.py:914} INFO - Processing file /Users/jobandtalent/opt/anaconda3/envs/e2s-env/lib/python3.9/site-packages/airflow/example_dags/plugins/event_listener.py for tasks to queue
[2024-11-21T17:46:37.173+0100] {logging_mixin.py:190} INFO - [2024-11-21T17:46:37.173+0100] {dagbag.py:588} INFO - Filling up the DagBag from /Users/jobandtalent/opt/anaconda3/envs/e2s-env/lib/python3.9/site-packages/airflow/example_dags/plugins/event_listener.py
[2024-11-21T17:46:37.174+0100] {processor.py:927} WARNING - No viable dags retrieved from /Users/jobandtalent/opt/anaconda3/envs/e2s-env/lib/python3.9/site-packages/airflow/example_dags/plugins/event_listener.py
[2024-11-21T17:46:37.227+0100] {processor.py:208} INFO - Processing /Users/jobandtalent/opt/anaconda3/envs/e2s-env/lib/python3.9/site-packages/airflow/example_dags/plugins/event_listener.py took 0.064 seconds
[2024-11-21T17:49:13.295+0100] {processor.py:186} INFO - Started process (PID=4741) to work on /Users/jobandtalent/opt/anaconda3/envs/e2s-env/lib/python3.9/site-packages/airflow/example_dags/plugins/event_listener.py
[2024-11-21T17:49:13.297+0100] {processor.py:914} INFO - Processing file /Users/jobandtalent/opt/anaconda3/envs/e2s-env/lib/python3.9/site-packages/airflow/example_dags/plugins/event_listener.py for tasks to queue
[2024-11-21T17:49:13.298+0100] {logging_mixin.py:190} INFO - [2024-11-21T17:49:13.297+0100] {dagbag.py:588} INFO - Filling up the DagBag from /Users/jobandtalent/opt/anaconda3/envs/e2s-env/lib/python3.9/site-packages/airflow/example_dags/plugins/event_listener.py
[2024-11-21T17:49:13.299+0100] {processor.py:927} WARNING - No viable dags retrieved from /Users/jobandtalent/opt/anaconda3/envs/e2s-env/lib/python3.9/site-packages/airflow/example_dags/plugins/event_listener.py
[2024-11-21T17:49:13.354+0100] {processor.py:208} INFO - Processing /Users/jobandtalent/opt/anaconda3/envs/e2s-env/lib/python3.9/site-packages/airflow/example_dags/plugins/event_listener.py took 0.070 seconds
[2024-11-21T17:51:43.719+0100] {processor.py:186} INFO - Started process (PID=5109) to work on /Users/jobandtalent/opt/anaconda3/envs/e2s-env/lib/python3.9/site-packages/airflow/example_dags/plugins/event_listener.py
[2024-11-21T17:51:43.722+0100] {processor.py:914} INFO - Processing file /Users/jobandtalent/opt/anaconda3/envs/e2s-env/lib/python3.9/site-packages/airflow/example_dags/plugins/event_listener.py for tasks to queue
[2024-11-21T17:51:43.722+0100] {logging_mixin.py:190} INFO - [2024-11-21T17:51:43.722+0100] {dagbag.py:588} INFO - Filling up the DagBag from /Users/jobandtalent/opt/anaconda3/envs/e2s-env/lib/python3.9/site-packages/airflow/example_dags/plugins/event_listener.py
[2024-11-21T17:51:43.724+0100] {processor.py:927} WARNING - No viable dags retrieved from /Users/jobandtalent/opt/anaconda3/envs/e2s-env/lib/python3.9/site-packages/airflow/example_dags/plugins/event_listener.py
[2024-11-21T17:51:43.777+0100] {processor.py:208} INFO - Processing /Users/jobandtalent/opt/anaconda3/envs/e2s-env/lib/python3.9/site-packages/airflow/example_dags/plugins/event_listener.py took 0.070 seconds
[2024-11-21T17:54:08.315+0100] {processor.py:186} INFO - Started process (PID=5452) to work on /Users/jobandtalent/opt/anaconda3/envs/e2s-env/lib/python3.9/site-packages/airflow/example_dags/plugins/event_listener.py
[2024-11-21T17:54:08.317+0100] {processor.py:914} INFO - Processing file /Users/jobandtalent/opt/anaconda3/envs/e2s-env/lib/python3.9/site-packages/airflow/example_dags/plugins/event_listener.py for tasks to queue
[2024-11-21T17:54:08.318+0100] {logging_mixin.py:190} INFO - [2024-11-21T17:54:08.318+0100] {dagbag.py:588} INFO - Filling up the DagBag from /Users/jobandtalent/opt/anaconda3/envs/e2s-env/lib/python3.9/site-packages/airflow/example_dags/plugins/event_listener.py
[2024-11-21T17:54:08.319+0100] {processor.py:927} WARNING - No viable dags retrieved from /Users/jobandtalent/opt/anaconda3/envs/e2s-env/lib/python3.9/site-packages/airflow/example_dags/plugins/event_listener.py
[2024-11-21T17:54:08.371+0100] {processor.py:208} INFO - Processing /Users/jobandtalent/opt/anaconda3/envs/e2s-env/lib/python3.9/site-packages/airflow/example_dags/plugins/event_listener.py took 0.068 seconds
[2024-11-21T17:56:26.230+0100] {processor.py:186} INFO - Started process (PID=5847) to work on /Users/jobandtalent/opt/anaconda3/envs/e2s-env/lib/python3.9/site-packages/airflow/example_dags/plugins/event_listener.py
[2024-11-21T17:56:26.231+0100] {processor.py:914} INFO - Processing file /Users/jobandtalent/opt/anaconda3/envs/e2s-env/lib/python3.9/site-packages/airflow/example_dags/plugins/event_listener.py for tasks to queue
[2024-11-21T17:56:26.232+0100] {logging_mixin.py:190} INFO - [2024-11-21T17:56:26.232+0100] {dagbag.py:588} INFO - Filling up the DagBag from /Users/jobandtalent/opt/anaconda3/envs/e2s-env/lib/python3.9/site-packages/airflow/example_dags/plugins/event_listener.py
[2024-11-21T17:56:26.234+0100] {processor.py:927} WARNING - No viable dags retrieved from /Users/jobandtalent/opt/anaconda3/envs/e2s-env/lib/python3.9/site-packages/airflow/example_dags/plugins/event_listener.py
[2024-11-21T17:56:26.287+0100] {processor.py:208} INFO - Processing /Users/jobandtalent/opt/anaconda3/envs/e2s-env/lib/python3.9/site-packages/airflow/example_dags/plugins/event_listener.py took 0.066 seconds
