[2024-11-21T17:33:37.617+0100] {processor.py:186} INFO - Started process (PID=1987) to work on /Users/jobandtalent/opt/anaconda3/envs/e2s-env/lib/python3.9/site-packages/airflow/example_dags/plugins/listener_plugin.py
[2024-11-21T17:33:37.618+0100] {processor.py:914} INFO - Processing file /Users/jobandtalent/opt/anaconda3/envs/e2s-env/lib/python3.9/site-packages/airflow/example_dags/plugins/listener_plugin.py for tasks to queue
[2024-11-21T17:33:37.619+0100] {logging_mixin.py:190} INFO - [2024-11-21T17:33:37.619+0100] {dagbag.py:588} INFO - Filling up the DagBag from /Users/jobandtalent/opt/anaconda3/envs/e2s-env/lib/python3.9/site-packages/airflow/example_dags/plugins/listener_plugin.py
[2024-11-21T17:33:37.621+0100] {processor.py:927} WARNING - No viable dags retrieved from /Users/jobandtalent/opt/anaconda3/envs/e2s-env/lib/python3.9/site-packages/airflow/example_dags/plugins/listener_plugin.py
[2024-11-21T17:33:37.675+0100] {processor.py:208} INFO - Processing /Users/jobandtalent/opt/anaconda3/envs/e2s-env/lib/python3.9/site-packages/airflow/example_dags/plugins/listener_plugin.py took 0.070 seconds
[2024-11-21T17:36:35.181+0100] {processor.py:186} INFO - Started process (PID=2434) to work on /Users/jobandtalent/opt/anaconda3/envs/e2s-env/lib/python3.9/site-packages/airflow/example_dags/plugins/listener_plugin.py
[2024-11-21T17:36:35.183+0100] {processor.py:914} INFO - Processing file /Users/jobandtalent/opt/anaconda3/envs/e2s-env/lib/python3.9/site-packages/airflow/example_dags/plugins/listener_plugin.py for tasks to queue
[2024-11-21T17:36:35.184+0100] {logging_mixin.py:190} INFO - [2024-11-21T17:36:35.184+0100] {dagbag.py:588} INFO - Filling up the DagBag from /Users/jobandtalent/opt/anaconda3/envs/e2s-env/lib/python3.9/site-packages/airflow/example_dags/plugins/listener_plugin.py
[2024-11-21T17:36:35.187+0100] {processor.py:927} WARNING - No viable dags retrieved from /Users/jobandtalent/opt/anaconda3/envs/e2s-env/lib/python3.9/site-packages/airflow/example_dags/plugins/listener_plugin.py
[2024-11-21T17:36:35.241+0100] {processor.py:208} INFO - Processing /Users/jobandtalent/opt/anaconda3/envs/e2s-env/lib/python3.9/site-packages/airflow/example_dags/plugins/listener_plugin.py took 0.074 seconds
[2024-11-21T17:38:55.185+0100] {processor.py:186} INFO - Started process (PID=2787) to work on /Users/jobandtalent/opt/anaconda3/envs/e2s-env/lib/python3.9/site-packages/airflow/example_dags/plugins/listener_plugin.py
[2024-11-21T17:38:55.187+0100] {processor.py:914} INFO - Processing file /Users/jobandtalent/opt/anaconda3/envs/e2s-env/lib/python3.9/site-packages/airflow/example_dags/plugins/listener_plugin.py for tasks to queue
[2024-11-21T17:38:55.188+0100] {logging_mixin.py:190} INFO - [2024-11-21T17:38:55.188+0100] {dagbag.py:588} INFO - Filling up the DagBag from /Users/jobandtalent/opt/anaconda3/envs/e2s-env/lib/python3.9/site-packages/airflow/example_dags/plugins/listener_plugin.py
[2024-11-21T17:38:55.191+0100] {processor.py:927} WARNING - No viable dags retrieved from /Users/jobandtalent/opt/anaconda3/envs/e2s-env/lib/python3.9/site-packages/airflow/example_dags/plugins/listener_plugin.py
[2024-11-21T17:38:55.253+0100] {processor.py:208} INFO - Processing /Users/jobandtalent/opt/anaconda3/envs/e2s-env/lib/python3.9/site-packages/airflow/example_dags/plugins/listener_plugin.py took 0.081 seconds
[2024-11-21T17:41:19.089+0100] {processor.py:186} INFO - Started process (PID=3140) to work on /Users/jobandtalent/opt/anaconda3/envs/e2s-env/lib/python3.9/site-packages/airflow/example_dags/plugins/listener_plugin.py
[2024-11-21T17:41:19.090+0100] {processor.py:914} INFO - Processing file /Users/jobandtalent/opt/anaconda3/envs/e2s-env/lib/python3.9/site-packages/airflow/example_dags/plugins/listener_plugin.py for tasks to queue
[2024-11-21T17:41:19.091+0100] {logging_mixin.py:190} INFO - [2024-11-21T17:41:19.091+0100] {dagbag.py:588} INFO - Filling up the DagBag from /Users/jobandtalent/opt/anaconda3/envs/e2s-env/lib/python3.9/site-packages/airflow/example_dags/plugins/listener_plugin.py
[2024-11-21T17:41:19.094+0100] {processor.py:927} WARNING - No viable dags retrieved from /Users/jobandtalent/opt/anaconda3/envs/e2s-env/lib/python3.9/site-packages/airflow/example_dags/plugins/listener_plugin.py
[2024-11-21T17:41:19.150+0100] {processor.py:208} INFO - Processing /Users/jobandtalent/opt/anaconda3/envs/e2s-env/lib/python3.9/site-packages/airflow/example_dags/plugins/listener_plugin.py took 0.074 seconds
[2024-11-21T17:43:44.541+0100] {processor.py:186} INFO - Started process (PID=3493) to work on /Users/jobandtalent/opt/anaconda3/envs/e2s-env/lib/python3.9/site-packages/airflow/example_dags/plugins/listener_plugin.py
[2024-11-21T17:43:44.543+0100] {processor.py:914} INFO - Processing file /Users/jobandtalent/opt/anaconda3/envs/e2s-env/lib/python3.9/site-packages/airflow/example_dags/plugins/listener_plugin.py for tasks to queue
[2024-11-21T17:43:44.544+0100] {logging_mixin.py:190} INFO - [2024-11-21T17:43:44.544+0100] {dagbag.py:588} INFO - Filling up the DagBag from /Users/jobandtalent/opt/anaconda3/envs/e2s-env/lib/python3.9/site-packages/airflow/example_dags/plugins/listener_plugin.py
[2024-11-21T17:43:44.556+0100] {processor.py:927} WARNING - No viable dags retrieved from /Users/jobandtalent/opt/anaconda3/envs/e2s-env/lib/python3.9/site-packages/airflow/example_dags/plugins/listener_plugin.py
[2024-11-21T17:43:44.619+0100] {processor.py:208} INFO - Processing /Users/jobandtalent/opt/anaconda3/envs/e2s-env/lib/python3.9/site-packages/airflow/example_dags/plugins/listener_plugin.py took 0.085 seconds
[2024-11-21T17:46:34.275+0100] {processor.py:186} INFO - Started process (PID=4206) to work on /Users/jobandtalent/opt/anaconda3/envs/e2s-env/lib/python3.9/site-packages/airflow/example_dags/plugins/listener_plugin.py
[2024-11-21T17:46:34.276+0100] {processor.py:914} INFO - Processing file /Users/jobandtalent/opt/anaconda3/envs/e2s-env/lib/python3.9/site-packages/airflow/example_dags/plugins/listener_plugin.py for tasks to queue
[2024-11-21T17:46:34.277+0100] {logging_mixin.py:190} INFO - [2024-11-21T17:46:34.277+0100] {dagbag.py:588} INFO - Filling up the DagBag from /Users/jobandtalent/opt/anaconda3/envs/e2s-env/lib/python3.9/site-packages/airflow/example_dags/plugins/listener_plugin.py
[2024-11-21T17:46:34.281+0100] {processor.py:927} WARNING - No viable dags retrieved from /Users/jobandtalent/opt/anaconda3/envs/e2s-env/lib/python3.9/site-packages/airflow/example_dags/plugins/listener_plugin.py
[2024-11-21T17:46:34.334+0100] {processor.py:208} INFO - Processing /Users/jobandtalent/opt/anaconda3/envs/e2s-env/lib/python3.9/site-packages/airflow/example_dags/plugins/listener_plugin.py took 0.071 seconds
[2024-11-21T17:49:10.306+0100] {processor.py:186} INFO - Started process (PID=4738) to work on /Users/jobandtalent/opt/anaconda3/envs/e2s-env/lib/python3.9/site-packages/airflow/example_dags/plugins/listener_plugin.py
[2024-11-21T17:49:10.308+0100] {processor.py:914} INFO - Processing file /Users/jobandtalent/opt/anaconda3/envs/e2s-env/lib/python3.9/site-packages/airflow/example_dags/plugins/listener_plugin.py for tasks to queue
[2024-11-21T17:49:10.308+0100] {logging_mixin.py:190} INFO - [2024-11-21T17:49:10.308+0100] {dagbag.py:588} INFO - Filling up the DagBag from /Users/jobandtalent/opt/anaconda3/envs/e2s-env/lib/python3.9/site-packages/airflow/example_dags/plugins/listener_plugin.py
[2024-11-21T17:49:10.312+0100] {processor.py:927} WARNING - No viable dags retrieved from /Users/jobandtalent/opt/anaconda3/envs/e2s-env/lib/python3.9/site-packages/airflow/example_dags/plugins/listener_plugin.py
[2024-11-21T17:49:10.365+0100] {processor.py:208} INFO - Processing /Users/jobandtalent/opt/anaconda3/envs/e2s-env/lib/python3.9/site-packages/airflow/example_dags/plugins/listener_plugin.py took 0.070 seconds
[2024-11-21T17:51:40.727+0100] {processor.py:186} INFO - Started process (PID=5106) to work on /Users/jobandtalent/opt/anaconda3/envs/e2s-env/lib/python3.9/site-packages/airflow/example_dags/plugins/listener_plugin.py
[2024-11-21T17:51:40.728+0100] {processor.py:914} INFO - Processing file /Users/jobandtalent/opt/anaconda3/envs/e2s-env/lib/python3.9/site-packages/airflow/example_dags/plugins/listener_plugin.py for tasks to queue
[2024-11-21T17:51:40.729+0100] {logging_mixin.py:190} INFO - [2024-11-21T17:51:40.729+0100] {dagbag.py:588} INFO - Filling up the DagBag from /Users/jobandtalent/opt/anaconda3/envs/e2s-env/lib/python3.9/site-packages/airflow/example_dags/plugins/listener_plugin.py
[2024-11-21T17:51:40.733+0100] {processor.py:927} WARNING - No viable dags retrieved from /Users/jobandtalent/opt/anaconda3/envs/e2s-env/lib/python3.9/site-packages/airflow/example_dags/plugins/listener_plugin.py
[2024-11-21T17:51:40.789+0100] {processor.py:208} INFO - Processing /Users/jobandtalent/opt/anaconda3/envs/e2s-env/lib/python3.9/site-packages/airflow/example_dags/plugins/listener_plugin.py took 0.065 seconds
[2024-11-21T17:54:05.433+0100] {processor.py:186} INFO - Started process (PID=5447) to work on /Users/jobandtalent/opt/anaconda3/envs/e2s-env/lib/python3.9/site-packages/airflow/example_dags/plugins/listener_plugin.py
[2024-11-21T17:54:05.434+0100] {processor.py:914} INFO - Processing file /Users/jobandtalent/opt/anaconda3/envs/e2s-env/lib/python3.9/site-packages/airflow/example_dags/plugins/listener_plugin.py for tasks to queue
[2024-11-21T17:54:05.435+0100] {logging_mixin.py:190} INFO - [2024-11-21T17:54:05.434+0100] {dagbag.py:588} INFO - Filling up the DagBag from /Users/jobandtalent/opt/anaconda3/envs/e2s-env/lib/python3.9/site-packages/airflow/example_dags/plugins/listener_plugin.py
[2024-11-21T17:54:05.439+0100] {processor.py:927} WARNING - No viable dags retrieved from /Users/jobandtalent/opt/anaconda3/envs/e2s-env/lib/python3.9/site-packages/airflow/example_dags/plugins/listener_plugin.py
[2024-11-21T17:54:05.494+0100] {processor.py:208} INFO - Processing /Users/jobandtalent/opt/anaconda3/envs/e2s-env/lib/python3.9/site-packages/airflow/example_dags/plugins/listener_plugin.py took 0.070 seconds
[2024-11-21T17:56:23.225+0100] {processor.py:186} INFO - Started process (PID=5840) to work on /Users/jobandtalent/opt/anaconda3/envs/e2s-env/lib/python3.9/site-packages/airflow/example_dags/plugins/listener_plugin.py
[2024-11-21T17:56:23.226+0100] {processor.py:914} INFO - Processing file /Users/jobandtalent/opt/anaconda3/envs/e2s-env/lib/python3.9/site-packages/airflow/example_dags/plugins/listener_plugin.py for tasks to queue
[2024-11-21T17:56:23.227+0100] {logging_mixin.py:190} INFO - [2024-11-21T17:56:23.227+0100] {dagbag.py:588} INFO - Filling up the DagBag from /Users/jobandtalent/opt/anaconda3/envs/e2s-env/lib/python3.9/site-packages/airflow/example_dags/plugins/listener_plugin.py
[2024-11-21T17:56:23.230+0100] {processor.py:927} WARNING - No viable dags retrieved from /Users/jobandtalent/opt/anaconda3/envs/e2s-env/lib/python3.9/site-packages/airflow/example_dags/plugins/listener_plugin.py
[2024-11-21T17:56:23.285+0100] {processor.py:208} INFO - Processing /Users/jobandtalent/opt/anaconda3/envs/e2s-env/lib/python3.9/site-packages/airflow/example_dags/plugins/listener_plugin.py took 0.075 seconds
[2024-11-21T17:58:47.856+0100] {processor.py:186} INFO - Started process (PID=6331) to work on /Users/jobandtalent/opt/anaconda3/envs/e2s-env/lib/python3.9/site-packages/airflow/example_dags/plugins/listener_plugin.py
[2024-11-21T17:58:47.858+0100] {processor.py:914} INFO - Processing file /Users/jobandtalent/opt/anaconda3/envs/e2s-env/lib/python3.9/site-packages/airflow/example_dags/plugins/listener_plugin.py for tasks to queue
[2024-11-21T17:58:47.858+0100] {logging_mixin.py:190} INFO - [2024-11-21T17:58:47.858+0100] {dagbag.py:588} INFO - Filling up the DagBag from /Users/jobandtalent/opt/anaconda3/envs/e2s-env/lib/python3.9/site-packages/airflow/example_dags/plugins/listener_plugin.py
[2024-11-21T17:58:47.861+0100] {processor.py:927} WARNING - No viable dags retrieved from /Users/jobandtalent/opt/anaconda3/envs/e2s-env/lib/python3.9/site-packages/airflow/example_dags/plugins/listener_plugin.py
[2024-11-21T17:58:47.913+0100] {processor.py:208} INFO - Processing /Users/jobandtalent/opt/anaconda3/envs/e2s-env/lib/python3.9/site-packages/airflow/example_dags/plugins/listener_plugin.py took 0.066 seconds
[2024-11-21T18:01:13.053+0100] {processor.py:186} INFO - Started process (PID=6702) to work on /Users/jobandtalent/opt/anaconda3/envs/e2s-env/lib/python3.9/site-packages/airflow/example_dags/plugins/listener_plugin.py
[2024-11-21T18:01:13.055+0100] {processor.py:914} INFO - Processing file /Users/jobandtalent/opt/anaconda3/envs/e2s-env/lib/python3.9/site-packages/airflow/example_dags/plugins/listener_plugin.py for tasks to queue
[2024-11-21T18:01:13.056+0100] {logging_mixin.py:190} INFO - [2024-11-21T18:01:13.055+0100] {dagbag.py:588} INFO - Filling up the DagBag from /Users/jobandtalent/opt/anaconda3/envs/e2s-env/lib/python3.9/site-packages/airflow/example_dags/plugins/listener_plugin.py
[2024-11-21T18:01:13.059+0100] {processor.py:927} WARNING - No viable dags retrieved from /Users/jobandtalent/opt/anaconda3/envs/e2s-env/lib/python3.9/site-packages/airflow/example_dags/plugins/listener_plugin.py
[2024-11-21T18:01:13.116+0100] {processor.py:208} INFO - Processing /Users/jobandtalent/opt/anaconda3/envs/e2s-env/lib/python3.9/site-packages/airflow/example_dags/plugins/listener_plugin.py took 0.074 seconds
[2024-11-21T18:03:36.953+0100] {processor.py:186} INFO - Started process (PID=7060) to work on /Users/jobandtalent/opt/anaconda3/envs/e2s-env/lib/python3.9/site-packages/airflow/example_dags/plugins/listener_plugin.py
[2024-11-21T18:03:36.954+0100] {processor.py:914} INFO - Processing file /Users/jobandtalent/opt/anaconda3/envs/e2s-env/lib/python3.9/site-packages/airflow/example_dags/plugins/listener_plugin.py for tasks to queue
[2024-11-21T18:03:36.955+0100] {logging_mixin.py:190} INFO - [2024-11-21T18:03:36.955+0100] {dagbag.py:588} INFO - Filling up the DagBag from /Users/jobandtalent/opt/anaconda3/envs/e2s-env/lib/python3.9/site-packages/airflow/example_dags/plugins/listener_plugin.py
[2024-11-21T18:03:36.958+0100] {processor.py:927} WARNING - No viable dags retrieved from /Users/jobandtalent/opt/anaconda3/envs/e2s-env/lib/python3.9/site-packages/airflow/example_dags/plugins/listener_plugin.py
[2024-11-21T18:03:37.012+0100] {processor.py:208} INFO - Processing /Users/jobandtalent/opt/anaconda3/envs/e2s-env/lib/python3.9/site-packages/airflow/example_dags/plugins/listener_plugin.py took 0.072 seconds
