[2024-11-21T17:33:34.020+0100] {processor.py:186} INFO - Started process (PID=1977) to work on /Users/jobandtalent/opt/anaconda3/envs/e2s-env/lib/python3.9/site-packages/airflow/example_dags/plugins/workday.py
[2024-11-21T17:33:34.022+0100] {processor.py:914} INFO - Processing file /Users/jobandtalent/opt/anaconda3/envs/e2s-env/lib/python3.9/site-packages/airflow/example_dags/plugins/workday.py for tasks to queue
[2024-11-21T17:33:34.022+0100] {logging_mixin.py:190} INFO - [2024-11-21T17:33:34.022+0100] {dagbag.py:588} INFO - Filling up the DagBag from /Users/jobandtalent/opt/anaconda3/envs/e2s-env/lib/python3.9/site-packages/airflow/example_dags/plugins/workday.py
[2024-11-21T17:33:35.483+0100] {processor.py:927} WARNING - No viable dags retrieved from /Users/jobandtalent/opt/anaconda3/envs/e2s-env/lib/python3.9/site-packages/airflow/example_dags/plugins/workday.py
[2024-11-21T17:33:35.556+0100] {processor.py:208} INFO - Processing /Users/jobandtalent/opt/anaconda3/envs/e2s-env/lib/python3.9/site-packages/airflow/example_dags/plugins/workday.py took 1.543 seconds
[2024-11-21T17:36:31.671+0100] {processor.py:186} INFO - Started process (PID=2430) to work on /Users/jobandtalent/opt/anaconda3/envs/e2s-env/lib/python3.9/site-packages/airflow/example_dags/plugins/workday.py
[2024-11-21T17:36:31.673+0100] {processor.py:914} INFO - Processing file /Users/jobandtalent/opt/anaconda3/envs/e2s-env/lib/python3.9/site-packages/airflow/example_dags/plugins/workday.py for tasks to queue
[2024-11-21T17:36:31.673+0100] {logging_mixin.py:190} INFO - [2024-11-21T17:36:31.673+0100] {dagbag.py:588} INFO - Filling up the DagBag from /Users/jobandtalent/opt/anaconda3/envs/e2s-env/lib/python3.9/site-packages/airflow/example_dags/plugins/workday.py
[2024-11-21T17:36:32.422+0100] {processor.py:927} WARNING - No viable dags retrieved from /Users/jobandtalent/opt/anaconda3/envs/e2s-env/lib/python3.9/site-packages/airflow/example_dags/plugins/workday.py
[2024-11-21T17:36:32.480+0100] {processor.py:208} INFO - Processing /Users/jobandtalent/opt/anaconda3/envs/e2s-env/lib/python3.9/site-packages/airflow/example_dags/plugins/workday.py took 0.819 seconds
[2024-11-21T17:38:51.118+0100] {processor.py:186} INFO - Started process (PID=2784) to work on /Users/jobandtalent/opt/anaconda3/envs/e2s-env/lib/python3.9/site-packages/airflow/example_dags/plugins/workday.py
[2024-11-21T17:38:51.120+0100] {processor.py:914} INFO - Processing file /Users/jobandtalent/opt/anaconda3/envs/e2s-env/lib/python3.9/site-packages/airflow/example_dags/plugins/workday.py for tasks to queue
[2024-11-21T17:38:51.121+0100] {logging_mixin.py:190} INFO - [2024-11-21T17:38:51.121+0100] {dagbag.py:588} INFO - Filling up the DagBag from /Users/jobandtalent/opt/anaconda3/envs/e2s-env/lib/python3.9/site-packages/airflow/example_dags/plugins/workday.py
[2024-11-21T17:38:51.834+0100] {processor.py:927} WARNING - No viable dags retrieved from /Users/jobandtalent/opt/anaconda3/envs/e2s-env/lib/python3.9/site-packages/airflow/example_dags/plugins/workday.py
[2024-11-21T17:38:51.884+0100] {processor.py:208} INFO - Processing /Users/jobandtalent/opt/anaconda3/envs/e2s-env/lib/python3.9/site-packages/airflow/example_dags/plugins/workday.py took 0.778 seconds
[2024-11-21T17:41:15.540+0100] {processor.py:186} INFO - Started process (PID=3136) to work on /Users/jobandtalent/opt/anaconda3/envs/e2s-env/lib/python3.9/site-packages/airflow/example_dags/plugins/workday.py
[2024-11-21T17:41:15.541+0100] {processor.py:914} INFO - Processing file /Users/jobandtalent/opt/anaconda3/envs/e2s-env/lib/python3.9/site-packages/airflow/example_dags/plugins/workday.py for tasks to queue
[2024-11-21T17:41:15.542+0100] {logging_mixin.py:190} INFO - [2024-11-21T17:41:15.542+0100] {dagbag.py:588} INFO - Filling up the DagBag from /Users/jobandtalent/opt/anaconda3/envs/e2s-env/lib/python3.9/site-packages/airflow/example_dags/plugins/workday.py
[2024-11-21T17:41:16.251+0100] {processor.py:927} WARNING - No viable dags retrieved from /Users/jobandtalent/opt/anaconda3/envs/e2s-env/lib/python3.9/site-packages/airflow/example_dags/plugins/workday.py
[2024-11-21T17:41:16.302+0100] {processor.py:208} INFO - Processing /Users/jobandtalent/opt/anaconda3/envs/e2s-env/lib/python3.9/site-packages/airflow/example_dags/plugins/workday.py took 0.771 seconds
[2024-11-21T17:43:40.593+0100] {processor.py:186} INFO - Started process (PID=3479) to work on /Users/jobandtalent/opt/anaconda3/envs/e2s-env/lib/python3.9/site-packages/airflow/example_dags/plugins/workday.py
[2024-11-21T17:43:40.595+0100] {processor.py:914} INFO - Processing file /Users/jobandtalent/opt/anaconda3/envs/e2s-env/lib/python3.9/site-packages/airflow/example_dags/plugins/workday.py for tasks to queue
[2024-11-21T17:43:40.596+0100] {logging_mixin.py:190} INFO - [2024-11-21T17:43:40.596+0100] {dagbag.py:588} INFO - Filling up the DagBag from /Users/jobandtalent/opt/anaconda3/envs/e2s-env/lib/python3.9/site-packages/airflow/example_dags/plugins/workday.py
[2024-11-21T17:43:41.399+0100] {processor.py:927} WARNING - No viable dags retrieved from /Users/jobandtalent/opt/anaconda3/envs/e2s-env/lib/python3.9/site-packages/airflow/example_dags/plugins/workday.py
[2024-11-21T17:43:41.462+0100] {processor.py:208} INFO - Processing /Users/jobandtalent/opt/anaconda3/envs/e2s-env/lib/python3.9/site-packages/airflow/example_dags/plugins/workday.py took 0.879 seconds
[2024-11-21T17:46:30.490+0100] {processor.py:186} INFO - Started process (PID=4167) to work on /Users/jobandtalent/opt/anaconda3/envs/e2s-env/lib/python3.9/site-packages/airflow/example_dags/plugins/workday.py
[2024-11-21T17:46:30.491+0100] {processor.py:914} INFO - Processing file /Users/jobandtalent/opt/anaconda3/envs/e2s-env/lib/python3.9/site-packages/airflow/example_dags/plugins/workday.py for tasks to queue
[2024-11-21T17:46:30.492+0100] {logging_mixin.py:190} INFO - [2024-11-21T17:46:30.492+0100] {dagbag.py:588} INFO - Filling up the DagBag from /Users/jobandtalent/opt/anaconda3/envs/e2s-env/lib/python3.9/site-packages/airflow/example_dags/plugins/workday.py
[2024-11-21T17:46:31.379+0100] {processor.py:927} WARNING - No viable dags retrieved from /Users/jobandtalent/opt/anaconda3/envs/e2s-env/lib/python3.9/site-packages/airflow/example_dags/plugins/workday.py
[2024-11-21T17:46:31.450+0100] {processor.py:208} INFO - Processing /Users/jobandtalent/opt/anaconda3/envs/e2s-env/lib/python3.9/site-packages/airflow/example_dags/plugins/workday.py took 0.968 seconds
[2024-11-21T17:49:06.660+0100] {processor.py:186} INFO - Started process (PID=4723) to work on /Users/jobandtalent/opt/anaconda3/envs/e2s-env/lib/python3.9/site-packages/airflow/example_dags/plugins/workday.py
[2024-11-21T17:49:06.662+0100] {processor.py:914} INFO - Processing file /Users/jobandtalent/opt/anaconda3/envs/e2s-env/lib/python3.9/site-packages/airflow/example_dags/plugins/workday.py for tasks to queue
[2024-11-21T17:49:06.663+0100] {logging_mixin.py:190} INFO - [2024-11-21T17:49:06.663+0100] {dagbag.py:588} INFO - Filling up the DagBag from /Users/jobandtalent/opt/anaconda3/envs/e2s-env/lib/python3.9/site-packages/airflow/example_dags/plugins/workday.py
[2024-11-21T17:49:07.374+0100] {processor.py:927} WARNING - No viable dags retrieved from /Users/jobandtalent/opt/anaconda3/envs/e2s-env/lib/python3.9/site-packages/airflow/example_dags/plugins/workday.py
[2024-11-21T17:49:07.429+0100] {processor.py:208} INFO - Processing /Users/jobandtalent/opt/anaconda3/envs/e2s-env/lib/python3.9/site-packages/airflow/example_dags/plugins/workday.py took 0.779 seconds
[2024-11-21T17:51:37.249+0100] {processor.py:186} INFO - Started process (PID=5089) to work on /Users/jobandtalent/opt/anaconda3/envs/e2s-env/lib/python3.9/site-packages/airflow/example_dags/plugins/workday.py
[2024-11-21T17:51:37.250+0100] {processor.py:914} INFO - Processing file /Users/jobandtalent/opt/anaconda3/envs/e2s-env/lib/python3.9/site-packages/airflow/example_dags/plugins/workday.py for tasks to queue
[2024-11-21T17:51:37.251+0100] {logging_mixin.py:190} INFO - [2024-11-21T17:51:37.251+0100] {dagbag.py:588} INFO - Filling up the DagBag from /Users/jobandtalent/opt/anaconda3/envs/e2s-env/lib/python3.9/site-packages/airflow/example_dags/plugins/workday.py
[2024-11-21T17:51:37.982+0100] {processor.py:927} WARNING - No viable dags retrieved from /Users/jobandtalent/opt/anaconda3/envs/e2s-env/lib/python3.9/site-packages/airflow/example_dags/plugins/workday.py
[2024-11-21T17:51:38.035+0100] {processor.py:208} INFO - Processing /Users/jobandtalent/opt/anaconda3/envs/e2s-env/lib/python3.9/site-packages/airflow/example_dags/plugins/workday.py took 0.798 seconds
[2024-11-21T17:54:01.852+0100] {processor.py:186} INFO - Started process (PID=5444) to work on /Users/jobandtalent/opt/anaconda3/envs/e2s-env/lib/python3.9/site-packages/airflow/example_dags/plugins/workday.py
[2024-11-21T17:54:01.855+0100] {processor.py:914} INFO - Processing file /Users/jobandtalent/opt/anaconda3/envs/e2s-env/lib/python3.9/site-packages/airflow/example_dags/plugins/workday.py for tasks to queue
[2024-11-21T17:54:01.856+0100] {logging_mixin.py:190} INFO - [2024-11-21T17:54:01.855+0100] {dagbag.py:588} INFO - Filling up the DagBag from /Users/jobandtalent/opt/anaconda3/envs/e2s-env/lib/python3.9/site-packages/airflow/example_dags/plugins/workday.py
[2024-11-21T17:54:02.564+0100] {processor.py:927} WARNING - No viable dags retrieved from /Users/jobandtalent/opt/anaconda3/envs/e2s-env/lib/python3.9/site-packages/airflow/example_dags/plugins/workday.py
[2024-11-21T17:54:02.617+0100] {processor.py:208} INFO - Processing /Users/jobandtalent/opt/anaconda3/envs/e2s-env/lib/python3.9/site-packages/airflow/example_dags/plugins/workday.py took 0.775 seconds
[2024-11-21T17:56:19.955+0100] {processor.py:186} INFO - Started process (PID=5826) to work on /Users/jobandtalent/opt/anaconda3/envs/e2s-env/lib/python3.9/site-packages/airflow/example_dags/plugins/workday.py
[2024-11-21T17:56:19.956+0100] {processor.py:914} INFO - Processing file /Users/jobandtalent/opt/anaconda3/envs/e2s-env/lib/python3.9/site-packages/airflow/example_dags/plugins/workday.py for tasks to queue
[2024-11-21T17:56:19.957+0100] {logging_mixin.py:190} INFO - [2024-11-21T17:56:19.957+0100] {dagbag.py:588} INFO - Filling up the DagBag from /Users/jobandtalent/opt/anaconda3/envs/e2s-env/lib/python3.9/site-packages/airflow/example_dags/plugins/workday.py
[2024-11-21T17:56:20.698+0100] {processor.py:927} WARNING - No viable dags retrieved from /Users/jobandtalent/opt/anaconda3/envs/e2s-env/lib/python3.9/site-packages/airflow/example_dags/plugins/workday.py
[2024-11-21T17:56:20.754+0100] {processor.py:208} INFO - Processing /Users/jobandtalent/opt/anaconda3/envs/e2s-env/lib/python3.9/site-packages/airflow/example_dags/plugins/workday.py took 0.810 seconds
[2024-11-21T17:58:44.702+0100] {processor.py:186} INFO - Started process (PID=6328) to work on /Users/jobandtalent/opt/anaconda3/envs/e2s-env/lib/python3.9/site-packages/airflow/example_dags/plugins/workday.py
[2024-11-21T17:58:44.704+0100] {processor.py:914} INFO - Processing file /Users/jobandtalent/opt/anaconda3/envs/e2s-env/lib/python3.9/site-packages/airflow/example_dags/plugins/workday.py for tasks to queue
[2024-11-21T17:58:44.705+0100] {logging_mixin.py:190} INFO - [2024-11-21T17:58:44.705+0100] {dagbag.py:588} INFO - Filling up the DagBag from /Users/jobandtalent/opt/anaconda3/envs/e2s-env/lib/python3.9/site-packages/airflow/example_dags/plugins/workday.py
[2024-11-21T17:58:45.434+0100] {processor.py:927} WARNING - No viable dags retrieved from /Users/jobandtalent/opt/anaconda3/envs/e2s-env/lib/python3.9/site-packages/airflow/example_dags/plugins/workday.py
[2024-11-21T17:58:45.493+0100] {processor.py:208} INFO - Processing /Users/jobandtalent/opt/anaconda3/envs/e2s-env/lib/python3.9/site-packages/airflow/example_dags/plugins/workday.py took 0.803 seconds
[2024-11-21T18:01:09.350+0100] {processor.py:186} INFO - Started process (PID=6693) to work on /Users/jobandtalent/opt/anaconda3/envs/e2s-env/lib/python3.9/site-packages/airflow/example_dags/plugins/workday.py
[2024-11-21T18:01:09.351+0100] {processor.py:914} INFO - Processing file /Users/jobandtalent/opt/anaconda3/envs/e2s-env/lib/python3.9/site-packages/airflow/example_dags/plugins/workday.py for tasks to queue
[2024-11-21T18:01:09.352+0100] {logging_mixin.py:190} INFO - [2024-11-21T18:01:09.352+0100] {dagbag.py:588} INFO - Filling up the DagBag from /Users/jobandtalent/opt/anaconda3/envs/e2s-env/lib/python3.9/site-packages/airflow/example_dags/plugins/workday.py
[2024-11-21T18:01:10.118+0100] {processor.py:927} WARNING - No viable dags retrieved from /Users/jobandtalent/opt/anaconda3/envs/e2s-env/lib/python3.9/site-packages/airflow/example_dags/plugins/workday.py
[2024-11-21T18:01:10.173+0100] {processor.py:208} INFO - Processing /Users/jobandtalent/opt/anaconda3/envs/e2s-env/lib/python3.9/site-packages/airflow/example_dags/plugins/workday.py took 0.833 seconds
[2024-11-21T18:03:34.237+0100] {processor.py:186} INFO - Started process (PID=7058) to work on /Users/jobandtalent/opt/anaconda3/envs/e2s-env/lib/python3.9/site-packages/airflow/example_dags/plugins/workday.py
[2024-11-21T18:03:34.239+0100] {processor.py:914} INFO - Processing file /Users/jobandtalent/opt/anaconda3/envs/e2s-env/lib/python3.9/site-packages/airflow/example_dags/plugins/workday.py for tasks to queue
[2024-11-21T18:03:34.239+0100] {logging_mixin.py:190} INFO - [2024-11-21T18:03:34.239+0100] {dagbag.py:588} INFO - Filling up the DagBag from /Users/jobandtalent/opt/anaconda3/envs/e2s-env/lib/python3.9/site-packages/airflow/example_dags/plugins/workday.py
[2024-11-21T18:03:34.975+0100] {processor.py:927} WARNING - No viable dags retrieved from /Users/jobandtalent/opt/anaconda3/envs/e2s-env/lib/python3.9/site-packages/airflow/example_dags/plugins/workday.py
[2024-11-21T18:03:35.030+0100] {processor.py:208} INFO - Processing /Users/jobandtalent/opt/anaconda3/envs/e2s-env/lib/python3.9/site-packages/airflow/example_dags/plugins/workday.py took 0.803 seconds
