[2024-11-21T17:33:30.813+0100] {processor.py:186} INFO - Started process (PID=1965) to work on /Users/jobandtalent/opt/anaconda3/envs/e2s-env/lib/python3.9/site-packages/airflow/example_dags/subdags/subdag.py
[2024-11-21T17:33:30.815+0100] {processor.py:914} INFO - Processing file /Users/jobandtalent/opt/anaconda3/envs/e2s-env/lib/python3.9/site-packages/airflow/example_dags/subdags/subdag.py for tasks to queue
[2024-11-21T17:33:30.815+0100] {logging_mixin.py:190} INFO - [2024-11-21T17:33:30.815+0100] {dagbag.py:588} INFO - Filling up the DagBag from /Users/jobandtalent/opt/anaconda3/envs/e2s-env/lib/python3.9/site-packages/airflow/example_dags/subdags/subdag.py
[2024-11-21T17:33:30.817+0100] {processor.py:927} WARNING - No viable dags retrieved from /Users/jobandtalent/opt/anaconda3/envs/e2s-env/lib/python3.9/site-packages/airflow/example_dags/subdags/subdag.py
[2024-11-21T17:33:30.871+0100] {processor.py:208} INFO - Processing /Users/jobandtalent/opt/anaconda3/envs/e2s-env/lib/python3.9/site-packages/airflow/example_dags/subdags/subdag.py took 0.070 seconds
[2024-11-21T17:36:29.830+0100] {processor.py:186} INFO - Started process (PID=2427) to work on /Users/jobandtalent/opt/anaconda3/envs/e2s-env/lib/python3.9/site-packages/airflow/example_dags/subdags/subdag.py
[2024-11-21T17:36:29.832+0100] {processor.py:914} INFO - Processing file /Users/jobandtalent/opt/anaconda3/envs/e2s-env/lib/python3.9/site-packages/airflow/example_dags/subdags/subdag.py for tasks to queue
[2024-11-21T17:36:29.832+0100] {logging_mixin.py:190} INFO - [2024-11-21T17:36:29.832+0100] {dagbag.py:588} INFO - Filling up the DagBag from /Users/jobandtalent/opt/anaconda3/envs/e2s-env/lib/python3.9/site-packages/airflow/example_dags/subdags/subdag.py
[2024-11-21T17:36:29.834+0100] {processor.py:927} WARNING - No viable dags retrieved from /Users/jobandtalent/opt/anaconda3/envs/e2s-env/lib/python3.9/site-packages/airflow/example_dags/subdags/subdag.py
[2024-11-21T17:36:29.890+0100] {processor.py:208} INFO - Processing /Users/jobandtalent/opt/anaconda3/envs/e2s-env/lib/python3.9/site-packages/airflow/example_dags/subdags/subdag.py took 0.073 seconds
[2024-11-21T17:38:48.361+0100] {processor.py:186} INFO - Started process (PID=2770) to work on /Users/jobandtalent/opt/anaconda3/envs/e2s-env/lib/python3.9/site-packages/airflow/example_dags/subdags/subdag.py
[2024-11-21T17:38:48.363+0100] {processor.py:914} INFO - Processing file /Users/jobandtalent/opt/anaconda3/envs/e2s-env/lib/python3.9/site-packages/airflow/example_dags/subdags/subdag.py for tasks to queue
[2024-11-21T17:38:48.364+0100] {logging_mixin.py:190} INFO - [2024-11-21T17:38:48.364+0100] {dagbag.py:588} INFO - Filling up the DagBag from /Users/jobandtalent/opt/anaconda3/envs/e2s-env/lib/python3.9/site-packages/airflow/example_dags/subdags/subdag.py
[2024-11-21T17:38:48.366+0100] {processor.py:927} WARNING - No viable dags retrieved from /Users/jobandtalent/opt/anaconda3/envs/e2s-env/lib/python3.9/site-packages/airflow/example_dags/subdags/subdag.py
[2024-11-21T17:38:48.422+0100] {processor.py:208} INFO - Processing /Users/jobandtalent/opt/anaconda3/envs/e2s-env/lib/python3.9/site-packages/airflow/example_dags/subdags/subdag.py took 0.072 seconds
[2024-11-21T17:41:13.063+0100] {processor.py:186} INFO - Started process (PID=3133) to work on /Users/jobandtalent/opt/anaconda3/envs/e2s-env/lib/python3.9/site-packages/airflow/example_dags/subdags/subdag.py
[2024-11-21T17:41:13.065+0100] {processor.py:914} INFO - Processing file /Users/jobandtalent/opt/anaconda3/envs/e2s-env/lib/python3.9/site-packages/airflow/example_dags/subdags/subdag.py for tasks to queue
[2024-11-21T17:41:13.066+0100] {logging_mixin.py:190} INFO - [2024-11-21T17:41:13.066+0100] {dagbag.py:588} INFO - Filling up the DagBag from /Users/jobandtalent/opt/anaconda3/envs/e2s-env/lib/python3.9/site-packages/airflow/example_dags/subdags/subdag.py
[2024-11-21T17:41:13.068+0100] {processor.py:927} WARNING - No viable dags retrieved from /Users/jobandtalent/opt/anaconda3/envs/e2s-env/lib/python3.9/site-packages/airflow/example_dags/subdags/subdag.py
[2024-11-21T17:41:13.120+0100] {processor.py:208} INFO - Processing /Users/jobandtalent/opt/anaconda3/envs/e2s-env/lib/python3.9/site-packages/airflow/example_dags/subdags/subdag.py took 0.065 seconds
[2024-11-21T17:43:37.386+0100] {processor.py:186} INFO - Started process (PID=3474) to work on /Users/jobandtalent/opt/anaconda3/envs/e2s-env/lib/python3.9/site-packages/airflow/example_dags/subdags/subdag.py
[2024-11-21T17:43:37.387+0100] {processor.py:914} INFO - Processing file /Users/jobandtalent/opt/anaconda3/envs/e2s-env/lib/python3.9/site-packages/airflow/example_dags/subdags/subdag.py for tasks to queue
[2024-11-21T17:43:37.388+0100] {logging_mixin.py:190} INFO - [2024-11-21T17:43:37.388+0100] {dagbag.py:588} INFO - Filling up the DagBag from /Users/jobandtalent/opt/anaconda3/envs/e2s-env/lib/python3.9/site-packages/airflow/example_dags/subdags/subdag.py
[2024-11-21T17:43:37.391+0100] {processor.py:927} WARNING - No viable dags retrieved from /Users/jobandtalent/opt/anaconda3/envs/e2s-env/lib/python3.9/site-packages/airflow/example_dags/subdags/subdag.py
[2024-11-21T17:43:37.460+0100] {processor.py:208} INFO - Processing /Users/jobandtalent/opt/anaconda3/envs/e2s-env/lib/python3.9/site-packages/airflow/example_dags/subdags/subdag.py took 0.085 seconds
[2024-11-21T17:46:27.326+0100] {processor.py:186} INFO - Started process (PID=4144) to work on /Users/jobandtalent/opt/anaconda3/envs/e2s-env/lib/python3.9/site-packages/airflow/example_dags/subdags/subdag.py
[2024-11-21T17:46:27.328+0100] {processor.py:914} INFO - Processing file /Users/jobandtalent/opt/anaconda3/envs/e2s-env/lib/python3.9/site-packages/airflow/example_dags/subdags/subdag.py for tasks to queue
[2024-11-21T17:46:27.329+0100] {logging_mixin.py:190} INFO - [2024-11-21T17:46:27.329+0100] {dagbag.py:588} INFO - Filling up the DagBag from /Users/jobandtalent/opt/anaconda3/envs/e2s-env/lib/python3.9/site-packages/airflow/example_dags/subdags/subdag.py
[2024-11-21T17:46:27.331+0100] {processor.py:927} WARNING - No viable dags retrieved from /Users/jobandtalent/opt/anaconda3/envs/e2s-env/lib/python3.9/site-packages/airflow/example_dags/subdags/subdag.py
[2024-11-21T17:46:27.388+0100] {processor.py:208} INFO - Processing /Users/jobandtalent/opt/anaconda3/envs/e2s-env/lib/python3.9/site-packages/airflow/example_dags/subdags/subdag.py took 0.068 seconds
[2024-11-21T17:49:03.910+0100] {processor.py:186} INFO - Started process (PID=4719) to work on /Users/jobandtalent/opt/anaconda3/envs/e2s-env/lib/python3.9/site-packages/airflow/example_dags/subdags/subdag.py
[2024-11-21T17:49:03.912+0100] {processor.py:914} INFO - Processing file /Users/jobandtalent/opt/anaconda3/envs/e2s-env/lib/python3.9/site-packages/airflow/example_dags/subdags/subdag.py for tasks to queue
[2024-11-21T17:49:03.913+0100] {logging_mixin.py:190} INFO - [2024-11-21T17:49:03.913+0100] {dagbag.py:588} INFO - Filling up the DagBag from /Users/jobandtalent/opt/anaconda3/envs/e2s-env/lib/python3.9/site-packages/airflow/example_dags/subdags/subdag.py
[2024-11-21T17:49:03.915+0100] {processor.py:927} WARNING - No viable dags retrieved from /Users/jobandtalent/opt/anaconda3/envs/e2s-env/lib/python3.9/site-packages/airflow/example_dags/subdags/subdag.py
[2024-11-21T17:49:03.966+0100] {processor.py:208} INFO - Processing /Users/jobandtalent/opt/anaconda3/envs/e2s-env/lib/python3.9/site-packages/airflow/example_dags/subdags/subdag.py took 0.066 seconds
[2024-11-21T17:51:34.269+0100] {processor.py:186} INFO - Started process (PID=5080) to work on /Users/jobandtalent/opt/anaconda3/envs/e2s-env/lib/python3.9/site-packages/airflow/example_dags/subdags/subdag.py
[2024-11-21T17:51:34.271+0100] {processor.py:914} INFO - Processing file /Users/jobandtalent/opt/anaconda3/envs/e2s-env/lib/python3.9/site-packages/airflow/example_dags/subdags/subdag.py for tasks to queue
[2024-11-21T17:51:34.271+0100] {logging_mixin.py:190} INFO - [2024-11-21T17:51:34.271+0100] {dagbag.py:588} INFO - Filling up the DagBag from /Users/jobandtalent/opt/anaconda3/envs/e2s-env/lib/python3.9/site-packages/airflow/example_dags/subdags/subdag.py
[2024-11-21T17:51:34.274+0100] {processor.py:927} WARNING - No viable dags retrieved from /Users/jobandtalent/opt/anaconda3/envs/e2s-env/lib/python3.9/site-packages/airflow/example_dags/subdags/subdag.py
[2024-11-21T17:51:34.332+0100] {processor.py:208} INFO - Processing /Users/jobandtalent/opt/anaconda3/envs/e2s-env/lib/python3.9/site-packages/airflow/example_dags/subdags/subdag.py took 0.073 seconds
[2024-11-21T17:53:58.854+0100] {processor.py:186} INFO - Started process (PID=5430) to work on /Users/jobandtalent/opt/anaconda3/envs/e2s-env/lib/python3.9/site-packages/airflow/example_dags/subdags/subdag.py
[2024-11-21T17:53:58.857+0100] {processor.py:914} INFO - Processing file /Users/jobandtalent/opt/anaconda3/envs/e2s-env/lib/python3.9/site-packages/airflow/example_dags/subdags/subdag.py for tasks to queue
[2024-11-21T17:53:58.858+0100] {logging_mixin.py:190} INFO - [2024-11-21T17:53:58.858+0100] {dagbag.py:588} INFO - Filling up the DagBag from /Users/jobandtalent/opt/anaconda3/envs/e2s-env/lib/python3.9/site-packages/airflow/example_dags/subdags/subdag.py
[2024-11-21T17:53:58.860+0100] {processor.py:927} WARNING - No viable dags retrieved from /Users/jobandtalent/opt/anaconda3/envs/e2s-env/lib/python3.9/site-packages/airflow/example_dags/subdags/subdag.py
[2024-11-21T17:53:58.914+0100] {processor.py:208} INFO - Processing /Users/jobandtalent/opt/anaconda3/envs/e2s-env/lib/python3.9/site-packages/airflow/example_dags/subdags/subdag.py took 0.080 seconds
[2024-11-21T17:56:17.054+0100] {processor.py:186} INFO - Started process (PID=5822) to work on /Users/jobandtalent/opt/anaconda3/envs/e2s-env/lib/python3.9/site-packages/airflow/example_dags/subdags/subdag.py
[2024-11-21T17:56:17.056+0100] {processor.py:914} INFO - Processing file /Users/jobandtalent/opt/anaconda3/envs/e2s-env/lib/python3.9/site-packages/airflow/example_dags/subdags/subdag.py for tasks to queue
[2024-11-21T17:56:17.057+0100] {logging_mixin.py:190} INFO - [2024-11-21T17:56:17.057+0100] {dagbag.py:588} INFO - Filling up the DagBag from /Users/jobandtalent/opt/anaconda3/envs/e2s-env/lib/python3.9/site-packages/airflow/example_dags/subdags/subdag.py
[2024-11-21T17:56:17.059+0100] {processor.py:927} WARNING - No viable dags retrieved from /Users/jobandtalent/opt/anaconda3/envs/e2s-env/lib/python3.9/site-packages/airflow/example_dags/subdags/subdag.py
[2024-11-21T17:56:17.115+0100] {processor.py:208} INFO - Processing /Users/jobandtalent/opt/anaconda3/envs/e2s-env/lib/python3.9/site-packages/airflow/example_dags/subdags/subdag.py took 0.072 seconds
[2024-11-21T17:58:41.851+0100] {processor.py:186} INFO - Started process (PID=6314) to work on /Users/jobandtalent/opt/anaconda3/envs/e2s-env/lib/python3.9/site-packages/airflow/example_dags/subdags/subdag.py
[2024-11-21T17:58:41.853+0100] {processor.py:914} INFO - Processing file /Users/jobandtalent/opt/anaconda3/envs/e2s-env/lib/python3.9/site-packages/airflow/example_dags/subdags/subdag.py for tasks to queue
[2024-11-21T17:58:41.854+0100] {logging_mixin.py:190} INFO - [2024-11-21T17:58:41.854+0100] {dagbag.py:588} INFO - Filling up the DagBag from /Users/jobandtalent/opt/anaconda3/envs/e2s-env/lib/python3.9/site-packages/airflow/example_dags/subdags/subdag.py
[2024-11-21T17:58:41.856+0100] {processor.py:927} WARNING - No viable dags retrieved from /Users/jobandtalent/opt/anaconda3/envs/e2s-env/lib/python3.9/site-packages/airflow/example_dags/subdags/subdag.py
[2024-11-21T17:58:41.912+0100] {processor.py:208} INFO - Processing /Users/jobandtalent/opt/anaconda3/envs/e2s-env/lib/python3.9/site-packages/airflow/example_dags/subdags/subdag.py took 0.071 seconds
[2024-11-21T18:01:06.328+0100] {processor.py:186} INFO - Started process (PID=6669) to work on /Users/jobandtalent/opt/anaconda3/envs/e2s-env/lib/python3.9/site-packages/airflow/example_dags/subdags/subdag.py
[2024-11-21T18:01:06.331+0100] {processor.py:914} INFO - Processing file /Users/jobandtalent/opt/anaconda3/envs/e2s-env/lib/python3.9/site-packages/airflow/example_dags/subdags/subdag.py for tasks to queue
[2024-11-21T18:01:06.331+0100] {logging_mixin.py:190} INFO - [2024-11-21T18:01:06.331+0100] {dagbag.py:588} INFO - Filling up the DagBag from /Users/jobandtalent/opt/anaconda3/envs/e2s-env/lib/python3.9/site-packages/airflow/example_dags/subdags/subdag.py
[2024-11-21T18:01:06.334+0100] {processor.py:927} WARNING - No viable dags retrieved from /Users/jobandtalent/opt/anaconda3/envs/e2s-env/lib/python3.9/site-packages/airflow/example_dags/subdags/subdag.py
[2024-11-21T18:01:06.392+0100] {processor.py:208} INFO - Processing /Users/jobandtalent/opt/anaconda3/envs/e2s-env/lib/python3.9/site-packages/airflow/example_dags/subdags/subdag.py took 0.066 seconds
[2024-11-21T18:03:31.401+0100] {processor.py:186} INFO - Started process (PID=7054) to work on /Users/jobandtalent/opt/anaconda3/envs/e2s-env/lib/python3.9/site-packages/airflow/example_dags/subdags/subdag.py
[2024-11-21T18:03:31.403+0100] {processor.py:914} INFO - Processing file /Users/jobandtalent/opt/anaconda3/envs/e2s-env/lib/python3.9/site-packages/airflow/example_dags/subdags/subdag.py for tasks to queue
[2024-11-21T18:03:31.404+0100] {logging_mixin.py:190} INFO - [2024-11-21T18:03:31.403+0100] {dagbag.py:588} INFO - Filling up the DagBag from /Users/jobandtalent/opt/anaconda3/envs/e2s-env/lib/python3.9/site-packages/airflow/example_dags/subdags/subdag.py
[2024-11-21T18:03:31.406+0100] {processor.py:927} WARNING - No viable dags retrieved from /Users/jobandtalent/opt/anaconda3/envs/e2s-env/lib/python3.9/site-packages/airflow/example_dags/subdags/subdag.py
[2024-11-21T18:03:31.462+0100] {processor.py:208} INFO - Processing /Users/jobandtalent/opt/anaconda3/envs/e2s-env/lib/python3.9/site-packages/airflow/example_dags/subdags/subdag.py took 0.074 seconds
