[2024-11-21T17:35:10.511+0100] {processor.py:186} INFO - Started process (PID=2232) to work on /Users/jobandtalent/opt/anaconda3/envs/e2s-env/lib/python3.9/site-packages/airflow/example_dags/example_params_trigger_ui.py
[2024-11-21T17:35:10.512+0100] {processor.py:914} INFO - Processing file /Users/jobandtalent/opt/anaconda3/envs/e2s-env/lib/python3.9/site-packages/airflow/example_dags/example_params_trigger_ui.py for tasks to queue
[2024-11-21T17:35:10.513+0100] {logging_mixin.py:190} INFO - [2024-11-21T17:35:10.513+0100] {dagbag.py:588} INFO - Filling up the DagBag from /Users/jobandtalent/opt/anaconda3/envs/e2s-env/lib/python3.9/site-packages/airflow/example_dags/example_params_trigger_ui.py
[2024-11-21T17:35:10.547+0100] {processor.py:925} INFO - DAG(s) 'example_params_trigger_ui' retrieved from /Users/jobandtalent/opt/anaconda3/envs/e2s-env/lib/python3.9/site-packages/airflow/example_dags/example_params_trigger_ui.py
[2024-11-21T17:35:10.682+0100] {logging_mixin.py:190} INFO - [2024-11-21T17:35:10.681+0100] {override.py:1911} INFO - Created Permission View: can delete on DAG:example_params_trigger_ui
[2024-11-21T17:35:10.686+0100] {logging_mixin.py:190} INFO - [2024-11-21T17:35:10.686+0100] {override.py:1911} INFO - Created Permission View: can edit on DAG:example_params_trigger_ui
[2024-11-21T17:35:10.690+0100] {logging_mixin.py:190} INFO - [2024-11-21T17:35:10.689+0100] {override.py:1911} INFO - Created Permission View: can read on DAG:example_params_trigger_ui
[2024-11-21T17:35:10.694+0100] {logging_mixin.py:190} INFO - [2024-11-21T17:35:10.693+0100] {override.py:1911} INFO - Created Permission View: can delete on DAG Run:example_params_trigger_ui
[2024-11-21T17:35:10.696+0100] {logging_mixin.py:190} INFO - [2024-11-21T17:35:10.696+0100] {override.py:1911} INFO - Created Permission View: can create on DAG Run:example_params_trigger_ui
[2024-11-21T17:35:10.699+0100] {logging_mixin.py:190} INFO - [2024-11-21T17:35:10.699+0100] {override.py:1911} INFO - Created Permission View: menu access on DAG Run:example_params_trigger_ui
[2024-11-21T17:35:10.703+0100] {logging_mixin.py:190} INFO - [2024-11-21T17:35:10.703+0100] {override.py:1911} INFO - Created Permission View: can read on DAG Run:example_params_trigger_ui
[2024-11-21T17:35:10.704+0100] {logging_mixin.py:190} INFO - [2024-11-21T17:35:10.703+0100] {dag.py:3239} INFO - Sync 1 DAGs
[2024-11-21T17:35:10.711+0100] {logging_mixin.py:190} INFO - [2024-11-21T17:35:10.711+0100] {dag.py:3262} INFO - Creating ORM DAG for example_params_trigger_ui
[2024-11-21T17:35:10.711+0100] {logging_mixin.py:190} INFO - [2024-11-21T17:35:10.711+0100] {dag.py:4180} INFO - Setting next_dagrun for example_params_trigger_ui to None, run_after=None
[2024-11-21T17:35:10.720+0100] {processor.py:208} INFO - Processing /Users/jobandtalent/opt/anaconda3/envs/e2s-env/lib/python3.9/site-packages/airflow/example_dags/example_params_trigger_ui.py took 0.218 seconds
[2024-11-21T17:38:03.582+0100] {processor.py:186} INFO - Started process (PID=2669) to work on /Users/jobandtalent/opt/anaconda3/envs/e2s-env/lib/python3.9/site-packages/airflow/example_dags/example_params_trigger_ui.py
[2024-11-21T17:38:03.583+0100] {processor.py:914} INFO - Processing file /Users/jobandtalent/opt/anaconda3/envs/e2s-env/lib/python3.9/site-packages/airflow/example_dags/example_params_trigger_ui.py for tasks to queue
[2024-11-21T17:38:03.584+0100] {logging_mixin.py:190} INFO - [2024-11-21T17:38:03.584+0100] {dagbag.py:588} INFO - Filling up the DagBag from /Users/jobandtalent/opt/anaconda3/envs/e2s-env/lib/python3.9/site-packages/airflow/example_dags/example_params_trigger_ui.py
[2024-11-21T17:38:03.621+0100] {processor.py:925} INFO - DAG(s) 'example_params_trigger_ui' retrieved from /Users/jobandtalent/opt/anaconda3/envs/e2s-env/lib/python3.9/site-packages/airflow/example_dags/example_params_trigger_ui.py
[2024-11-21T17:38:03.695+0100] {logging_mixin.py:190} INFO - [2024-11-21T17:38:03.695+0100] {dag.py:3239} INFO - Sync 1 DAGs
[2024-11-21T17:38:03.701+0100] {logging_mixin.py:190} INFO - [2024-11-21T17:38:03.700+0100] {dag.py:4180} INFO - Setting next_dagrun for example_params_trigger_ui to None, run_after=None
[2024-11-21T17:38:03.712+0100] {processor.py:208} INFO - Processing /Users/jobandtalent/opt/anaconda3/envs/e2s-env/lib/python3.9/site-packages/airflow/example_dags/example_params_trigger_ui.py took 0.142 seconds
[2024-11-21T17:40:30.830+0100] {processor.py:186} INFO - Started process (PID=3023) to work on /Users/jobandtalent/opt/anaconda3/envs/e2s-env/lib/python3.9/site-packages/airflow/example_dags/example_params_trigger_ui.py
[2024-11-21T17:40:30.832+0100] {processor.py:914} INFO - Processing file /Users/jobandtalent/opt/anaconda3/envs/e2s-env/lib/python3.9/site-packages/airflow/example_dags/example_params_trigger_ui.py for tasks to queue
[2024-11-21T17:40:30.833+0100] {logging_mixin.py:190} INFO - [2024-11-21T17:40:30.832+0100] {dagbag.py:588} INFO - Filling up the DagBag from /Users/jobandtalent/opt/anaconda3/envs/e2s-env/lib/python3.9/site-packages/airflow/example_dags/example_params_trigger_ui.py
[2024-11-21T17:40:30.863+0100] {processor.py:925} INFO - DAG(s) 'example_params_trigger_ui' retrieved from /Users/jobandtalent/opt/anaconda3/envs/e2s-env/lib/python3.9/site-packages/airflow/example_dags/example_params_trigger_ui.py
[2024-11-21T17:40:30.932+0100] {logging_mixin.py:190} INFO - [2024-11-21T17:40:30.932+0100] {dag.py:3239} INFO - Sync 1 DAGs
[2024-11-21T17:40:30.938+0100] {logging_mixin.py:190} INFO - [2024-11-21T17:40:30.937+0100] {dag.py:4180} INFO - Setting next_dagrun for example_params_trigger_ui to None, run_after=None
[2024-11-21T17:40:30.956+0100] {processor.py:208} INFO - Processing /Users/jobandtalent/opt/anaconda3/envs/e2s-env/lib/python3.9/site-packages/airflow/example_dags/example_params_trigger_ui.py took 0.138 seconds
[2024-11-21T17:42:51.265+0100] {processor.py:186} INFO - Started process (PID=3370) to work on /Users/jobandtalent/opt/anaconda3/envs/e2s-env/lib/python3.9/site-packages/airflow/example_dags/example_params_trigger_ui.py
[2024-11-21T17:42:51.268+0100] {processor.py:914} INFO - Processing file /Users/jobandtalent/opt/anaconda3/envs/e2s-env/lib/python3.9/site-packages/airflow/example_dags/example_params_trigger_ui.py for tasks to queue
[2024-11-21T17:42:51.269+0100] {logging_mixin.py:190} INFO - [2024-11-21T17:42:51.269+0100] {dagbag.py:588} INFO - Filling up the DagBag from /Users/jobandtalent/opt/anaconda3/envs/e2s-env/lib/python3.9/site-packages/airflow/example_dags/example_params_trigger_ui.py
[2024-11-21T17:42:51.301+0100] {processor.py:925} INFO - DAG(s) 'example_params_trigger_ui' retrieved from /Users/jobandtalent/opt/anaconda3/envs/e2s-env/lib/python3.9/site-packages/airflow/example_dags/example_params_trigger_ui.py
[2024-11-21T17:42:51.371+0100] {logging_mixin.py:190} INFO - [2024-11-21T17:42:51.370+0100] {dag.py:3239} INFO - Sync 1 DAGs
[2024-11-21T17:42:51.377+0100] {logging_mixin.py:190} INFO - [2024-11-21T17:42:51.377+0100] {dag.py:4180} INFO - Setting next_dagrun for example_params_trigger_ui to None, run_after=None
[2024-11-21T17:42:51.389+0100] {processor.py:208} INFO - Processing /Users/jobandtalent/opt/anaconda3/envs/e2s-env/lib/python3.9/site-packages/airflow/example_dags/example_params_trigger_ui.py took 0.132 seconds
[2024-11-21T17:45:23.885+0100] {processor.py:186} INFO - Started process (PID=3762) to work on /Users/jobandtalent/opt/anaconda3/envs/e2s-env/lib/python3.9/site-packages/airflow/example_dags/example_params_trigger_ui.py
[2024-11-21T17:45:23.886+0100] {processor.py:914} INFO - Processing file /Users/jobandtalent/opt/anaconda3/envs/e2s-env/lib/python3.9/site-packages/airflow/example_dags/example_params_trigger_ui.py for tasks to queue
[2024-11-21T17:45:23.887+0100] {logging_mixin.py:190} INFO - [2024-11-21T17:45:23.887+0100] {dagbag.py:588} INFO - Filling up the DagBag from /Users/jobandtalent/opt/anaconda3/envs/e2s-env/lib/python3.9/site-packages/airflow/example_dags/example_params_trigger_ui.py
[2024-11-21T17:45:23.918+0100] {processor.py:925} INFO - DAG(s) 'example_params_trigger_ui' retrieved from /Users/jobandtalent/opt/anaconda3/envs/e2s-env/lib/python3.9/site-packages/airflow/example_dags/example_params_trigger_ui.py
[2024-11-21T17:45:23.989+0100] {logging_mixin.py:190} INFO - [2024-11-21T17:45:23.988+0100] {dag.py:3239} INFO - Sync 1 DAGs
[2024-11-21T17:45:23.994+0100] {logging_mixin.py:190} INFO - [2024-11-21T17:45:23.994+0100] {dag.py:4180} INFO - Setting next_dagrun for example_params_trigger_ui to None, run_after=None
[2024-11-21T17:45:24.006+0100] {processor.py:208} INFO - Processing /Users/jobandtalent/opt/anaconda3/envs/e2s-env/lib/python3.9/site-packages/airflow/example_dags/example_params_trigger_ui.py took 0.133 seconds
