[2024-11-21T17:35:44.093+0100] {processor.py:186} INFO - Started process (PID=2315) to work on /Users/jobandtalent/opt/anaconda3/envs/e2s-env/lib/python3.9/site-packages/airflow/example_dags/example_display_name.py
[2024-11-21T17:35:44.094+0100] {processor.py:914} INFO - Processing file /Users/jobandtalent/opt/anaconda3/envs/e2s-env/lib/python3.9/site-packages/airflow/example_dags/example_display_name.py for tasks to queue
[2024-11-21T17:35:44.095+0100] {logging_mixin.py:190} INFO - [2024-11-21T17:35:44.095+0100] {dagbag.py:588} INFO - Filling up the DagBag from /Users/jobandtalent/opt/anaconda3/envs/e2s-env/lib/python3.9/site-packages/airflow/example_dags/example_display_name.py
[2024-11-21T17:35:44.126+0100] {processor.py:925} INFO - DAG(s) 'example_display_name' retrieved from /Users/jobandtalent/opt/anaconda3/envs/e2s-env/lib/python3.9/site-packages/airflow/example_dags/example_display_name.py
[2024-11-21T17:35:44.248+0100] {logging_mixin.py:190} INFO - [2024-11-21T17:35:44.247+0100] {override.py:1911} INFO - Created Permission View: can edit on DAG:example_display_name
[2024-11-21T17:35:44.252+0100] {logging_mixin.py:190} INFO - [2024-11-21T17:35:44.252+0100] {override.py:1911} INFO - Created Permission View: can read on DAG:example_display_name
[2024-11-21T17:35:44.255+0100] {logging_mixin.py:190} INFO - [2024-11-21T17:35:44.255+0100] {override.py:1911} INFO - Created Permission View: can delete on DAG:example_display_name
[2024-11-21T17:35:44.259+0100] {logging_mixin.py:190} INFO - [2024-11-21T17:35:44.259+0100] {override.py:1911} INFO - Created Permission View: menu access on DAG Run:example_display_name
[2024-11-21T17:35:44.262+0100] {logging_mixin.py:190} INFO - [2024-11-21T17:35:44.262+0100] {override.py:1911} INFO - Created Permission View: can create on DAG Run:example_display_name
[2024-11-21T17:35:44.265+0100] {logging_mixin.py:190} INFO - [2024-11-21T17:35:44.265+0100] {override.py:1911} INFO - Created Permission View: can read on DAG Run:example_display_name
[2024-11-21T17:35:44.268+0100] {logging_mixin.py:190} INFO - [2024-11-21T17:35:44.268+0100] {override.py:1911} INFO - Created Permission View: can delete on DAG Run:example_display_name
[2024-11-21T17:35:44.268+0100] {logging_mixin.py:190} INFO - [2024-11-21T17:35:44.268+0100] {dag.py:3239} INFO - Sync 1 DAGs
[2024-11-21T17:35:44.275+0100] {logging_mixin.py:190} INFO - [2024-11-21T17:35:44.275+0100] {dag.py:3262} INFO - Creating ORM DAG for example_display_name
[2024-11-21T17:35:44.275+0100] {logging_mixin.py:190} INFO - [2024-11-21T17:35:44.275+0100] {dag.py:4180} INFO - Setting next_dagrun for example_display_name to None, run_after=None
[2024-11-21T17:35:44.284+0100] {processor.py:208} INFO - Processing /Users/jobandtalent/opt/anaconda3/envs/e2s-env/lib/python3.9/site-packages/airflow/example_dags/example_display_name.py took 0.201 seconds
[2024-11-21T17:38:35.462+0100] {processor.py:186} INFO - Started process (PID=2744) to work on /Users/jobandtalent/opt/anaconda3/envs/e2s-env/lib/python3.9/site-packages/airflow/example_dags/example_display_name.py
[2024-11-21T17:38:35.465+0100] {processor.py:914} INFO - Processing file /Users/jobandtalent/opt/anaconda3/envs/e2s-env/lib/python3.9/site-packages/airflow/example_dags/example_display_name.py for tasks to queue
[2024-11-21T17:38:35.466+0100] {logging_mixin.py:190} INFO - [2024-11-21T17:38:35.466+0100] {dagbag.py:588} INFO - Filling up the DagBag from /Users/jobandtalent/opt/anaconda3/envs/e2s-env/lib/python3.9/site-packages/airflow/example_dags/example_display_name.py
[2024-11-21T17:38:35.495+0100] {processor.py:925} INFO - DAG(s) 'example_display_name' retrieved from /Users/jobandtalent/opt/anaconda3/envs/e2s-env/lib/python3.9/site-packages/airflow/example_dags/example_display_name.py
[2024-11-21T17:38:35.553+0100] {logging_mixin.py:190} INFO - [2024-11-21T17:38:35.552+0100] {dag.py:3239} INFO - Sync 1 DAGs
[2024-11-21T17:38:35.559+0100] {logging_mixin.py:190} INFO - [2024-11-21T17:38:35.558+0100] {dag.py:4180} INFO - Setting next_dagrun for example_display_name to None, run_after=None
[2024-11-21T17:38:35.570+0100] {processor.py:208} INFO - Processing /Users/jobandtalent/opt/anaconda3/envs/e2s-env/lib/python3.9/site-packages/airflow/example_dags/example_display_name.py took 0.116 seconds
[2024-11-21T17:43:22.535+0100] {processor.py:186} INFO - Started process (PID=3438) to work on /Users/jobandtalent/opt/anaconda3/envs/e2s-env/lib/python3.9/site-packages/airflow/example_dags/example_display_name.py
[2024-11-21T17:43:22.537+0100] {processor.py:914} INFO - Processing file /Users/jobandtalent/opt/anaconda3/envs/e2s-env/lib/python3.9/site-packages/airflow/example_dags/example_display_name.py for tasks to queue
[2024-11-21T17:43:22.538+0100] {logging_mixin.py:190} INFO - [2024-11-21T17:43:22.538+0100] {dagbag.py:588} INFO - Filling up the DagBag from /Users/jobandtalent/opt/anaconda3/envs/e2s-env/lib/python3.9/site-packages/airflow/example_dags/example_display_name.py
[2024-11-21T17:43:22.578+0100] {processor.py:925} INFO - DAG(s) 'example_display_name' retrieved from /Users/jobandtalent/opt/anaconda3/envs/e2s-env/lib/python3.9/site-packages/airflow/example_dags/example_display_name.py
[2024-11-21T17:43:22.646+0100] {logging_mixin.py:190} INFO - [2024-11-21T17:43:22.645+0100] {dag.py:3239} INFO - Sync 1 DAGs
[2024-11-21T17:43:22.653+0100] {logging_mixin.py:190} INFO - [2024-11-21T17:43:22.653+0100] {dag.py:4180} INFO - Setting next_dagrun for example_display_name to None, run_after=None
[2024-11-21T17:43:22.668+0100] {processor.py:208} INFO - Processing /Users/jobandtalent/opt/anaconda3/envs/e2s-env/lib/python3.9/site-packages/airflow/example_dags/example_display_name.py took 0.143 seconds
