[2024-11-21T17:35:13.443+0100] {processor.py:186} INFO - Started process (PID=2246) to work on /Users/jobandtalent/opt/anaconda3/envs/e2s-env/lib/python3.9/site-packages/airflow/example_dags/example_outlet_event_extra.py
[2024-11-21T17:35:13.444+0100] {processor.py:914} INFO - Processing file /Users/jobandtalent/opt/anaconda3/envs/e2s-env/lib/python3.9/site-packages/airflow/example_dags/example_outlet_event_extra.py for tasks to queue
[2024-11-21T17:35:13.445+0100] {logging_mixin.py:190} INFO - [2024-11-21T17:35:13.445+0100] {dagbag.py:588} INFO - Filling up the DagBag from /Users/jobandtalent/opt/anaconda3/envs/e2s-env/lib/python3.9/site-packages/airflow/example_dags/example_outlet_event_extra.py
[2024-11-21T17:35:13.765+0100] {processor.py:925} INFO - DAG(s) 'dataset_with_extra_from_classic_operator', 'dataset_with_extra_by_context', 'dataset_with_extra_by_yield' retrieved from /Users/jobandtalent/opt/anaconda3/envs/e2s-env/lib/python3.9/site-packages/airflow/example_dags/example_outlet_event_extra.py
[2024-11-21T17:35:13.942+0100] {logging_mixin.py:190} INFO - [2024-11-21T17:35:13.941+0100] {override.py:1911} INFO - Created Permission View: can edit on DAG:dataset_with_extra_from_classic_operator
[2024-11-21T17:35:13.946+0100] {logging_mixin.py:190} INFO - [2024-11-21T17:35:13.946+0100] {override.py:1911} INFO - Created Permission View: can delete on DAG:dataset_with_extra_from_classic_operator
[2024-11-21T17:35:13.950+0100] {logging_mixin.py:190} INFO - [2024-11-21T17:35:13.949+0100] {override.py:1911} INFO - Created Permission View: can read on DAG:dataset_with_extra_from_classic_operator
[2024-11-21T17:35:13.955+0100] {logging_mixin.py:190} INFO - [2024-11-21T17:35:13.954+0100] {override.py:1911} INFO - Created Permission View: menu access on DAG Run:dataset_with_extra_from_classic_operator
[2024-11-21T17:35:13.957+0100] {logging_mixin.py:190} INFO - [2024-11-21T17:35:13.957+0100] {override.py:1911} INFO - Created Permission View: can delete on DAG Run:dataset_with_extra_from_classic_operator
[2024-11-21T17:35:13.960+0100] {logging_mixin.py:190} INFO - [2024-11-21T17:35:13.960+0100] {override.py:1911} INFO - Created Permission View: can create on DAG Run:dataset_with_extra_from_classic_operator
[2024-11-21T17:35:13.963+0100] {logging_mixin.py:190} INFO - [2024-11-21T17:35:13.963+0100] {override.py:1911} INFO - Created Permission View: can read on DAG Run:dataset_with_extra_from_classic_operator
[2024-11-21T17:35:13.970+0100] {logging_mixin.py:190} INFO - [2024-11-21T17:35:13.970+0100] {override.py:1911} INFO - Created Permission View: can edit on DAG:dataset_with_extra_by_context
[2024-11-21T17:35:13.973+0100] {logging_mixin.py:190} INFO - [2024-11-21T17:35:13.973+0100] {override.py:1911} INFO - Created Permission View: can delete on DAG:dataset_with_extra_by_context
[2024-11-21T17:35:13.978+0100] {logging_mixin.py:190} INFO - [2024-11-21T17:35:13.977+0100] {override.py:1911} INFO - Created Permission View: can read on DAG:dataset_with_extra_by_context
[2024-11-21T17:35:13.987+0100] {logging_mixin.py:190} INFO - [2024-11-21T17:35:13.987+0100] {override.py:1911} INFO - Created Permission View: menu access on DAG Run:dataset_with_extra_by_context
[2024-11-21T17:35:13.991+0100] {logging_mixin.py:190} INFO - [2024-11-21T17:35:13.991+0100] {override.py:1911} INFO - Created Permission View: can delete on DAG Run:dataset_with_extra_by_context
[2024-11-21T17:35:13.994+0100] {logging_mixin.py:190} INFO - [2024-11-21T17:35:13.994+0100] {override.py:1911} INFO - Created Permission View: can create on DAG Run:dataset_with_extra_by_context
[2024-11-21T17:35:13.997+0100] {logging_mixin.py:190} INFO - [2024-11-21T17:35:13.997+0100] {override.py:1911} INFO - Created Permission View: can read on DAG Run:dataset_with_extra_by_context
[2024-11-21T17:35:14.003+0100] {logging_mixin.py:190} INFO - [2024-11-21T17:35:14.003+0100] {override.py:1911} INFO - Created Permission View: can edit on DAG:dataset_with_extra_by_yield
[2024-11-21T17:35:14.006+0100] {logging_mixin.py:190} INFO - [2024-11-21T17:35:14.006+0100] {override.py:1911} INFO - Created Permission View: can delete on DAG:dataset_with_extra_by_yield
[2024-11-21T17:35:14.009+0100] {logging_mixin.py:190} INFO - [2024-11-21T17:35:14.009+0100] {override.py:1911} INFO - Created Permission View: can read on DAG:dataset_with_extra_by_yield
[2024-11-21T17:35:14.013+0100] {logging_mixin.py:190} INFO - [2024-11-21T17:35:14.013+0100] {override.py:1911} INFO - Created Permission View: menu access on DAG Run:dataset_with_extra_by_yield
[2024-11-21T17:35:14.016+0100] {logging_mixin.py:190} INFO - [2024-11-21T17:35:14.016+0100] {override.py:1911} INFO - Created Permission View: can delete on DAG Run:dataset_with_extra_by_yield
[2024-11-21T17:35:14.019+0100] {logging_mixin.py:190} INFO - [2024-11-21T17:35:14.019+0100] {override.py:1911} INFO - Created Permission View: can create on DAG Run:dataset_with_extra_by_yield
[2024-11-21T17:35:14.023+0100] {logging_mixin.py:190} INFO - [2024-11-21T17:35:14.022+0100] {override.py:1911} INFO - Created Permission View: can read on DAG Run:dataset_with_extra_by_yield
[2024-11-21T17:35:14.023+0100] {logging_mixin.py:190} INFO - [2024-11-21T17:35:14.023+0100] {dag.py:3239} INFO - Sync 3 DAGs
[2024-11-21T17:35:14.029+0100] {logging_mixin.py:190} INFO - [2024-11-21T17:35:14.029+0100] {dag.py:3262} INFO - Creating ORM DAG for dataset_with_extra_from_classic_operator
[2024-11-21T17:35:14.030+0100] {logging_mixin.py:190} INFO - [2024-11-21T17:35:14.030+0100] {dag.py:3262} INFO - Creating ORM DAG for dataset_with_extra_by_context
[2024-11-21T17:35:14.030+0100] {logging_mixin.py:190} INFO - [2024-11-21T17:35:14.030+0100] {dag.py:3262} INFO - Creating ORM DAG for dataset_with_extra_by_yield
[2024-11-21T17:35:14.035+0100] {logging_mixin.py:190} INFO - [2024-11-21T17:35:14.035+0100] {dag.py:4180} INFO - Setting next_dagrun for dataset_with_extra_by_context to 2024-11-20 00:00:00+00:00, run_after=2024-11-21 00:00:00+00:00
[2024-11-21T17:35:14.036+0100] {logging_mixin.py:190} INFO - [2024-11-21T17:35:14.036+0100] {dag.py:4180} INFO - Setting next_dagrun for dataset_with_extra_by_yield to 2024-11-20 00:00:00+00:00, run_after=2024-11-21 00:00:00+00:00
[2024-11-21T17:35:14.037+0100] {logging_mixin.py:190} INFO - [2024-11-21T17:35:14.037+0100] {dag.py:4180} INFO - Setting next_dagrun for dataset_with_extra_from_classic_operator to 2024-11-20 00:00:00+00:00, run_after=2024-11-21 00:00:00+00:00
[2024-11-21T17:35:14.710+0100] {processor.py:208} INFO - Processing /Users/jobandtalent/opt/anaconda3/envs/e2s-env/lib/python3.9/site-packages/airflow/example_dags/example_outlet_event_extra.py took 1.275 seconds
[2024-11-21T17:38:06.498+0100] {processor.py:186} INFO - Started process (PID=2672) to work on /Users/jobandtalent/opt/anaconda3/envs/e2s-env/lib/python3.9/site-packages/airflow/example_dags/example_outlet_event_extra.py
[2024-11-21T17:38:06.502+0100] {processor.py:914} INFO - Processing file /Users/jobandtalent/opt/anaconda3/envs/e2s-env/lib/python3.9/site-packages/airflow/example_dags/example_outlet_event_extra.py for tasks to queue
[2024-11-21T17:38:06.503+0100] {logging_mixin.py:190} INFO - [2024-11-21T17:38:06.503+0100] {dagbag.py:588} INFO - Filling up the DagBag from /Users/jobandtalent/opt/anaconda3/envs/e2s-env/lib/python3.9/site-packages/airflow/example_dags/example_outlet_event_extra.py
[2024-11-21T17:38:06.857+0100] {processor.py:925} INFO - DAG(s) 'dataset_with_extra_by_yield', 'dataset_with_extra_by_context', 'dataset_with_extra_from_classic_operator' retrieved from /Users/jobandtalent/opt/anaconda3/envs/e2s-env/lib/python3.9/site-packages/airflow/example_dags/example_outlet_event_extra.py
[2024-11-21T17:38:06.953+0100] {logging_mixin.py:190} INFO - [2024-11-21T17:38:06.953+0100] {dag.py:3239} INFO - Sync 3 DAGs
[2024-11-21T17:38:06.966+0100] {logging_mixin.py:190} INFO - [2024-11-21T17:38:06.966+0100] {dag.py:4180} INFO - Setting next_dagrun for dataset_with_extra_by_context to 2024-11-20 00:00:00+00:00, run_after=2024-11-21 00:00:00+00:00
[2024-11-21T17:38:06.969+0100] {logging_mixin.py:190} INFO - [2024-11-21T17:38:06.969+0100] {dag.py:4180} INFO - Setting next_dagrun for dataset_with_extra_by_yield to 2024-11-20 00:00:00+00:00, run_after=2024-11-21 00:00:00+00:00
[2024-11-21T17:38:06.970+0100] {logging_mixin.py:190} INFO - [2024-11-21T17:38:06.970+0100] {dag.py:4180} INFO - Setting next_dagrun for dataset_with_extra_from_classic_operator to 2024-11-20 00:00:00+00:00, run_after=2024-11-21 00:00:00+00:00
[2024-11-21T17:38:06.983+0100] {processor.py:208} INFO - Processing /Users/jobandtalent/opt/anaconda3/envs/e2s-env/lib/python3.9/site-packages/airflow/example_dags/example_outlet_event_extra.py took 0.499 seconds
[2024-11-21T17:40:33.578+0100] {processor.py:186} INFO - Started process (PID=3026) to work on /Users/jobandtalent/opt/anaconda3/envs/e2s-env/lib/python3.9/site-packages/airflow/example_dags/example_outlet_event_extra.py
[2024-11-21T17:40:33.580+0100] {processor.py:914} INFO - Processing file /Users/jobandtalent/opt/anaconda3/envs/e2s-env/lib/python3.9/site-packages/airflow/example_dags/example_outlet_event_extra.py for tasks to queue
[2024-11-21T17:40:33.581+0100] {logging_mixin.py:190} INFO - [2024-11-21T17:40:33.581+0100] {dagbag.py:588} INFO - Filling up the DagBag from /Users/jobandtalent/opt/anaconda3/envs/e2s-env/lib/python3.9/site-packages/airflow/example_dags/example_outlet_event_extra.py
[2024-11-21T17:40:33.826+0100] {processor.py:925} INFO - DAG(s) 'dataset_with_extra_by_yield', 'dataset_with_extra_by_context', 'dataset_with_extra_from_classic_operator' retrieved from /Users/jobandtalent/opt/anaconda3/envs/e2s-env/lib/python3.9/site-packages/airflow/example_dags/example_outlet_event_extra.py
[2024-11-21T17:40:33.886+0100] {logging_mixin.py:190} INFO - [2024-11-21T17:40:33.886+0100] {dag.py:3239} INFO - Sync 3 DAGs
[2024-11-21T17:40:33.898+0100] {logging_mixin.py:190} INFO - [2024-11-21T17:40:33.897+0100] {dag.py:4180} INFO - Setting next_dagrun for dataset_with_extra_by_context to 2024-11-20 00:00:00+00:00, run_after=2024-11-21 00:00:00+00:00
[2024-11-21T17:40:33.901+0100] {logging_mixin.py:190} INFO - [2024-11-21T17:40:33.901+0100] {dag.py:4180} INFO - Setting next_dagrun for dataset_with_extra_by_yield to 2024-11-20 00:00:00+00:00, run_after=2024-11-21 00:00:00+00:00
[2024-11-21T17:40:33.902+0100] {logging_mixin.py:190} INFO - [2024-11-21T17:40:33.902+0100] {dag.py:4180} INFO - Setting next_dagrun for dataset_with_extra_from_classic_operator to 2024-11-20 00:00:00+00:00, run_after=2024-11-21 00:00:00+00:00
[2024-11-21T17:40:33.915+0100] {processor.py:208} INFO - Processing /Users/jobandtalent/opt/anaconda3/envs/e2s-env/lib/python3.9/site-packages/airflow/example_dags/example_outlet_event_extra.py took 0.346 seconds
[2024-11-21T17:42:55.053+0100] {processor.py:186} INFO - Started process (PID=3374) to work on /Users/jobandtalent/opt/anaconda3/envs/e2s-env/lib/python3.9/site-packages/airflow/example_dags/example_outlet_event_extra.py
[2024-11-21T17:42:55.054+0100] {processor.py:914} INFO - Processing file /Users/jobandtalent/opt/anaconda3/envs/e2s-env/lib/python3.9/site-packages/airflow/example_dags/example_outlet_event_extra.py for tasks to queue
[2024-11-21T17:42:55.055+0100] {logging_mixin.py:190} INFO - [2024-11-21T17:42:55.055+0100] {dagbag.py:588} INFO - Filling up the DagBag from /Users/jobandtalent/opt/anaconda3/envs/e2s-env/lib/python3.9/site-packages/airflow/example_dags/example_outlet_event_extra.py
[2024-11-21T17:42:55.326+0100] {processor.py:925} INFO - DAG(s) 'dataset_with_extra_by_context', 'dataset_with_extra_by_yield', 'dataset_with_extra_from_classic_operator' retrieved from /Users/jobandtalent/opt/anaconda3/envs/e2s-env/lib/python3.9/site-packages/airflow/example_dags/example_outlet_event_extra.py
[2024-11-21T17:42:55.390+0100] {logging_mixin.py:190} INFO - [2024-11-21T17:42:55.390+0100] {dag.py:3239} INFO - Sync 3 DAGs
[2024-11-21T17:42:55.403+0100] {logging_mixin.py:190} INFO - [2024-11-21T17:42:55.402+0100] {dag.py:4180} INFO - Setting next_dagrun for dataset_with_extra_by_context to 2024-11-20 00:00:00+00:00, run_after=2024-11-21 00:00:00+00:00
[2024-11-21T17:42:55.406+0100] {logging_mixin.py:190} INFO - [2024-11-21T17:42:55.406+0100] {dag.py:4180} INFO - Setting next_dagrun for dataset_with_extra_by_yield to 2024-11-20 00:00:00+00:00, run_after=2024-11-21 00:00:00+00:00
[2024-11-21T17:42:55.407+0100] {logging_mixin.py:190} INFO - [2024-11-21T17:42:55.407+0100] {dag.py:4180} INFO - Setting next_dagrun for dataset_with_extra_from_classic_operator to 2024-11-20 00:00:00+00:00, run_after=2024-11-21 00:00:00+00:00
[2024-11-21T17:42:55.420+0100] {processor.py:208} INFO - Processing /Users/jobandtalent/opt/anaconda3/envs/e2s-env/lib/python3.9/site-packages/airflow/example_dags/example_outlet_event_extra.py took 0.382 seconds
[2024-11-21T17:45:26.447+0100] {processor.py:186} INFO - Started process (PID=3772) to work on /Users/jobandtalent/opt/anaconda3/envs/e2s-env/lib/python3.9/site-packages/airflow/example_dags/example_outlet_event_extra.py
[2024-11-21T17:45:26.449+0100] {processor.py:914} INFO - Processing file /Users/jobandtalent/opt/anaconda3/envs/e2s-env/lib/python3.9/site-packages/airflow/example_dags/example_outlet_event_extra.py for tasks to queue
[2024-11-21T17:45:26.451+0100] {logging_mixin.py:190} INFO - [2024-11-21T17:45:26.451+0100] {dagbag.py:588} INFO - Filling up the DagBag from /Users/jobandtalent/opt/anaconda3/envs/e2s-env/lib/python3.9/site-packages/airflow/example_dags/example_outlet_event_extra.py
[2024-11-21T17:45:26.893+0100] {processor.py:925} INFO - DAG(s) 'dataset_with_extra_by_context', 'dataset_with_extra_by_yield', 'dataset_with_extra_from_classic_operator' retrieved from /Users/jobandtalent/opt/anaconda3/envs/e2s-env/lib/python3.9/site-packages/airflow/example_dags/example_outlet_event_extra.py
[2024-11-21T17:45:26.966+0100] {logging_mixin.py:190} INFO - [2024-11-21T17:45:26.966+0100] {dag.py:3239} INFO - Sync 3 DAGs
[2024-11-21T17:45:26.982+0100] {logging_mixin.py:190} INFO - [2024-11-21T17:45:26.982+0100] {dag.py:4180} INFO - Setting next_dagrun for dataset_with_extra_by_context to 2024-11-20 00:00:00+00:00, run_after=2024-11-21 00:00:00+00:00
[2024-11-21T17:45:26.986+0100] {logging_mixin.py:190} INFO - [2024-11-21T17:45:26.986+0100] {dag.py:4180} INFO - Setting next_dagrun for dataset_with_extra_by_yield to 2024-11-20 00:00:00+00:00, run_after=2024-11-21 00:00:00+00:00
[2024-11-21T17:45:26.987+0100] {logging_mixin.py:190} INFO - [2024-11-21T17:45:26.987+0100] {dag.py:4180} INFO - Setting next_dagrun for dataset_with_extra_from_classic_operator to 2024-11-20 00:00:00+00:00, run_after=2024-11-21 00:00:00+00:00
[2024-11-21T17:45:27.001+0100] {processor.py:208} INFO - Processing /Users/jobandtalent/opt/anaconda3/envs/e2s-env/lib/python3.9/site-packages/airflow/example_dags/example_outlet_event_extra.py took 0.568 seconds
