[2024-11-21T17:35:17.432+0100] {processor.py:186} INFO - Started process (PID=2249) to work on /Users/jobandtalent/opt/anaconda3/envs/e2s-env/lib/python3.9/site-packages/airflow/example_dags/example_nested_branch_dag.py
[2024-11-21T17:35:17.433+0100] {processor.py:914} INFO - Processing file /Users/jobandtalent/opt/anaconda3/envs/e2s-env/lib/python3.9/site-packages/airflow/example_dags/example_nested_branch_dag.py for tasks to queue
[2024-11-21T17:35:17.434+0100] {logging_mixin.py:190} INFO - [2024-11-21T17:35:17.434+0100] {dagbag.py:588} INFO - Filling up the DagBag from /Users/jobandtalent/opt/anaconda3/envs/e2s-env/lib/python3.9/site-packages/airflow/example_dags/example_nested_branch_dag.py
[2024-11-21T17:35:17.465+0100] {processor.py:925} INFO - DAG(s) 'example_nested_branch_dag' retrieved from /Users/jobandtalent/opt/anaconda3/envs/e2s-env/lib/python3.9/site-packages/airflow/example_dags/example_nested_branch_dag.py
[2024-11-21T17:35:17.588+0100] {logging_mixin.py:190} INFO - [2024-11-21T17:35:17.588+0100] {override.py:1911} INFO - Created Permission View: can read on DAG:example_nested_branch_dag
[2024-11-21T17:35:17.593+0100] {logging_mixin.py:190} INFO - [2024-11-21T17:35:17.593+0100] {override.py:1911} INFO - Created Permission View: can delete on DAG:example_nested_branch_dag
[2024-11-21T17:35:17.601+0100] {logging_mixin.py:190} INFO - [2024-11-21T17:35:17.600+0100] {override.py:1911} INFO - Created Permission View: can edit on DAG:example_nested_branch_dag
[2024-11-21T17:35:17.605+0100] {logging_mixin.py:190} INFO - [2024-11-21T17:35:17.605+0100] {override.py:1911} INFO - Created Permission View: can read on DAG Run:example_nested_branch_dag
[2024-11-21T17:35:17.608+0100] {logging_mixin.py:190} INFO - [2024-11-21T17:35:17.608+0100] {override.py:1911} INFO - Created Permission View: can delete on DAG Run:example_nested_branch_dag
[2024-11-21T17:35:17.611+0100] {logging_mixin.py:190} INFO - [2024-11-21T17:35:17.611+0100] {override.py:1911} INFO - Created Permission View: can create on DAG Run:example_nested_branch_dag
[2024-11-21T17:35:17.614+0100] {logging_mixin.py:190} INFO - [2024-11-21T17:35:17.614+0100] {override.py:1911} INFO - Created Permission View: menu access on DAG Run:example_nested_branch_dag
[2024-11-21T17:35:17.614+0100] {logging_mixin.py:190} INFO - [2024-11-21T17:35:17.614+0100] {dag.py:3239} INFO - Sync 1 DAGs
[2024-11-21T17:35:17.622+0100] {logging_mixin.py:190} INFO - [2024-11-21T17:35:17.622+0100] {dag.py:3262} INFO - Creating ORM DAG for example_nested_branch_dag
[2024-11-21T17:35:17.628+0100] {logging_mixin.py:190} INFO - [2024-11-21T17:35:17.627+0100] {dag.py:4180} INFO - Setting next_dagrun for example_nested_branch_dag to 2024-11-20 00:00:00+00:00, run_after=2024-11-21 00:00:00+00:00
[2024-11-21T17:35:17.638+0100] {processor.py:208} INFO - Processing /Users/jobandtalent/opt/anaconda3/envs/e2s-env/lib/python3.9/site-packages/airflow/example_dags/example_nested_branch_dag.py took 0.216 seconds
[2024-11-21T17:38:09.896+0100] {processor.py:186} INFO - Started process (PID=2677) to work on /Users/jobandtalent/opt/anaconda3/envs/e2s-env/lib/python3.9/site-packages/airflow/example_dags/example_nested_branch_dag.py
[2024-11-21T17:38:09.898+0100] {processor.py:914} INFO - Processing file /Users/jobandtalent/opt/anaconda3/envs/e2s-env/lib/python3.9/site-packages/airflow/example_dags/example_nested_branch_dag.py for tasks to queue
[2024-11-21T17:38:09.899+0100] {logging_mixin.py:190} INFO - [2024-11-21T17:38:09.899+0100] {dagbag.py:588} INFO - Filling up the DagBag from /Users/jobandtalent/opt/anaconda3/envs/e2s-env/lib/python3.9/site-packages/airflow/example_dags/example_nested_branch_dag.py
[2024-11-21T17:38:09.933+0100] {processor.py:925} INFO - DAG(s) 'example_nested_branch_dag' retrieved from /Users/jobandtalent/opt/anaconda3/envs/e2s-env/lib/python3.9/site-packages/airflow/example_dags/example_nested_branch_dag.py
[2024-11-21T17:38:09.992+0100] {logging_mixin.py:190} INFO - [2024-11-21T17:38:09.992+0100] {dag.py:3239} INFO - Sync 1 DAGs
[2024-11-21T17:38:10.004+0100] {logging_mixin.py:190} INFO - [2024-11-21T17:38:10.003+0100] {dag.py:4180} INFO - Setting next_dagrun for example_nested_branch_dag to 2024-11-20 00:00:00+00:00, run_after=2024-11-21 00:00:00+00:00
[2024-11-21T17:38:10.015+0100] {processor.py:208} INFO - Processing /Users/jobandtalent/opt/anaconda3/envs/e2s-env/lib/python3.9/site-packages/airflow/example_dags/example_nested_branch_dag.py took 0.138 seconds
[2024-11-21T17:40:36.646+0100] {processor.py:186} INFO - Started process (PID=3040) to work on /Users/jobandtalent/opt/anaconda3/envs/e2s-env/lib/python3.9/site-packages/airflow/example_dags/example_nested_branch_dag.py
[2024-11-21T17:40:36.648+0100] {processor.py:914} INFO - Processing file /Users/jobandtalent/opt/anaconda3/envs/e2s-env/lib/python3.9/site-packages/airflow/example_dags/example_nested_branch_dag.py for tasks to queue
[2024-11-21T17:40:36.648+0100] {logging_mixin.py:190} INFO - [2024-11-21T17:40:36.648+0100] {dagbag.py:588} INFO - Filling up the DagBag from /Users/jobandtalent/opt/anaconda3/envs/e2s-env/lib/python3.9/site-packages/airflow/example_dags/example_nested_branch_dag.py
[2024-11-21T17:40:36.683+0100] {processor.py:925} INFO - DAG(s) 'example_nested_branch_dag' retrieved from /Users/jobandtalent/opt/anaconda3/envs/e2s-env/lib/python3.9/site-packages/airflow/example_dags/example_nested_branch_dag.py
[2024-11-21T17:40:36.744+0100] {logging_mixin.py:190} INFO - [2024-11-21T17:40:36.744+0100] {dag.py:3239} INFO - Sync 1 DAGs
[2024-11-21T17:40:36.755+0100] {logging_mixin.py:190} INFO - [2024-11-21T17:40:36.755+0100] {dag.py:4180} INFO - Setting next_dagrun for example_nested_branch_dag to 2024-11-20 00:00:00+00:00, run_after=2024-11-21 00:00:00+00:00
[2024-11-21T17:40:36.766+0100] {processor.py:208} INFO - Processing /Users/jobandtalent/opt/anaconda3/envs/e2s-env/lib/python3.9/site-packages/airflow/example_dags/example_nested_branch_dag.py took 0.130 seconds
[2024-11-21T17:42:58.442+0100] {processor.py:186} INFO - Started process (PID=3388) to work on /Users/jobandtalent/opt/anaconda3/envs/e2s-env/lib/python3.9/site-packages/airflow/example_dags/example_nested_branch_dag.py
[2024-11-21T17:42:58.443+0100] {processor.py:914} INFO - Processing file /Users/jobandtalent/opt/anaconda3/envs/e2s-env/lib/python3.9/site-packages/airflow/example_dags/example_nested_branch_dag.py for tasks to queue
[2024-11-21T17:42:58.444+0100] {logging_mixin.py:190} INFO - [2024-11-21T17:42:58.444+0100] {dagbag.py:588} INFO - Filling up the DagBag from /Users/jobandtalent/opt/anaconda3/envs/e2s-env/lib/python3.9/site-packages/airflow/example_dags/example_nested_branch_dag.py
[2024-11-21T17:42:58.478+0100] {processor.py:925} INFO - DAG(s) 'example_nested_branch_dag' retrieved from /Users/jobandtalent/opt/anaconda3/envs/e2s-env/lib/python3.9/site-packages/airflow/example_dags/example_nested_branch_dag.py
[2024-11-21T17:42:58.540+0100] {logging_mixin.py:190} INFO - [2024-11-21T17:42:58.539+0100] {dag.py:3239} INFO - Sync 1 DAGs
[2024-11-21T17:42:58.552+0100] {logging_mixin.py:190} INFO - [2024-11-21T17:42:58.552+0100] {dag.py:4180} INFO - Setting next_dagrun for example_nested_branch_dag to 2024-11-20 00:00:00+00:00, run_after=2024-11-21 00:00:00+00:00
[2024-11-21T17:42:58.566+0100] {processor.py:208} INFO - Processing /Users/jobandtalent/opt/anaconda3/envs/e2s-env/lib/python3.9/site-packages/airflow/example_dags/example_nested_branch_dag.py took 0.136 seconds
[2024-11-21T17:45:30.006+0100] {processor.py:186} INFO - Started process (PID=3789) to work on /Users/jobandtalent/opt/anaconda3/envs/e2s-env/lib/python3.9/site-packages/airflow/example_dags/example_nested_branch_dag.py
[2024-11-21T17:45:30.008+0100] {processor.py:914} INFO - Processing file /Users/jobandtalent/opt/anaconda3/envs/e2s-env/lib/python3.9/site-packages/airflow/example_dags/example_nested_branch_dag.py for tasks to queue
[2024-11-21T17:45:30.008+0100] {logging_mixin.py:190} INFO - [2024-11-21T17:45:30.008+0100] {dagbag.py:588} INFO - Filling up the DagBag from /Users/jobandtalent/opt/anaconda3/envs/e2s-env/lib/python3.9/site-packages/airflow/example_dags/example_nested_branch_dag.py
[2024-11-21T17:45:30.040+0100] {processor.py:925} INFO - DAG(s) 'example_nested_branch_dag' retrieved from /Users/jobandtalent/opt/anaconda3/envs/e2s-env/lib/python3.9/site-packages/airflow/example_dags/example_nested_branch_dag.py
[2024-11-21T17:45:30.096+0100] {logging_mixin.py:190} INFO - [2024-11-21T17:45:30.096+0100] {dag.py:3239} INFO - Sync 1 DAGs
[2024-11-21T17:45:30.106+0100] {logging_mixin.py:190} INFO - [2024-11-21T17:45:30.106+0100] {dag.py:4180} INFO - Setting next_dagrun for example_nested_branch_dag to 2024-11-20 00:00:00+00:00, run_after=2024-11-21 00:00:00+00:00
[2024-11-21T17:45:30.116+0100] {processor.py:208} INFO - Processing /Users/jobandtalent/opt/anaconda3/envs/e2s-env/lib/python3.9/site-packages/airflow/example_dags/example_nested_branch_dag.py took 0.122 seconds
