[2024-11-21T17:35:55.967+0100] {processor.py:186} INFO - Started process (PID=2343) to work on /Users/jobandtalent/opt/anaconda3/envs/e2s-env/lib/python3.9/site-packages/airflow/example_dags/example_dataset_alias.py
[2024-11-21T17:35:55.970+0100] {processor.py:914} INFO - Processing file /Users/jobandtalent/opt/anaconda3/envs/e2s-env/lib/python3.9/site-packages/airflow/example_dags/example_dataset_alias.py for tasks to queue
[2024-11-21T17:35:55.971+0100] {logging_mixin.py:190} INFO - [2024-11-21T17:35:55.971+0100] {dagbag.py:588} INFO - Filling up the DagBag from /Users/jobandtalent/opt/anaconda3/envs/e2s-env/lib/python3.9/site-packages/airflow/example_dags/example_dataset_alias.py
[2024-11-21T17:35:56.268+0100] {processor.py:925} INFO - DAG(s) 'dataset_alias_example_alias_producer', 'dataset_alias_example_alias_consumer', 'dataset_s3_bucket_producer', 'dataset_s3_bucket_consumer' retrieved from /Users/jobandtalent/opt/anaconda3/envs/e2s-env/lib/python3.9/site-packages/airflow/example_dags/example_dataset_alias.py
[2024-11-21T17:35:56.408+0100] {logging_mixin.py:190} INFO - [2024-11-21T17:35:56.408+0100] {override.py:1911} INFO - Created Permission View: can read on DAG:dataset_alias_example_alias_producer
[2024-11-21T17:35:56.415+0100] {logging_mixin.py:190} INFO - [2024-11-21T17:35:56.415+0100] {override.py:1911} INFO - Created Permission View: can edit on DAG:dataset_alias_example_alias_producer
[2024-11-21T17:35:56.420+0100] {logging_mixin.py:190} INFO - [2024-11-21T17:35:56.419+0100] {override.py:1911} INFO - Created Permission View: can delete on DAG:dataset_alias_example_alias_producer
[2024-11-21T17:35:56.427+0100] {logging_mixin.py:190} INFO - [2024-11-21T17:35:56.427+0100] {override.py:1911} INFO - Created Permission View: can create on DAG Run:dataset_alias_example_alias_producer
[2024-11-21T17:35:56.431+0100] {logging_mixin.py:190} INFO - [2024-11-21T17:35:56.431+0100] {override.py:1911} INFO - Created Permission View: menu access on DAG Run:dataset_alias_example_alias_producer
[2024-11-21T17:35:56.435+0100] {logging_mixin.py:190} INFO - [2024-11-21T17:35:56.435+0100] {override.py:1911} INFO - Created Permission View: can read on DAG Run:dataset_alias_example_alias_producer
[2024-11-21T17:35:56.440+0100] {logging_mixin.py:190} INFO - [2024-11-21T17:35:56.439+0100] {override.py:1911} INFO - Created Permission View: can delete on DAG Run:dataset_alias_example_alias_producer
[2024-11-21T17:35:56.448+0100] {logging_mixin.py:190} INFO - [2024-11-21T17:35:56.447+0100] {override.py:1911} INFO - Created Permission View: can read on DAG:dataset_alias_example_alias_consumer
[2024-11-21T17:35:56.453+0100] {logging_mixin.py:190} INFO - [2024-11-21T17:35:56.452+0100] {override.py:1911} INFO - Created Permission View: can edit on DAG:dataset_alias_example_alias_consumer
[2024-11-21T17:35:56.457+0100] {logging_mixin.py:190} INFO - [2024-11-21T17:35:56.457+0100] {override.py:1911} INFO - Created Permission View: can delete on DAG:dataset_alias_example_alias_consumer
[2024-11-21T17:35:56.463+0100] {logging_mixin.py:190} INFO - [2024-11-21T17:35:56.462+0100] {override.py:1911} INFO - Created Permission View: can create on DAG Run:dataset_alias_example_alias_consumer
[2024-11-21T17:35:56.468+0100] {logging_mixin.py:190} INFO - [2024-11-21T17:35:56.467+0100] {override.py:1911} INFO - Created Permission View: menu access on DAG Run:dataset_alias_example_alias_consumer
[2024-11-21T17:35:56.472+0100] {logging_mixin.py:190} INFO - [2024-11-21T17:35:56.472+0100] {override.py:1911} INFO - Created Permission View: can read on DAG Run:dataset_alias_example_alias_consumer
[2024-11-21T17:35:56.477+0100] {logging_mixin.py:190} INFO - [2024-11-21T17:35:56.477+0100] {override.py:1911} INFO - Created Permission View: can delete on DAG Run:dataset_alias_example_alias_consumer
[2024-11-21T17:35:56.485+0100] {logging_mixin.py:190} INFO - [2024-11-21T17:35:56.485+0100] {override.py:1911} INFO - Created Permission View: can read on DAG:dataset_s3_bucket_producer
[2024-11-21T17:35:56.490+0100] {logging_mixin.py:190} INFO - [2024-11-21T17:35:56.490+0100] {override.py:1911} INFO - Created Permission View: can edit on DAG:dataset_s3_bucket_producer
[2024-11-21T17:35:56.494+0100] {logging_mixin.py:190} INFO - [2024-11-21T17:35:56.494+0100] {override.py:1911} INFO - Created Permission View: can delete on DAG:dataset_s3_bucket_producer
[2024-11-21T17:35:56.499+0100] {logging_mixin.py:190} INFO - [2024-11-21T17:35:56.499+0100] {override.py:1911} INFO - Created Permission View: can create on DAG Run:dataset_s3_bucket_producer
[2024-11-21T17:35:56.504+0100] {logging_mixin.py:190} INFO - [2024-11-21T17:35:56.503+0100] {override.py:1911} INFO - Created Permission View: menu access on DAG Run:dataset_s3_bucket_producer
[2024-11-21T17:35:56.508+0100] {logging_mixin.py:190} INFO - [2024-11-21T17:35:56.508+0100] {override.py:1911} INFO - Created Permission View: can read on DAG Run:dataset_s3_bucket_producer
[2024-11-21T17:35:56.512+0100] {logging_mixin.py:190} INFO - [2024-11-21T17:35:56.512+0100] {override.py:1911} INFO - Created Permission View: can delete on DAG Run:dataset_s3_bucket_producer
[2024-11-21T17:35:56.523+0100] {logging_mixin.py:190} INFO - [2024-11-21T17:35:56.523+0100] {override.py:1911} INFO - Created Permission View: can read on DAG:dataset_s3_bucket_consumer
[2024-11-21T17:35:56.528+0100] {logging_mixin.py:190} INFO - [2024-11-21T17:35:56.528+0100] {override.py:1911} INFO - Created Permission View: can edit on DAG:dataset_s3_bucket_consumer
[2024-11-21T17:35:56.533+0100] {logging_mixin.py:190} INFO - [2024-11-21T17:35:56.532+0100] {override.py:1911} INFO - Created Permission View: can delete on DAG:dataset_s3_bucket_consumer
[2024-11-21T17:35:56.538+0100] {logging_mixin.py:190} INFO - [2024-11-21T17:35:56.538+0100] {override.py:1911} INFO - Created Permission View: can create on DAG Run:dataset_s3_bucket_consumer
[2024-11-21T17:35:56.544+0100] {logging_mixin.py:190} INFO - [2024-11-21T17:35:56.543+0100] {override.py:1911} INFO - Created Permission View: menu access on DAG Run:dataset_s3_bucket_consumer
[2024-11-21T17:35:56.548+0100] {logging_mixin.py:190} INFO - [2024-11-21T17:35:56.548+0100] {override.py:1911} INFO - Created Permission View: can read on DAG Run:dataset_s3_bucket_consumer
[2024-11-21T17:35:56.552+0100] {logging_mixin.py:190} INFO - [2024-11-21T17:35:56.551+0100] {override.py:1911} INFO - Created Permission View: can delete on DAG Run:dataset_s3_bucket_consumer
[2024-11-21T17:35:56.552+0100] {logging_mixin.py:190} INFO - [2024-11-21T17:35:56.552+0100] {dag.py:3239} INFO - Sync 4 DAGs
[2024-11-21T17:35:56.559+0100] {logging_mixin.py:190} INFO - [2024-11-21T17:35:56.559+0100] {dag.py:3262} INFO - Creating ORM DAG for dataset_s3_bucket_producer
[2024-11-21T17:35:56.559+0100] {logging_mixin.py:190} INFO - [2024-11-21T17:35:56.559+0100] {dag.py:3262} INFO - Creating ORM DAG for dataset_alias_example_alias_producer
[2024-11-21T17:35:56.560+0100] {logging_mixin.py:190} INFO - [2024-11-21T17:35:56.559+0100] {dag.py:3262} INFO - Creating ORM DAG for dataset_alias_example_alias_consumer
[2024-11-21T17:35:56.560+0100] {logging_mixin.py:190} INFO - [2024-11-21T17:35:56.560+0100] {dag.py:3262} INFO - Creating ORM DAG for dataset_s3_bucket_consumer
[2024-11-21T17:35:56.565+0100] {logging_mixin.py:190} INFO - [2024-11-21T17:35:56.565+0100] {dag.py:4180} INFO - Setting next_dagrun for dataset_alias_example_alias_consumer to None, run_after=None
[2024-11-21T17:35:56.566+0100] {logging_mixin.py:190} INFO - [2024-11-21T17:35:56.566+0100] {dag.py:4180} INFO - Setting next_dagrun for dataset_alias_example_alias_producer to None, run_after=None
[2024-11-21T17:35:56.566+0100] {logging_mixin.py:190} INFO - [2024-11-21T17:35:56.566+0100] {dag.py:4180} INFO - Setting next_dagrun for dataset_s3_bucket_consumer to None, run_after=None
[2024-11-21T17:35:56.566+0100] {logging_mixin.py:190} INFO - [2024-11-21T17:35:56.566+0100] {dag.py:4180} INFO - Setting next_dagrun for dataset_s3_bucket_producer to None, run_after=None
[2024-11-21T17:35:57.316+0100] {processor.py:208} INFO - Processing /Users/jobandtalent/opt/anaconda3/envs/e2s-env/lib/python3.9/site-packages/airflow/example_dags/example_dataset_alias.py took 1.357 seconds
[2024-11-21T17:38:45.309+0100] {processor.py:186} INFO - Started process (PID=2766) to work on /Users/jobandtalent/opt/anaconda3/envs/e2s-env/lib/python3.9/site-packages/airflow/example_dags/example_dataset_alias.py
[2024-11-21T17:38:45.310+0100] {processor.py:914} INFO - Processing file /Users/jobandtalent/opt/anaconda3/envs/e2s-env/lib/python3.9/site-packages/airflow/example_dags/example_dataset_alias.py for tasks to queue
[2024-11-21T17:38:45.311+0100] {logging_mixin.py:190} INFO - [2024-11-21T17:38:45.311+0100] {dagbag.py:588} INFO - Filling up the DagBag from /Users/jobandtalent/opt/anaconda3/envs/e2s-env/lib/python3.9/site-packages/airflow/example_dags/example_dataset_alias.py
[2024-11-21T17:38:45.567+0100] {processor.py:925} INFO - DAG(s) 'dataset_s3_bucket_producer', 'dataset_s3_bucket_consumer', 'dataset_alias_example_alias_producer', 'dataset_alias_example_alias_consumer' retrieved from /Users/jobandtalent/opt/anaconda3/envs/e2s-env/lib/python3.9/site-packages/airflow/example_dags/example_dataset_alias.py
[2024-11-21T17:38:45.584+0100] {logging_mixin.py:190} INFO - [2024-11-21T17:38:45.583+0100] {dag.py:3239} INFO - Sync 4 DAGs
[2024-11-21T17:38:45.595+0100] {logging_mixin.py:190} INFO - [2024-11-21T17:38:45.595+0100] {dag.py:4180} INFO - Setting next_dagrun for dataset_alias_example_alias_consumer to None, run_after=None
[2024-11-21T17:38:45.597+0100] {logging_mixin.py:190} INFO - [2024-11-21T17:38:45.596+0100] {dag.py:4180} INFO - Setting next_dagrun for dataset_alias_example_alias_producer to None, run_after=None
[2024-11-21T17:38:45.597+0100] {logging_mixin.py:190} INFO - [2024-11-21T17:38:45.597+0100] {dag.py:4180} INFO - Setting next_dagrun for dataset_s3_bucket_consumer to None, run_after=None
[2024-11-21T17:38:45.598+0100] {logging_mixin.py:190} INFO - [2024-11-21T17:38:45.598+0100] {dag.py:4180} INFO - Setting next_dagrun for dataset_s3_bucket_producer to None, run_after=None
[2024-11-21T17:38:45.610+0100] {processor.py:208} INFO - Processing /Users/jobandtalent/opt/anaconda3/envs/e2s-env/lib/python3.9/site-packages/airflow/example_dags/example_dataset_alias.py took 0.316 seconds
[2024-11-21T17:43:33.362+0100] {processor.py:186} INFO - Started process (PID=3459) to work on /Users/jobandtalent/opt/anaconda3/envs/e2s-env/lib/python3.9/site-packages/airflow/example_dags/example_dataset_alias.py
[2024-11-21T17:43:33.365+0100] {processor.py:914} INFO - Processing file /Users/jobandtalent/opt/anaconda3/envs/e2s-env/lib/python3.9/site-packages/airflow/example_dags/example_dataset_alias.py for tasks to queue
[2024-11-21T17:43:33.366+0100] {logging_mixin.py:190} INFO - [2024-11-21T17:43:33.365+0100] {dagbag.py:588} INFO - Filling up the DagBag from /Users/jobandtalent/opt/anaconda3/envs/e2s-env/lib/python3.9/site-packages/airflow/example_dags/example_dataset_alias.py
[2024-11-21T17:43:33.662+0100] {processor.py:925} INFO - DAG(s) 'dataset_alias_example_alias_producer', 'dataset_alias_example_alias_consumer', 'dataset_s3_bucket_producer', 'dataset_s3_bucket_consumer' retrieved from /Users/jobandtalent/opt/anaconda3/envs/e2s-env/lib/python3.9/site-packages/airflow/example_dags/example_dataset_alias.py
[2024-11-21T17:43:33.680+0100] {logging_mixin.py:190} INFO - [2024-11-21T17:43:33.679+0100] {dag.py:3239} INFO - Sync 4 DAGs
[2024-11-21T17:43:33.691+0100] {logging_mixin.py:190} INFO - [2024-11-21T17:43:33.691+0100] {dag.py:4180} INFO - Setting next_dagrun for dataset_alias_example_alias_consumer to None, run_after=None
[2024-11-21T17:43:33.692+0100] {logging_mixin.py:190} INFO - [2024-11-21T17:43:33.692+0100] {dag.py:4180} INFO - Setting next_dagrun for dataset_alias_example_alias_producer to None, run_after=None
[2024-11-21T17:43:33.692+0100] {logging_mixin.py:190} INFO - [2024-11-21T17:43:33.692+0100] {dag.py:4180} INFO - Setting next_dagrun for dataset_s3_bucket_consumer to None, run_after=None
[2024-11-21T17:43:33.693+0100] {logging_mixin.py:190} INFO - [2024-11-21T17:43:33.693+0100] {dag.py:4180} INFO - Setting next_dagrun for dataset_s3_bucket_producer to None, run_after=None
[2024-11-21T17:43:33.708+0100] {processor.py:208} INFO - Processing /Users/jobandtalent/opt/anaconda3/envs/e2s-env/lib/python3.9/site-packages/airflow/example_dags/example_dataset_alias.py took 0.353 seconds
[2024-11-21T17:48:50.247+0100] {processor.py:186} INFO - Started process (PID=4694) to work on /Users/jobandtalent/opt/anaconda3/envs/e2s-env/lib/python3.9/site-packages/airflow/example_dags/example_dataset_alias.py
[2024-11-21T17:48:50.249+0100] {processor.py:914} INFO - Processing file /Users/jobandtalent/opt/anaconda3/envs/e2s-env/lib/python3.9/site-packages/airflow/example_dags/example_dataset_alias.py for tasks to queue
[2024-11-21T17:48:50.250+0100] {logging_mixin.py:190} INFO - [2024-11-21T17:48:50.249+0100] {dagbag.py:588} INFO - Filling up the DagBag from /Users/jobandtalent/opt/anaconda3/envs/e2s-env/lib/python3.9/site-packages/airflow/example_dags/example_dataset_alias.py
[2024-11-21T17:48:50.509+0100] {processor.py:925} INFO - DAG(s) 'dataset_s3_bucket_producer', 'dataset_alias_example_alias_producer', 'dataset_alias_example_alias_consumer', 'dataset_s3_bucket_consumer' retrieved from /Users/jobandtalent/opt/anaconda3/envs/e2s-env/lib/python3.9/site-packages/airflow/example_dags/example_dataset_alias.py
[2024-11-21T17:48:50.523+0100] {logging_mixin.py:190} INFO - [2024-11-21T17:48:50.523+0100] {dag.py:3239} INFO - Sync 4 DAGs
[2024-11-21T17:48:50.534+0100] {logging_mixin.py:190} INFO - [2024-11-21T17:48:50.533+0100] {dag.py:4180} INFO - Setting next_dagrun for dataset_alias_example_alias_consumer to None, run_after=None
[2024-11-21T17:48:50.535+0100] {logging_mixin.py:190} INFO - [2024-11-21T17:48:50.534+0100] {dag.py:4180} INFO - Setting next_dagrun for dataset_alias_example_alias_producer to None, run_after=None
[2024-11-21T17:48:50.535+0100] {logging_mixin.py:190} INFO - [2024-11-21T17:48:50.535+0100] {dag.py:4180} INFO - Setting next_dagrun for dataset_s3_bucket_consumer to None, run_after=None
[2024-11-21T17:48:50.535+0100] {logging_mixin.py:190} INFO - [2024-11-21T17:48:50.535+0100] {dag.py:4180} INFO - Setting next_dagrun for dataset_s3_bucket_producer to None, run_after=None
[2024-11-21T17:48:50.547+0100] {processor.py:208} INFO - Processing /Users/jobandtalent/opt/anaconda3/envs/e2s-env/lib/python3.9/site-packages/airflow/example_dags/example_dataset_alias.py took 0.310 seconds
[2024-11-21T17:53:45.000+0100] {processor.py:186} INFO - Started process (PID=5398) to work on /Users/jobandtalent/opt/anaconda3/envs/e2s-env/lib/python3.9/site-packages/airflow/example_dags/example_dataset_alias.py
[2024-11-21T17:53:45.002+0100] {processor.py:914} INFO - Processing file /Users/jobandtalent/opt/anaconda3/envs/e2s-env/lib/python3.9/site-packages/airflow/example_dags/example_dataset_alias.py for tasks to queue
[2024-11-21T17:53:45.003+0100] {logging_mixin.py:190} INFO - [2024-11-21T17:53:45.003+0100] {dagbag.py:588} INFO - Filling up the DagBag from /Users/jobandtalent/opt/anaconda3/envs/e2s-env/lib/python3.9/site-packages/airflow/example_dags/example_dataset_alias.py
[2024-11-21T17:53:45.245+0100] {processor.py:925} INFO - DAG(s) 'dataset_alias_example_alias_consumer', 'dataset_s3_bucket_consumer', 'dataset_s3_bucket_producer', 'dataset_alias_example_alias_producer' retrieved from /Users/jobandtalent/opt/anaconda3/envs/e2s-env/lib/python3.9/site-packages/airflow/example_dags/example_dataset_alias.py
[2024-11-21T17:53:45.257+0100] {logging_mixin.py:190} INFO - [2024-11-21T17:53:45.257+0100] {dag.py:3239} INFO - Sync 4 DAGs
[2024-11-21T17:53:45.267+0100] {logging_mixin.py:190} INFO - [2024-11-21T17:53:45.267+0100] {dag.py:4180} INFO - Setting next_dagrun for dataset_alias_example_alias_consumer to None, run_after=None
[2024-11-21T17:53:45.268+0100] {logging_mixin.py:190} INFO - [2024-11-21T17:53:45.268+0100] {dag.py:4180} INFO - Setting next_dagrun for dataset_alias_example_alias_producer to None, run_after=None
[2024-11-21T17:53:45.269+0100] {logging_mixin.py:190} INFO - [2024-11-21T17:53:45.269+0100] {dag.py:4180} INFO - Setting next_dagrun for dataset_s3_bucket_consumer to None, run_after=None
[2024-11-21T17:53:45.269+0100] {logging_mixin.py:190} INFO - [2024-11-21T17:53:45.269+0100] {dag.py:4180} INFO - Setting next_dagrun for dataset_s3_bucket_producer to None, run_after=None
[2024-11-21T17:53:45.281+0100] {processor.py:208} INFO - Processing /Users/jobandtalent/opt/anaconda3/envs/e2s-env/lib/python3.9/site-packages/airflow/example_dags/example_dataset_alias.py took 0.290 seconds
