[2024-11-21T17:36:09.809+0100] {processor.py:186} INFO - Started process (PID=2382) to work on /Users/jobandtalent/opt/anaconda3/envs/e2s-env/lib/python3.9/site-packages/airflow/example_dags/example_branch_operator_decorator.py
[2024-11-21T17:36:09.810+0100] {processor.py:914} INFO - Processing file /Users/jobandtalent/opt/anaconda3/envs/e2s-env/lib/python3.9/site-packages/airflow/example_dags/example_branch_operator_decorator.py for tasks to queue
[2024-11-21T17:36:09.811+0100] {logging_mixin.py:190} INFO - [2024-11-21T17:36:09.811+0100] {dagbag.py:588} INFO - Filling up the DagBag from /Users/jobandtalent/opt/anaconda3/envs/e2s-env/lib/python3.9/site-packages/airflow/example_dags/example_branch_operator_decorator.py
[2024-11-21T17:36:09.832+0100] {processor.py:927} WARNING - No viable dags retrieved from /Users/jobandtalent/opt/anaconda3/envs/e2s-env/lib/python3.9/site-packages/airflow/example_dags/example_branch_operator_decorator.py
[2024-11-21T17:36:09.893+0100] {processor.py:208} INFO - Processing /Users/jobandtalent/opt/anaconda3/envs/e2s-env/lib/python3.9/site-packages/airflow/example_dags/example_branch_operator_decorator.py took 0.092 seconds
[2024-11-21T17:40:53.200+0100] {processor.py:186} INFO - Started process (PID=3086) to work on /Users/jobandtalent/opt/anaconda3/envs/e2s-env/lib/python3.9/site-packages/airflow/example_dags/example_branch_operator_decorator.py
[2024-11-21T17:40:53.202+0100] {processor.py:914} INFO - Processing file /Users/jobandtalent/opt/anaconda3/envs/e2s-env/lib/python3.9/site-packages/airflow/example_dags/example_branch_operator_decorator.py for tasks to queue
[2024-11-21T17:40:53.202+0100] {logging_mixin.py:190} INFO - [2024-11-21T17:40:53.202+0100] {dagbag.py:588} INFO - Filling up the DagBag from /Users/jobandtalent/opt/anaconda3/envs/e2s-env/lib/python3.9/site-packages/airflow/example_dags/example_branch_operator_decorator.py
[2024-11-21T17:40:53.218+0100] {processor.py:927} WARNING - No viable dags retrieved from /Users/jobandtalent/opt/anaconda3/envs/e2s-env/lib/python3.9/site-packages/airflow/example_dags/example_branch_operator_decorator.py
[2024-11-21T17:40:53.267+0100] {processor.py:208} INFO - Processing /Users/jobandtalent/opt/anaconda3/envs/e2s-env/lib/python3.9/site-packages/airflow/example_dags/example_branch_operator_decorator.py took 0.077 seconds
[2024-11-21T17:45:58.372+0100] {processor.py:186} INFO - Started process (PID=3981) to work on /Users/jobandtalent/opt/anaconda3/envs/e2s-env/lib/python3.9/site-packages/airflow/example_dags/example_branch_operator_decorator.py
[2024-11-21T17:45:58.373+0100] {processor.py:914} INFO - Processing file /Users/jobandtalent/opt/anaconda3/envs/e2s-env/lib/python3.9/site-packages/airflow/example_dags/example_branch_operator_decorator.py for tasks to queue
[2024-11-21T17:45:58.374+0100] {logging_mixin.py:190} INFO - [2024-11-21T17:45:58.374+0100] {dagbag.py:588} INFO - Filling up the DagBag from /Users/jobandtalent/opt/anaconda3/envs/e2s-env/lib/python3.9/site-packages/airflow/example_dags/example_branch_operator_decorator.py
[2024-11-21T17:45:58.502+0100] {processor.py:927} WARNING - No viable dags retrieved from /Users/jobandtalent/opt/anaconda3/envs/e2s-env/lib/python3.9/site-packages/airflow/example_dags/example_branch_operator_decorator.py
[2024-11-21T17:45:58.573+0100] {processor.py:208} INFO - Processing /Users/jobandtalent/opt/anaconda3/envs/e2s-env/lib/python3.9/site-packages/airflow/example_dags/example_branch_operator_decorator.py took 0.212 seconds
[2024-11-21T17:51:14.216+0100] {processor.py:186} INFO - Started process (PID=5033) to work on /Users/jobandtalent/opt/anaconda3/envs/e2s-env/lib/python3.9/site-packages/airflow/example_dags/example_branch_operator_decorator.py
[2024-11-21T17:51:14.218+0100] {processor.py:914} INFO - Processing file /Users/jobandtalent/opt/anaconda3/envs/e2s-env/lib/python3.9/site-packages/airflow/example_dags/example_branch_operator_decorator.py for tasks to queue
[2024-11-21T17:51:14.219+0100] {logging_mixin.py:190} INFO - [2024-11-21T17:51:14.219+0100] {dagbag.py:588} INFO - Filling up the DagBag from /Users/jobandtalent/opt/anaconda3/envs/e2s-env/lib/python3.9/site-packages/airflow/example_dags/example_branch_operator_decorator.py
[2024-11-21T17:51:14.238+0100] {processor.py:927} WARNING - No viable dags retrieved from /Users/jobandtalent/opt/anaconda3/envs/e2s-env/lib/python3.9/site-packages/airflow/example_dags/example_branch_operator_decorator.py
[2024-11-21T17:51:14.289+0100] {processor.py:208} INFO - Processing /Users/jobandtalent/opt/anaconda3/envs/e2s-env/lib/python3.9/site-packages/airflow/example_dags/example_branch_operator_decorator.py took 0.084 seconds
[2024-11-21T17:55:55.223+0100] {processor.py:186} INFO - Started process (PID=5754) to work on /Users/jobandtalent/opt/anaconda3/envs/e2s-env/lib/python3.9/site-packages/airflow/example_dags/example_branch_operator_decorator.py
[2024-11-21T17:55:55.228+0100] {processor.py:914} INFO - Processing file /Users/jobandtalent/opt/anaconda3/envs/e2s-env/lib/python3.9/site-packages/airflow/example_dags/example_branch_operator_decorator.py for tasks to queue
[2024-11-21T17:55:55.228+0100] {logging_mixin.py:190} INFO - [2024-11-21T17:55:55.228+0100] {dagbag.py:588} INFO - Filling up the DagBag from /Users/jobandtalent/opt/anaconda3/envs/e2s-env/lib/python3.9/site-packages/airflow/example_dags/example_branch_operator_decorator.py
[2024-11-21T17:55:55.271+0100] {processor.py:927} WARNING - No viable dags retrieved from /Users/jobandtalent/opt/anaconda3/envs/e2s-env/lib/python3.9/site-packages/airflow/example_dags/example_branch_operator_decorator.py
[2024-11-21T17:55:55.377+0100] {processor.py:208} INFO - Processing /Users/jobandtalent/opt/anaconda3/envs/e2s-env/lib/python3.9/site-packages/airflow/example_dags/example_branch_operator_decorator.py took 0.165 seconds
