[2024-11-21T17:35:30.948+0100] {processor.py:186} INFO - Started process (PID=2276) to work on /Users/jobandtalent/opt/anaconda3/envs/e2s-env/lib/python3.9/site-packages/airflow/example_dags/example_inlet_event_extra.py
[2024-11-21T17:35:30.950+0100] {processor.py:914} INFO - Processing file /Users/jobandtalent/opt/anaconda3/envs/e2s-env/lib/python3.9/site-packages/airflow/example_dags/example_inlet_event_extra.py for tasks to queue
[2024-11-21T17:35:30.951+0100] {logging_mixin.py:190} INFO - [2024-11-21T17:35:30.951+0100] {dagbag.py:588} INFO - Filling up the DagBag from /Users/jobandtalent/opt/anaconda3/envs/e2s-env/lib/python3.9/site-packages/airflow/example_dags/example_inlet_event_extra.py
[2024-11-21T17:35:31.170+0100] {processor.py:925} INFO - DAG(s) 'read_dataset_event', 'read_dataset_event_from_classic' retrieved from /Users/jobandtalent/opt/anaconda3/envs/e2s-env/lib/python3.9/site-packages/airflow/example_dags/example_inlet_event_extra.py
[2024-11-21T17:35:31.344+0100] {logging_mixin.py:190} INFO - [2024-11-21T17:35:31.344+0100] {override.py:1911} INFO - Created Permission View: can read on DAG:read_dataset_event
[2024-11-21T17:35:31.349+0100] {logging_mixin.py:190} INFO - [2024-11-21T17:35:31.349+0100] {override.py:1911} INFO - Created Permission View: can delete on DAG:read_dataset_event
[2024-11-21T17:35:31.353+0100] {logging_mixin.py:190} INFO - [2024-11-21T17:35:31.352+0100] {override.py:1911} INFO - Created Permission View: can edit on DAG:read_dataset_event
[2024-11-21T17:35:31.358+0100] {logging_mixin.py:190} INFO - [2024-11-21T17:35:31.358+0100] {override.py:1911} INFO - Created Permission View: menu access on DAG Run:read_dataset_event
[2024-11-21T17:35:31.361+0100] {logging_mixin.py:190} INFO - [2024-11-21T17:35:31.361+0100] {override.py:1911} INFO - Created Permission View: can read on DAG Run:read_dataset_event
[2024-11-21T17:35:31.364+0100] {logging_mixin.py:190} INFO - [2024-11-21T17:35:31.364+0100] {override.py:1911} INFO - Created Permission View: can delete on DAG Run:read_dataset_event
[2024-11-21T17:35:31.368+0100] {logging_mixin.py:190} INFO - [2024-11-21T17:35:31.367+0100] {override.py:1911} INFO - Created Permission View: can create on DAG Run:read_dataset_event
[2024-11-21T17:35:31.376+0100] {logging_mixin.py:190} INFO - [2024-11-21T17:35:31.376+0100] {override.py:1911} INFO - Created Permission View: can read on DAG:read_dataset_event_from_classic
[2024-11-21T17:35:31.380+0100] {logging_mixin.py:190} INFO - [2024-11-21T17:35:31.380+0100] {override.py:1911} INFO - Created Permission View: can delete on DAG:read_dataset_event_from_classic
[2024-11-21T17:35:31.383+0100] {logging_mixin.py:190} INFO - [2024-11-21T17:35:31.383+0100] {override.py:1911} INFO - Created Permission View: can edit on DAG:read_dataset_event_from_classic
[2024-11-21T17:35:31.387+0100] {logging_mixin.py:190} INFO - [2024-11-21T17:35:31.387+0100] {override.py:1911} INFO - Created Permission View: menu access on DAG Run:read_dataset_event_from_classic
[2024-11-21T17:35:31.391+0100] {logging_mixin.py:190} INFO - [2024-11-21T17:35:31.391+0100] {override.py:1911} INFO - Created Permission View: can read on DAG Run:read_dataset_event_from_classic
[2024-11-21T17:35:31.394+0100] {logging_mixin.py:190} INFO - [2024-11-21T17:35:31.394+0100] {override.py:1911} INFO - Created Permission View: can delete on DAG Run:read_dataset_event_from_classic
[2024-11-21T17:35:31.397+0100] {logging_mixin.py:190} INFO - [2024-11-21T17:35:31.397+0100] {override.py:1911} INFO - Created Permission View: can create on DAG Run:read_dataset_event_from_classic
[2024-11-21T17:35:31.397+0100] {logging_mixin.py:190} INFO - [2024-11-21T17:35:31.397+0100] {dag.py:3239} INFO - Sync 2 DAGs
[2024-11-21T17:35:31.404+0100] {logging_mixin.py:190} INFO - [2024-11-21T17:35:31.404+0100] {dag.py:3262} INFO - Creating ORM DAG for read_dataset_event_from_classic
[2024-11-21T17:35:31.405+0100] {logging_mixin.py:190} INFO - [2024-11-21T17:35:31.405+0100] {dag.py:3262} INFO - Creating ORM DAG for read_dataset_event
[2024-11-21T17:35:31.411+0100] {logging_mixin.py:190} INFO - [2024-11-21T17:35:31.411+0100] {dag.py:4180} INFO - Setting next_dagrun for read_dataset_event to 2024-11-20 00:00:00+00:00, run_after=2024-11-21 00:00:00+00:00
[2024-11-21T17:35:31.412+0100] {logging_mixin.py:190} INFO - [2024-11-21T17:35:31.412+0100] {dag.py:4180} INFO - Setting next_dagrun for read_dataset_event_from_classic to 2024-11-20 00:00:00+00:00, run_after=2024-11-21 00:00:00+00:00
[2024-11-21T17:35:31.422+0100] {processor.py:208} INFO - Processing /Users/jobandtalent/opt/anaconda3/envs/e2s-env/lib/python3.9/site-packages/airflow/example_dags/example_inlet_event_extra.py took 0.483 seconds
[2024-11-21T17:38:24.646+0100] {processor.py:186} INFO - Started process (PID=2717) to work on /Users/jobandtalent/opt/anaconda3/envs/e2s-env/lib/python3.9/site-packages/airflow/example_dags/example_inlet_event_extra.py
[2024-11-21T17:38:24.648+0100] {processor.py:914} INFO - Processing file /Users/jobandtalent/opt/anaconda3/envs/e2s-env/lib/python3.9/site-packages/airflow/example_dags/example_inlet_event_extra.py for tasks to queue
[2024-11-21T17:38:24.649+0100] {logging_mixin.py:190} INFO - [2024-11-21T17:38:24.649+0100] {dagbag.py:588} INFO - Filling up the DagBag from /Users/jobandtalent/opt/anaconda3/envs/e2s-env/lib/python3.9/site-packages/airflow/example_dags/example_inlet_event_extra.py
[2024-11-21T17:38:24.887+0100] {processor.py:925} INFO - DAG(s) 'read_dataset_event_from_classic', 'read_dataset_event' retrieved from /Users/jobandtalent/opt/anaconda3/envs/e2s-env/lib/python3.9/site-packages/airflow/example_dags/example_inlet_event_extra.py
[2024-11-21T17:38:24.942+0100] {logging_mixin.py:190} INFO - [2024-11-21T17:38:24.942+0100] {dag.py:3239} INFO - Sync 2 DAGs
[2024-11-21T17:38:24.953+0100] {logging_mixin.py:190} INFO - [2024-11-21T17:38:24.953+0100] {dag.py:4180} INFO - Setting next_dagrun for read_dataset_event to 2024-11-20 00:00:00+00:00, run_after=2024-11-21 00:00:00+00:00
[2024-11-21T17:38:24.956+0100] {logging_mixin.py:190} INFO - [2024-11-21T17:38:24.956+0100] {dag.py:4180} INFO - Setting next_dagrun for read_dataset_event_from_classic to 2024-11-20 00:00:00+00:00, run_after=2024-11-21 00:00:00+00:00
[2024-11-21T17:38:24.965+0100] {processor.py:208} INFO - Processing /Users/jobandtalent/opt/anaconda3/envs/e2s-env/lib/python3.9/site-packages/airflow/example_dags/example_inlet_event_extra.py took 0.327 seconds
[2024-11-21T17:43:10.001+0100] {processor.py:186} INFO - Started process (PID=3413) to work on /Users/jobandtalent/opt/anaconda3/envs/e2s-env/lib/python3.9/site-packages/airflow/example_dags/example_inlet_event_extra.py
[2024-11-21T17:43:10.002+0100] {processor.py:914} INFO - Processing file /Users/jobandtalent/opt/anaconda3/envs/e2s-env/lib/python3.9/site-packages/airflow/example_dags/example_inlet_event_extra.py for tasks to queue
[2024-11-21T17:43:10.003+0100] {logging_mixin.py:190} INFO - [2024-11-21T17:43:10.003+0100] {dagbag.py:588} INFO - Filling up the DagBag from /Users/jobandtalent/opt/anaconda3/envs/e2s-env/lib/python3.9/site-packages/airflow/example_dags/example_inlet_event_extra.py
[2024-11-21T17:43:10.251+0100] {processor.py:925} INFO - DAG(s) 'read_dataset_event_from_classic', 'read_dataset_event' retrieved from /Users/jobandtalent/opt/anaconda3/envs/e2s-env/lib/python3.9/site-packages/airflow/example_dags/example_inlet_event_extra.py
[2024-11-21T17:43:10.311+0100] {logging_mixin.py:190} INFO - [2024-11-21T17:43:10.311+0100] {dag.py:3239} INFO - Sync 2 DAGs
[2024-11-21T17:43:10.323+0100] {logging_mixin.py:190} INFO - [2024-11-21T17:43:10.323+0100] {dag.py:4180} INFO - Setting next_dagrun for read_dataset_event to 2024-11-20 00:00:00+00:00, run_after=2024-11-21 00:00:00+00:00
[2024-11-21T17:43:10.326+0100] {logging_mixin.py:190} INFO - [2024-11-21T17:43:10.326+0100] {dag.py:4180} INFO - Setting next_dagrun for read_dataset_event_from_classic to 2024-11-20 00:00:00+00:00, run_after=2024-11-21 00:00:00+00:00
[2024-11-21T17:43:10.336+0100] {processor.py:208} INFO - Processing /Users/jobandtalent/opt/anaconda3/envs/e2s-env/lib/python3.9/site-packages/airflow/example_dags/example_inlet_event_extra.py took 0.347 seconds
