[2024-11-21T17:35:01.399+0100] {processor.py:186} INFO - Started process (PID=2210) to work on /Users/jobandtalent/opt/anaconda3/envs/e2s-env/lib/python3.9/site-packages/airflow/example_dags/example_python_decorator.py
[2024-11-21T17:35:01.401+0100] {processor.py:914} INFO - Processing file /Users/jobandtalent/opt/anaconda3/envs/e2s-env/lib/python3.9/site-packages/airflow/example_dags/example_python_decorator.py for tasks to queue
[2024-11-21T17:35:01.402+0100] {logging_mixin.py:190} INFO - [2024-11-21T17:35:01.402+0100] {dagbag.py:588} INFO - Filling up the DagBag from /Users/jobandtalent/opt/anaconda3/envs/e2s-env/lib/python3.9/site-packages/airflow/example_dags/example_python_decorator.py
[2024-11-21T17:35:01.436+0100] {logging_mixin.py:190} INFO - [2024-11-21T17:35:01.436+0100] {example_python_decorator.py:80} WARNING - The virtalenv_python example task requires virtualenv, please install it.
[2024-11-21T17:35:01.438+0100] {processor.py:925} INFO - DAG(s) 'example_python_decorator' retrieved from /Users/jobandtalent/opt/anaconda3/envs/e2s-env/lib/python3.9/site-packages/airflow/example_dags/example_python_decorator.py
[2024-11-21T17:35:01.570+0100] {logging_mixin.py:190} INFO - [2024-11-21T17:35:01.570+0100] {override.py:1911} INFO - Created Permission View: can read on DAG:example_python_decorator
[2024-11-21T17:35:01.576+0100] {logging_mixin.py:190} INFO - [2024-11-21T17:35:01.576+0100] {override.py:1911} INFO - Created Permission View: can edit on DAG:example_python_decorator
[2024-11-21T17:35:01.580+0100] {logging_mixin.py:190} INFO - [2024-11-21T17:35:01.580+0100] {override.py:1911} INFO - Created Permission View: can delete on DAG:example_python_decorator
[2024-11-21T17:35:01.584+0100] {logging_mixin.py:190} INFO - [2024-11-21T17:35:01.584+0100] {override.py:1911} INFO - Created Permission View: can read on DAG Run:example_python_decorator
[2024-11-21T17:35:01.587+0100] {logging_mixin.py:190} INFO - [2024-11-21T17:35:01.587+0100] {override.py:1911} INFO - Created Permission View: can delete on DAG Run:example_python_decorator
[2024-11-21T17:35:01.590+0100] {logging_mixin.py:190} INFO - [2024-11-21T17:35:01.590+0100] {override.py:1911} INFO - Created Permission View: can create on DAG Run:example_python_decorator
[2024-11-21T17:35:01.593+0100] {logging_mixin.py:190} INFO - [2024-11-21T17:35:01.593+0100] {override.py:1911} INFO - Created Permission View: menu access on DAG Run:example_python_decorator
[2024-11-21T17:35:01.593+0100] {logging_mixin.py:190} INFO - [2024-11-21T17:35:01.593+0100] {dag.py:3239} INFO - Sync 1 DAGs
[2024-11-21T17:35:01.601+0100] {logging_mixin.py:190} INFO - [2024-11-21T17:35:01.601+0100] {dag.py:3262} INFO - Creating ORM DAG for example_python_decorator
[2024-11-21T17:35:01.601+0100] {logging_mixin.py:190} INFO - [2024-11-21T17:35:01.601+0100] {dag.py:4180} INFO - Setting next_dagrun for example_python_decorator to None, run_after=None
[2024-11-21T17:35:01.611+0100] {processor.py:208} INFO - Processing /Users/jobandtalent/opt/anaconda3/envs/e2s-env/lib/python3.9/site-packages/airflow/example_dags/example_python_decorator.py took 0.223 seconds
[2024-11-21T17:37:53.981+0100] {processor.py:186} INFO - Started process (PID=2648) to work on /Users/jobandtalent/opt/anaconda3/envs/e2s-env/lib/python3.9/site-packages/airflow/example_dags/example_python_decorator.py
[2024-11-21T17:37:53.986+0100] {processor.py:914} INFO - Processing file /Users/jobandtalent/opt/anaconda3/envs/e2s-env/lib/python3.9/site-packages/airflow/example_dags/example_python_decorator.py for tasks to queue
[2024-11-21T17:37:53.987+0100] {logging_mixin.py:190} INFO - [2024-11-21T17:37:53.986+0100] {dagbag.py:588} INFO - Filling up the DagBag from /Users/jobandtalent/opt/anaconda3/envs/e2s-env/lib/python3.9/site-packages/airflow/example_dags/example_python_decorator.py
[2024-11-21T17:37:54.148+0100] {logging_mixin.py:190} INFO - [2024-11-21T17:37:54.148+0100] {example_python_decorator.py:80} WARNING - The virtalenv_python example task requires virtualenv, please install it.
[2024-11-21T17:37:54.162+0100] {processor.py:925} INFO - DAG(s) 'example_python_decorator' retrieved from /Users/jobandtalent/opt/anaconda3/envs/e2s-env/lib/python3.9/site-packages/airflow/example_dags/example_python_decorator.py
[2024-11-21T17:37:54.314+0100] {logging_mixin.py:190} INFO - [2024-11-21T17:37:54.313+0100] {dag.py:3239} INFO - Sync 1 DAGs
[2024-11-21T17:37:54.332+0100] {logging_mixin.py:190} INFO - [2024-11-21T17:37:54.331+0100] {dag.py:4180} INFO - Setting next_dagrun for example_python_decorator to None, run_after=None
[2024-11-21T17:37:54.370+0100] {processor.py:208} INFO - Processing /Users/jobandtalent/opt/anaconda3/envs/e2s-env/lib/python3.9/site-packages/airflow/example_dags/example_python_decorator.py took 0.401 seconds
[2024-11-21T17:40:22.999+0100] {processor.py:186} INFO - Started process (PID=2991) to work on /Users/jobandtalent/opt/anaconda3/envs/e2s-env/lib/python3.9/site-packages/airflow/example_dags/example_python_decorator.py
[2024-11-21T17:40:23.001+0100] {processor.py:914} INFO - Processing file /Users/jobandtalent/opt/anaconda3/envs/e2s-env/lib/python3.9/site-packages/airflow/example_dags/example_python_decorator.py for tasks to queue
[2024-11-21T17:40:23.002+0100] {logging_mixin.py:190} INFO - [2024-11-21T17:40:23.001+0100] {dagbag.py:588} INFO - Filling up the DagBag from /Users/jobandtalent/opt/anaconda3/envs/e2s-env/lib/python3.9/site-packages/airflow/example_dags/example_python_decorator.py
[2024-11-21T17:40:23.034+0100] {logging_mixin.py:190} INFO - [2024-11-21T17:40:23.033+0100] {example_python_decorator.py:80} WARNING - The virtalenv_python example task requires virtualenv, please install it.
[2024-11-21T17:40:23.035+0100] {processor.py:925} INFO - DAG(s) 'example_python_decorator' retrieved from /Users/jobandtalent/opt/anaconda3/envs/e2s-env/lib/python3.9/site-packages/airflow/example_dags/example_python_decorator.py
[2024-11-21T17:40:23.097+0100] {logging_mixin.py:190} INFO - [2024-11-21T17:40:23.097+0100] {dag.py:3239} INFO - Sync 1 DAGs
[2024-11-21T17:40:23.103+0100] {logging_mixin.py:190} INFO - [2024-11-21T17:40:23.103+0100] {dag.py:4180} INFO - Setting next_dagrun for example_python_decorator to None, run_after=None
[2024-11-21T17:40:23.115+0100] {processor.py:208} INFO - Processing /Users/jobandtalent/opt/anaconda3/envs/e2s-env/lib/python3.9/site-packages/airflow/example_dags/example_python_decorator.py took 0.124 seconds
[2024-11-21T17:42:42.461+0100] {processor.py:186} INFO - Started process (PID=3349) to work on /Users/jobandtalent/opt/anaconda3/envs/e2s-env/lib/python3.9/site-packages/airflow/example_dags/example_python_decorator.py
[2024-11-21T17:42:42.463+0100] {processor.py:914} INFO - Processing file /Users/jobandtalent/opt/anaconda3/envs/e2s-env/lib/python3.9/site-packages/airflow/example_dags/example_python_decorator.py for tasks to queue
[2024-11-21T17:42:42.464+0100] {logging_mixin.py:190} INFO - [2024-11-21T17:42:42.464+0100] {dagbag.py:588} INFO - Filling up the DagBag from /Users/jobandtalent/opt/anaconda3/envs/e2s-env/lib/python3.9/site-packages/airflow/example_dags/example_python_decorator.py
[2024-11-21T17:42:42.509+0100] {logging_mixin.py:190} INFO - [2024-11-21T17:42:42.509+0100] {example_python_decorator.py:80} WARNING - The virtalenv_python example task requires virtualenv, please install it.
[2024-11-21T17:42:42.512+0100] {processor.py:925} INFO - DAG(s) 'example_python_decorator' retrieved from /Users/jobandtalent/opt/anaconda3/envs/e2s-env/lib/python3.9/site-packages/airflow/example_dags/example_python_decorator.py
[2024-11-21T17:42:42.584+0100] {logging_mixin.py:190} INFO - [2024-11-21T17:42:42.583+0100] {dag.py:3239} INFO - Sync 1 DAGs
[2024-11-21T17:42:42.590+0100] {logging_mixin.py:190} INFO - [2024-11-21T17:42:42.590+0100] {dag.py:4180} INFO - Setting next_dagrun for example_python_decorator to None, run_after=None
[2024-11-21T17:42:42.604+0100] {processor.py:208} INFO - Processing /Users/jobandtalent/opt/anaconda3/envs/e2s-env/lib/python3.9/site-packages/airflow/example_dags/example_python_decorator.py took 0.153 seconds
[2024-11-21T17:45:14.793+0100] {processor.py:186} INFO - Started process (PID=3720) to work on /Users/jobandtalent/opt/anaconda3/envs/e2s-env/lib/python3.9/site-packages/airflow/example_dags/example_python_decorator.py
[2024-11-21T17:45:14.796+0100] {processor.py:914} INFO - Processing file /Users/jobandtalent/opt/anaconda3/envs/e2s-env/lib/python3.9/site-packages/airflow/example_dags/example_python_decorator.py for tasks to queue
[2024-11-21T17:45:14.797+0100] {logging_mixin.py:190} INFO - [2024-11-21T17:45:14.797+0100] {dagbag.py:588} INFO - Filling up the DagBag from /Users/jobandtalent/opt/anaconda3/envs/e2s-env/lib/python3.9/site-packages/airflow/example_dags/example_python_decorator.py
[2024-11-21T17:45:14.826+0100] {logging_mixin.py:190} INFO - [2024-11-21T17:45:14.826+0100] {example_python_decorator.py:80} WARNING - The virtalenv_python example task requires virtualenv, please install it.
[2024-11-21T17:45:14.833+0100] {processor.py:925} INFO - DAG(s) 'example_python_decorator' retrieved from /Users/jobandtalent/opt/anaconda3/envs/e2s-env/lib/python3.9/site-packages/airflow/example_dags/example_python_decorator.py
[2024-11-21T17:45:14.897+0100] {logging_mixin.py:190} INFO - [2024-11-21T17:45:14.897+0100] {dag.py:3239} INFO - Sync 1 DAGs
[2024-11-21T17:45:14.903+0100] {logging_mixin.py:190} INFO - [2024-11-21T17:45:14.903+0100] {dag.py:4180} INFO - Setting next_dagrun for example_python_decorator to None, run_after=None
[2024-11-21T17:45:14.915+0100] {processor.py:208} INFO - Processing /Users/jobandtalent/opt/anaconda3/envs/e2s-env/lib/python3.9/site-packages/airflow/example_dags/example_python_decorator.py took 0.129 seconds
