[2024-11-21T17:34:35.148+0100] {processor.py:186} INFO - Started process (PID=2153) to work on /Users/jobandtalent/opt/anaconda3/envs/e2s-env/lib/python3.9/site-packages/airflow/example_dags/example_skip_dag.py
[2024-11-21T17:34:35.149+0100] {processor.py:914} INFO - Processing file /Users/jobandtalent/opt/anaconda3/envs/e2s-env/lib/python3.9/site-packages/airflow/example_dags/example_skip_dag.py for tasks to queue
[2024-11-21T17:34:35.150+0100] {logging_mixin.py:190} INFO - [2024-11-21T17:34:35.150+0100] {dagbag.py:588} INFO - Filling up the DagBag from /Users/jobandtalent/opt/anaconda3/envs/e2s-env/lib/python3.9/site-packages/airflow/example_dags/example_skip_dag.py
[2024-11-21T17:34:35.157+0100] {processor.py:925} INFO - DAG(s) 'example_skip_dag' retrieved from /Users/jobandtalent/opt/anaconda3/envs/e2s-env/lib/python3.9/site-packages/airflow/example_dags/example_skip_dag.py
[2024-11-21T17:34:35.294+0100] {logging_mixin.py:190} INFO - [2024-11-21T17:34:35.293+0100] {override.py:1911} INFO - Created Permission View: can read on DAG:example_skip_dag
[2024-11-21T17:34:35.298+0100] {logging_mixin.py:190} INFO - [2024-11-21T17:34:35.298+0100] {override.py:1911} INFO - Created Permission View: can delete on DAG:example_skip_dag
[2024-11-21T17:34:35.302+0100] {logging_mixin.py:190} INFO - [2024-11-21T17:34:35.301+0100] {override.py:1911} INFO - Created Permission View: can edit on DAG:example_skip_dag
[2024-11-21T17:34:35.306+0100] {logging_mixin.py:190} INFO - [2024-11-21T17:34:35.305+0100] {override.py:1911} INFO - Created Permission View: can read on DAG Run:example_skip_dag
[2024-11-21T17:34:35.309+0100] {logging_mixin.py:190} INFO - [2024-11-21T17:34:35.309+0100] {override.py:1911} INFO - Created Permission View: can delete on DAG Run:example_skip_dag
[2024-11-21T17:34:35.312+0100] {logging_mixin.py:190} INFO - [2024-11-21T17:34:35.312+0100] {override.py:1911} INFO - Created Permission View: menu access on DAG Run:example_skip_dag
[2024-11-21T17:34:35.315+0100] {logging_mixin.py:190} INFO - [2024-11-21T17:34:35.315+0100] {override.py:1911} INFO - Created Permission View: can create on DAG Run:example_skip_dag
[2024-11-21T17:34:35.316+0100] {logging_mixin.py:190} INFO - [2024-11-21T17:34:35.315+0100] {dag.py:3239} INFO - Sync 1 DAGs
[2024-11-21T17:34:35.324+0100] {logging_mixin.py:190} INFO - [2024-11-21T17:34:35.323+0100] {dag.py:3262} INFO - Creating ORM DAG for example_skip_dag
[2024-11-21T17:34:35.328+0100] {logging_mixin.py:190} INFO - [2024-11-21T17:34:35.328+0100] {dag.py:4180} INFO - Setting next_dagrun for example_skip_dag to 2024-11-20 00:00:00+00:00, run_after=2024-11-21 00:00:00+00:00
[2024-11-21T17:34:35.339+0100] {processor.py:208} INFO - Processing /Users/jobandtalent/opt/anaconda3/envs/e2s-env/lib/python3.9/site-packages/airflow/example_dags/example_skip_dag.py took 0.203 seconds
[2024-11-21T17:37:31.346+0100] {processor.py:186} INFO - Started process (PID=2568) to work on /Users/jobandtalent/opt/anaconda3/envs/e2s-env/lib/python3.9/site-packages/airflow/example_dags/example_skip_dag.py
[2024-11-21T17:37:31.348+0100] {processor.py:914} INFO - Processing file /Users/jobandtalent/opt/anaconda3/envs/e2s-env/lib/python3.9/site-packages/airflow/example_dags/example_skip_dag.py for tasks to queue
[2024-11-21T17:37:31.349+0100] {logging_mixin.py:190} INFO - [2024-11-21T17:37:31.348+0100] {dagbag.py:588} INFO - Filling up the DagBag from /Users/jobandtalent/opt/anaconda3/envs/e2s-env/lib/python3.9/site-packages/airflow/example_dags/example_skip_dag.py
[2024-11-21T17:37:31.355+0100] {processor.py:925} INFO - DAG(s) 'example_skip_dag' retrieved from /Users/jobandtalent/opt/anaconda3/envs/e2s-env/lib/python3.9/site-packages/airflow/example_dags/example_skip_dag.py
[2024-11-21T17:37:31.426+0100] {logging_mixin.py:190} INFO - [2024-11-21T17:37:31.426+0100] {dag.py:3239} INFO - Sync 1 DAGs
[2024-11-21T17:37:31.438+0100] {logging_mixin.py:190} INFO - [2024-11-21T17:37:31.438+0100] {dag.py:4180} INFO - Setting next_dagrun for example_skip_dag to 2024-11-20 00:00:00+00:00, run_after=2024-11-21 00:00:00+00:00
[2024-11-21T17:37:31.450+0100] {processor.py:208} INFO - Processing /Users/jobandtalent/opt/anaconda3/envs/e2s-env/lib/python3.9/site-packages/airflow/example_dags/example_skip_dag.py took 0.114 seconds
[2024-11-21T17:39:57.464+0100] {processor.py:186} INFO - Started process (PID=2940) to work on /Users/jobandtalent/opt/anaconda3/envs/e2s-env/lib/python3.9/site-packages/airflow/example_dags/example_skip_dag.py
[2024-11-21T17:39:57.466+0100] {processor.py:914} INFO - Processing file /Users/jobandtalent/opt/anaconda3/envs/e2s-env/lib/python3.9/site-packages/airflow/example_dags/example_skip_dag.py for tasks to queue
[2024-11-21T17:39:57.467+0100] {logging_mixin.py:190} INFO - [2024-11-21T17:39:57.467+0100] {dagbag.py:588} INFO - Filling up the DagBag from /Users/jobandtalent/opt/anaconda3/envs/e2s-env/lib/python3.9/site-packages/airflow/example_dags/example_skip_dag.py
[2024-11-21T17:39:57.475+0100] {processor.py:925} INFO - DAG(s) 'example_skip_dag' retrieved from /Users/jobandtalent/opt/anaconda3/envs/e2s-env/lib/python3.9/site-packages/airflow/example_dags/example_skip_dag.py
[2024-11-21T17:39:57.845+0100] {logging_mixin.py:190} INFO - [2024-11-21T17:39:57.845+0100] {dag.py:3239} INFO - Sync 1 DAGs
[2024-11-21T17:39:57.872+0100] {logging_mixin.py:190} INFO - [2024-11-21T17:39:57.872+0100] {dag.py:4180} INFO - Setting next_dagrun for example_skip_dag to 2024-11-20 00:00:00+00:00, run_after=2024-11-21 00:00:00+00:00
[2024-11-21T17:39:57.886+0100] {processor.py:208} INFO - Processing /Users/jobandtalent/opt/anaconda3/envs/e2s-env/lib/python3.9/site-packages/airflow/example_dags/example_skip_dag.py took 0.433 seconds
[2024-11-21T17:42:17.013+0100] {processor.py:186} INFO - Started process (PID=3283) to work on /Users/jobandtalent/opt/anaconda3/envs/e2s-env/lib/python3.9/site-packages/airflow/example_dags/example_skip_dag.py
[2024-11-21T17:42:17.014+0100] {processor.py:914} INFO - Processing file /Users/jobandtalent/opt/anaconda3/envs/e2s-env/lib/python3.9/site-packages/airflow/example_dags/example_skip_dag.py for tasks to queue
[2024-11-21T17:42:17.015+0100] {logging_mixin.py:190} INFO - [2024-11-21T17:42:17.015+0100] {dagbag.py:588} INFO - Filling up the DagBag from /Users/jobandtalent/opt/anaconda3/envs/e2s-env/lib/python3.9/site-packages/airflow/example_dags/example_skip_dag.py
[2024-11-21T17:42:17.022+0100] {processor.py:925} INFO - DAG(s) 'example_skip_dag' retrieved from /Users/jobandtalent/opt/anaconda3/envs/e2s-env/lib/python3.9/site-packages/airflow/example_dags/example_skip_dag.py
[2024-11-21T17:42:17.091+0100] {logging_mixin.py:190} INFO - [2024-11-21T17:42:17.091+0100] {dag.py:3239} INFO - Sync 1 DAGs
[2024-11-21T17:42:17.106+0100] {logging_mixin.py:190} INFO - [2024-11-21T17:42:17.105+0100] {dag.py:4180} INFO - Setting next_dagrun for example_skip_dag to 2024-11-20 00:00:00+00:00, run_after=2024-11-21 00:00:00+00:00
[2024-11-21T17:42:17.120+0100] {processor.py:208} INFO - Processing /Users/jobandtalent/opt/anaconda3/envs/e2s-env/lib/python3.9/site-packages/airflow/example_dags/example_skip_dag.py took 0.119 seconds
[2024-11-21T17:44:50.361+0100] {processor.py:186} INFO - Started process (PID=3648) to work on /Users/jobandtalent/opt/anaconda3/envs/e2s-env/lib/python3.9/site-packages/airflow/example_dags/example_skip_dag.py
[2024-11-21T17:44:50.367+0100] {processor.py:914} INFO - Processing file /Users/jobandtalent/opt/anaconda3/envs/e2s-env/lib/python3.9/site-packages/airflow/example_dags/example_skip_dag.py for tasks to queue
[2024-11-21T17:44:50.368+0100] {logging_mixin.py:190} INFO - [2024-11-21T17:44:50.368+0100] {dagbag.py:588} INFO - Filling up the DagBag from /Users/jobandtalent/opt/anaconda3/envs/e2s-env/lib/python3.9/site-packages/airflow/example_dags/example_skip_dag.py
[2024-11-21T17:44:50.376+0100] {processor.py:925} INFO - DAG(s) 'example_skip_dag' retrieved from /Users/jobandtalent/opt/anaconda3/envs/e2s-env/lib/python3.9/site-packages/airflow/example_dags/example_skip_dag.py
[2024-11-21T17:44:50.452+0100] {logging_mixin.py:190} INFO - [2024-11-21T17:44:50.452+0100] {dag.py:3239} INFO - Sync 1 DAGs
[2024-11-21T17:44:50.466+0100] {logging_mixin.py:190} INFO - [2024-11-21T17:44:50.466+0100] {dag.py:4180} INFO - Setting next_dagrun for example_skip_dag to 2024-11-20 00:00:00+00:00, run_after=2024-11-21 00:00:00+00:00
[2024-11-21T17:44:50.478+0100] {processor.py:208} INFO - Processing /Users/jobandtalent/opt/anaconda3/envs/e2s-env/lib/python3.9/site-packages/airflow/example_dags/example_skip_dag.py took 0.130 seconds
[2024-11-21T17:47:29.543+0100] {processor.py:186} INFO - Started process (PID=4476) to work on /Users/jobandtalent/opt/anaconda3/envs/e2s-env/lib/python3.9/site-packages/airflow/example_dags/example_skip_dag.py
[2024-11-21T17:47:29.545+0100] {processor.py:914} INFO - Processing file /Users/jobandtalent/opt/anaconda3/envs/e2s-env/lib/python3.9/site-packages/airflow/example_dags/example_skip_dag.py for tasks to queue
[2024-11-21T17:47:29.546+0100] {logging_mixin.py:190} INFO - [2024-11-21T17:47:29.546+0100] {dagbag.py:588} INFO - Filling up the DagBag from /Users/jobandtalent/opt/anaconda3/envs/e2s-env/lib/python3.9/site-packages/airflow/example_dags/example_skip_dag.py
[2024-11-21T17:47:29.552+0100] {processor.py:925} INFO - DAG(s) 'example_skip_dag' retrieved from /Users/jobandtalent/opt/anaconda3/envs/e2s-env/lib/python3.9/site-packages/airflow/example_dags/example_skip_dag.py
[2024-11-21T17:47:29.614+0100] {logging_mixin.py:190} INFO - [2024-11-21T17:47:29.614+0100] {dag.py:3239} INFO - Sync 1 DAGs
[2024-11-21T17:47:29.626+0100] {logging_mixin.py:190} INFO - [2024-11-21T17:47:29.626+0100] {dag.py:4180} INFO - Setting next_dagrun for example_skip_dag to 2024-11-20 00:00:00+00:00, run_after=2024-11-21 00:00:00+00:00
[2024-11-21T17:47:29.638+0100] {processor.py:208} INFO - Processing /Users/jobandtalent/opt/anaconda3/envs/e2s-env/lib/python3.9/site-packages/airflow/example_dags/example_skip_dag.py took 0.103 seconds
[2024-11-21T17:50:10.342+0100] {processor.py:186} INFO - Started process (PID=4880) to work on /Users/jobandtalent/opt/anaconda3/envs/e2s-env/lib/python3.9/site-packages/airflow/example_dags/example_skip_dag.py
[2024-11-21T17:50:10.343+0100] {processor.py:914} INFO - Processing file /Users/jobandtalent/opt/anaconda3/envs/e2s-env/lib/python3.9/site-packages/airflow/example_dags/example_skip_dag.py for tasks to queue
[2024-11-21T17:50:10.344+0100] {logging_mixin.py:190} INFO - [2024-11-21T17:50:10.344+0100] {dagbag.py:588} INFO - Filling up the DagBag from /Users/jobandtalent/opt/anaconda3/envs/e2s-env/lib/python3.9/site-packages/airflow/example_dags/example_skip_dag.py
[2024-11-21T17:50:10.352+0100] {processor.py:925} INFO - DAG(s) 'example_skip_dag' retrieved from /Users/jobandtalent/opt/anaconda3/envs/e2s-env/lib/python3.9/site-packages/airflow/example_dags/example_skip_dag.py
[2024-11-21T17:50:10.430+0100] {logging_mixin.py:190} INFO - [2024-11-21T17:50:10.430+0100] {dag.py:3239} INFO - Sync 1 DAGs
[2024-11-21T17:50:10.448+0100] {logging_mixin.py:190} INFO - [2024-11-21T17:50:10.448+0100] {dag.py:4180} INFO - Setting next_dagrun for example_skip_dag to 2024-11-20 00:00:00+00:00, run_after=2024-11-21 00:00:00+00:00
[2024-11-21T17:50:10.463+0100] {processor.py:208} INFO - Processing /Users/jobandtalent/opt/anaconda3/envs/e2s-env/lib/python3.9/site-packages/airflow/example_dags/example_skip_dag.py took 0.130 seconds
[2024-11-21T17:52:37.655+0100] {processor.py:186} INFO - Started process (PID=5244) to work on /Users/jobandtalent/opt/anaconda3/envs/e2s-env/lib/python3.9/site-packages/airflow/example_dags/example_skip_dag.py
[2024-11-21T17:52:37.657+0100] {processor.py:914} INFO - Processing file /Users/jobandtalent/opt/anaconda3/envs/e2s-env/lib/python3.9/site-packages/airflow/example_dags/example_skip_dag.py for tasks to queue
[2024-11-21T17:52:37.658+0100] {logging_mixin.py:190} INFO - [2024-11-21T17:52:37.658+0100] {dagbag.py:588} INFO - Filling up the DagBag from /Users/jobandtalent/opt/anaconda3/envs/e2s-env/lib/python3.9/site-packages/airflow/example_dags/example_skip_dag.py
[2024-11-21T17:52:37.669+0100] {processor.py:925} INFO - DAG(s) 'example_skip_dag' retrieved from /Users/jobandtalent/opt/anaconda3/envs/e2s-env/lib/python3.9/site-packages/airflow/example_dags/example_skip_dag.py
[2024-11-21T17:52:37.753+0100] {logging_mixin.py:190} INFO - [2024-11-21T17:52:37.752+0100] {dag.py:3239} INFO - Sync 1 DAGs
[2024-11-21T17:52:37.765+0100] {logging_mixin.py:190} INFO - [2024-11-21T17:52:37.764+0100] {dag.py:4180} INFO - Setting next_dagrun for example_skip_dag to 2024-11-20 00:00:00+00:00, run_after=2024-11-21 00:00:00+00:00
[2024-11-21T17:52:37.778+0100] {processor.py:208} INFO - Processing /Users/jobandtalent/opt/anaconda3/envs/e2s-env/lib/python3.9/site-packages/airflow/example_dags/example_skip_dag.py took 0.132 seconds
[2024-11-21T17:55:00.061+0100] {processor.py:186} INFO - Started process (PID=5577) to work on /Users/jobandtalent/opt/anaconda3/envs/e2s-env/lib/python3.9/site-packages/airflow/example_dags/example_skip_dag.py
[2024-11-21T17:55:00.062+0100] {processor.py:914} INFO - Processing file /Users/jobandtalent/opt/anaconda3/envs/e2s-env/lib/python3.9/site-packages/airflow/example_dags/example_skip_dag.py for tasks to queue
[2024-11-21T17:55:00.063+0100] {logging_mixin.py:190} INFO - [2024-11-21T17:55:00.063+0100] {dagbag.py:588} INFO - Filling up the DagBag from /Users/jobandtalent/opt/anaconda3/envs/e2s-env/lib/python3.9/site-packages/airflow/example_dags/example_skip_dag.py
[2024-11-21T17:55:00.070+0100] {processor.py:925} INFO - DAG(s) 'example_skip_dag' retrieved from /Users/jobandtalent/opt/anaconda3/envs/e2s-env/lib/python3.9/site-packages/airflow/example_dags/example_skip_dag.py
[2024-11-21T17:55:00.133+0100] {logging_mixin.py:190} INFO - [2024-11-21T17:55:00.133+0100] {dag.py:3239} INFO - Sync 1 DAGs
[2024-11-21T17:55:00.148+0100] {logging_mixin.py:190} INFO - [2024-11-21T17:55:00.148+0100] {dag.py:4180} INFO - Setting next_dagrun for example_skip_dag to 2024-11-20 00:00:00+00:00, run_after=2024-11-21 00:00:00+00:00
[2024-11-21T17:55:00.162+0100] {processor.py:208} INFO - Processing /Users/jobandtalent/opt/anaconda3/envs/e2s-env/lib/python3.9/site-packages/airflow/example_dags/example_skip_dag.py took 0.112 seconds
[2024-11-21T17:57:20.571+0100] {processor.py:186} INFO - Started process (PID=6026) to work on /Users/jobandtalent/opt/anaconda3/envs/e2s-env/lib/python3.9/site-packages/airflow/example_dags/example_skip_dag.py
[2024-11-21T17:57:20.574+0100] {processor.py:914} INFO - Processing file /Users/jobandtalent/opt/anaconda3/envs/e2s-env/lib/python3.9/site-packages/airflow/example_dags/example_skip_dag.py for tasks to queue
[2024-11-21T17:57:20.574+0100] {logging_mixin.py:190} INFO - [2024-11-21T17:57:20.574+0100] {dagbag.py:588} INFO - Filling up the DagBag from /Users/jobandtalent/opt/anaconda3/envs/e2s-env/lib/python3.9/site-packages/airflow/example_dags/example_skip_dag.py
[2024-11-21T17:57:20.581+0100] {processor.py:925} INFO - DAG(s) 'example_skip_dag' retrieved from /Users/jobandtalent/opt/anaconda3/envs/e2s-env/lib/python3.9/site-packages/airflow/example_dags/example_skip_dag.py
[2024-11-21T17:57:20.644+0100] {logging_mixin.py:190} INFO - [2024-11-21T17:57:20.644+0100] {dag.py:3239} INFO - Sync 1 DAGs
[2024-11-21T17:57:20.655+0100] {logging_mixin.py:190} INFO - [2024-11-21T17:57:20.655+0100] {dag.py:4180} INFO - Setting next_dagrun for example_skip_dag to 2024-11-20 00:00:00+00:00, run_after=2024-11-21 00:00:00+00:00
[2024-11-21T17:57:20.667+0100] {processor.py:208} INFO - Processing /Users/jobandtalent/opt/anaconda3/envs/e2s-env/lib/python3.9/site-packages/airflow/example_dags/example_skip_dag.py took 0.104 seconds
[2024-11-21T17:59:44.422+0100] {processor.py:186} INFO - Started process (PID=6463) to work on /Users/jobandtalent/opt/anaconda3/envs/e2s-env/lib/python3.9/site-packages/airflow/example_dags/example_skip_dag.py
[2024-11-21T17:59:44.423+0100] {processor.py:914} INFO - Processing file /Users/jobandtalent/opt/anaconda3/envs/e2s-env/lib/python3.9/site-packages/airflow/example_dags/example_skip_dag.py for tasks to queue
[2024-11-21T17:59:44.424+0100] {logging_mixin.py:190} INFO - [2024-11-21T17:59:44.423+0100] {dagbag.py:588} INFO - Filling up the DagBag from /Users/jobandtalent/opt/anaconda3/envs/e2s-env/lib/python3.9/site-packages/airflow/example_dags/example_skip_dag.py
[2024-11-21T17:59:44.431+0100] {processor.py:925} INFO - DAG(s) 'example_skip_dag' retrieved from /Users/jobandtalent/opt/anaconda3/envs/e2s-env/lib/python3.9/site-packages/airflow/example_dags/example_skip_dag.py
[2024-11-21T17:59:44.502+0100] {logging_mixin.py:190} INFO - [2024-11-21T17:59:44.501+0100] {dag.py:3239} INFO - Sync 1 DAGs
[2024-11-21T17:59:44.513+0100] {logging_mixin.py:190} INFO - [2024-11-21T17:59:44.513+0100] {dag.py:4180} INFO - Setting next_dagrun for example_skip_dag to 2024-11-20 00:00:00+00:00, run_after=2024-11-21 00:00:00+00:00
[2024-11-21T17:59:44.524+0100] {processor.py:208} INFO - Processing /Users/jobandtalent/opt/anaconda3/envs/e2s-env/lib/python3.9/site-packages/airflow/example_dags/example_skip_dag.py took 0.110 seconds
[2024-11-21T18:02:12.989+0100] {processor.py:186} INFO - Started process (PID=6873) to work on /Users/jobandtalent/opt/anaconda3/envs/e2s-env/lib/python3.9/site-packages/airflow/example_dags/example_skip_dag.py
[2024-11-21T18:02:12.991+0100] {processor.py:914} INFO - Processing file /Users/jobandtalent/opt/anaconda3/envs/e2s-env/lib/python3.9/site-packages/airflow/example_dags/example_skip_dag.py for tasks to queue
[2024-11-21T18:02:12.992+0100] {logging_mixin.py:190} INFO - [2024-11-21T18:02:12.992+0100] {dagbag.py:588} INFO - Filling up the DagBag from /Users/jobandtalent/opt/anaconda3/envs/e2s-env/lib/python3.9/site-packages/airflow/example_dags/example_skip_dag.py
[2024-11-21T18:02:12.999+0100] {processor.py:925} INFO - DAG(s) 'example_skip_dag' retrieved from /Users/jobandtalent/opt/anaconda3/envs/e2s-env/lib/python3.9/site-packages/airflow/example_dags/example_skip_dag.py
[2024-11-21T18:02:13.065+0100] {logging_mixin.py:190} INFO - [2024-11-21T18:02:13.064+0100] {dag.py:3239} INFO - Sync 1 DAGs
[2024-11-21T18:02:13.077+0100] {logging_mixin.py:190} INFO - [2024-11-21T18:02:13.077+0100] {dag.py:4180} INFO - Setting next_dagrun for example_skip_dag to 2024-11-20 00:00:00+00:00, run_after=2024-11-21 00:00:00+00:00
[2024-11-21T18:02:13.088+0100] {processor.py:208} INFO - Processing /Users/jobandtalent/opt/anaconda3/envs/e2s-env/lib/python3.9/site-packages/airflow/example_dags/example_skip_dag.py took 0.110 seconds
[2024-11-21T18:04:36.427+0100] {processor.py:186} INFO - Started process (PID=7212) to work on /Users/jobandtalent/opt/anaconda3/envs/e2s-env/lib/python3.9/site-packages/airflow/example_dags/example_skip_dag.py
[2024-11-21T18:04:36.428+0100] {processor.py:914} INFO - Processing file /Users/jobandtalent/opt/anaconda3/envs/e2s-env/lib/python3.9/site-packages/airflow/example_dags/example_skip_dag.py for tasks to queue
[2024-11-21T18:04:36.429+0100] {logging_mixin.py:190} INFO - [2024-11-21T18:04:36.429+0100] {dagbag.py:588} INFO - Filling up the DagBag from /Users/jobandtalent/opt/anaconda3/envs/e2s-env/lib/python3.9/site-packages/airflow/example_dags/example_skip_dag.py
[2024-11-21T18:04:36.435+0100] {processor.py:925} INFO - DAG(s) 'example_skip_dag' retrieved from /Users/jobandtalent/opt/anaconda3/envs/e2s-env/lib/python3.9/site-packages/airflow/example_dags/example_skip_dag.py
[2024-11-21T18:04:36.498+0100] {logging_mixin.py:190} INFO - [2024-11-21T18:04:36.497+0100] {dag.py:3239} INFO - Sync 1 DAGs
[2024-11-21T18:04:36.511+0100] {logging_mixin.py:190} INFO - [2024-11-21T18:04:36.510+0100] {dag.py:4180} INFO - Setting next_dagrun for example_skip_dag to 2024-11-20 00:00:00+00:00, run_after=2024-11-21 00:00:00+00:00
[2024-11-21T18:04:36.522+0100] {processor.py:208} INFO - Processing /Users/jobandtalent/opt/anaconda3/envs/e2s-env/lib/python3.9/site-packages/airflow/example_dags/example_skip_dag.py took 0.104 seconds
