[2024-11-21T17:35:34.176+0100] {processor.py:186} INFO - Started process (PID=2290) to work on /Users/jobandtalent/opt/anaconda3/envs/e2s-env/lib/python3.9/site-packages/airflow/example_dags/example_external_task_marker_dag.py
[2024-11-21T17:35:34.178+0100] {processor.py:914} INFO - Processing file /Users/jobandtalent/opt/anaconda3/envs/e2s-env/lib/python3.9/site-packages/airflow/example_dags/example_external_task_marker_dag.py for tasks to queue
[2024-11-21T17:35:34.179+0100] {logging_mixin.py:190} INFO - [2024-11-21T17:35:34.178+0100] {dagbag.py:588} INFO - Filling up the DagBag from /Users/jobandtalent/opt/anaconda3/envs/e2s-env/lib/python3.9/site-packages/airflow/example_dags/example_external_task_marker_dag.py
[2024-11-21T17:35:34.191+0100] {processor.py:925} INFO - DAG(s) 'example_external_task_marker_child', 'example_external_task_marker_parent' retrieved from /Users/jobandtalent/opt/anaconda3/envs/e2s-env/lib/python3.9/site-packages/airflow/example_dags/example_external_task_marker_dag.py
[2024-11-21T17:35:35.038+0100] {logging_mixin.py:190} INFO - [2024-11-21T17:35:35.038+0100] {override.py:1911} INFO - Created Permission View: can read on DAG:example_external_task_marker_child
[2024-11-21T17:35:35.043+0100] {logging_mixin.py:190} INFO - [2024-11-21T17:35:35.043+0100] {override.py:1911} INFO - Created Permission View: can delete on DAG:example_external_task_marker_child
[2024-11-21T17:35:35.047+0100] {logging_mixin.py:190} INFO - [2024-11-21T17:35:35.047+0100] {override.py:1911} INFO - Created Permission View: can edit on DAG:example_external_task_marker_child
[2024-11-21T17:35:35.052+0100] {logging_mixin.py:190} INFO - [2024-11-21T17:35:35.052+0100] {override.py:1911} INFO - Created Permission View: can read on DAG Run:example_external_task_marker_child
[2024-11-21T17:35:35.056+0100] {logging_mixin.py:190} INFO - [2024-11-21T17:35:35.056+0100] {override.py:1911} INFO - Created Permission View: menu access on DAG Run:example_external_task_marker_child
[2024-11-21T17:35:35.059+0100] {logging_mixin.py:190} INFO - [2024-11-21T17:35:35.059+0100] {override.py:1911} INFO - Created Permission View: can delete on DAG Run:example_external_task_marker_child
[2024-11-21T17:35:35.063+0100] {logging_mixin.py:190} INFO - [2024-11-21T17:35:35.063+0100] {override.py:1911} INFO - Created Permission View: can create on DAG Run:example_external_task_marker_child
[2024-11-21T17:35:35.070+0100] {logging_mixin.py:190} INFO - [2024-11-21T17:35:35.070+0100] {override.py:1911} INFO - Created Permission View: can read on DAG:example_external_task_marker_parent
[2024-11-21T17:35:35.073+0100] {logging_mixin.py:190} INFO - [2024-11-21T17:35:35.073+0100] {override.py:1911} INFO - Created Permission View: can delete on DAG:example_external_task_marker_parent
[2024-11-21T17:35:35.076+0100] {logging_mixin.py:190} INFO - [2024-11-21T17:35:35.076+0100] {override.py:1911} INFO - Created Permission View: can edit on DAG:example_external_task_marker_parent
[2024-11-21T17:35:35.089+0100] {logging_mixin.py:190} INFO - [2024-11-21T17:35:35.088+0100] {override.py:1911} INFO - Created Permission View: can read on DAG Run:example_external_task_marker_parent
[2024-11-21T17:35:35.092+0100] {logging_mixin.py:190} INFO - [2024-11-21T17:35:35.092+0100] {override.py:1911} INFO - Created Permission View: menu access on DAG Run:example_external_task_marker_parent
[2024-11-21T17:35:35.096+0100] {logging_mixin.py:190} INFO - [2024-11-21T17:35:35.095+0100] {override.py:1911} INFO - Created Permission View: can delete on DAG Run:example_external_task_marker_parent
[2024-11-21T17:35:35.100+0100] {logging_mixin.py:190} INFO - [2024-11-21T17:35:35.100+0100] {override.py:1911} INFO - Created Permission View: can create on DAG Run:example_external_task_marker_parent
[2024-11-21T17:35:35.100+0100] {logging_mixin.py:190} INFO - [2024-11-21T17:35:35.100+0100] {dag.py:3239} INFO - Sync 2 DAGs
[2024-11-21T17:35:35.107+0100] {logging_mixin.py:190} INFO - [2024-11-21T17:35:35.107+0100] {dag.py:3262} INFO - Creating ORM DAG for example_external_task_marker_child
[2024-11-21T17:35:35.108+0100] {logging_mixin.py:190} INFO - [2024-11-21T17:35:35.108+0100] {dag.py:3262} INFO - Creating ORM DAG for example_external_task_marker_parent
[2024-11-21T17:35:35.108+0100] {logging_mixin.py:190} INFO - [2024-11-21T17:35:35.108+0100] {dag.py:4180} INFO - Setting next_dagrun for example_external_task_marker_child to None, run_after=None
[2024-11-21T17:35:35.108+0100] {logging_mixin.py:190} INFO - [2024-11-21T17:35:35.108+0100] {dag.py:4180} INFO - Setting next_dagrun for example_external_task_marker_parent to None, run_after=None
[2024-11-21T17:35:35.118+0100] {processor.py:208} INFO - Processing /Users/jobandtalent/opt/anaconda3/envs/e2s-env/lib/python3.9/site-packages/airflow/example_dags/example_external_task_marker_dag.py took 0.951 seconds
[2024-11-21T17:38:27.809+0100] {processor.py:186} INFO - Started process (PID=2721) to work on /Users/jobandtalent/opt/anaconda3/envs/e2s-env/lib/python3.9/site-packages/airflow/example_dags/example_external_task_marker_dag.py
[2024-11-21T17:38:27.811+0100] {processor.py:914} INFO - Processing file /Users/jobandtalent/opt/anaconda3/envs/e2s-env/lib/python3.9/site-packages/airflow/example_dags/example_external_task_marker_dag.py for tasks to queue
[2024-11-21T17:38:27.812+0100] {logging_mixin.py:190} INFO - [2024-11-21T17:38:27.812+0100] {dagbag.py:588} INFO - Filling up the DagBag from /Users/jobandtalent/opt/anaconda3/envs/e2s-env/lib/python3.9/site-packages/airflow/example_dags/example_external_task_marker_dag.py
[2024-11-21T17:38:27.827+0100] {processor.py:925} INFO - DAG(s) 'example_external_task_marker_parent', 'example_external_task_marker_child' retrieved from /Users/jobandtalent/opt/anaconda3/envs/e2s-env/lib/python3.9/site-packages/airflow/example_dags/example_external_task_marker_dag.py
[2024-11-21T17:38:28.737+0100] {logging_mixin.py:190} INFO - [2024-11-21T17:38:28.736+0100] {dag.py:3239} INFO - Sync 2 DAGs
[2024-11-21T17:38:28.743+0100] {logging_mixin.py:190} INFO - [2024-11-21T17:38:28.743+0100] {dag.py:4180} INFO - Setting next_dagrun for example_external_task_marker_child to None, run_after=None
[2024-11-21T17:38:28.744+0100] {logging_mixin.py:190} INFO - [2024-11-21T17:38:28.744+0100] {dag.py:4180} INFO - Setting next_dagrun for example_external_task_marker_parent to None, run_after=None
[2024-11-21T17:38:28.753+0100] {processor.py:208} INFO - Processing /Users/jobandtalent/opt/anaconda3/envs/e2s-env/lib/python3.9/site-packages/airflow/example_dags/example_external_task_marker_dag.py took 0.959 seconds
[2024-11-21T17:43:12.246+0100] {processor.py:186} INFO - Started process (PID=3417) to work on /Users/jobandtalent/opt/anaconda3/envs/e2s-env/lib/python3.9/site-packages/airflow/example_dags/example_external_task_marker_dag.py
[2024-11-21T17:43:12.248+0100] {processor.py:914} INFO - Processing file /Users/jobandtalent/opt/anaconda3/envs/e2s-env/lib/python3.9/site-packages/airflow/example_dags/example_external_task_marker_dag.py for tasks to queue
[2024-11-21T17:43:12.249+0100] {logging_mixin.py:190} INFO - [2024-11-21T17:43:12.249+0100] {dagbag.py:588} INFO - Filling up the DagBag from /Users/jobandtalent/opt/anaconda3/envs/e2s-env/lib/python3.9/site-packages/airflow/example_dags/example_external_task_marker_dag.py
[2024-11-21T17:43:12.259+0100] {processor.py:925} INFO - DAG(s) 'example_external_task_marker_parent', 'example_external_task_marker_child' retrieved from /Users/jobandtalent/opt/anaconda3/envs/e2s-env/lib/python3.9/site-packages/airflow/example_dags/example_external_task_marker_dag.py
[2024-11-21T17:43:13.169+0100] {logging_mixin.py:190} INFO - [2024-11-21T17:43:13.169+0100] {dag.py:3239} INFO - Sync 2 DAGs
[2024-11-21T17:43:13.176+0100] {logging_mixin.py:190} INFO - [2024-11-21T17:43:13.176+0100] {dag.py:4180} INFO - Setting next_dagrun for example_external_task_marker_child to None, run_after=None
[2024-11-21T17:43:13.178+0100] {logging_mixin.py:190} INFO - [2024-11-21T17:43:13.178+0100] {dag.py:4180} INFO - Setting next_dagrun for example_external_task_marker_parent to None, run_after=None
[2024-11-21T17:43:13.190+0100] {processor.py:208} INFO - Processing /Users/jobandtalent/opt/anaconda3/envs/e2s-env/lib/python3.9/site-packages/airflow/example_dags/example_external_task_marker_dag.py took 0.956 seconds
