[2024-11-21T17:36:12.792+0100] {processor.py:186} INFO - Started process (PID=2384) to work on /Users/jobandtalent/opt/anaconda3/envs/e2s-env/lib/python3.9/site-packages/airflow/example_dags/example_branch_operator.py
[2024-11-21T17:36:12.796+0100] {processor.py:914} INFO - Processing file /Users/jobandtalent/opt/anaconda3/envs/e2s-env/lib/python3.9/site-packages/airflow/example_dags/example_branch_operator.py for tasks to queue
[2024-11-21T17:36:12.797+0100] {logging_mixin.py:190} INFO - [2024-11-21T17:36:12.797+0100] {dagbag.py:588} INFO - Filling up the DagBag from /Users/jobandtalent/opt/anaconda3/envs/e2s-env/lib/python3.9/site-packages/airflow/example_dags/example_branch_operator.py
[2024-11-21T17:36:12.821+0100] {processor.py:927} WARNING - No viable dags retrieved from /Users/jobandtalent/opt/anaconda3/envs/e2s-env/lib/python3.9/site-packages/airflow/example_dags/example_branch_operator.py
[2024-11-21T17:36:12.892+0100] {processor.py:208} INFO - Processing /Users/jobandtalent/opt/anaconda3/envs/e2s-env/lib/python3.9/site-packages/airflow/example_dags/example_branch_operator.py took 0.111 seconds
[2024-11-21T17:40:56.292+0100] {processor.py:186} INFO - Started process (PID=3089) to work on /Users/jobandtalent/opt/anaconda3/envs/e2s-env/lib/python3.9/site-packages/airflow/example_dags/example_branch_operator.py
[2024-11-21T17:40:56.295+0100] {processor.py:914} INFO - Processing file /Users/jobandtalent/opt/anaconda3/envs/e2s-env/lib/python3.9/site-packages/airflow/example_dags/example_branch_operator.py for tasks to queue
[2024-11-21T17:40:56.295+0100] {logging_mixin.py:190} INFO - [2024-11-21T17:40:56.295+0100] {dagbag.py:588} INFO - Filling up the DagBag from /Users/jobandtalent/opt/anaconda3/envs/e2s-env/lib/python3.9/site-packages/airflow/example_dags/example_branch_operator.py
[2024-11-21T17:40:56.313+0100] {processor.py:927} WARNING - No viable dags retrieved from /Users/jobandtalent/opt/anaconda3/envs/e2s-env/lib/python3.9/site-packages/airflow/example_dags/example_branch_operator.py
[2024-11-21T17:40:56.365+0100] {processor.py:208} INFO - Processing /Users/jobandtalent/opt/anaconda3/envs/e2s-env/lib/python3.9/site-packages/airflow/example_dags/example_branch_operator.py took 0.086 seconds
[2024-11-21T17:46:03.764+0100] {processor.py:186} INFO - Started process (PID=4039) to work on /Users/jobandtalent/opt/anaconda3/envs/e2s-env/lib/python3.9/site-packages/airflow/example_dags/example_branch_operator.py
[2024-11-21T17:46:03.767+0100] {processor.py:914} INFO - Processing file /Users/jobandtalent/opt/anaconda3/envs/e2s-env/lib/python3.9/site-packages/airflow/example_dags/example_branch_operator.py for tasks to queue
[2024-11-21T17:46:03.768+0100] {logging_mixin.py:190} INFO - [2024-11-21T17:46:03.768+0100] {dagbag.py:588} INFO - Filling up the DagBag from /Users/jobandtalent/opt/anaconda3/envs/e2s-env/lib/python3.9/site-packages/airflow/example_dags/example_branch_operator.py
[2024-11-21T17:46:03.798+0100] {processor.py:927} WARNING - No viable dags retrieved from /Users/jobandtalent/opt/anaconda3/envs/e2s-env/lib/python3.9/site-packages/airflow/example_dags/example_branch_operator.py
[2024-11-21T17:46:03.902+0100] {processor.py:208} INFO - Processing /Users/jobandtalent/opt/anaconda3/envs/e2s-env/lib/python3.9/site-packages/airflow/example_dags/example_branch_operator.py took 0.147 seconds
[2024-11-21T17:51:16.844+0100] {processor.py:186} INFO - Started process (PID=5037) to work on /Users/jobandtalent/opt/anaconda3/envs/e2s-env/lib/python3.9/site-packages/airflow/example_dags/example_branch_operator.py
[2024-11-21T17:51:16.847+0100] {processor.py:914} INFO - Processing file /Users/jobandtalent/opt/anaconda3/envs/e2s-env/lib/python3.9/site-packages/airflow/example_dags/example_branch_operator.py for tasks to queue
[2024-11-21T17:51:16.848+0100] {logging_mixin.py:190} INFO - [2024-11-21T17:51:16.848+0100] {dagbag.py:588} INFO - Filling up the DagBag from /Users/jobandtalent/opt/anaconda3/envs/e2s-env/lib/python3.9/site-packages/airflow/example_dags/example_branch_operator.py
[2024-11-21T17:51:16.866+0100] {processor.py:927} WARNING - No viable dags retrieved from /Users/jobandtalent/opt/anaconda3/envs/e2s-env/lib/python3.9/site-packages/airflow/example_dags/example_branch_operator.py
[2024-11-21T17:51:16.920+0100] {processor.py:208} INFO - Processing /Users/jobandtalent/opt/anaconda3/envs/e2s-env/lib/python3.9/site-packages/airflow/example_dags/example_branch_operator.py took 0.087 seconds
[2024-11-21T17:55:58.640+0100] {processor.py:186} INFO - Started process (PID=5761) to work on /Users/jobandtalent/opt/anaconda3/envs/e2s-env/lib/python3.9/site-packages/airflow/example_dags/example_branch_operator.py
[2024-11-21T17:55:58.641+0100] {processor.py:914} INFO - Processing file /Users/jobandtalent/opt/anaconda3/envs/e2s-env/lib/python3.9/site-packages/airflow/example_dags/example_branch_operator.py for tasks to queue
[2024-11-21T17:55:58.642+0100] {logging_mixin.py:190} INFO - [2024-11-21T17:55:58.642+0100] {dagbag.py:588} INFO - Filling up the DagBag from /Users/jobandtalent/opt/anaconda3/envs/e2s-env/lib/python3.9/site-packages/airflow/example_dags/example_branch_operator.py
[2024-11-21T17:55:58.668+0100] {processor.py:927} WARNING - No viable dags retrieved from /Users/jobandtalent/opt/anaconda3/envs/e2s-env/lib/python3.9/site-packages/airflow/example_dags/example_branch_operator.py
[2024-11-21T17:55:58.726+0100] {processor.py:208} INFO - Processing /Users/jobandtalent/opt/anaconda3/envs/e2s-env/lib/python3.9/site-packages/airflow/example_dags/example_branch_operator.py took 0.100 seconds
[2024-11-21T18:00:47.868+0100] {processor.py:186} INFO - Started process (PID=6637) to work on /Users/jobandtalent/opt/anaconda3/envs/e2s-env/lib/python3.9/site-packages/airflow/example_dags/example_branch_operator.py
[2024-11-21T18:00:47.870+0100] {processor.py:914} INFO - Processing file /Users/jobandtalent/opt/anaconda3/envs/e2s-env/lib/python3.9/site-packages/airflow/example_dags/example_branch_operator.py for tasks to queue
[2024-11-21T18:00:47.871+0100] {logging_mixin.py:190} INFO - [2024-11-21T18:00:47.871+0100] {dagbag.py:588} INFO - Filling up the DagBag from /Users/jobandtalent/opt/anaconda3/envs/e2s-env/lib/python3.9/site-packages/airflow/example_dags/example_branch_operator.py
[2024-11-21T18:00:47.888+0100] {processor.py:927} WARNING - No viable dags retrieved from /Users/jobandtalent/opt/anaconda3/envs/e2s-env/lib/python3.9/site-packages/airflow/example_dags/example_branch_operator.py
[2024-11-21T18:00:47.940+0100] {processor.py:208} INFO - Processing /Users/jobandtalent/opt/anaconda3/envs/e2s-env/lib/python3.9/site-packages/airflow/example_dags/example_branch_operator.py took 0.084 seconds
