[2024-11-21T17:34:20.398+0100] {processor.py:186} INFO - Started process (PID=2107) to work on /Users/jobandtalent/opt/anaconda3/envs/e2s-env/lib/python3.9/site-packages/airflow/example_dags/example_time_delta_sensor_async.py
[2024-11-21T17:34:20.400+0100] {processor.py:914} INFO - Processing file /Users/jobandtalent/opt/anaconda3/envs/e2s-env/lib/python3.9/site-packages/airflow/example_dags/example_time_delta_sensor_async.py for tasks to queue
[2024-11-21T17:34:20.401+0100] {logging_mixin.py:190} INFO - [2024-11-21T17:34:20.401+0100] {dagbag.py:588} INFO - Filling up the DagBag from /Users/jobandtalent/opt/anaconda3/envs/e2s-env/lib/python3.9/site-packages/airflow/example_dags/example_time_delta_sensor_async.py
[2024-11-21T17:34:20.410+0100] {processor.py:925} INFO - DAG(s) 'example_time_delta_sensor_async' retrieved from /Users/jobandtalent/opt/anaconda3/envs/e2s-env/lib/python3.9/site-packages/airflow/example_dags/example_time_delta_sensor_async.py
[2024-11-21T17:34:21.268+0100] {logging_mixin.py:190} INFO - [2024-11-21T17:34:21.268+0100] {override.py:1911} INFO - Created Permission View: can delete on DAG:example_time_delta_sensor_async
[2024-11-21T17:34:21.273+0100] {logging_mixin.py:190} INFO - [2024-11-21T17:34:21.273+0100] {override.py:1911} INFO - Created Permission View: can edit on DAG:example_time_delta_sensor_async
[2024-11-21T17:34:21.277+0100] {logging_mixin.py:190} INFO - [2024-11-21T17:34:21.276+0100] {override.py:1911} INFO - Created Permission View: can read on DAG:example_time_delta_sensor_async
[2024-11-21T17:34:21.282+0100] {logging_mixin.py:190} INFO - [2024-11-21T17:34:21.282+0100] {override.py:1911} INFO - Created Permission View: menu access on DAG Run:example_time_delta_sensor_async
[2024-11-21T17:34:21.286+0100] {logging_mixin.py:190} INFO - [2024-11-21T17:34:21.286+0100] {override.py:1911} INFO - Created Permission View: can delete on DAG Run:example_time_delta_sensor_async
[2024-11-21T17:34:21.289+0100] {logging_mixin.py:190} INFO - [2024-11-21T17:34:21.289+0100] {override.py:1911} INFO - Created Permission View: can create on DAG Run:example_time_delta_sensor_async
[2024-11-21T17:34:21.292+0100] {logging_mixin.py:190} INFO - [2024-11-21T17:34:21.292+0100] {override.py:1911} INFO - Created Permission View: can read on DAG Run:example_time_delta_sensor_async
[2024-11-21T17:34:21.293+0100] {logging_mixin.py:190} INFO - [2024-11-21T17:34:21.293+0100] {dag.py:3239} INFO - Sync 1 DAGs
[2024-11-21T17:34:21.300+0100] {logging_mixin.py:190} INFO - [2024-11-21T17:34:21.300+0100] {dag.py:3262} INFO - Creating ORM DAG for example_time_delta_sensor_async
[2024-11-21T17:34:21.301+0100] {logging_mixin.py:190} INFO - [2024-11-21T17:34:21.300+0100] {dag.py:4180} INFO - Setting next_dagrun for example_time_delta_sensor_async to None, run_after=None
[2024-11-21T17:34:21.310+0100] {processor.py:208} INFO - Processing /Users/jobandtalent/opt/anaconda3/envs/e2s-env/lib/python3.9/site-packages/airflow/example_dags/example_time_delta_sensor_async.py took 0.915 seconds
[2024-11-21T17:37:15.497+0100] {processor.py:186} INFO - Started process (PID=2534) to work on /Users/jobandtalent/opt/anaconda3/envs/e2s-env/lib/python3.9/site-packages/airflow/example_dags/example_time_delta_sensor_async.py
[2024-11-21T17:37:15.501+0100] {processor.py:914} INFO - Processing file /Users/jobandtalent/opt/anaconda3/envs/e2s-env/lib/python3.9/site-packages/airflow/example_dags/example_time_delta_sensor_async.py for tasks to queue
[2024-11-21T17:37:15.501+0100] {logging_mixin.py:190} INFO - [2024-11-21T17:37:15.501+0100] {dagbag.py:588} INFO - Filling up the DagBag from /Users/jobandtalent/opt/anaconda3/envs/e2s-env/lib/python3.9/site-packages/airflow/example_dags/example_time_delta_sensor_async.py
[2024-11-21T17:37:15.512+0100] {processor.py:925} INFO - DAG(s) 'example_time_delta_sensor_async' retrieved from /Users/jobandtalent/opt/anaconda3/envs/e2s-env/lib/python3.9/site-packages/airflow/example_dags/example_time_delta_sensor_async.py
[2024-11-21T17:37:16.374+0100] {logging_mixin.py:190} INFO - [2024-11-21T17:37:16.373+0100] {dag.py:3239} INFO - Sync 1 DAGs
[2024-11-21T17:37:16.380+0100] {logging_mixin.py:190} INFO - [2024-11-21T17:37:16.380+0100] {dag.py:4180} INFO - Setting next_dagrun for example_time_delta_sensor_async to None, run_after=None
[2024-11-21T17:37:16.394+0100] {processor.py:208} INFO - Processing /Users/jobandtalent/opt/anaconda3/envs/e2s-env/lib/python3.9/site-packages/airflow/example_dags/example_time_delta_sensor_async.py took 0.904 seconds
[2024-11-21T17:39:38.021+0100] {processor.py:186} INFO - Started process (PID=2892) to work on /Users/jobandtalent/opt/anaconda3/envs/e2s-env/lib/python3.9/site-packages/airflow/example_dags/example_time_delta_sensor_async.py
[2024-11-21T17:39:38.023+0100] {processor.py:914} INFO - Processing file /Users/jobandtalent/opt/anaconda3/envs/e2s-env/lib/python3.9/site-packages/airflow/example_dags/example_time_delta_sensor_async.py for tasks to queue
[2024-11-21T17:39:38.024+0100] {logging_mixin.py:190} INFO - [2024-11-21T17:39:38.024+0100] {dagbag.py:588} INFO - Filling up the DagBag from /Users/jobandtalent/opt/anaconda3/envs/e2s-env/lib/python3.9/site-packages/airflow/example_dags/example_time_delta_sensor_async.py
[2024-11-21T17:39:38.033+0100] {processor.py:925} INFO - DAG(s) 'example_time_delta_sensor_async' retrieved from /Users/jobandtalent/opt/anaconda3/envs/e2s-env/lib/python3.9/site-packages/airflow/example_dags/example_time_delta_sensor_async.py
[2024-11-21T17:39:39.031+0100] {logging_mixin.py:190} INFO - [2024-11-21T17:39:39.031+0100] {dag.py:3239} INFO - Sync 1 DAGs
[2024-11-21T17:39:39.038+0100] {logging_mixin.py:190} INFO - [2024-11-21T17:39:39.038+0100] {dag.py:4180} INFO - Setting next_dagrun for example_time_delta_sensor_async to None, run_after=None
[2024-11-21T17:39:39.051+0100] {processor.py:208} INFO - Processing /Users/jobandtalent/opt/anaconda3/envs/e2s-env/lib/python3.9/site-packages/airflow/example_dags/example_time_delta_sensor_async.py took 1.037 seconds
[2024-11-21T17:41:59.524+0100] {processor.py:186} INFO - Started process (PID=3241) to work on /Users/jobandtalent/opt/anaconda3/envs/e2s-env/lib/python3.9/site-packages/airflow/example_dags/example_time_delta_sensor_async.py
[2024-11-21T17:41:59.526+0100] {processor.py:914} INFO - Processing file /Users/jobandtalent/opt/anaconda3/envs/e2s-env/lib/python3.9/site-packages/airflow/example_dags/example_time_delta_sensor_async.py for tasks to queue
[2024-11-21T17:41:59.527+0100] {logging_mixin.py:190} INFO - [2024-11-21T17:41:59.527+0100] {dagbag.py:588} INFO - Filling up the DagBag from /Users/jobandtalent/opt/anaconda3/envs/e2s-env/lib/python3.9/site-packages/airflow/example_dags/example_time_delta_sensor_async.py
[2024-11-21T17:41:59.536+0100] {processor.py:925} INFO - DAG(s) 'example_time_delta_sensor_async' retrieved from /Users/jobandtalent/opt/anaconda3/envs/e2s-env/lib/python3.9/site-packages/airflow/example_dags/example_time_delta_sensor_async.py
[2024-11-21T17:42:00.421+0100] {logging_mixin.py:190} INFO - [2024-11-21T17:42:00.421+0100] {dag.py:3239} INFO - Sync 1 DAGs
[2024-11-21T17:42:00.430+0100] {logging_mixin.py:190} INFO - [2024-11-21T17:42:00.430+0100] {dag.py:4180} INFO - Setting next_dagrun for example_time_delta_sensor_async to None, run_after=None
[2024-11-21T17:42:00.444+0100] {processor.py:208} INFO - Processing /Users/jobandtalent/opt/anaconda3/envs/e2s-env/lib/python3.9/site-packages/airflow/example_dags/example_time_delta_sensor_async.py took 0.929 seconds
[2024-11-21T17:44:29.109+0100] {processor.py:186} INFO - Started process (PID=3596) to work on /Users/jobandtalent/opt/anaconda3/envs/e2s-env/lib/python3.9/site-packages/airflow/example_dags/example_time_delta_sensor_async.py
[2024-11-21T17:44:29.113+0100] {processor.py:914} INFO - Processing file /Users/jobandtalent/opt/anaconda3/envs/e2s-env/lib/python3.9/site-packages/airflow/example_dags/example_time_delta_sensor_async.py for tasks to queue
[2024-11-21T17:44:29.114+0100] {logging_mixin.py:190} INFO - [2024-11-21T17:44:29.114+0100] {dagbag.py:588} INFO - Filling up the DagBag from /Users/jobandtalent/opt/anaconda3/envs/e2s-env/lib/python3.9/site-packages/airflow/example_dags/example_time_delta_sensor_async.py
[2024-11-21T17:44:29.126+0100] {processor.py:925} INFO - DAG(s) 'example_time_delta_sensor_async' retrieved from /Users/jobandtalent/opt/anaconda3/envs/e2s-env/lib/python3.9/site-packages/airflow/example_dags/example_time_delta_sensor_async.py
[2024-11-21T17:44:30.086+0100] {logging_mixin.py:190} INFO - [2024-11-21T17:44:30.085+0100] {dag.py:3239} INFO - Sync 1 DAGs
[2024-11-21T17:44:30.093+0100] {logging_mixin.py:190} INFO - [2024-11-21T17:44:30.093+0100] {dag.py:4180} INFO - Setting next_dagrun for example_time_delta_sensor_async to None, run_after=None
[2024-11-21T17:44:30.106+0100] {processor.py:208} INFO - Processing /Users/jobandtalent/opt/anaconda3/envs/e2s-env/lib/python3.9/site-packages/airflow/example_dags/example_time_delta_sensor_async.py took 1.007 seconds
[2024-11-21T17:47:15.789+0100] {processor.py:186} INFO - Started process (PID=4441) to work on /Users/jobandtalent/opt/anaconda3/envs/e2s-env/lib/python3.9/site-packages/airflow/example_dags/example_time_delta_sensor_async.py
[2024-11-21T17:47:15.791+0100] {processor.py:914} INFO - Processing file /Users/jobandtalent/opt/anaconda3/envs/e2s-env/lib/python3.9/site-packages/airflow/example_dags/example_time_delta_sensor_async.py for tasks to queue
[2024-11-21T17:47:15.792+0100] {logging_mixin.py:190} INFO - [2024-11-21T17:47:15.791+0100] {dagbag.py:588} INFO - Filling up the DagBag from /Users/jobandtalent/opt/anaconda3/envs/e2s-env/lib/python3.9/site-packages/airflow/example_dags/example_time_delta_sensor_async.py
[2024-11-21T17:47:15.798+0100] {processor.py:925} INFO - DAG(s) 'example_time_delta_sensor_async' retrieved from /Users/jobandtalent/opt/anaconda3/envs/e2s-env/lib/python3.9/site-packages/airflow/example_dags/example_time_delta_sensor_async.py
[2024-11-21T17:47:16.725+0100] {logging_mixin.py:190} INFO - [2024-11-21T17:47:16.724+0100] {dag.py:3239} INFO - Sync 1 DAGs
[2024-11-21T17:47:16.731+0100] {logging_mixin.py:190} INFO - [2024-11-21T17:47:16.731+0100] {dag.py:4180} INFO - Setting next_dagrun for example_time_delta_sensor_async to None, run_after=None
[2024-11-21T17:47:16.744+0100] {processor.py:208} INFO - Processing /Users/jobandtalent/opt/anaconda3/envs/e2s-env/lib/python3.9/site-packages/airflow/example_dags/example_time_delta_sensor_async.py took 0.965 seconds
[2024-11-21T17:49:52.148+0100] {processor.py:186} INFO - Started process (PID=4838) to work on /Users/jobandtalent/opt/anaconda3/envs/e2s-env/lib/python3.9/site-packages/airflow/example_dags/example_time_delta_sensor_async.py
[2024-11-21T17:49:52.150+0100] {processor.py:914} INFO - Processing file /Users/jobandtalent/opt/anaconda3/envs/e2s-env/lib/python3.9/site-packages/airflow/example_dags/example_time_delta_sensor_async.py for tasks to queue
[2024-11-21T17:49:52.151+0100] {logging_mixin.py:190} INFO - [2024-11-21T17:49:52.151+0100] {dagbag.py:588} INFO - Filling up the DagBag from /Users/jobandtalent/opt/anaconda3/envs/e2s-env/lib/python3.9/site-packages/airflow/example_dags/example_time_delta_sensor_async.py
[2024-11-21T17:49:52.161+0100] {processor.py:925} INFO - DAG(s) 'example_time_delta_sensor_async' retrieved from /Users/jobandtalent/opt/anaconda3/envs/e2s-env/lib/python3.9/site-packages/airflow/example_dags/example_time_delta_sensor_async.py
[2024-11-21T17:49:53.150+0100] {logging_mixin.py:190} INFO - [2024-11-21T17:49:53.150+0100] {dag.py:3239} INFO - Sync 1 DAGs
[2024-11-21T17:49:53.157+0100] {logging_mixin.py:190} INFO - [2024-11-21T17:49:53.157+0100] {dag.py:4180} INFO - Setting next_dagrun for example_time_delta_sensor_async to None, run_after=None
[2024-11-21T17:49:53.172+0100] {processor.py:208} INFO - Processing /Users/jobandtalent/opt/anaconda3/envs/e2s-env/lib/python3.9/site-packages/airflow/example_dags/example_time_delta_sensor_async.py took 1.034 seconds
[2024-11-21T17:52:21.021+0100] {processor.py:186} INFO - Started process (PID=5203) to work on /Users/jobandtalent/opt/anaconda3/envs/e2s-env/lib/python3.9/site-packages/airflow/example_dags/example_time_delta_sensor_async.py
[2024-11-21T17:52:21.024+0100] {processor.py:914} INFO - Processing file /Users/jobandtalent/opt/anaconda3/envs/e2s-env/lib/python3.9/site-packages/airflow/example_dags/example_time_delta_sensor_async.py for tasks to queue
[2024-11-21T17:52:21.024+0100] {logging_mixin.py:190} INFO - [2024-11-21T17:52:21.024+0100] {dagbag.py:588} INFO - Filling up the DagBag from /Users/jobandtalent/opt/anaconda3/envs/e2s-env/lib/python3.9/site-packages/airflow/example_dags/example_time_delta_sensor_async.py
[2024-11-21T17:52:21.031+0100] {processor.py:925} INFO - DAG(s) 'example_time_delta_sensor_async' retrieved from /Users/jobandtalent/opt/anaconda3/envs/e2s-env/lib/python3.9/site-packages/airflow/example_dags/example_time_delta_sensor_async.py
[2024-11-21T17:52:21.817+0100] {logging_mixin.py:190} INFO - [2024-11-21T17:52:21.817+0100] {dag.py:3239} INFO - Sync 1 DAGs
[2024-11-21T17:52:21.825+0100] {logging_mixin.py:190} INFO - [2024-11-21T17:52:21.825+0100] {dag.py:4180} INFO - Setting next_dagrun for example_time_delta_sensor_async to None, run_after=None
[2024-11-21T17:52:21.839+0100] {processor.py:208} INFO - Processing /Users/jobandtalent/opt/anaconda3/envs/e2s-env/lib/python3.9/site-packages/airflow/example_dags/example_time_delta_sensor_async.py took 0.825 seconds
[2024-11-21T17:54:44.885+0100] {processor.py:186} INFO - Started process (PID=5539) to work on /Users/jobandtalent/opt/anaconda3/envs/e2s-env/lib/python3.9/site-packages/airflow/example_dags/example_time_delta_sensor_async.py
[2024-11-21T17:54:44.893+0100] {processor.py:914} INFO - Processing file /Users/jobandtalent/opt/anaconda3/envs/e2s-env/lib/python3.9/site-packages/airflow/example_dags/example_time_delta_sensor_async.py for tasks to queue
[2024-11-21T17:54:44.894+0100] {logging_mixin.py:190} INFO - [2024-11-21T17:54:44.894+0100] {dagbag.py:588} INFO - Filling up the DagBag from /Users/jobandtalent/opt/anaconda3/envs/e2s-env/lib/python3.9/site-packages/airflow/example_dags/example_time_delta_sensor_async.py
[2024-11-21T17:54:44.903+0100] {processor.py:925} INFO - DAG(s) 'example_time_delta_sensor_async' retrieved from /Users/jobandtalent/opt/anaconda3/envs/e2s-env/lib/python3.9/site-packages/airflow/example_dags/example_time_delta_sensor_async.py
[2024-11-21T17:54:45.678+0100] {logging_mixin.py:190} INFO - [2024-11-21T17:54:45.678+0100] {dag.py:3239} INFO - Sync 1 DAGs
[2024-11-21T17:54:45.684+0100] {logging_mixin.py:190} INFO - [2024-11-21T17:54:45.684+0100] {dag.py:4180} INFO - Setting next_dagrun for example_time_delta_sensor_async to None, run_after=None
[2024-11-21T17:54:45.696+0100] {processor.py:208} INFO - Processing /Users/jobandtalent/opt/anaconda3/envs/e2s-env/lib/python3.9/site-packages/airflow/example_dags/example_time_delta_sensor_async.py took 0.818 seconds
[2024-11-21T17:57:04.802+0100] {processor.py:186} INFO - Started process (PID=5950) to work on /Users/jobandtalent/opt/anaconda3/envs/e2s-env/lib/python3.9/site-packages/airflow/example_dags/example_time_delta_sensor_async.py
[2024-11-21T17:57:04.804+0100] {processor.py:914} INFO - Processing file /Users/jobandtalent/opt/anaconda3/envs/e2s-env/lib/python3.9/site-packages/airflow/example_dags/example_time_delta_sensor_async.py for tasks to queue
[2024-11-21T17:57:04.805+0100] {logging_mixin.py:190} INFO - [2024-11-21T17:57:04.804+0100] {dagbag.py:588} INFO - Filling up the DagBag from /Users/jobandtalent/opt/anaconda3/envs/e2s-env/lib/python3.9/site-packages/airflow/example_dags/example_time_delta_sensor_async.py
[2024-11-21T17:57:04.816+0100] {processor.py:925} INFO - DAG(s) 'example_time_delta_sensor_async' retrieved from /Users/jobandtalent/opt/anaconda3/envs/e2s-env/lib/python3.9/site-packages/airflow/example_dags/example_time_delta_sensor_async.py
[2024-11-21T17:57:05.714+0100] {logging_mixin.py:190} INFO - [2024-11-21T17:57:05.714+0100] {dag.py:3239} INFO - Sync 1 DAGs
[2024-11-21T17:57:05.720+0100] {logging_mixin.py:190} INFO - [2024-11-21T17:57:05.720+0100] {dag.py:4180} INFO - Setting next_dagrun for example_time_delta_sensor_async to None, run_after=None
[2024-11-21T17:57:05.732+0100] {processor.py:208} INFO - Processing /Users/jobandtalent/opt/anaconda3/envs/e2s-env/lib/python3.9/site-packages/airflow/example_dags/example_time_delta_sensor_async.py took 0.941 seconds
