[2024-11-21T17:36:22.035+0100] {processor.py:186} INFO - Started process (PID=2406) to work on /Users/jobandtalent/opt/anaconda3/envs/e2s-env/lib/python3.9/site-packages/airflow/example_dags/example_branch_datetime_operator.py
[2024-11-21T17:36:22.036+0100] {processor.py:914} INFO - Processing file /Users/jobandtalent/opt/anaconda3/envs/e2s-env/lib/python3.9/site-packages/airflow/example_dags/example_branch_datetime_operator.py for tasks to queue
[2024-11-21T17:36:22.037+0100] {logging_mixin.py:190} INFO - [2024-11-21T17:36:22.037+0100] {dagbag.py:588} INFO - Filling up the DagBag from /Users/jobandtalent/opt/anaconda3/envs/e2s-env/lib/python3.9/site-packages/airflow/example_dags/example_branch_datetime_operator.py
[2024-11-21T17:36:22.049+0100] {processor.py:925} INFO - DAG(s) 'example_branch_datetime_operator_2', 'example_branch_datetime_operator', 'example_branch_datetime_operator_3' retrieved from /Users/jobandtalent/opt/anaconda3/envs/e2s-env/lib/python3.9/site-packages/airflow/example_dags/example_branch_datetime_operator.py
[2024-11-21T17:36:22.184+0100] {logging_mixin.py:190} INFO - [2024-11-21T17:36:22.184+0100] {override.py:1911} INFO - Created Permission View: can edit on DAG:example_branch_datetime_operator_2
[2024-11-21T17:36:22.190+0100] {logging_mixin.py:190} INFO - [2024-11-21T17:36:22.190+0100] {override.py:1911} INFO - Created Permission View: can read on DAG:example_branch_datetime_operator_2
[2024-11-21T17:36:22.194+0100] {logging_mixin.py:190} INFO - [2024-11-21T17:36:22.194+0100] {override.py:1911} INFO - Created Permission View: can delete on DAG:example_branch_datetime_operator_2
[2024-11-21T17:36:22.203+0100] {logging_mixin.py:190} INFO - [2024-11-21T17:36:22.203+0100] {override.py:1911} INFO - Created Permission View: can read on DAG Run:example_branch_datetime_operator_2
[2024-11-21T17:36:22.206+0100] {logging_mixin.py:190} INFO - [2024-11-21T17:36:22.206+0100] {override.py:1911} INFO - Created Permission View: menu access on DAG Run:example_branch_datetime_operator_2
[2024-11-21T17:36:22.210+0100] {logging_mixin.py:190} INFO - [2024-11-21T17:36:22.209+0100] {override.py:1911} INFO - Created Permission View: can delete on DAG Run:example_branch_datetime_operator_2
[2024-11-21T17:36:22.213+0100] {logging_mixin.py:190} INFO - [2024-11-21T17:36:22.212+0100] {override.py:1911} INFO - Created Permission View: can create on DAG Run:example_branch_datetime_operator_2
[2024-11-21T17:36:22.221+0100] {logging_mixin.py:190} INFO - [2024-11-21T17:36:22.220+0100] {override.py:1911} INFO - Created Permission View: can edit on DAG:example_branch_datetime_operator
[2024-11-21T17:36:22.224+0100] {logging_mixin.py:190} INFO - [2024-11-21T17:36:22.224+0100] {override.py:1911} INFO - Created Permission View: can read on DAG:example_branch_datetime_operator
[2024-11-21T17:36:22.228+0100] {logging_mixin.py:190} INFO - [2024-11-21T17:36:22.228+0100] {override.py:1911} INFO - Created Permission View: can delete on DAG:example_branch_datetime_operator
[2024-11-21T17:36:22.232+0100] {logging_mixin.py:190} INFO - [2024-11-21T17:36:22.232+0100] {override.py:1911} INFO - Created Permission View: can read on DAG Run:example_branch_datetime_operator
[2024-11-21T17:36:22.236+0100] {logging_mixin.py:190} INFO - [2024-11-21T17:36:22.236+0100] {override.py:1911} INFO - Created Permission View: menu access on DAG Run:example_branch_datetime_operator
[2024-11-21T17:36:22.240+0100] {logging_mixin.py:190} INFO - [2024-11-21T17:36:22.240+0100] {override.py:1911} INFO - Created Permission View: can delete on DAG Run:example_branch_datetime_operator
[2024-11-21T17:36:22.243+0100] {logging_mixin.py:190} INFO - [2024-11-21T17:36:22.243+0100] {override.py:1911} INFO - Created Permission View: can create on DAG Run:example_branch_datetime_operator
[2024-11-21T17:36:22.250+0100] {logging_mixin.py:190} INFO - [2024-11-21T17:36:22.250+0100] {override.py:1911} INFO - Created Permission View: can edit on DAG:example_branch_datetime_operator_3
[2024-11-21T17:36:22.255+0100] {logging_mixin.py:190} INFO - [2024-11-21T17:36:22.255+0100] {override.py:1911} INFO - Created Permission View: can read on DAG:example_branch_datetime_operator_3
[2024-11-21T17:36:22.258+0100] {logging_mixin.py:190} INFO - [2024-11-21T17:36:22.258+0100] {override.py:1911} INFO - Created Permission View: can delete on DAG:example_branch_datetime_operator_3
[2024-11-21T17:36:22.262+0100] {logging_mixin.py:190} INFO - [2024-11-21T17:36:22.262+0100] {override.py:1911} INFO - Created Permission View: can read on DAG Run:example_branch_datetime_operator_3
[2024-11-21T17:36:22.265+0100] {logging_mixin.py:190} INFO - [2024-11-21T17:36:22.265+0100] {override.py:1911} INFO - Created Permission View: menu access on DAG Run:example_branch_datetime_operator_3
[2024-11-21T17:36:22.269+0100] {logging_mixin.py:190} INFO - [2024-11-21T17:36:22.269+0100] {override.py:1911} INFO - Created Permission View: can delete on DAG Run:example_branch_datetime_operator_3
[2024-11-21T17:36:22.273+0100] {logging_mixin.py:190} INFO - [2024-11-21T17:36:22.272+0100] {override.py:1911} INFO - Created Permission View: can create on DAG Run:example_branch_datetime_operator_3
[2024-11-21T17:36:22.273+0100] {logging_mixin.py:190} INFO - [2024-11-21T17:36:22.273+0100] {dag.py:3239} INFO - Sync 3 DAGs
[2024-11-21T17:36:22.280+0100] {logging_mixin.py:190} INFO - [2024-11-21T17:36:22.279+0100] {dag.py:3262} INFO - Creating ORM DAG for example_branch_datetime_operator_2
[2024-11-21T17:36:22.280+0100] {logging_mixin.py:190} INFO - [2024-11-21T17:36:22.280+0100] {dag.py:3262} INFO - Creating ORM DAG for example_branch_datetime_operator_3
[2024-11-21T17:36:22.280+0100] {logging_mixin.py:190} INFO - [2024-11-21T17:36:22.280+0100] {dag.py:3262} INFO - Creating ORM DAG for example_branch_datetime_operator
[2024-11-21T17:36:22.286+0100] {logging_mixin.py:190} INFO - [2024-11-21T17:36:22.286+0100] {dag.py:4180} INFO - Setting next_dagrun for example_branch_datetime_operator to 2024-11-20 00:00:00+00:00, run_after=2024-11-21 00:00:00+00:00
[2024-11-21T17:36:22.287+0100] {logging_mixin.py:190} INFO - [2024-11-21T17:36:22.287+0100] {dag.py:4180} INFO - Setting next_dagrun for example_branch_datetime_operator_2 to 2024-11-20 00:00:00+00:00, run_after=2024-11-21 00:00:00+00:00
[2024-11-21T17:36:22.288+0100] {logging_mixin.py:190} INFO - [2024-11-21T17:36:22.288+0100] {dag.py:4180} INFO - Setting next_dagrun for example_branch_datetime_operator_3 to 2024-11-20 00:00:00+00:00, run_after=2024-11-21 00:00:00+00:00
[2024-11-21T17:36:22.311+0100] {processor.py:208} INFO - Processing /Users/jobandtalent/opt/anaconda3/envs/e2s-env/lib/python3.9/site-packages/airflow/example_dags/example_branch_datetime_operator.py took 0.286 seconds
[2024-11-21T17:41:04.317+0100] {processor.py:186} INFO - Started process (PID=3110) to work on /Users/jobandtalent/opt/anaconda3/envs/e2s-env/lib/python3.9/site-packages/airflow/example_dags/example_branch_datetime_operator.py
[2024-11-21T17:41:04.319+0100] {processor.py:914} INFO - Processing file /Users/jobandtalent/opt/anaconda3/envs/e2s-env/lib/python3.9/site-packages/airflow/example_dags/example_branch_datetime_operator.py for tasks to queue
[2024-11-21T17:41:04.320+0100] {logging_mixin.py:190} INFO - [2024-11-21T17:41:04.320+0100] {dagbag.py:588} INFO - Filling up the DagBag from /Users/jobandtalent/opt/anaconda3/envs/e2s-env/lib/python3.9/site-packages/airflow/example_dags/example_branch_datetime_operator.py
[2024-11-21T17:41:04.330+0100] {processor.py:925} INFO - DAG(s) 'example_branch_datetime_operator_3', 'example_branch_datetime_operator', 'example_branch_datetime_operator_2' retrieved from /Users/jobandtalent/opt/anaconda3/envs/e2s-env/lib/python3.9/site-packages/airflow/example_dags/example_branch_datetime_operator.py
[2024-11-21T17:41:04.391+0100] {logging_mixin.py:190} INFO - [2024-11-21T17:41:04.390+0100] {dag.py:3239} INFO - Sync 3 DAGs
[2024-11-21T17:41:04.401+0100] {logging_mixin.py:190} INFO - [2024-11-21T17:41:04.401+0100] {dag.py:4180} INFO - Setting next_dagrun for example_branch_datetime_operator to 2024-11-20 00:00:00+00:00, run_after=2024-11-21 00:00:00+00:00
[2024-11-21T17:41:04.404+0100] {logging_mixin.py:190} INFO - [2024-11-21T17:41:04.404+0100] {dag.py:4180} INFO - Setting next_dagrun for example_branch_datetime_operator_2 to 2024-11-20 00:00:00+00:00, run_after=2024-11-21 00:00:00+00:00
[2024-11-21T17:41:04.405+0100] {logging_mixin.py:190} INFO - [2024-11-21T17:41:04.405+0100] {dag.py:4180} INFO - Setting next_dagrun for example_branch_datetime_operator_3 to 2024-11-20 00:00:00+00:00, run_after=2024-11-21 00:00:00+00:00
[2024-11-21T17:41:04.416+0100] {processor.py:208} INFO - Processing /Users/jobandtalent/opt/anaconda3/envs/e2s-env/lib/python3.9/site-packages/airflow/example_dags/example_branch_datetime_operator.py took 0.110 seconds
[2024-11-21T17:46:18.025+0100] {processor.py:186} INFO - Started process (PID=4102) to work on /Users/jobandtalent/opt/anaconda3/envs/e2s-env/lib/python3.9/site-packages/airflow/example_dags/example_branch_datetime_operator.py
[2024-11-21T17:46:18.027+0100] {processor.py:914} INFO - Processing file /Users/jobandtalent/opt/anaconda3/envs/e2s-env/lib/python3.9/site-packages/airflow/example_dags/example_branch_datetime_operator.py for tasks to queue
[2024-11-21T17:46:18.028+0100] {logging_mixin.py:190} INFO - [2024-11-21T17:46:18.028+0100] {dagbag.py:588} INFO - Filling up the DagBag from /Users/jobandtalent/opt/anaconda3/envs/e2s-env/lib/python3.9/site-packages/airflow/example_dags/example_branch_datetime_operator.py
[2024-11-21T17:46:18.039+0100] {processor.py:925} INFO - DAG(s) 'example_branch_datetime_operator_2', 'example_branch_datetime_operator', 'example_branch_datetime_operator_3' retrieved from /Users/jobandtalent/opt/anaconda3/envs/e2s-env/lib/python3.9/site-packages/airflow/example_dags/example_branch_datetime_operator.py
[2024-11-21T17:46:18.108+0100] {logging_mixin.py:190} INFO - [2024-11-21T17:46:18.108+0100] {dag.py:3239} INFO - Sync 3 DAGs
[2024-11-21T17:46:18.120+0100] {logging_mixin.py:190} INFO - [2024-11-21T17:46:18.120+0100] {dag.py:4180} INFO - Setting next_dagrun for example_branch_datetime_operator to 2024-11-20 00:00:00+00:00, run_after=2024-11-21 00:00:00+00:00
[2024-11-21T17:46:18.122+0100] {logging_mixin.py:190} INFO - [2024-11-21T17:46:18.122+0100] {dag.py:4180} INFO - Setting next_dagrun for example_branch_datetime_operator_2 to 2024-11-20 00:00:00+00:00, run_after=2024-11-21 00:00:00+00:00
[2024-11-21T17:46:18.124+0100] {logging_mixin.py:190} INFO - [2024-11-21T17:46:18.124+0100] {dag.py:4180} INFO - Setting next_dagrun for example_branch_datetime_operator_3 to 2024-11-20 00:00:00+00:00, run_after=2024-11-21 00:00:00+00:00
[2024-11-21T17:46:18.133+0100] {processor.py:208} INFO - Processing /Users/jobandtalent/opt/anaconda3/envs/e2s-env/lib/python3.9/site-packages/airflow/example_dags/example_branch_datetime_operator.py took 0.119 seconds
[2024-11-21T17:51:25.857+0100] {processor.py:186} INFO - Started process (PID=5061) to work on /Users/jobandtalent/opt/anaconda3/envs/e2s-env/lib/python3.9/site-packages/airflow/example_dags/example_branch_datetime_operator.py
[2024-11-21T17:51:25.859+0100] {processor.py:914} INFO - Processing file /Users/jobandtalent/opt/anaconda3/envs/e2s-env/lib/python3.9/site-packages/airflow/example_dags/example_branch_datetime_operator.py for tasks to queue
[2024-11-21T17:51:25.860+0100] {logging_mixin.py:190} INFO - [2024-11-21T17:51:25.860+0100] {dagbag.py:588} INFO - Filling up the DagBag from /Users/jobandtalent/opt/anaconda3/envs/e2s-env/lib/python3.9/site-packages/airflow/example_dags/example_branch_datetime_operator.py
[2024-11-21T17:51:25.870+0100] {processor.py:925} INFO - DAG(s) 'example_branch_datetime_operator_3', 'example_branch_datetime_operator_2', 'example_branch_datetime_operator' retrieved from /Users/jobandtalent/opt/anaconda3/envs/e2s-env/lib/python3.9/site-packages/airflow/example_dags/example_branch_datetime_operator.py
[2024-11-21T17:51:25.937+0100] {logging_mixin.py:190} INFO - [2024-11-21T17:51:25.936+0100] {dag.py:3239} INFO - Sync 3 DAGs
[2024-11-21T17:51:25.949+0100] {logging_mixin.py:190} INFO - [2024-11-21T17:51:25.949+0100] {dag.py:4180} INFO - Setting next_dagrun for example_branch_datetime_operator to 2024-11-20 00:00:00+00:00, run_after=2024-11-21 00:00:00+00:00
[2024-11-21T17:51:25.953+0100] {logging_mixin.py:190} INFO - [2024-11-21T17:51:25.953+0100] {dag.py:4180} INFO - Setting next_dagrun for example_branch_datetime_operator_2 to 2024-11-20 00:00:00+00:00, run_after=2024-11-21 00:00:00+00:00
[2024-11-21T17:51:25.954+0100] {logging_mixin.py:190} INFO - [2024-11-21T17:51:25.954+0100] {dag.py:4180} INFO - Setting next_dagrun for example_branch_datetime_operator_3 to 2024-11-20 00:00:00+00:00, run_after=2024-11-21 00:00:00+00:00
[2024-11-21T17:51:25.965+0100] {processor.py:208} INFO - Processing /Users/jobandtalent/opt/anaconda3/envs/e2s-env/lib/python3.9/site-packages/airflow/example_dags/example_branch_datetime_operator.py took 0.117 seconds
[2024-11-21T17:56:07.717+0100] {processor.py:186} INFO - Started process (PID=5792) to work on /Users/jobandtalent/opt/anaconda3/envs/e2s-env/lib/python3.9/site-packages/airflow/example_dags/example_branch_datetime_operator.py
[2024-11-21T17:56:07.719+0100] {processor.py:914} INFO - Processing file /Users/jobandtalent/opt/anaconda3/envs/e2s-env/lib/python3.9/site-packages/airflow/example_dags/example_branch_datetime_operator.py for tasks to queue
[2024-11-21T17:56:07.720+0100] {logging_mixin.py:190} INFO - [2024-11-21T17:56:07.719+0100] {dagbag.py:588} INFO - Filling up the DagBag from /Users/jobandtalent/opt/anaconda3/envs/e2s-env/lib/python3.9/site-packages/airflow/example_dags/example_branch_datetime_operator.py
[2024-11-21T17:56:07.733+0100] {processor.py:925} INFO - DAG(s) 'example_branch_datetime_operator_2', 'example_branch_datetime_operator_3', 'example_branch_datetime_operator' retrieved from /Users/jobandtalent/opt/anaconda3/envs/e2s-env/lib/python3.9/site-packages/airflow/example_dags/example_branch_datetime_operator.py
[2024-11-21T17:56:07.799+0100] {logging_mixin.py:190} INFO - [2024-11-21T17:56:07.799+0100] {dag.py:3239} INFO - Sync 3 DAGs
[2024-11-21T17:56:07.813+0100] {logging_mixin.py:190} INFO - [2024-11-21T17:56:07.813+0100] {dag.py:4180} INFO - Setting next_dagrun for example_branch_datetime_operator to 2024-11-20 00:00:00+00:00, run_after=2024-11-21 00:00:00+00:00
[2024-11-21T17:56:07.816+0100] {logging_mixin.py:190} INFO - [2024-11-21T17:56:07.816+0100] {dag.py:4180} INFO - Setting next_dagrun for example_branch_datetime_operator_2 to 2024-11-20 00:00:00+00:00, run_after=2024-11-21 00:00:00+00:00
[2024-11-21T17:56:07.818+0100] {logging_mixin.py:190} INFO - [2024-11-21T17:56:07.817+0100] {dag.py:4180} INFO - Setting next_dagrun for example_branch_datetime_operator_3 to 2024-11-20 00:00:00+00:00, run_after=2024-11-21 00:00:00+00:00
[2024-11-21T17:56:07.835+0100] {processor.py:208} INFO - Processing /Users/jobandtalent/opt/anaconda3/envs/e2s-env/lib/python3.9/site-packages/airflow/example_dags/example_branch_datetime_operator.py took 0.129 seconds
[2024-11-21T18:00:57.288+0100] {processor.py:186} INFO - Started process (PID=6658) to work on /Users/jobandtalent/opt/anaconda3/envs/e2s-env/lib/python3.9/site-packages/airflow/example_dags/example_branch_datetime_operator.py
[2024-11-21T18:00:57.293+0100] {processor.py:914} INFO - Processing file /Users/jobandtalent/opt/anaconda3/envs/e2s-env/lib/python3.9/site-packages/airflow/example_dags/example_branch_datetime_operator.py for tasks to queue
[2024-11-21T18:00:57.294+0100] {logging_mixin.py:190} INFO - [2024-11-21T18:00:57.294+0100] {dagbag.py:588} INFO - Filling up the DagBag from /Users/jobandtalent/opt/anaconda3/envs/e2s-env/lib/python3.9/site-packages/airflow/example_dags/example_branch_datetime_operator.py
[2024-11-21T18:00:57.316+0100] {processor.py:925} INFO - DAG(s) 'example_branch_datetime_operator_3', 'example_branch_datetime_operator_2', 'example_branch_datetime_operator' retrieved from /Users/jobandtalent/opt/anaconda3/envs/e2s-env/lib/python3.9/site-packages/airflow/example_dags/example_branch_datetime_operator.py
[2024-11-21T18:00:57.402+0100] {logging_mixin.py:190} INFO - [2024-11-21T18:00:57.402+0100] {dag.py:3239} INFO - Sync 3 DAGs
[2024-11-21T18:00:57.432+0100] {logging_mixin.py:190} INFO - [2024-11-21T18:00:57.432+0100] {dag.py:4180} INFO - Setting next_dagrun for example_branch_datetime_operator to 2024-11-20 00:00:00+00:00, run_after=2024-11-21 00:00:00+00:00
[2024-11-21T18:00:57.435+0100] {logging_mixin.py:190} INFO - [2024-11-21T18:00:57.435+0100] {dag.py:4180} INFO - Setting next_dagrun for example_branch_datetime_operator_2 to 2024-11-20 00:00:00+00:00, run_after=2024-11-21 00:00:00+00:00
[2024-11-21T18:00:57.436+0100] {logging_mixin.py:190} INFO - [2024-11-21T18:00:57.436+0100] {dag.py:4180} INFO - Setting next_dagrun for example_branch_datetime_operator_3 to 2024-11-20 00:00:00+00:00, run_after=2024-11-21 00:00:00+00:00
[2024-11-21T18:00:57.449+0100] {processor.py:208} INFO - Processing /Users/jobandtalent/opt/anaconda3/envs/e2s-env/lib/python3.9/site-packages/airflow/example_dags/example_branch_datetime_operator.py took 0.163 seconds
