[2024-11-21T17:35:22.487+0100] {processor.py:186} INFO - Started process (PID=2267) to work on /Users/jobandtalent/opt/anaconda3/envs/e2s-env/lib/python3.9/site-packages/airflow/example_dags/example_latest_only_with_trigger.py
[2024-11-21T17:35:22.488+0100] {processor.py:914} INFO - Processing file /Users/jobandtalent/opt/anaconda3/envs/e2s-env/lib/python3.9/site-packages/airflow/example_dags/example_latest_only_with_trigger.py for tasks to queue
[2024-11-21T17:35:22.489+0100] {logging_mixin.py:190} INFO - [2024-11-21T17:35:22.489+0100] {dagbag.py:588} INFO - Filling up the DagBag from /Users/jobandtalent/opt/anaconda3/envs/e2s-env/lib/python3.9/site-packages/airflow/example_dags/example_latest_only_with_trigger.py
[2024-11-21T17:35:22.497+0100] {processor.py:925} INFO - DAG(s) 'latest_only_with_trigger' retrieved from /Users/jobandtalent/opt/anaconda3/envs/e2s-env/lib/python3.9/site-packages/airflow/example_dags/example_latest_only_with_trigger.py
[2024-11-21T17:35:22.623+0100] {logging_mixin.py:190} INFO - [2024-11-21T17:35:22.623+0100] {override.py:1911} INFO - Created Permission View: can delete on DAG:latest_only_with_trigger
[2024-11-21T17:35:22.628+0100] {logging_mixin.py:190} INFO - [2024-11-21T17:35:22.628+0100] {override.py:1911} INFO - Created Permission View: can edit on DAG:latest_only_with_trigger
[2024-11-21T17:35:22.631+0100] {logging_mixin.py:190} INFO - [2024-11-21T17:35:22.631+0100] {override.py:1911} INFO - Created Permission View: can read on DAG:latest_only_with_trigger
[2024-11-21T17:35:22.636+0100] {logging_mixin.py:190} INFO - [2024-11-21T17:35:22.636+0100] {override.py:1911} INFO - Created Permission View: can delete on DAG Run:latest_only_with_trigger
[2024-11-21T17:35:22.639+0100] {logging_mixin.py:190} INFO - [2024-11-21T17:35:22.639+0100] {override.py:1911} INFO - Created Permission View: can read on DAG Run:latest_only_with_trigger
[2024-11-21T17:35:22.642+0100] {logging_mixin.py:190} INFO - [2024-11-21T17:35:22.642+0100] {override.py:1911} INFO - Created Permission View: menu access on DAG Run:latest_only_with_trigger
[2024-11-21T17:35:22.645+0100] {logging_mixin.py:190} INFO - [2024-11-21T17:35:22.645+0100] {override.py:1911} INFO - Created Permission View: can create on DAG Run:latest_only_with_trigger
[2024-11-21T17:35:22.645+0100] {logging_mixin.py:190} INFO - [2024-11-21T17:35:22.645+0100] {dag.py:3239} INFO - Sync 1 DAGs
[2024-11-21T17:35:22.653+0100] {logging_mixin.py:190} INFO - [2024-11-21T17:35:22.653+0100] {dag.py:3262} INFO - Creating ORM DAG for latest_only_with_trigger
[2024-11-21T17:35:22.659+0100] {logging_mixin.py:190} INFO - [2024-11-21T17:35:22.659+0100] {dag.py:4180} INFO - Setting next_dagrun for latest_only_with_trigger to 2024-11-21 12:00:00+00:00, run_after=2024-11-21 16:00:00+00:00
[2024-11-21T17:35:22.670+0100] {processor.py:208} INFO - Processing /Users/jobandtalent/opt/anaconda3/envs/e2s-env/lib/python3.9/site-packages/airflow/example_dags/example_latest_only_with_trigger.py took 0.193 seconds
[2024-11-21T17:38:15.788+0100] {processor.py:186} INFO - Started process (PID=2695) to work on /Users/jobandtalent/opt/anaconda3/envs/e2s-env/lib/python3.9/site-packages/airflow/example_dags/example_latest_only_with_trigger.py
[2024-11-21T17:38:15.791+0100] {processor.py:914} INFO - Processing file /Users/jobandtalent/opt/anaconda3/envs/e2s-env/lib/python3.9/site-packages/airflow/example_dags/example_latest_only_with_trigger.py for tasks to queue
[2024-11-21T17:38:15.792+0100] {logging_mixin.py:190} INFO - [2024-11-21T17:38:15.792+0100] {dagbag.py:588} INFO - Filling up the DagBag from /Users/jobandtalent/opt/anaconda3/envs/e2s-env/lib/python3.9/site-packages/airflow/example_dags/example_latest_only_with_trigger.py
[2024-11-21T17:38:15.801+0100] {processor.py:925} INFO - DAG(s) 'latest_only_with_trigger' retrieved from /Users/jobandtalent/opt/anaconda3/envs/e2s-env/lib/python3.9/site-packages/airflow/example_dags/example_latest_only_with_trigger.py
[2024-11-21T17:38:15.873+0100] {logging_mixin.py:190} INFO - [2024-11-21T17:38:15.872+0100] {dag.py:3239} INFO - Sync 1 DAGs
[2024-11-21T17:38:15.885+0100] {logging_mixin.py:190} INFO - [2024-11-21T17:38:15.885+0100] {dag.py:4180} INFO - Setting next_dagrun for latest_only_with_trigger to 2024-11-21 12:00:00+00:00, run_after=2024-11-21 16:00:00+00:00
[2024-11-21T17:38:15.896+0100] {processor.py:208} INFO - Processing /Users/jobandtalent/opt/anaconda3/envs/e2s-env/lib/python3.9/site-packages/airflow/example_dags/example_latest_only_with_trigger.py took 0.116 seconds
[2024-11-21T17:40:42.052+0100] {processor.py:186} INFO - Started process (PID=3049) to work on /Users/jobandtalent/opt/anaconda3/envs/e2s-env/lib/python3.9/site-packages/airflow/example_dags/example_latest_only_with_trigger.py
[2024-11-21T17:40:42.053+0100] {processor.py:914} INFO - Processing file /Users/jobandtalent/opt/anaconda3/envs/e2s-env/lib/python3.9/site-packages/airflow/example_dags/example_latest_only_with_trigger.py for tasks to queue
[2024-11-21T17:40:42.054+0100] {logging_mixin.py:190} INFO - [2024-11-21T17:40:42.054+0100] {dagbag.py:588} INFO - Filling up the DagBag from /Users/jobandtalent/opt/anaconda3/envs/e2s-env/lib/python3.9/site-packages/airflow/example_dags/example_latest_only_with_trigger.py
[2024-11-21T17:40:42.062+0100] {processor.py:925} INFO - DAG(s) 'latest_only_with_trigger' retrieved from /Users/jobandtalent/opt/anaconda3/envs/e2s-env/lib/python3.9/site-packages/airflow/example_dags/example_latest_only_with_trigger.py
[2024-11-21T17:40:42.125+0100] {logging_mixin.py:190} INFO - [2024-11-21T17:40:42.125+0100] {dag.py:3239} INFO - Sync 1 DAGs
[2024-11-21T17:40:42.137+0100] {logging_mixin.py:190} INFO - [2024-11-21T17:40:42.136+0100] {dag.py:4180} INFO - Setting next_dagrun for latest_only_with_trigger to 2024-11-21 12:00:00+00:00, run_after=2024-11-21 16:00:00+00:00
[2024-11-21T17:40:42.147+0100] {processor.py:208} INFO - Processing /Users/jobandtalent/opt/anaconda3/envs/e2s-env/lib/python3.9/site-packages/airflow/example_dags/example_latest_only_with_trigger.py took 0.107 seconds
[2024-11-21T17:45:36.848+0100] {processor.py:186} INFO - Started process (PID=3838) to work on /Users/jobandtalent/opt/anaconda3/envs/e2s-env/lib/python3.9/site-packages/airflow/example_dags/example_latest_only_with_trigger.py
[2024-11-21T17:45:36.851+0100] {processor.py:914} INFO - Processing file /Users/jobandtalent/opt/anaconda3/envs/e2s-env/lib/python3.9/site-packages/airflow/example_dags/example_latest_only_with_trigger.py for tasks to queue
[2024-11-21T17:45:36.852+0100] {logging_mixin.py:190} INFO - [2024-11-21T17:45:36.852+0100] {dagbag.py:588} INFO - Filling up the DagBag from /Users/jobandtalent/opt/anaconda3/envs/e2s-env/lib/python3.9/site-packages/airflow/example_dags/example_latest_only_with_trigger.py
[2024-11-21T17:45:36.862+0100] {processor.py:925} INFO - DAG(s) 'latest_only_with_trigger' retrieved from /Users/jobandtalent/opt/anaconda3/envs/e2s-env/lib/python3.9/site-packages/airflow/example_dags/example_latest_only_with_trigger.py
[2024-11-21T17:45:36.939+0100] {logging_mixin.py:190} INFO - [2024-11-21T17:45:36.938+0100] {dag.py:3239} INFO - Sync 1 DAGs
[2024-11-21T17:45:36.953+0100] {logging_mixin.py:190} INFO - [2024-11-21T17:45:36.952+0100] {dag.py:4180} INFO - Setting next_dagrun for latest_only_with_trigger to 2024-11-21 12:00:00+00:00, run_after=2024-11-21 16:00:00+00:00
[2024-11-21T17:45:36.968+0100] {processor.py:208} INFO - Processing /Users/jobandtalent/opt/anaconda3/envs/e2s-env/lib/python3.9/site-packages/airflow/example_dags/example_latest_only_with_trigger.py took 0.129 seconds
[2024-11-21T17:48:16.094+0100] {processor.py:186} INFO - Started process (PID=4602) to work on /Users/jobandtalent/opt/anaconda3/envs/e2s-env/lib/python3.9/site-packages/airflow/example_dags/example_latest_only_with_trigger.py
[2024-11-21T17:48:16.097+0100] {processor.py:914} INFO - Processing file /Users/jobandtalent/opt/anaconda3/envs/e2s-env/lib/python3.9/site-packages/airflow/example_dags/example_latest_only_with_trigger.py for tasks to queue
[2024-11-21T17:48:16.098+0100] {logging_mixin.py:190} INFO - [2024-11-21T17:48:16.098+0100] {dagbag.py:588} INFO - Filling up the DagBag from /Users/jobandtalent/opt/anaconda3/envs/e2s-env/lib/python3.9/site-packages/airflow/example_dags/example_latest_only_with_trigger.py
[2024-11-21T17:48:16.105+0100] {processor.py:925} INFO - DAG(s) 'latest_only_with_trigger' retrieved from /Users/jobandtalent/opt/anaconda3/envs/e2s-env/lib/python3.9/site-packages/airflow/example_dags/example_latest_only_with_trigger.py
[2024-11-21T17:48:16.169+0100] {logging_mixin.py:190} INFO - [2024-11-21T17:48:16.169+0100] {dag.py:3239} INFO - Sync 1 DAGs
[2024-11-21T17:48:16.182+0100] {logging_mixin.py:190} INFO - [2024-11-21T17:48:16.182+0100] {dag.py:4180} INFO - Setting next_dagrun for latest_only_with_trigger to 2024-11-21 12:00:00+00:00, run_after=2024-11-21 16:00:00+00:00
[2024-11-21T17:48:16.194+0100] {processor.py:208} INFO - Processing /Users/jobandtalent/opt/anaconda3/envs/e2s-env/lib/python3.9/site-packages/airflow/example_dags/example_latest_only_with_trigger.py took 0.111 seconds
[2024-11-21T17:50:55.556+0100] {processor.py:186} INFO - Started process (PID=4990) to work on /Users/jobandtalent/opt/anaconda3/envs/e2s-env/lib/python3.9/site-packages/airflow/example_dags/example_latest_only_with_trigger.py
[2024-11-21T17:50:55.558+0100] {processor.py:914} INFO - Processing file /Users/jobandtalent/opt/anaconda3/envs/e2s-env/lib/python3.9/site-packages/airflow/example_dags/example_latest_only_with_trigger.py for tasks to queue
[2024-11-21T17:50:55.558+0100] {logging_mixin.py:190} INFO - [2024-11-21T17:50:55.558+0100] {dagbag.py:588} INFO - Filling up the DagBag from /Users/jobandtalent/opt/anaconda3/envs/e2s-env/lib/python3.9/site-packages/airflow/example_dags/example_latest_only_with_trigger.py
[2024-11-21T17:50:55.570+0100] {processor.py:925} INFO - DAG(s) 'latest_only_with_trigger' retrieved from /Users/jobandtalent/opt/anaconda3/envs/e2s-env/lib/python3.9/site-packages/airflow/example_dags/example_latest_only_with_trigger.py
[2024-11-21T17:50:55.636+0100] {logging_mixin.py:190} INFO - [2024-11-21T17:50:55.636+0100] {dag.py:3239} INFO - Sync 1 DAGs
[2024-11-21T17:50:55.649+0100] {logging_mixin.py:190} INFO - [2024-11-21T17:50:55.648+0100] {dag.py:4180} INFO - Setting next_dagrun for latest_only_with_trigger to 2024-11-21 12:00:00+00:00, run_after=2024-11-21 16:00:00+00:00
[2024-11-21T17:50:55.660+0100] {processor.py:208} INFO - Processing /Users/jobandtalent/opt/anaconda3/envs/e2s-env/lib/python3.9/site-packages/airflow/example_dags/example_latest_only_with_trigger.py took 0.107 seconds
[2024-11-21T17:53:24.872+0100] {processor.py:186} INFO - Started process (PID=5351) to work on /Users/jobandtalent/opt/anaconda3/envs/e2s-env/lib/python3.9/site-packages/airflow/example_dags/example_latest_only_with_trigger.py
[2024-11-21T17:53:24.873+0100] {processor.py:914} INFO - Processing file /Users/jobandtalent/opt/anaconda3/envs/e2s-env/lib/python3.9/site-packages/airflow/example_dags/example_latest_only_with_trigger.py for tasks to queue
[2024-11-21T17:53:24.874+0100] {logging_mixin.py:190} INFO - [2024-11-21T17:53:24.874+0100] {dagbag.py:588} INFO - Filling up the DagBag from /Users/jobandtalent/opt/anaconda3/envs/e2s-env/lib/python3.9/site-packages/airflow/example_dags/example_latest_only_with_trigger.py
[2024-11-21T17:53:24.882+0100] {processor.py:925} INFO - DAG(s) 'latest_only_with_trigger' retrieved from /Users/jobandtalent/opt/anaconda3/envs/e2s-env/lib/python3.9/site-packages/airflow/example_dags/example_latest_only_with_trigger.py
[2024-11-21T17:53:24.947+0100] {logging_mixin.py:190} INFO - [2024-11-21T17:53:24.947+0100] {dag.py:3239} INFO - Sync 1 DAGs
[2024-11-21T17:53:24.959+0100] {logging_mixin.py:190} INFO - [2024-11-21T17:53:24.959+0100] {dag.py:4180} INFO - Setting next_dagrun for latest_only_with_trigger to 2024-11-21 12:00:00+00:00, run_after=2024-11-21 16:00:00+00:00
[2024-11-21T17:53:24.973+0100] {processor.py:208} INFO - Processing /Users/jobandtalent/opt/anaconda3/envs/e2s-env/lib/python3.9/site-packages/airflow/example_dags/example_latest_only_with_trigger.py took 0.111 seconds
[2024-11-21T17:55:41.897+0100] {processor.py:186} INFO - Started process (PID=5687) to work on /Users/jobandtalent/opt/anaconda3/envs/e2s-env/lib/python3.9/site-packages/airflow/example_dags/example_latest_only_with_trigger.py
[2024-11-21T17:55:41.900+0100] {processor.py:914} INFO - Processing file /Users/jobandtalent/opt/anaconda3/envs/e2s-env/lib/python3.9/site-packages/airflow/example_dags/example_latest_only_with_trigger.py for tasks to queue
[2024-11-21T17:55:41.901+0100] {logging_mixin.py:190} INFO - [2024-11-21T17:55:41.900+0100] {dagbag.py:588} INFO - Filling up the DagBag from /Users/jobandtalent/opt/anaconda3/envs/e2s-env/lib/python3.9/site-packages/airflow/example_dags/example_latest_only_with_trigger.py
[2024-11-21T17:55:41.909+0100] {processor.py:925} INFO - DAG(s) 'latest_only_with_trigger' retrieved from /Users/jobandtalent/opt/anaconda3/envs/e2s-env/lib/python3.9/site-packages/airflow/example_dags/example_latest_only_with_trigger.py
[2024-11-21T17:55:41.971+0100] {logging_mixin.py:190} INFO - [2024-11-21T17:55:41.971+0100] {dag.py:3239} INFO - Sync 1 DAGs
[2024-11-21T17:55:41.985+0100] {logging_mixin.py:190} INFO - [2024-11-21T17:55:41.984+0100] {dag.py:4180} INFO - Setting next_dagrun for latest_only_with_trigger to 2024-11-21 12:00:00+00:00, run_after=2024-11-21 16:00:00+00:00
[2024-11-21T17:55:41.995+0100] {processor.py:208} INFO - Processing /Users/jobandtalent/opt/anaconda3/envs/e2s-env/lib/python3.9/site-packages/airflow/example_dags/example_latest_only_with_trigger.py took 0.108 seconds
[2024-11-21T17:58:08.556+0100] {processor.py:186} INFO - Started process (PID=6229) to work on /Users/jobandtalent/opt/anaconda3/envs/e2s-env/lib/python3.9/site-packages/airflow/example_dags/example_latest_only_with_trigger.py
[2024-11-21T17:58:08.559+0100] {processor.py:914} INFO - Processing file /Users/jobandtalent/opt/anaconda3/envs/e2s-env/lib/python3.9/site-packages/airflow/example_dags/example_latest_only_with_trigger.py for tasks to queue
[2024-11-21T17:58:08.559+0100] {logging_mixin.py:190} INFO - [2024-11-21T17:58:08.559+0100] {dagbag.py:588} INFO - Filling up the DagBag from /Users/jobandtalent/opt/anaconda3/envs/e2s-env/lib/python3.9/site-packages/airflow/example_dags/example_latest_only_with_trigger.py
[2024-11-21T17:58:08.568+0100] {processor.py:925} INFO - DAG(s) 'latest_only_with_trigger' retrieved from /Users/jobandtalent/opt/anaconda3/envs/e2s-env/lib/python3.9/site-packages/airflow/example_dags/example_latest_only_with_trigger.py
[2024-11-21T17:58:08.629+0100] {logging_mixin.py:190} INFO - [2024-11-21T17:58:08.629+0100] {dag.py:3239} INFO - Sync 1 DAGs
[2024-11-21T17:58:08.640+0100] {logging_mixin.py:190} INFO - [2024-11-21T17:58:08.640+0100] {dag.py:4180} INFO - Setting next_dagrun for latest_only_with_trigger to 2024-11-21 12:00:00+00:00, run_after=2024-11-21 16:00:00+00:00
[2024-11-21T17:58:08.651+0100] {processor.py:208} INFO - Processing /Users/jobandtalent/opt/anaconda3/envs/e2s-env/lib/python3.9/site-packages/airflow/example_dags/example_latest_only_with_trigger.py took 0.103 seconds
[2024-11-21T18:00:31.881+0100] {processor.py:186} INFO - Started process (PID=6577) to work on /Users/jobandtalent/opt/anaconda3/envs/e2s-env/lib/python3.9/site-packages/airflow/example_dags/example_latest_only_with_trigger.py
[2024-11-21T18:00:31.884+0100] {processor.py:914} INFO - Processing file /Users/jobandtalent/opt/anaconda3/envs/e2s-env/lib/python3.9/site-packages/airflow/example_dags/example_latest_only_with_trigger.py for tasks to queue
[2024-11-21T18:00:31.884+0100] {logging_mixin.py:190} INFO - [2024-11-21T18:00:31.884+0100] {dagbag.py:588} INFO - Filling up the DagBag from /Users/jobandtalent/opt/anaconda3/envs/e2s-env/lib/python3.9/site-packages/airflow/example_dags/example_latest_only_with_trigger.py
[2024-11-21T18:00:31.891+0100] {processor.py:925} INFO - DAG(s) 'latest_only_with_trigger' retrieved from /Users/jobandtalent/opt/anaconda3/envs/e2s-env/lib/python3.9/site-packages/airflow/example_dags/example_latest_only_with_trigger.py
[2024-11-21T18:00:31.950+0100] {logging_mixin.py:190} INFO - [2024-11-21T18:00:31.949+0100] {dag.py:3239} INFO - Sync 1 DAGs
[2024-11-21T18:00:31.962+0100] {logging_mixin.py:190} INFO - [2024-11-21T18:00:31.962+0100] {dag.py:4180} INFO - Setting next_dagrun for latest_only_with_trigger to 2024-11-21 12:00:00+00:00, run_after=2024-11-21 16:00:00+00:00
[2024-11-21T18:00:31.973+0100] {processor.py:208} INFO - Processing /Users/jobandtalent/opt/anaconda3/envs/e2s-env/lib/python3.9/site-packages/airflow/example_dags/example_latest_only_with_trigger.py took 0.105 seconds
[2024-11-21T18:02:59.058+0100] {processor.py:186} INFO - Started process (PID=6973) to work on /Users/jobandtalent/opt/anaconda3/envs/e2s-env/lib/python3.9/site-packages/airflow/example_dags/example_latest_only_with_trigger.py
[2024-11-21T18:02:59.060+0100] {processor.py:914} INFO - Processing file /Users/jobandtalent/opt/anaconda3/envs/e2s-env/lib/python3.9/site-packages/airflow/example_dags/example_latest_only_with_trigger.py for tasks to queue
[2024-11-21T18:02:59.060+0100] {logging_mixin.py:190} INFO - [2024-11-21T18:02:59.060+0100] {dagbag.py:588} INFO - Filling up the DagBag from /Users/jobandtalent/opt/anaconda3/envs/e2s-env/lib/python3.9/site-packages/airflow/example_dags/example_latest_only_with_trigger.py
[2024-11-21T18:02:59.068+0100] {processor.py:925} INFO - DAG(s) 'latest_only_with_trigger' retrieved from /Users/jobandtalent/opt/anaconda3/envs/e2s-env/lib/python3.9/site-packages/airflow/example_dags/example_latest_only_with_trigger.py
[2024-11-21T18:02:59.127+0100] {logging_mixin.py:190} INFO - [2024-11-21T18:02:59.126+0100] {dag.py:3239} INFO - Sync 1 DAGs
[2024-11-21T18:02:59.139+0100] {logging_mixin.py:190} INFO - [2024-11-21T18:02:59.139+0100] {dag.py:4180} INFO - Setting next_dagrun for latest_only_with_trigger to 2024-11-21 12:00:00+00:00, run_after=2024-11-21 16:00:00+00:00
[2024-11-21T18:02:59.150+0100] {processor.py:208} INFO - Processing /Users/jobandtalent/opt/anaconda3/envs/e2s-env/lib/python3.9/site-packages/airflow/example_dags/example_latest_only_with_trigger.py took 0.102 seconds
