[2024-11-21T17:34:28.150+0100] {processor.py:186} INFO - Started process (PID=2136) to work on /Users/jobandtalent/opt/anaconda3/envs/e2s-env/lib/python3.9/site-packages/airflow/example_dags/example_subdag_operator.py
[2024-11-21T17:34:28.152+0100] {processor.py:914} INFO - Processing file /Users/jobandtalent/opt/anaconda3/envs/e2s-env/lib/python3.9/site-packages/airflow/example_dags/example_subdag_operator.py for tasks to queue
[2024-11-21T17:34:28.152+0100] {logging_mixin.py:190} INFO - [2024-11-21T17:34:28.152+0100] {dagbag.py:588} INFO - Filling up the DagBag from /Users/jobandtalent/opt/anaconda3/envs/e2s-env/lib/python3.9/site-packages/airflow/example_dags/example_subdag_operator.py
[2024-11-21T17:34:28.218+0100] {processor.py:925} INFO - DAG(s) 'example_subdag_operator.section-1', 'example_subdag_operator.section-2', 'example_subdag_operator' retrieved from /Users/jobandtalent/opt/anaconda3/envs/e2s-env/lib/python3.9/site-packages/airflow/example_dags/example_subdag_operator.py
[2024-11-21T17:34:29.092+0100] {logging_mixin.py:190} INFO - [2024-11-21T17:34:29.092+0100] {override.py:1911} INFO - Created Permission View: can read on DAG:example_subdag_operator
[2024-11-21T17:34:29.098+0100] {logging_mixin.py:190} INFO - [2024-11-21T17:34:29.098+0100] {override.py:1911} INFO - Created Permission View: can edit on DAG:example_subdag_operator
[2024-11-21T17:34:29.103+0100] {logging_mixin.py:190} INFO - [2024-11-21T17:34:29.102+0100] {override.py:1911} INFO - Created Permission View: can delete on DAG:example_subdag_operator
[2024-11-21T17:34:29.108+0100] {logging_mixin.py:190} INFO - [2024-11-21T17:34:29.108+0100] {override.py:1911} INFO - Created Permission View: can read on DAG Run:example_subdag_operator
[2024-11-21T17:34:29.112+0100] {logging_mixin.py:190} INFO - [2024-11-21T17:34:29.112+0100] {override.py:1911} INFO - Created Permission View: can delete on DAG Run:example_subdag_operator
[2024-11-21T17:34:29.115+0100] {logging_mixin.py:190} INFO - [2024-11-21T17:34:29.115+0100] {override.py:1911} INFO - Created Permission View: menu access on DAG Run:example_subdag_operator
[2024-11-21T17:34:29.119+0100] {logging_mixin.py:190} INFO - [2024-11-21T17:34:29.119+0100] {override.py:1911} INFO - Created Permission View: can create on DAG Run:example_subdag_operator
[2024-11-21T17:34:29.119+0100] {logging_mixin.py:190} INFO - [2024-11-21T17:34:29.119+0100] {dag.py:3239} INFO - Sync 3 DAGs
[2024-11-21T17:34:29.127+0100] {logging_mixin.py:190} INFO - [2024-11-21T17:34:29.127+0100] {dag.py:3262} INFO - Creating ORM DAG for example_subdag_operator.section-2
[2024-11-21T17:34:29.127+0100] {logging_mixin.py:190} INFO - [2024-11-21T17:34:29.127+0100] {dag.py:3262} INFO - Creating ORM DAG for example_subdag_operator
[2024-11-21T17:34:29.128+0100] {logging_mixin.py:190} INFO - [2024-11-21T17:34:29.128+0100] {dag.py:3262} INFO - Creating ORM DAG for example_subdag_operator.section-1
[2024-11-21T17:34:29.132+0100] {logging_mixin.py:190} INFO - [2024-11-21T17:34:29.132+0100] {dag.py:4180} INFO - Setting next_dagrun for example_subdag_operator to 2022-01-01 00:00:00+00:00, run_after=2022-01-01 00:00:00+00:00
[2024-11-21T17:34:29.132+0100] {logging_mixin.py:190} INFO - [2024-11-21T17:34:29.132+0100] {dag.py:4180} INFO - Setting next_dagrun for example_subdag_operator.section-1 to None, run_after=None
[2024-11-21T17:34:29.132+0100] {logging_mixin.py:190} INFO - [2024-11-21T17:34:29.132+0100] {dag.py:4180} INFO - Setting next_dagrun for example_subdag_operator.section-2 to None, run_after=None
[2024-11-21T17:34:29.137+0100] {logging_mixin.py:190} INFO - [2024-11-21T17:34:29.137+0100] {dag.py:3239} INFO - Sync 2 DAGs
[2024-11-21T17:34:29.141+0100] {logging_mixin.py:190} INFO - [2024-11-21T17:34:29.141+0100] {dag.py:4180} INFO - Setting next_dagrun for example_subdag_operator.section-1 to None, run_after=None
[2024-11-21T17:34:29.142+0100] {logging_mixin.py:190} INFO - [2024-11-21T17:34:29.142+0100] {dag.py:4180} INFO - Setting next_dagrun for example_subdag_operator.section-2 to None, run_after=None
[2024-11-21T17:34:29.150+0100] {processor.py:208} INFO - Processing /Users/jobandtalent/opt/anaconda3/envs/e2s-env/lib/python3.9/site-packages/airflow/example_dags/example_subdag_operator.py took 1.017 seconds
[2024-11-21T17:37:25.655+0100] {processor.py:186} INFO - Started process (PID=2559) to work on /Users/jobandtalent/opt/anaconda3/envs/e2s-env/lib/python3.9/site-packages/airflow/example_dags/example_subdag_operator.py
[2024-11-21T17:37:25.656+0100] {processor.py:914} INFO - Processing file /Users/jobandtalent/opt/anaconda3/envs/e2s-env/lib/python3.9/site-packages/airflow/example_dags/example_subdag_operator.py for tasks to queue
[2024-11-21T17:37:25.657+0100] {logging_mixin.py:190} INFO - [2024-11-21T17:37:25.657+0100] {dagbag.py:588} INFO - Filling up the DagBag from /Users/jobandtalent/opt/anaconda3/envs/e2s-env/lib/python3.9/site-packages/airflow/example_dags/example_subdag_operator.py
[2024-11-21T17:37:25.729+0100] {processor.py:925} INFO - DAG(s) 'example_subdag_operator.section-1', 'example_subdag_operator.section-2', 'example_subdag_operator' retrieved from /Users/jobandtalent/opt/anaconda3/envs/e2s-env/lib/python3.9/site-packages/airflow/example_dags/example_subdag_operator.py
[2024-11-21T17:37:26.482+0100] {logging_mixin.py:190} INFO - [2024-11-21T17:37:26.481+0100] {dag.py:3239} INFO - Sync 3 DAGs
[2024-11-21T17:37:26.491+0100] {logging_mixin.py:190} INFO - [2024-11-21T17:37:26.491+0100] {dag.py:4180} INFO - Setting next_dagrun for example_subdag_operator to 2022-01-01 00:00:00+00:00, run_after=2022-01-01 00:00:00+00:00
[2024-11-21T17:37:26.493+0100] {logging_mixin.py:190} INFO - [2024-11-21T17:37:26.493+0100] {dag.py:4180} INFO - Setting next_dagrun for example_subdag_operator.section-1 to None, run_after=None
[2024-11-21T17:37:26.494+0100] {logging_mixin.py:190} INFO - [2024-11-21T17:37:26.494+0100] {dag.py:4180} INFO - Setting next_dagrun for example_subdag_operator.section-2 to None, run_after=None
[2024-11-21T17:37:26.497+0100] {logging_mixin.py:190} INFO - [2024-11-21T17:37:26.497+0100] {dag.py:3239} INFO - Sync 2 DAGs
[2024-11-21T17:37:26.499+0100] {logging_mixin.py:190} INFO - [2024-11-21T17:37:26.499+0100] {dag.py:4180} INFO - Setting next_dagrun for example_subdag_operator.section-1 to None, run_after=None
[2024-11-21T17:37:26.499+0100] {logging_mixin.py:190} INFO - [2024-11-21T17:37:26.499+0100] {dag.py:4180} INFO - Setting next_dagrun for example_subdag_operator.section-2 to None, run_after=None
[2024-11-21T17:37:26.506+0100] {processor.py:208} INFO - Processing /Users/jobandtalent/opt/anaconda3/envs/e2s-env/lib/python3.9/site-packages/airflow/example_dags/example_subdag_operator.py took 0.862 seconds
[2024-11-21T17:39:49.075+0100] {processor.py:186} INFO - Started process (PID=2914) to work on /Users/jobandtalent/opt/anaconda3/envs/e2s-env/lib/python3.9/site-packages/airflow/example_dags/example_subdag_operator.py
[2024-11-21T17:39:49.076+0100] {processor.py:914} INFO - Processing file /Users/jobandtalent/opt/anaconda3/envs/e2s-env/lib/python3.9/site-packages/airflow/example_dags/example_subdag_operator.py for tasks to queue
[2024-11-21T17:39:49.078+0100] {logging_mixin.py:190} INFO - [2024-11-21T17:39:49.077+0100] {dagbag.py:588} INFO - Filling up the DagBag from /Users/jobandtalent/opt/anaconda3/envs/e2s-env/lib/python3.9/site-packages/airflow/example_dags/example_subdag_operator.py
[2024-11-21T17:39:49.177+0100] {processor.py:925} INFO - DAG(s) 'example_subdag_operator.section-1', 'example_subdag_operator.section-2', 'example_subdag_operator' retrieved from /Users/jobandtalent/opt/anaconda3/envs/e2s-env/lib/python3.9/site-packages/airflow/example_dags/example_subdag_operator.py
[2024-11-21T17:39:50.106+0100] {logging_mixin.py:190} INFO - [2024-11-21T17:39:50.106+0100] {dag.py:3239} INFO - Sync 3 DAGs
[2024-11-21T17:39:50.118+0100] {logging_mixin.py:190} INFO - [2024-11-21T17:39:50.117+0100] {dag.py:4180} INFO - Setting next_dagrun for example_subdag_operator to 2022-01-01 00:00:00+00:00, run_after=2022-01-01 00:00:00+00:00
[2024-11-21T17:39:50.119+0100] {logging_mixin.py:190} INFO - [2024-11-21T17:39:50.119+0100] {dag.py:4180} INFO - Setting next_dagrun for example_subdag_operator.section-1 to None, run_after=None
[2024-11-21T17:39:50.120+0100] {logging_mixin.py:190} INFO - [2024-11-21T17:39:50.120+0100] {dag.py:4180} INFO - Setting next_dagrun for example_subdag_operator.section-2 to None, run_after=None
[2024-11-21T17:39:50.123+0100] {logging_mixin.py:190} INFO - [2024-11-21T17:39:50.123+0100] {dag.py:3239} INFO - Sync 2 DAGs
[2024-11-21T17:39:50.126+0100] {logging_mixin.py:190} INFO - [2024-11-21T17:39:50.126+0100] {dag.py:4180} INFO - Setting next_dagrun for example_subdag_operator.section-1 to None, run_after=None
[2024-11-21T17:39:50.126+0100] {logging_mixin.py:190} INFO - [2024-11-21T17:39:50.126+0100] {dag.py:4180} INFO - Setting next_dagrun for example_subdag_operator.section-2 to None, run_after=None
[2024-11-21T17:39:50.135+0100] {processor.py:208} INFO - Processing /Users/jobandtalent/opt/anaconda3/envs/e2s-env/lib/python3.9/site-packages/airflow/example_dags/example_subdag_operator.py took 1.065 seconds
[2024-11-21T17:42:09.747+0100] {processor.py:186} INFO - Started process (PID=3275) to work on /Users/jobandtalent/opt/anaconda3/envs/e2s-env/lib/python3.9/site-packages/airflow/example_dags/example_subdag_operator.py
[2024-11-21T17:42:09.750+0100] {processor.py:914} INFO - Processing file /Users/jobandtalent/opt/anaconda3/envs/e2s-env/lib/python3.9/site-packages/airflow/example_dags/example_subdag_operator.py for tasks to queue
[2024-11-21T17:42:09.751+0100] {logging_mixin.py:190} INFO - [2024-11-21T17:42:09.751+0100] {dagbag.py:588} INFO - Filling up the DagBag from /Users/jobandtalent/opt/anaconda3/envs/e2s-env/lib/python3.9/site-packages/airflow/example_dags/example_subdag_operator.py
[2024-11-21T17:42:09.824+0100] {processor.py:925} INFO - DAG(s) 'example_subdag_operator.section-1', 'example_subdag_operator.section-2', 'example_subdag_operator' retrieved from /Users/jobandtalent/opt/anaconda3/envs/e2s-env/lib/python3.9/site-packages/airflow/example_dags/example_subdag_operator.py
[2024-11-21T17:42:10.625+0100] {logging_mixin.py:190} INFO - [2024-11-21T17:42:10.625+0100] {dag.py:3239} INFO - Sync 3 DAGs
[2024-11-21T17:42:10.636+0100] {logging_mixin.py:190} INFO - [2024-11-21T17:42:10.636+0100] {dag.py:4180} INFO - Setting next_dagrun for example_subdag_operator to 2022-01-01 00:00:00+00:00, run_after=2022-01-01 00:00:00+00:00
[2024-11-21T17:42:10.638+0100] {logging_mixin.py:190} INFO - [2024-11-21T17:42:10.638+0100] {dag.py:4180} INFO - Setting next_dagrun for example_subdag_operator.section-1 to None, run_after=None
[2024-11-21T17:42:10.639+0100] {logging_mixin.py:190} INFO - [2024-11-21T17:42:10.639+0100] {dag.py:4180} INFO - Setting next_dagrun for example_subdag_operator.section-2 to None, run_after=None
[2024-11-21T17:42:10.642+0100] {logging_mixin.py:190} INFO - [2024-11-21T17:42:10.642+0100] {dag.py:3239} INFO - Sync 2 DAGs
[2024-11-21T17:42:10.645+0100] {logging_mixin.py:190} INFO - [2024-11-21T17:42:10.644+0100] {dag.py:4180} INFO - Setting next_dagrun for example_subdag_operator.section-1 to None, run_after=None
[2024-11-21T17:42:10.645+0100] {logging_mixin.py:190} INFO - [2024-11-21T17:42:10.645+0100] {dag.py:4180} INFO - Setting next_dagrun for example_subdag_operator.section-2 to None, run_after=None
[2024-11-21T17:42:10.652+0100] {processor.py:208} INFO - Processing /Users/jobandtalent/opt/anaconda3/envs/e2s-env/lib/python3.9/site-packages/airflow/example_dags/example_subdag_operator.py took 0.912 seconds
[2024-11-21T17:44:38.980+0100] {processor.py:186} INFO - Started process (PID=3626) to work on /Users/jobandtalent/opt/anaconda3/envs/e2s-env/lib/python3.9/site-packages/airflow/example_dags/example_subdag_operator.py
[2024-11-21T17:44:38.983+0100] {processor.py:914} INFO - Processing file /Users/jobandtalent/opt/anaconda3/envs/e2s-env/lib/python3.9/site-packages/airflow/example_dags/example_subdag_operator.py for tasks to queue
[2024-11-21T17:44:38.984+0100] {logging_mixin.py:190} INFO - [2024-11-21T17:44:38.983+0100] {dagbag.py:588} INFO - Filling up the DagBag from /Users/jobandtalent/opt/anaconda3/envs/e2s-env/lib/python3.9/site-packages/airflow/example_dags/example_subdag_operator.py
[2024-11-21T17:44:39.059+0100] {processor.py:925} INFO - DAG(s) 'example_subdag_operator.section-1', 'example_subdag_operator.section-2', 'example_subdag_operator' retrieved from /Users/jobandtalent/opt/anaconda3/envs/e2s-env/lib/python3.9/site-packages/airflow/example_dags/example_subdag_operator.py
[2024-11-21T17:44:39.972+0100] {logging_mixin.py:190} INFO - [2024-11-21T17:44:39.971+0100] {dag.py:3239} INFO - Sync 3 DAGs
[2024-11-21T17:44:39.984+0100] {logging_mixin.py:190} INFO - [2024-11-21T17:44:39.983+0100] {dag.py:4180} INFO - Setting next_dagrun for example_subdag_operator to 2022-01-01 00:00:00+00:00, run_after=2022-01-01 00:00:00+00:00
[2024-11-21T17:44:39.986+0100] {logging_mixin.py:190} INFO - [2024-11-21T17:44:39.986+0100] {dag.py:4180} INFO - Setting next_dagrun for example_subdag_operator.section-1 to None, run_after=None
[2024-11-21T17:44:39.986+0100] {logging_mixin.py:190} INFO - [2024-11-21T17:44:39.986+0100] {dag.py:4180} INFO - Setting next_dagrun for example_subdag_operator.section-2 to None, run_after=None
[2024-11-21T17:44:39.990+0100] {logging_mixin.py:190} INFO - [2024-11-21T17:44:39.990+0100] {dag.py:3239} INFO - Sync 2 DAGs
[2024-11-21T17:44:39.994+0100] {logging_mixin.py:190} INFO - [2024-11-21T17:44:39.994+0100] {dag.py:4180} INFO - Setting next_dagrun for example_subdag_operator.section-1 to None, run_after=None
[2024-11-21T17:44:39.994+0100] {logging_mixin.py:190} INFO - [2024-11-21T17:44:39.994+0100] {dag.py:4180} INFO - Setting next_dagrun for example_subdag_operator.section-2 to None, run_after=None
[2024-11-21T17:44:40.002+0100] {processor.py:208} INFO - Processing /Users/jobandtalent/opt/anaconda3/envs/e2s-env/lib/python3.9/site-packages/airflow/example_dags/example_subdag_operator.py took 1.032 seconds
[2024-11-21T17:47:23.518+0100] {processor.py:186} INFO - Started process (PID=4465) to work on /Users/jobandtalent/opt/anaconda3/envs/e2s-env/lib/python3.9/site-packages/airflow/example_dags/example_subdag_operator.py
[2024-11-21T17:47:23.520+0100] {processor.py:914} INFO - Processing file /Users/jobandtalent/opt/anaconda3/envs/e2s-env/lib/python3.9/site-packages/airflow/example_dags/example_subdag_operator.py for tasks to queue
[2024-11-21T17:47:23.520+0100] {logging_mixin.py:190} INFO - [2024-11-21T17:47:23.520+0100] {dagbag.py:588} INFO - Filling up the DagBag from /Users/jobandtalent/opt/anaconda3/envs/e2s-env/lib/python3.9/site-packages/airflow/example_dags/example_subdag_operator.py
[2024-11-21T17:47:23.582+0100] {processor.py:925} INFO - DAG(s) 'example_subdag_operator.section-1', 'example_subdag_operator.section-2', 'example_subdag_operator' retrieved from /Users/jobandtalent/opt/anaconda3/envs/e2s-env/lib/python3.9/site-packages/airflow/example_dags/example_subdag_operator.py
[2024-11-21T17:47:24.298+0100] {logging_mixin.py:190} INFO - [2024-11-21T17:47:24.298+0100] {dag.py:3239} INFO - Sync 3 DAGs
[2024-11-21T17:47:24.307+0100] {logging_mixin.py:190} INFO - [2024-11-21T17:47:24.307+0100] {dag.py:4180} INFO - Setting next_dagrun for example_subdag_operator to 2022-01-01 00:00:00+00:00, run_after=2022-01-01 00:00:00+00:00
[2024-11-21T17:47:24.309+0100] {logging_mixin.py:190} INFO - [2024-11-21T17:47:24.309+0100] {dag.py:4180} INFO - Setting next_dagrun for example_subdag_operator.section-1 to None, run_after=None
[2024-11-21T17:47:24.309+0100] {logging_mixin.py:190} INFO - [2024-11-21T17:47:24.309+0100] {dag.py:4180} INFO - Setting next_dagrun for example_subdag_operator.section-2 to None, run_after=None
[2024-11-21T17:47:24.317+0100] {logging_mixin.py:190} INFO - [2024-11-21T17:47:24.316+0100] {dag.py:3239} INFO - Sync 2 DAGs
[2024-11-21T17:47:24.319+0100] {logging_mixin.py:190} INFO - [2024-11-21T17:47:24.318+0100] {dag.py:4180} INFO - Setting next_dagrun for example_subdag_operator.section-1 to None, run_after=None
[2024-11-21T17:47:24.319+0100] {logging_mixin.py:190} INFO - [2024-11-21T17:47:24.319+0100] {dag.py:4180} INFO - Setting next_dagrun for example_subdag_operator.section-2 to None, run_after=None
[2024-11-21T17:47:24.325+0100] {processor.py:208} INFO - Processing /Users/jobandtalent/opt/anaconda3/envs/e2s-env/lib/python3.9/site-packages/airflow/example_dags/example_subdag_operator.py took 0.817 seconds
[2024-11-21T17:50:03.194+0100] {processor.py:186} INFO - Started process (PID=4860) to work on /Users/jobandtalent/opt/anaconda3/envs/e2s-env/lib/python3.9/site-packages/airflow/example_dags/example_subdag_operator.py
[2024-11-21T17:50:03.196+0100] {processor.py:914} INFO - Processing file /Users/jobandtalent/opt/anaconda3/envs/e2s-env/lib/python3.9/site-packages/airflow/example_dags/example_subdag_operator.py for tasks to queue
[2024-11-21T17:50:03.198+0100] {logging_mixin.py:190} INFO - [2024-11-21T17:50:03.198+0100] {dagbag.py:588} INFO - Filling up the DagBag from /Users/jobandtalent/opt/anaconda3/envs/e2s-env/lib/python3.9/site-packages/airflow/example_dags/example_subdag_operator.py
[2024-11-21T17:50:03.269+0100] {processor.py:925} INFO - DAG(s) 'example_subdag_operator.section-1', 'example_subdag_operator.section-2', 'example_subdag_operator' retrieved from /Users/jobandtalent/opt/anaconda3/envs/e2s-env/lib/python3.9/site-packages/airflow/example_dags/example_subdag_operator.py
[2024-11-21T17:50:04.121+0100] {logging_mixin.py:190} INFO - [2024-11-21T17:50:04.121+0100] {dag.py:3239} INFO - Sync 3 DAGs
[2024-11-21T17:50:04.133+0100] {logging_mixin.py:190} INFO - [2024-11-21T17:50:04.133+0100] {dag.py:4180} INFO - Setting next_dagrun for example_subdag_operator to 2022-01-01 00:00:00+00:00, run_after=2022-01-01 00:00:00+00:00
[2024-11-21T17:50:04.135+0100] {logging_mixin.py:190} INFO - [2024-11-21T17:50:04.135+0100] {dag.py:4180} INFO - Setting next_dagrun for example_subdag_operator.section-1 to None, run_after=None
[2024-11-21T17:50:04.136+0100] {logging_mixin.py:190} INFO - [2024-11-21T17:50:04.136+0100] {dag.py:4180} INFO - Setting next_dagrun for example_subdag_operator.section-2 to None, run_after=None
[2024-11-21T17:50:04.140+0100] {logging_mixin.py:190} INFO - [2024-11-21T17:50:04.140+0100] {dag.py:3239} INFO - Sync 2 DAGs
[2024-11-21T17:50:04.142+0100] {logging_mixin.py:190} INFO - [2024-11-21T17:50:04.142+0100] {dag.py:4180} INFO - Setting next_dagrun for example_subdag_operator.section-1 to None, run_after=None
[2024-11-21T17:50:04.143+0100] {logging_mixin.py:190} INFO - [2024-11-21T17:50:04.143+0100] {dag.py:4180} INFO - Setting next_dagrun for example_subdag_operator.section-2 to None, run_after=None
[2024-11-21T17:50:04.151+0100] {processor.py:208} INFO - Processing /Users/jobandtalent/opt/anaconda3/envs/e2s-env/lib/python3.9/site-packages/airflow/example_dags/example_subdag_operator.py took 0.965 seconds
[2024-11-21T17:52:30.879+0100] {processor.py:186} INFO - Started process (PID=5225) to work on /Users/jobandtalent/opt/anaconda3/envs/e2s-env/lib/python3.9/site-packages/airflow/example_dags/example_subdag_operator.py
[2024-11-21T17:52:30.881+0100] {processor.py:914} INFO - Processing file /Users/jobandtalent/opt/anaconda3/envs/e2s-env/lib/python3.9/site-packages/airflow/example_dags/example_subdag_operator.py for tasks to queue
[2024-11-21T17:52:30.881+0100] {logging_mixin.py:190} INFO - [2024-11-21T17:52:30.881+0100] {dagbag.py:588} INFO - Filling up the DagBag from /Users/jobandtalent/opt/anaconda3/envs/e2s-env/lib/python3.9/site-packages/airflow/example_dags/example_subdag_operator.py
[2024-11-21T17:52:30.954+0100] {processor.py:925} INFO - DAG(s) 'example_subdag_operator.section-1', 'example_subdag_operator.section-2', 'example_subdag_operator' retrieved from /Users/jobandtalent/opt/anaconda3/envs/e2s-env/lib/python3.9/site-packages/airflow/example_dags/example_subdag_operator.py
[2024-11-21T17:52:31.719+0100] {logging_mixin.py:190} INFO - [2024-11-21T17:52:31.719+0100] {dag.py:3239} INFO - Sync 3 DAGs
[2024-11-21T17:52:31.730+0100] {logging_mixin.py:190} INFO - [2024-11-21T17:52:31.729+0100] {dag.py:4180} INFO - Setting next_dagrun for example_subdag_operator to 2022-01-01 00:00:00+00:00, run_after=2022-01-01 00:00:00+00:00
[2024-11-21T17:52:31.732+0100] {logging_mixin.py:190} INFO - [2024-11-21T17:52:31.731+0100] {dag.py:4180} INFO - Setting next_dagrun for example_subdag_operator.section-1 to None, run_after=None
[2024-11-21T17:52:31.733+0100] {logging_mixin.py:190} INFO - [2024-11-21T17:52:31.732+0100] {dag.py:4180} INFO - Setting next_dagrun for example_subdag_operator.section-2 to None, run_after=None
[2024-11-21T17:52:31.736+0100] {logging_mixin.py:190} INFO - [2024-11-21T17:52:31.736+0100] {dag.py:3239} INFO - Sync 2 DAGs
[2024-11-21T17:52:31.738+0100] {logging_mixin.py:190} INFO - [2024-11-21T17:52:31.738+0100] {dag.py:4180} INFO - Setting next_dagrun for example_subdag_operator.section-1 to None, run_after=None
[2024-11-21T17:52:31.739+0100] {logging_mixin.py:190} INFO - [2024-11-21T17:52:31.739+0100] {dag.py:4180} INFO - Setting next_dagrun for example_subdag_operator.section-2 to None, run_after=None
[2024-11-21T17:52:31.747+0100] {processor.py:208} INFO - Processing /Users/jobandtalent/opt/anaconda3/envs/e2s-env/lib/python3.9/site-packages/airflow/example_dags/example_subdag_operator.py took 0.878 seconds
[2024-11-21T17:54:54.557+0100] {processor.py:186} INFO - Started process (PID=5560) to work on /Users/jobandtalent/opt/anaconda3/envs/e2s-env/lib/python3.9/site-packages/airflow/example_dags/example_subdag_operator.py
[2024-11-21T17:54:54.559+0100] {processor.py:914} INFO - Processing file /Users/jobandtalent/opt/anaconda3/envs/e2s-env/lib/python3.9/site-packages/airflow/example_dags/example_subdag_operator.py for tasks to queue
[2024-11-21T17:54:54.560+0100] {logging_mixin.py:190} INFO - [2024-11-21T17:54:54.560+0100] {dagbag.py:588} INFO - Filling up the DagBag from /Users/jobandtalent/opt/anaconda3/envs/e2s-env/lib/python3.9/site-packages/airflow/example_dags/example_subdag_operator.py
[2024-11-21T17:54:54.629+0100] {processor.py:925} INFO - DAG(s) 'example_subdag_operator.section-1', 'example_subdag_operator.section-2', 'example_subdag_operator' retrieved from /Users/jobandtalent/opt/anaconda3/envs/e2s-env/lib/python3.9/site-packages/airflow/example_dags/example_subdag_operator.py
[2024-11-21T17:54:55.394+0100] {logging_mixin.py:190} INFO - [2024-11-21T17:54:55.394+0100] {dag.py:3239} INFO - Sync 3 DAGs
[2024-11-21T17:54:55.404+0100] {logging_mixin.py:190} INFO - [2024-11-21T17:54:55.403+0100] {dag.py:4180} INFO - Setting next_dagrun for example_subdag_operator to 2022-01-01 00:00:00+00:00, run_after=2022-01-01 00:00:00+00:00
[2024-11-21T17:54:55.407+0100] {logging_mixin.py:190} INFO - [2024-11-21T17:54:55.407+0100] {dag.py:4180} INFO - Setting next_dagrun for example_subdag_operator.section-1 to None, run_after=None
[2024-11-21T17:54:55.408+0100] {logging_mixin.py:190} INFO - [2024-11-21T17:54:55.408+0100] {dag.py:4180} INFO - Setting next_dagrun for example_subdag_operator.section-2 to None, run_after=None
[2024-11-21T17:54:55.422+0100] {logging_mixin.py:190} INFO - [2024-11-21T17:54:55.422+0100] {dag.py:3239} INFO - Sync 2 DAGs
[2024-11-21T17:54:55.425+0100] {logging_mixin.py:190} INFO - [2024-11-21T17:54:55.425+0100] {dag.py:4180} INFO - Setting next_dagrun for example_subdag_operator.section-1 to None, run_after=None
[2024-11-21T17:54:55.427+0100] {logging_mixin.py:190} INFO - [2024-11-21T17:54:55.427+0100] {dag.py:4180} INFO - Setting next_dagrun for example_subdag_operator.section-2 to None, run_after=None
[2024-11-21T17:54:55.441+0100] {processor.py:208} INFO - Processing /Users/jobandtalent/opt/anaconda3/envs/e2s-env/lib/python3.9/site-packages/airflow/example_dags/example_subdag_operator.py took 0.900 seconds
[2024-11-21T17:57:13.982+0100] {processor.py:186} INFO - Started process (PID=5990) to work on /Users/jobandtalent/opt/anaconda3/envs/e2s-env/lib/python3.9/site-packages/airflow/example_dags/example_subdag_operator.py
[2024-11-21T17:57:13.985+0100] {processor.py:914} INFO - Processing file /Users/jobandtalent/opt/anaconda3/envs/e2s-env/lib/python3.9/site-packages/airflow/example_dags/example_subdag_operator.py for tasks to queue
[2024-11-21T17:57:13.985+0100] {logging_mixin.py:190} INFO - [2024-11-21T17:57:13.985+0100] {dagbag.py:588} INFO - Filling up the DagBag from /Users/jobandtalent/opt/anaconda3/envs/e2s-env/lib/python3.9/site-packages/airflow/example_dags/example_subdag_operator.py
[2024-11-21T17:57:14.047+0100] {processor.py:925} INFO - DAG(s) 'example_subdag_operator.section-1', 'example_subdag_operator.section-2', 'example_subdag_operator' retrieved from /Users/jobandtalent/opt/anaconda3/envs/e2s-env/lib/python3.9/site-packages/airflow/example_dags/example_subdag_operator.py
[2024-11-21T17:57:14.772+0100] {logging_mixin.py:190} INFO - [2024-11-21T17:57:14.772+0100] {dag.py:3239} INFO - Sync 3 DAGs
[2024-11-21T17:57:14.782+0100] {logging_mixin.py:190} INFO - [2024-11-21T17:57:14.781+0100] {dag.py:4180} INFO - Setting next_dagrun for example_subdag_operator to 2022-01-01 00:00:00+00:00, run_after=2022-01-01 00:00:00+00:00
[2024-11-21T17:57:14.783+0100] {logging_mixin.py:190} INFO - [2024-11-21T17:57:14.783+0100] {dag.py:4180} INFO - Setting next_dagrun for example_subdag_operator.section-1 to None, run_after=None
[2024-11-21T17:57:14.783+0100] {logging_mixin.py:190} INFO - [2024-11-21T17:57:14.783+0100] {dag.py:4180} INFO - Setting next_dagrun for example_subdag_operator.section-2 to None, run_after=None
[2024-11-21T17:57:14.787+0100] {logging_mixin.py:190} INFO - [2024-11-21T17:57:14.787+0100] {dag.py:3239} INFO - Sync 2 DAGs
[2024-11-21T17:57:14.789+0100] {logging_mixin.py:190} INFO - [2024-11-21T17:57:14.789+0100] {dag.py:4180} INFO - Setting next_dagrun for example_subdag_operator.section-1 to None, run_after=None
[2024-11-21T17:57:14.789+0100] {logging_mixin.py:190} INFO - [2024-11-21T17:57:14.789+0100] {dag.py:4180} INFO - Setting next_dagrun for example_subdag_operator.section-2 to None, run_after=None
[2024-11-21T17:57:14.795+0100] {processor.py:208} INFO - Processing /Users/jobandtalent/opt/anaconda3/envs/e2s-env/lib/python3.9/site-packages/airflow/example_dags/example_subdag_operator.py took 0.823 seconds
[2024-11-21T17:59:37.115+0100] {processor.py:186} INFO - Started process (PID=6444) to work on /Users/jobandtalent/opt/anaconda3/envs/e2s-env/lib/python3.9/site-packages/airflow/example_dags/example_subdag_operator.py
[2024-11-21T17:59:37.117+0100] {processor.py:914} INFO - Processing file /Users/jobandtalent/opt/anaconda3/envs/e2s-env/lib/python3.9/site-packages/airflow/example_dags/example_subdag_operator.py for tasks to queue
[2024-11-21T17:59:37.118+0100] {logging_mixin.py:190} INFO - [2024-11-21T17:59:37.118+0100] {dagbag.py:588} INFO - Filling up the DagBag from /Users/jobandtalent/opt/anaconda3/envs/e2s-env/lib/python3.9/site-packages/airflow/example_dags/example_subdag_operator.py
[2024-11-21T17:59:37.185+0100] {processor.py:925} INFO - DAG(s) 'example_subdag_operator.section-1', 'example_subdag_operator.section-2', 'example_subdag_operator' retrieved from /Users/jobandtalent/opt/anaconda3/envs/e2s-env/lib/python3.9/site-packages/airflow/example_dags/example_subdag_operator.py
[2024-11-21T17:59:37.993+0100] {logging_mixin.py:190} INFO - [2024-11-21T17:59:37.992+0100] {dag.py:3239} INFO - Sync 3 DAGs
[2024-11-21T17:59:38.021+0100] {logging_mixin.py:190} INFO - [2024-11-21T17:59:38.019+0100] {dag.py:4180} INFO - Setting next_dagrun for example_subdag_operator to 2022-01-01 00:00:00+00:00, run_after=2022-01-01 00:00:00+00:00
[2024-11-21T17:59:38.025+0100] {logging_mixin.py:190} INFO - [2024-11-21T17:59:38.025+0100] {dag.py:4180} INFO - Setting next_dagrun for example_subdag_operator.section-1 to None, run_after=None
[2024-11-21T17:59:38.027+0100] {logging_mixin.py:190} INFO - [2024-11-21T17:59:38.027+0100] {dag.py:4180} INFO - Setting next_dagrun for example_subdag_operator.section-2 to None, run_after=None
[2024-11-21T17:59:38.032+0100] {logging_mixin.py:190} INFO - [2024-11-21T17:59:38.032+0100] {dag.py:3239} INFO - Sync 2 DAGs
[2024-11-21T17:59:38.035+0100] {logging_mixin.py:190} INFO - [2024-11-21T17:59:38.035+0100] {dag.py:4180} INFO - Setting next_dagrun for example_subdag_operator.section-1 to None, run_after=None
[2024-11-21T17:59:38.035+0100] {logging_mixin.py:190} INFO - [2024-11-21T17:59:38.035+0100] {dag.py:4180} INFO - Setting next_dagrun for example_subdag_operator.section-2 to None, run_after=None
[2024-11-21T17:59:38.073+0100] {processor.py:208} INFO - Processing /Users/jobandtalent/opt/anaconda3/envs/e2s-env/lib/python3.9/site-packages/airflow/example_dags/example_subdag_operator.py took 0.967 seconds
[2024-11-21T18:02:06.164+0100] {processor.py:186} INFO - Started process (PID=6850) to work on /Users/jobandtalent/opt/anaconda3/envs/e2s-env/lib/python3.9/site-packages/airflow/example_dags/example_subdag_operator.py
[2024-11-21T18:02:06.166+0100] {processor.py:914} INFO - Processing file /Users/jobandtalent/opt/anaconda3/envs/e2s-env/lib/python3.9/site-packages/airflow/example_dags/example_subdag_operator.py for tasks to queue
[2024-11-21T18:02:06.167+0100] {logging_mixin.py:190} INFO - [2024-11-21T18:02:06.167+0100] {dagbag.py:588} INFO - Filling up the DagBag from /Users/jobandtalent/opt/anaconda3/envs/e2s-env/lib/python3.9/site-packages/airflow/example_dags/example_subdag_operator.py
[2024-11-21T18:02:06.239+0100] {processor.py:925} INFO - DAG(s) 'example_subdag_operator.section-1', 'example_subdag_operator.section-2', 'example_subdag_operator' retrieved from /Users/jobandtalent/opt/anaconda3/envs/e2s-env/lib/python3.9/site-packages/airflow/example_dags/example_subdag_operator.py
[2024-11-21T18:02:07.002+0100] {logging_mixin.py:190} INFO - [2024-11-21T18:02:07.001+0100] {dag.py:3239} INFO - Sync 3 DAGs
[2024-11-21T18:02:07.011+0100] {logging_mixin.py:190} INFO - [2024-11-21T18:02:07.011+0100] {dag.py:4180} INFO - Setting next_dagrun for example_subdag_operator to 2022-01-01 00:00:00+00:00, run_after=2022-01-01 00:00:00+00:00
[2024-11-21T18:02:07.013+0100] {logging_mixin.py:190} INFO - [2024-11-21T18:02:07.013+0100] {dag.py:4180} INFO - Setting next_dagrun for example_subdag_operator.section-1 to None, run_after=None
[2024-11-21T18:02:07.013+0100] {logging_mixin.py:190} INFO - [2024-11-21T18:02:07.013+0100] {dag.py:4180} INFO - Setting next_dagrun for example_subdag_operator.section-2 to None, run_after=None
[2024-11-21T18:02:07.017+0100] {logging_mixin.py:190} INFO - [2024-11-21T18:02:07.017+0100] {dag.py:3239} INFO - Sync 2 DAGs
[2024-11-21T18:02:07.019+0100] {logging_mixin.py:190} INFO - [2024-11-21T18:02:07.019+0100] {dag.py:4180} INFO - Setting next_dagrun for example_subdag_operator.section-1 to None, run_after=None
[2024-11-21T18:02:07.019+0100] {logging_mixin.py:190} INFO - [2024-11-21T18:02:07.019+0100] {dag.py:4180} INFO - Setting next_dagrun for example_subdag_operator.section-2 to None, run_after=None
[2024-11-21T18:02:07.025+0100] {processor.py:208} INFO - Processing /Users/jobandtalent/opt/anaconda3/envs/e2s-env/lib/python3.9/site-packages/airflow/example_dags/example_subdag_operator.py took 0.872 seconds
[2024-11-21T18:04:30.453+0100] {processor.py:186} INFO - Started process (PID=7194) to work on /Users/jobandtalent/opt/anaconda3/envs/e2s-env/lib/python3.9/site-packages/airflow/example_dags/example_subdag_operator.py
[2024-11-21T18:04:30.456+0100] {processor.py:914} INFO - Processing file /Users/jobandtalent/opt/anaconda3/envs/e2s-env/lib/python3.9/site-packages/airflow/example_dags/example_subdag_operator.py for tasks to queue
[2024-11-21T18:04:30.457+0100] {logging_mixin.py:190} INFO - [2024-11-21T18:04:30.457+0100] {dagbag.py:588} INFO - Filling up the DagBag from /Users/jobandtalent/opt/anaconda3/envs/e2s-env/lib/python3.9/site-packages/airflow/example_dags/example_subdag_operator.py
[2024-11-21T18:04:30.521+0100] {processor.py:925} INFO - DAG(s) 'example_subdag_operator.section-1', 'example_subdag_operator.section-2', 'example_subdag_operator' retrieved from /Users/jobandtalent/opt/anaconda3/envs/e2s-env/lib/python3.9/site-packages/airflow/example_dags/example_subdag_operator.py
[2024-11-21T18:04:31.263+0100] {logging_mixin.py:190} INFO - [2024-11-21T18:04:31.263+0100] {dag.py:3239} INFO - Sync 3 DAGs
[2024-11-21T18:04:31.273+0100] {logging_mixin.py:190} INFO - [2024-11-21T18:04:31.273+0100] {dag.py:4180} INFO - Setting next_dagrun for example_subdag_operator to 2022-01-01 00:00:00+00:00, run_after=2022-01-01 00:00:00+00:00
[2024-11-21T18:04:31.274+0100] {logging_mixin.py:190} INFO - [2024-11-21T18:04:31.274+0100] {dag.py:4180} INFO - Setting next_dagrun for example_subdag_operator.section-1 to None, run_after=None
[2024-11-21T18:04:31.275+0100] {logging_mixin.py:190} INFO - [2024-11-21T18:04:31.275+0100] {dag.py:4180} INFO - Setting next_dagrun for example_subdag_operator.section-2 to None, run_after=None
[2024-11-21T18:04:31.278+0100] {logging_mixin.py:190} INFO - [2024-11-21T18:04:31.278+0100] {dag.py:3239} INFO - Sync 2 DAGs
[2024-11-21T18:04:31.280+0100] {logging_mixin.py:190} INFO - [2024-11-21T18:04:31.280+0100] {dag.py:4180} INFO - Setting next_dagrun for example_subdag_operator.section-1 to None, run_after=None
[2024-11-21T18:04:31.280+0100] {logging_mixin.py:190} INFO - [2024-11-21T18:04:31.280+0100] {dag.py:4180} INFO - Setting next_dagrun for example_subdag_operator.section-2 to None, run_after=None
[2024-11-21T18:04:31.289+0100] {processor.py:208} INFO - Processing /Users/jobandtalent/opt/anaconda3/envs/e2s-env/lib/python3.9/site-packages/airflow/example_dags/example_subdag_operator.py took 0.845 seconds
