[2024-11-21T17:36:18.940+0100] {processor.py:186} INFO - Started process (PID=2393) to work on /Users/jobandtalent/opt/anaconda3/envs/e2s-env/lib/python3.9/site-packages/airflow/example_dags/example_branch_day_of_week_operator.py
[2024-11-21T17:36:18.941+0100] {processor.py:914} INFO - Processing file /Users/jobandtalent/opt/anaconda3/envs/e2s-env/lib/python3.9/site-packages/airflow/example_dags/example_branch_day_of_week_operator.py for tasks to queue
[2024-11-21T17:36:18.942+0100] {logging_mixin.py:190} INFO - [2024-11-21T17:36:18.942+0100] {dagbag.py:588} INFO - Filling up the DagBag from /Users/jobandtalent/opt/anaconda3/envs/e2s-env/lib/python3.9/site-packages/airflow/example_dags/example_branch_day_of_week_operator.py
[2024-11-21T17:36:18.953+0100] {processor.py:925} INFO - DAG(s) 'example_weekday_branch_operator' retrieved from /Users/jobandtalent/opt/anaconda3/envs/e2s-env/lib/python3.9/site-packages/airflow/example_dags/example_branch_day_of_week_operator.py
[2024-11-21T17:36:19.090+0100] {logging_mixin.py:190} INFO - [2024-11-21T17:36:19.090+0100] {override.py:1911} INFO - Created Permission View: can read on DAG:example_weekday_branch_operator
[2024-11-21T17:36:19.095+0100] {logging_mixin.py:190} INFO - [2024-11-21T17:36:19.094+0100] {override.py:1911} INFO - Created Permission View: can delete on DAG:example_weekday_branch_operator
[2024-11-21T17:36:19.098+0100] {logging_mixin.py:190} INFO - [2024-11-21T17:36:19.098+0100] {override.py:1911} INFO - Created Permission View: can edit on DAG:example_weekday_branch_operator
[2024-11-21T17:36:19.102+0100] {logging_mixin.py:190} INFO - [2024-11-21T17:36:19.102+0100] {override.py:1911} INFO - Created Permission View: can read on DAG Run:example_weekday_branch_operator
[2024-11-21T17:36:19.105+0100] {logging_mixin.py:190} INFO - [2024-11-21T17:36:19.105+0100] {override.py:1911} INFO - Created Permission View: can delete on DAG Run:example_weekday_branch_operator
[2024-11-21T17:36:19.143+0100] {logging_mixin.py:190} INFO - [2024-11-21T17:36:19.143+0100] {override.py:1911} INFO - Created Permission View: can create on DAG Run:example_weekday_branch_operator
[2024-11-21T17:36:19.148+0100] {logging_mixin.py:190} INFO - [2024-11-21T17:36:19.148+0100] {override.py:1911} INFO - Created Permission View: menu access on DAG Run:example_weekday_branch_operator
[2024-11-21T17:36:19.149+0100] {logging_mixin.py:190} INFO - [2024-11-21T17:36:19.148+0100] {dag.py:3239} INFO - Sync 1 DAGs
[2024-11-21T17:36:19.156+0100] {logging_mixin.py:190} INFO - [2024-11-21T17:36:19.155+0100] {dag.py:3262} INFO - Creating ORM DAG for example_weekday_branch_operator
[2024-11-21T17:36:19.160+0100] {logging_mixin.py:190} INFO - [2024-11-21T17:36:19.160+0100] {dag.py:4180} INFO - Setting next_dagrun for example_weekday_branch_operator to 2024-11-20 00:00:00+00:00, run_after=2024-11-21 00:00:00+00:00
[2024-11-21T17:36:19.171+0100] {processor.py:208} INFO - Processing /Users/jobandtalent/opt/anaconda3/envs/e2s-env/lib/python3.9/site-packages/airflow/example_dags/example_branch_day_of_week_operator.py took 0.241 seconds
[2024-11-21T17:41:01.557+0100] {processor.py:186} INFO - Started process (PID=3095) to work on /Users/jobandtalent/opt/anaconda3/envs/e2s-env/lib/python3.9/site-packages/airflow/example_dags/example_branch_day_of_week_operator.py
[2024-11-21T17:41:01.559+0100] {processor.py:914} INFO - Processing file /Users/jobandtalent/opt/anaconda3/envs/e2s-env/lib/python3.9/site-packages/airflow/example_dags/example_branch_day_of_week_operator.py for tasks to queue
[2024-11-21T17:41:01.560+0100] {logging_mixin.py:190} INFO - [2024-11-21T17:41:01.560+0100] {dagbag.py:588} INFO - Filling up the DagBag from /Users/jobandtalent/opt/anaconda3/envs/e2s-env/lib/python3.9/site-packages/airflow/example_dags/example_branch_day_of_week_operator.py
[2024-11-21T17:41:01.569+0100] {processor.py:925} INFO - DAG(s) 'example_weekday_branch_operator' retrieved from /Users/jobandtalent/opt/anaconda3/envs/e2s-env/lib/python3.9/site-packages/airflow/example_dags/example_branch_day_of_week_operator.py
[2024-11-21T17:41:01.630+0100] {logging_mixin.py:190} INFO - [2024-11-21T17:41:01.629+0100] {dag.py:3239} INFO - Sync 1 DAGs
[2024-11-21T17:41:01.640+0100] {logging_mixin.py:190} INFO - [2024-11-21T17:41:01.640+0100] {dag.py:4180} INFO - Setting next_dagrun for example_weekday_branch_operator to 2024-11-20 00:00:00+00:00, run_after=2024-11-21 00:00:00+00:00
[2024-11-21T17:41:01.650+0100] {processor.py:208} INFO - Processing /Users/jobandtalent/opt/anaconda3/envs/e2s-env/lib/python3.9/site-packages/airflow/example_dags/example_branch_day_of_week_operator.py took 0.103 seconds
[2024-11-21T17:46:13.634+0100] {processor.py:186} INFO - Started process (PID=4081) to work on /Users/jobandtalent/opt/anaconda3/envs/e2s-env/lib/python3.9/site-packages/airflow/example_dags/example_branch_day_of_week_operator.py
[2024-11-21T17:46:13.637+0100] {processor.py:914} INFO - Processing file /Users/jobandtalent/opt/anaconda3/envs/e2s-env/lib/python3.9/site-packages/airflow/example_dags/example_branch_day_of_week_operator.py for tasks to queue
[2024-11-21T17:46:13.637+0100] {logging_mixin.py:190} INFO - [2024-11-21T17:46:13.637+0100] {dagbag.py:588} INFO - Filling up the DagBag from /Users/jobandtalent/opt/anaconda3/envs/e2s-env/lib/python3.9/site-packages/airflow/example_dags/example_branch_day_of_week_operator.py
[2024-11-21T17:46:13.649+0100] {processor.py:925} INFO - DAG(s) 'example_weekday_branch_operator' retrieved from /Users/jobandtalent/opt/anaconda3/envs/e2s-env/lib/python3.9/site-packages/airflow/example_dags/example_branch_day_of_week_operator.py
[2024-11-21T17:46:13.858+0100] {logging_mixin.py:190} INFO - [2024-11-21T17:46:13.858+0100] {dag.py:3239} INFO - Sync 1 DAGs
[2024-11-21T17:46:13.871+0100] {logging_mixin.py:190} INFO - [2024-11-21T17:46:13.871+0100] {dag.py:4180} INFO - Setting next_dagrun for example_weekday_branch_operator to 2024-11-20 00:00:00+00:00, run_after=2024-11-21 00:00:00+00:00
[2024-11-21T17:46:13.885+0100] {processor.py:208} INFO - Processing /Users/jobandtalent/opt/anaconda3/envs/e2s-env/lib/python3.9/site-packages/airflow/example_dags/example_branch_day_of_week_operator.py took 0.258 seconds
