[2024-11-21T17:35:51.628+0100] {processor.py:186} INFO - Started process (PID=2340) to work on /Users/jobandtalent/opt/anaconda3/envs/e2s-env/lib/python3.9/site-packages/airflow/example_dags/example_dataset_alias_with_no_taskflow.py
[2024-11-21T17:35:51.629+0100] {processor.py:914} INFO - Processing file /Users/jobandtalent/opt/anaconda3/envs/e2s-env/lib/python3.9/site-packages/airflow/example_dags/example_dataset_alias_with_no_taskflow.py for tasks to queue
[2024-11-21T17:35:51.630+0100] {logging_mixin.py:190} INFO - [2024-11-21T17:35:51.630+0100] {dagbag.py:588} INFO - Filling up the DagBag from /Users/jobandtalent/opt/anaconda3/envs/e2s-env/lib/python3.9/site-packages/airflow/example_dags/example_dataset_alias_with_no_taskflow.py
[2024-11-21T17:35:51.869+0100] {processor.py:925} INFO - DAG(s) 'dataset_s3_bucket_consumer_with_no_taskflow', 'dataset_s3_bucket_producer_with_no_taskflow', 'dataset_alias_example_alias_consumer_with_no_taskflow', 'dataset_alias_example_alias_producer_with_no_taskflow' retrieved from /Users/jobandtalent/opt/anaconda3/envs/e2s-env/lib/python3.9/site-packages/airflow/example_dags/example_dataset_alias_with_no_taskflow.py
[2024-11-21T17:35:52.001+0100] {logging_mixin.py:190} INFO - [2024-11-21T17:35:52.001+0100] {override.py:1911} INFO - Created Permission View: can read on DAG:dataset_s3_bucket_consumer_with_no_taskflow
[2024-11-21T17:35:52.007+0100] {logging_mixin.py:190} INFO - [2024-11-21T17:35:52.007+0100] {override.py:1911} INFO - Created Permission View: can edit on DAG:dataset_s3_bucket_consumer_with_no_taskflow
[2024-11-21T17:35:52.011+0100] {logging_mixin.py:190} INFO - [2024-11-21T17:35:52.011+0100] {override.py:1911} INFO - Created Permission View: can delete on DAG:dataset_s3_bucket_consumer_with_no_taskflow
[2024-11-21T17:35:52.016+0100] {logging_mixin.py:190} INFO - [2024-11-21T17:35:52.016+0100] {override.py:1911} INFO - Created Permission View: menu access on DAG Run:dataset_s3_bucket_consumer_with_no_taskflow
[2024-11-21T17:35:52.019+0100] {logging_mixin.py:190} INFO - [2024-11-21T17:35:52.019+0100] {override.py:1911} INFO - Created Permission View: can read on DAG Run:dataset_s3_bucket_consumer_with_no_taskflow
[2024-11-21T17:35:52.023+0100] {logging_mixin.py:190} INFO - [2024-11-21T17:35:52.022+0100] {override.py:1911} INFO - Created Permission View: can create on DAG Run:dataset_s3_bucket_consumer_with_no_taskflow
[2024-11-21T17:35:52.026+0100] {logging_mixin.py:190} INFO - [2024-11-21T17:35:52.026+0100] {override.py:1911} INFO - Created Permission View: can delete on DAG Run:dataset_s3_bucket_consumer_with_no_taskflow
[2024-11-21T17:35:52.044+0100] {logging_mixin.py:190} INFO - [2024-11-21T17:35:52.044+0100] {override.py:1911} INFO - Created Permission View: can read on DAG:dataset_s3_bucket_producer_with_no_taskflow
[2024-11-21T17:35:52.049+0100] {logging_mixin.py:190} INFO - [2024-11-21T17:35:52.049+0100] {override.py:1911} INFO - Created Permission View: can edit on DAG:dataset_s3_bucket_producer_with_no_taskflow
[2024-11-21T17:35:52.053+0100] {logging_mixin.py:190} INFO - [2024-11-21T17:35:52.053+0100] {override.py:1911} INFO - Created Permission View: can delete on DAG:dataset_s3_bucket_producer_with_no_taskflow
[2024-11-21T17:35:52.060+0100] {logging_mixin.py:190} INFO - [2024-11-21T17:35:52.060+0100] {override.py:1911} INFO - Created Permission View: menu access on DAG Run:dataset_s3_bucket_producer_with_no_taskflow
[2024-11-21T17:35:52.065+0100] {logging_mixin.py:190} INFO - [2024-11-21T17:35:52.065+0100] {override.py:1911} INFO - Created Permission View: can read on DAG Run:dataset_s3_bucket_producer_with_no_taskflow
[2024-11-21T17:35:52.070+0100] {logging_mixin.py:190} INFO - [2024-11-21T17:35:52.070+0100] {override.py:1911} INFO - Created Permission View: can create on DAG Run:dataset_s3_bucket_producer_with_no_taskflow
[2024-11-21T17:35:52.074+0100] {logging_mixin.py:190} INFO - [2024-11-21T17:35:52.074+0100] {override.py:1911} INFO - Created Permission View: can delete on DAG Run:dataset_s3_bucket_producer_with_no_taskflow
[2024-11-21T17:35:52.083+0100] {logging_mixin.py:190} INFO - [2024-11-21T17:35:52.083+0100] {override.py:1911} INFO - Created Permission View: can read on DAG:dataset_alias_example_alias_consumer_with_no_taskflow
[2024-11-21T17:35:52.093+0100] {logging_mixin.py:190} INFO - [2024-11-21T17:35:52.093+0100] {override.py:1911} INFO - Created Permission View: can edit on DAG:dataset_alias_example_alias_consumer_with_no_taskflow
[2024-11-21T17:35:52.102+0100] {logging_mixin.py:190} INFO - [2024-11-21T17:35:52.102+0100] {override.py:1911} INFO - Created Permission View: can delete on DAG:dataset_alias_example_alias_consumer_with_no_taskflow
[2024-11-21T17:35:52.108+0100] {logging_mixin.py:190} INFO - [2024-11-21T17:35:52.108+0100] {override.py:1911} INFO - Created Permission View: menu access on DAG Run:dataset_alias_example_alias_consumer_with_no_taskflow
[2024-11-21T17:35:52.111+0100] {logging_mixin.py:190} INFO - [2024-11-21T17:35:52.111+0100] {override.py:1911} INFO - Created Permission View: can read on DAG Run:dataset_alias_example_alias_consumer_with_no_taskflow
[2024-11-21T17:35:52.115+0100] {logging_mixin.py:190} INFO - [2024-11-21T17:35:52.115+0100] {override.py:1911} INFO - Created Permission View: can create on DAG Run:dataset_alias_example_alias_consumer_with_no_taskflow
[2024-11-21T17:35:52.118+0100] {logging_mixin.py:190} INFO - [2024-11-21T17:35:52.118+0100] {override.py:1911} INFO - Created Permission View: can delete on DAG Run:dataset_alias_example_alias_consumer_with_no_taskflow
[2024-11-21T17:35:52.128+0100] {logging_mixin.py:190} INFO - [2024-11-21T17:35:52.128+0100] {override.py:1911} INFO - Created Permission View: can read on DAG:dataset_alias_example_alias_producer_with_no_taskflow
[2024-11-21T17:35:52.132+0100] {logging_mixin.py:190} INFO - [2024-11-21T17:35:52.131+0100] {override.py:1911} INFO - Created Permission View: can edit on DAG:dataset_alias_example_alias_producer_with_no_taskflow
[2024-11-21T17:35:52.135+0100] {logging_mixin.py:190} INFO - [2024-11-21T17:35:52.135+0100] {override.py:1911} INFO - Created Permission View: can delete on DAG:dataset_alias_example_alias_producer_with_no_taskflow
[2024-11-21T17:35:52.140+0100] {logging_mixin.py:190} INFO - [2024-11-21T17:35:52.140+0100] {override.py:1911} INFO - Created Permission View: menu access on DAG Run:dataset_alias_example_alias_producer_with_no_taskflow
[2024-11-21T17:35:52.144+0100] {logging_mixin.py:190} INFO - [2024-11-21T17:35:52.143+0100] {override.py:1911} INFO - Created Permission View: can read on DAG Run:dataset_alias_example_alias_producer_with_no_taskflow
[2024-11-21T17:35:52.148+0100] {logging_mixin.py:190} INFO - [2024-11-21T17:35:52.147+0100] {override.py:1911} INFO - Created Permission View: can create on DAG Run:dataset_alias_example_alias_producer_with_no_taskflow
[2024-11-21T17:35:52.151+0100] {logging_mixin.py:190} INFO - [2024-11-21T17:35:52.151+0100] {override.py:1911} INFO - Created Permission View: can delete on DAG Run:dataset_alias_example_alias_producer_with_no_taskflow
[2024-11-21T17:35:52.151+0100] {logging_mixin.py:190} INFO - [2024-11-21T17:35:52.151+0100] {dag.py:3239} INFO - Sync 4 DAGs
[2024-11-21T17:35:52.159+0100] {logging_mixin.py:190} INFO - [2024-11-21T17:35:52.159+0100] {dag.py:3262} INFO - Creating ORM DAG for dataset_s3_bucket_producer_with_no_taskflow
[2024-11-21T17:35:52.159+0100] {logging_mixin.py:190} INFO - [2024-11-21T17:35:52.159+0100] {dag.py:3262} INFO - Creating ORM DAG for dataset_alias_example_alias_producer_with_no_taskflow
[2024-11-21T17:35:52.159+0100] {logging_mixin.py:190} INFO - [2024-11-21T17:35:52.159+0100] {dag.py:3262} INFO - Creating ORM DAG for dataset_alias_example_alias_consumer_with_no_taskflow
[2024-11-21T17:35:52.160+0100] {logging_mixin.py:190} INFO - [2024-11-21T17:35:52.160+0100] {dag.py:3262} INFO - Creating ORM DAG for dataset_s3_bucket_consumer_with_no_taskflow
[2024-11-21T17:35:52.164+0100] {logging_mixin.py:190} INFO - [2024-11-21T17:35:52.164+0100] {dag.py:4180} INFO - Setting next_dagrun for dataset_alias_example_alias_consumer_with_no_taskflow to None, run_after=None
[2024-11-21T17:35:52.165+0100] {logging_mixin.py:190} INFO - [2024-11-21T17:35:52.165+0100] {dag.py:4180} INFO - Setting next_dagrun for dataset_alias_example_alias_producer_with_no_taskflow to None, run_after=None
[2024-11-21T17:35:52.165+0100] {logging_mixin.py:190} INFO - [2024-11-21T17:35:52.165+0100] {dag.py:4180} INFO - Setting next_dagrun for dataset_s3_bucket_consumer_with_no_taskflow to None, run_after=None
[2024-11-21T17:35:52.165+0100] {logging_mixin.py:190} INFO - [2024-11-21T17:35:52.165+0100] {dag.py:4180} INFO - Setting next_dagrun for dataset_s3_bucket_producer_with_no_taskflow to None, run_after=None
[2024-11-21T17:35:52.774+0100] {processor.py:208} INFO - Processing /Users/jobandtalent/opt/anaconda3/envs/e2s-env/lib/python3.9/site-packages/airflow/example_dags/example_dataset_alias_with_no_taskflow.py took 1.157 seconds
[2024-11-21T17:38:41.936+0100] {processor.py:186} INFO - Started process (PID=2763) to work on /Users/jobandtalent/opt/anaconda3/envs/e2s-env/lib/python3.9/site-packages/airflow/example_dags/example_dataset_alias_with_no_taskflow.py
[2024-11-21T17:38:41.940+0100] {processor.py:914} INFO - Processing file /Users/jobandtalent/opt/anaconda3/envs/e2s-env/lib/python3.9/site-packages/airflow/example_dags/example_dataset_alias_with_no_taskflow.py for tasks to queue
[2024-11-21T17:38:41.943+0100] {logging_mixin.py:190} INFO - [2024-11-21T17:38:41.942+0100] {dagbag.py:588} INFO - Filling up the DagBag from /Users/jobandtalent/opt/anaconda3/envs/e2s-env/lib/python3.9/site-packages/airflow/example_dags/example_dataset_alias_with_no_taskflow.py
[2024-11-21T17:38:42.199+0100] {processor.py:925} INFO - DAG(s) 'dataset_s3_bucket_consumer_with_no_taskflow', 'dataset_alias_example_alias_producer_with_no_taskflow', 'dataset_alias_example_alias_consumer_with_no_taskflow', 'dataset_s3_bucket_producer_with_no_taskflow' retrieved from /Users/jobandtalent/opt/anaconda3/envs/e2s-env/lib/python3.9/site-packages/airflow/example_dags/example_dataset_alias_with_no_taskflow.py
[2024-11-21T17:38:42.215+0100] {logging_mixin.py:190} INFO - [2024-11-21T17:38:42.215+0100] {dag.py:3239} INFO - Sync 4 DAGs
[2024-11-21T17:38:42.227+0100] {logging_mixin.py:190} INFO - [2024-11-21T17:38:42.227+0100] {dag.py:4180} INFO - Setting next_dagrun for dataset_alias_example_alias_consumer_with_no_taskflow to None, run_after=None
[2024-11-21T17:38:42.228+0100] {logging_mixin.py:190} INFO - [2024-11-21T17:38:42.228+0100] {dag.py:4180} INFO - Setting next_dagrun for dataset_alias_example_alias_producer_with_no_taskflow to None, run_after=None
[2024-11-21T17:38:42.228+0100] {logging_mixin.py:190} INFO - [2024-11-21T17:38:42.228+0100] {dag.py:4180} INFO - Setting next_dagrun for dataset_s3_bucket_consumer_with_no_taskflow to None, run_after=None
[2024-11-21T17:38:42.229+0100] {logging_mixin.py:190} INFO - [2024-11-21T17:38:42.229+0100] {dag.py:4180} INFO - Setting next_dagrun for dataset_s3_bucket_producer_with_no_taskflow to None, run_after=None
[2024-11-21T17:38:42.243+0100] {processor.py:208} INFO - Processing /Users/jobandtalent/opt/anaconda3/envs/e2s-env/lib/python3.9/site-packages/airflow/example_dags/example_dataset_alias_with_no_taskflow.py took 0.317 seconds
[2024-11-21T17:43:29.667+0100] {processor.py:186} INFO - Started process (PID=3455) to work on /Users/jobandtalent/opt/anaconda3/envs/e2s-env/lib/python3.9/site-packages/airflow/example_dags/example_dataset_alias_with_no_taskflow.py
[2024-11-21T17:43:29.670+0100] {processor.py:914} INFO - Processing file /Users/jobandtalent/opt/anaconda3/envs/e2s-env/lib/python3.9/site-packages/airflow/example_dags/example_dataset_alias_with_no_taskflow.py for tasks to queue
[2024-11-21T17:43:29.671+0100] {logging_mixin.py:190} INFO - [2024-11-21T17:43:29.670+0100] {dagbag.py:588} INFO - Filling up the DagBag from /Users/jobandtalent/opt/anaconda3/envs/e2s-env/lib/python3.9/site-packages/airflow/example_dags/example_dataset_alias_with_no_taskflow.py
[2024-11-21T17:43:29.954+0100] {processor.py:925} INFO - DAG(s) 'dataset_s3_bucket_consumer_with_no_taskflow', 'dataset_alias_example_alias_consumer_with_no_taskflow', 'dataset_s3_bucket_producer_with_no_taskflow', 'dataset_alias_example_alias_producer_with_no_taskflow' retrieved from /Users/jobandtalent/opt/anaconda3/envs/e2s-env/lib/python3.9/site-packages/airflow/example_dags/example_dataset_alias_with_no_taskflow.py
[2024-11-21T17:43:29.972+0100] {logging_mixin.py:190} INFO - [2024-11-21T17:43:29.971+0100] {dag.py:3239} INFO - Sync 4 DAGs
[2024-11-21T17:43:29.985+0100] {logging_mixin.py:190} INFO - [2024-11-21T17:43:29.985+0100] {dag.py:4180} INFO - Setting next_dagrun for dataset_alias_example_alias_consumer_with_no_taskflow to None, run_after=None
[2024-11-21T17:43:29.988+0100] {logging_mixin.py:190} INFO - [2024-11-21T17:43:29.988+0100] {dag.py:4180} INFO - Setting next_dagrun for dataset_alias_example_alias_producer_with_no_taskflow to None, run_after=None
[2024-11-21T17:43:29.989+0100] {logging_mixin.py:190} INFO - [2024-11-21T17:43:29.989+0100] {dag.py:4180} INFO - Setting next_dagrun for dataset_s3_bucket_consumer_with_no_taskflow to None, run_after=None
[2024-11-21T17:43:29.989+0100] {logging_mixin.py:190} INFO - [2024-11-21T17:43:29.989+0100] {dag.py:4180} INFO - Setting next_dagrun for dataset_s3_bucket_producer_with_no_taskflow to None, run_after=None
[2024-11-21T17:43:30.005+0100] {processor.py:208} INFO - Processing /Users/jobandtalent/opt/anaconda3/envs/e2s-env/lib/python3.9/site-packages/airflow/example_dags/example_dataset_alias_with_no_taskflow.py took 0.348 seconds
[2024-11-21T17:48:47.058+0100] {processor.py:186} INFO - Started process (PID=4672) to work on /Users/jobandtalent/opt/anaconda3/envs/e2s-env/lib/python3.9/site-packages/airflow/example_dags/example_dataset_alias_with_no_taskflow.py
[2024-11-21T17:48:47.060+0100] {processor.py:914} INFO - Processing file /Users/jobandtalent/opt/anaconda3/envs/e2s-env/lib/python3.9/site-packages/airflow/example_dags/example_dataset_alias_with_no_taskflow.py for tasks to queue
[2024-11-21T17:48:47.061+0100] {logging_mixin.py:190} INFO - [2024-11-21T17:48:47.061+0100] {dagbag.py:588} INFO - Filling up the DagBag from /Users/jobandtalent/opt/anaconda3/envs/e2s-env/lib/python3.9/site-packages/airflow/example_dags/example_dataset_alias_with_no_taskflow.py
[2024-11-21T17:48:47.337+0100] {processor.py:925} INFO - DAG(s) 'dataset_alias_example_alias_producer_with_no_taskflow', 'dataset_s3_bucket_producer_with_no_taskflow', 'dataset_s3_bucket_consumer_with_no_taskflow', 'dataset_alias_example_alias_consumer_with_no_taskflow' retrieved from /Users/jobandtalent/opt/anaconda3/envs/e2s-env/lib/python3.9/site-packages/airflow/example_dags/example_dataset_alias_with_no_taskflow.py
[2024-11-21T17:48:47.352+0100] {logging_mixin.py:190} INFO - [2024-11-21T17:48:47.352+0100] {dag.py:3239} INFO - Sync 4 DAGs
[2024-11-21T17:48:47.364+0100] {logging_mixin.py:190} INFO - [2024-11-21T17:48:47.364+0100] {dag.py:4180} INFO - Setting next_dagrun for dataset_alias_example_alias_consumer_with_no_taskflow to None, run_after=None
[2024-11-21T17:48:47.366+0100] {logging_mixin.py:190} INFO - [2024-11-21T17:48:47.365+0100] {dag.py:4180} INFO - Setting next_dagrun for dataset_alias_example_alias_producer_with_no_taskflow to None, run_after=None
[2024-11-21T17:48:47.366+0100] {logging_mixin.py:190} INFO - [2024-11-21T17:48:47.366+0100] {dag.py:4180} INFO - Setting next_dagrun for dataset_s3_bucket_consumer_with_no_taskflow to None, run_after=None
[2024-11-21T17:48:47.367+0100] {logging_mixin.py:190} INFO - [2024-11-21T17:48:47.367+0100] {dag.py:4180} INFO - Setting next_dagrun for dataset_s3_bucket_producer_with_no_taskflow to None, run_after=None
[2024-11-21T17:48:47.381+0100] {processor.py:208} INFO - Processing /Users/jobandtalent/opt/anaconda3/envs/e2s-env/lib/python3.9/site-packages/airflow/example_dags/example_dataset_alias_with_no_taskflow.py took 0.337 seconds
[2024-11-21T17:53:41.714+0100] {processor.py:186} INFO - Started process (PID=5395) to work on /Users/jobandtalent/opt/anaconda3/envs/e2s-env/lib/python3.9/site-packages/airflow/example_dags/example_dataset_alias_with_no_taskflow.py
[2024-11-21T17:53:41.716+0100] {processor.py:914} INFO - Processing file /Users/jobandtalent/opt/anaconda3/envs/e2s-env/lib/python3.9/site-packages/airflow/example_dags/example_dataset_alias_with_no_taskflow.py for tasks to queue
[2024-11-21T17:53:41.716+0100] {logging_mixin.py:190} INFO - [2024-11-21T17:53:41.716+0100] {dagbag.py:588} INFO - Filling up the DagBag from /Users/jobandtalent/opt/anaconda3/envs/e2s-env/lib/python3.9/site-packages/airflow/example_dags/example_dataset_alias_with_no_taskflow.py
[2024-11-21T17:53:42.006+0100] {processor.py:925} INFO - DAG(s) 'dataset_s3_bucket_consumer_with_no_taskflow', 'dataset_alias_example_alias_producer_with_no_taskflow', 'dataset_s3_bucket_producer_with_no_taskflow', 'dataset_alias_example_alias_consumer_with_no_taskflow' retrieved from /Users/jobandtalent/opt/anaconda3/envs/e2s-env/lib/python3.9/site-packages/airflow/example_dags/example_dataset_alias_with_no_taskflow.py
[2024-11-21T17:53:42.022+0100] {logging_mixin.py:190} INFO - [2024-11-21T17:53:42.021+0100] {dag.py:3239} INFO - Sync 4 DAGs
[2024-11-21T17:53:42.033+0100] {logging_mixin.py:190} INFO - [2024-11-21T17:53:42.033+0100] {dag.py:4180} INFO - Setting next_dagrun for dataset_alias_example_alias_consumer_with_no_taskflow to None, run_after=None
[2024-11-21T17:53:42.034+0100] {logging_mixin.py:190} INFO - [2024-11-21T17:53:42.034+0100] {dag.py:4180} INFO - Setting next_dagrun for dataset_alias_example_alias_producer_with_no_taskflow to None, run_after=None
[2024-11-21T17:53:42.035+0100] {logging_mixin.py:190} INFO - [2024-11-21T17:53:42.035+0100] {dag.py:4180} INFO - Setting next_dagrun for dataset_s3_bucket_consumer_with_no_taskflow to None, run_after=None
[2024-11-21T17:53:42.035+0100] {logging_mixin.py:190} INFO - [2024-11-21T17:53:42.035+0100] {dag.py:4180} INFO - Setting next_dagrun for dataset_s3_bucket_producer_with_no_taskflow to None, run_after=None
[2024-11-21T17:53:42.049+0100] {processor.py:208} INFO - Processing /Users/jobandtalent/opt/anaconda3/envs/e2s-env/lib/python3.9/site-packages/airflow/example_dags/example_dataset_alias_with_no_taskflow.py took 0.345 seconds
[2024-11-21T17:58:26.852+0100] {processor.py:186} INFO - Started process (PID=6285) to work on /Users/jobandtalent/opt/anaconda3/envs/e2s-env/lib/python3.9/site-packages/airflow/example_dags/example_dataset_alias_with_no_taskflow.py
[2024-11-21T17:58:26.854+0100] {processor.py:914} INFO - Processing file /Users/jobandtalent/opt/anaconda3/envs/e2s-env/lib/python3.9/site-packages/airflow/example_dags/example_dataset_alias_with_no_taskflow.py for tasks to queue
[2024-11-21T17:58:26.855+0100] {logging_mixin.py:190} INFO - [2024-11-21T17:58:26.855+0100] {dagbag.py:588} INFO - Filling up the DagBag from /Users/jobandtalent/opt/anaconda3/envs/e2s-env/lib/python3.9/site-packages/airflow/example_dags/example_dataset_alias_with_no_taskflow.py
[2024-11-21T17:58:27.087+0100] {processor.py:925} INFO - DAG(s) 'dataset_alias_example_alias_consumer_with_no_taskflow', 'dataset_alias_example_alias_producer_with_no_taskflow', 'dataset_s3_bucket_producer_with_no_taskflow', 'dataset_s3_bucket_consumer_with_no_taskflow' retrieved from /Users/jobandtalent/opt/anaconda3/envs/e2s-env/lib/python3.9/site-packages/airflow/example_dags/example_dataset_alias_with_no_taskflow.py
[2024-11-21T17:58:27.100+0100] {logging_mixin.py:190} INFO - [2024-11-21T17:58:27.100+0100] {dag.py:3239} INFO - Sync 4 DAGs
[2024-11-21T17:58:27.110+0100] {logging_mixin.py:190} INFO - [2024-11-21T17:58:27.110+0100] {dag.py:4180} INFO - Setting next_dagrun for dataset_alias_example_alias_consumer_with_no_taskflow to None, run_after=None
[2024-11-21T17:58:27.111+0100] {logging_mixin.py:190} INFO - [2024-11-21T17:58:27.111+0100] {dag.py:4180} INFO - Setting next_dagrun for dataset_alias_example_alias_producer_with_no_taskflow to None, run_after=None
[2024-11-21T17:58:27.112+0100] {logging_mixin.py:190} INFO - [2024-11-21T17:58:27.112+0100] {dag.py:4180} INFO - Setting next_dagrun for dataset_s3_bucket_consumer_with_no_taskflow to None, run_after=None
[2024-11-21T17:58:27.112+0100] {logging_mixin.py:190} INFO - [2024-11-21T17:58:27.112+0100] {dag.py:4180} INFO - Setting next_dagrun for dataset_s3_bucket_producer_with_no_taskflow to None, run_after=None
[2024-11-21T17:58:27.124+0100] {processor.py:208} INFO - Processing /Users/jobandtalent/opt/anaconda3/envs/e2s-env/lib/python3.9/site-packages/airflow/example_dags/example_dataset_alias_with_no_taskflow.py took 0.280 seconds
[2024-11-21T18:03:16.281+0100] {processor.py:186} INFO - Started process (PID=7016) to work on /Users/jobandtalent/opt/anaconda3/envs/e2s-env/lib/python3.9/site-packages/airflow/example_dags/example_dataset_alias_with_no_taskflow.py
[2024-11-21T18:03:16.283+0100] {processor.py:914} INFO - Processing file /Users/jobandtalent/opt/anaconda3/envs/e2s-env/lib/python3.9/site-packages/airflow/example_dags/example_dataset_alias_with_no_taskflow.py for tasks to queue
[2024-11-21T18:03:16.284+0100] {logging_mixin.py:190} INFO - [2024-11-21T18:03:16.284+0100] {dagbag.py:588} INFO - Filling up the DagBag from /Users/jobandtalent/opt/anaconda3/envs/e2s-env/lib/python3.9/site-packages/airflow/example_dags/example_dataset_alias_with_no_taskflow.py
[2024-11-21T18:03:16.551+0100] {processor.py:925} INFO - DAG(s) 'dataset_s3_bucket_consumer_with_no_taskflow', 'dataset_alias_example_alias_consumer_with_no_taskflow', 'dataset_s3_bucket_producer_with_no_taskflow', 'dataset_alias_example_alias_producer_with_no_taskflow' retrieved from /Users/jobandtalent/opt/anaconda3/envs/e2s-env/lib/python3.9/site-packages/airflow/example_dags/example_dataset_alias_with_no_taskflow.py
[2024-11-21T18:03:16.566+0100] {logging_mixin.py:190} INFO - [2024-11-21T18:03:16.566+0100] {dag.py:3239} INFO - Sync 4 DAGs
[2024-11-21T18:03:16.578+0100] {logging_mixin.py:190} INFO - [2024-11-21T18:03:16.578+0100] {dag.py:4180} INFO - Setting next_dagrun for dataset_alias_example_alias_consumer_with_no_taskflow to None, run_after=None
[2024-11-21T18:03:16.579+0100] {logging_mixin.py:190} INFO - [2024-11-21T18:03:16.579+0100] {dag.py:4180} INFO - Setting next_dagrun for dataset_alias_example_alias_producer_with_no_taskflow to None, run_after=None
[2024-11-21T18:03:16.579+0100] {logging_mixin.py:190} INFO - [2024-11-21T18:03:16.579+0100] {dag.py:4180} INFO - Setting next_dagrun for dataset_s3_bucket_consumer_with_no_taskflow to None, run_after=None
[2024-11-21T18:03:16.580+0100] {logging_mixin.py:190} INFO - [2024-11-21T18:03:16.580+0100] {dag.py:4180} INFO - Setting next_dagrun for dataset_s3_bucket_producer_with_no_taskflow to None, run_after=None
[2024-11-21T18:03:16.593+0100] {processor.py:208} INFO - Processing /Users/jobandtalent/opt/anaconda3/envs/e2s-env/lib/python3.9/site-packages/airflow/example_dags/example_dataset_alias_with_no_taskflow.py took 0.323 seconds
