[2024-11-21T17:36:06.913+0100] {processor.py:186} INFO - Started process (PID=2367) to work on /Users/jobandtalent/opt/anaconda3/envs/e2s-env/lib/python3.9/site-packages/airflow/example_dags/example_branch_python_dop_operator_3.py
[2024-11-21T17:36:06.915+0100] {processor.py:914} INFO - Processing file /Users/jobandtalent/opt/anaconda3/envs/e2s-env/lib/python3.9/site-packages/airflow/example_dags/example_branch_python_dop_operator_3.py for tasks to queue
[2024-11-21T17:36:06.915+0100] {logging_mixin.py:190} INFO - [2024-11-21T17:36:06.915+0100] {dagbag.py:588} INFO - Filling up the DagBag from /Users/jobandtalent/opt/anaconda3/envs/e2s-env/lib/python3.9/site-packages/airflow/example_dags/example_branch_python_dop_operator_3.py
[2024-11-21T17:36:06.953+0100] {processor.py:925} INFO - DAG(s) 'example_branch_dop_operator_v3' retrieved from /Users/jobandtalent/opt/anaconda3/envs/e2s-env/lib/python3.9/site-packages/airflow/example_dags/example_branch_python_dop_operator_3.py
[2024-11-21T17:36:07.095+0100] {logging_mixin.py:190} INFO - [2024-11-21T17:36:07.095+0100] {override.py:1911} INFO - Created Permission View: can read on DAG:example_branch_dop_operator_v3
[2024-11-21T17:36:07.102+0100] {logging_mixin.py:190} INFO - [2024-11-21T17:36:07.102+0100] {override.py:1911} INFO - Created Permission View: can edit on DAG:example_branch_dop_operator_v3
[2024-11-21T17:36:07.106+0100] {logging_mixin.py:190} INFO - [2024-11-21T17:36:07.106+0100] {override.py:1911} INFO - Created Permission View: can delete on DAG:example_branch_dop_operator_v3
[2024-11-21T17:36:07.112+0100] {logging_mixin.py:190} INFO - [2024-11-21T17:36:07.112+0100] {override.py:1911} INFO - Created Permission View: can read on DAG Run:example_branch_dop_operator_v3
[2024-11-21T17:36:07.116+0100] {logging_mixin.py:190} INFO - [2024-11-21T17:36:07.116+0100] {override.py:1911} INFO - Created Permission View: menu access on DAG Run:example_branch_dop_operator_v3
[2024-11-21T17:36:07.121+0100] {logging_mixin.py:190} INFO - [2024-11-21T17:36:07.120+0100] {override.py:1911} INFO - Created Permission View: can create on DAG Run:example_branch_dop_operator_v3
[2024-11-21T17:36:07.124+0100] {logging_mixin.py:190} INFO - [2024-11-21T17:36:07.124+0100] {override.py:1911} INFO - Created Permission View: can delete on DAG Run:example_branch_dop_operator_v3
[2024-11-21T17:36:07.125+0100] {logging_mixin.py:190} INFO - [2024-11-21T17:36:07.124+0100] {dag.py:3239} INFO - Sync 1 DAGs
[2024-11-21T17:36:07.133+0100] {logging_mixin.py:190} INFO - [2024-11-21T17:36:07.133+0100] {dag.py:3262} INFO - Creating ORM DAG for example_branch_dop_operator_v3
[2024-11-21T17:36:07.141+0100] {logging_mixin.py:190} INFO - [2024-11-21T17:36:07.141+0100] {dag.py:4180} INFO - Setting next_dagrun for example_branch_dop_operator_v3 to 2024-11-21 16:35:00+00:00, run_after=2024-11-21 16:36:00+00:00
[2024-11-21T17:36:07.154+0100] {processor.py:208} INFO - Processing /Users/jobandtalent/opt/anaconda3/envs/e2s-env/lib/python3.9/site-packages/airflow/example_dags/example_branch_python_dop_operator_3.py took 0.249 seconds
[2024-11-21T17:40:50.474+0100] {processor.py:186} INFO - Started process (PID=3072) to work on /Users/jobandtalent/opt/anaconda3/envs/e2s-env/lib/python3.9/site-packages/airflow/example_dags/example_branch_python_dop_operator_3.py
[2024-11-21T17:40:50.476+0100] {processor.py:914} INFO - Processing file /Users/jobandtalent/opt/anaconda3/envs/e2s-env/lib/python3.9/site-packages/airflow/example_dags/example_branch_python_dop_operator_3.py for tasks to queue
[2024-11-21T17:40:50.476+0100] {logging_mixin.py:190} INFO - [2024-11-21T17:40:50.476+0100] {dagbag.py:588} INFO - Filling up the DagBag from /Users/jobandtalent/opt/anaconda3/envs/e2s-env/lib/python3.9/site-packages/airflow/example_dags/example_branch_python_dop_operator_3.py
[2024-11-21T17:40:50.511+0100] {processor.py:925} INFO - DAG(s) 'example_branch_dop_operator_v3' retrieved from /Users/jobandtalent/opt/anaconda3/envs/e2s-env/lib/python3.9/site-packages/airflow/example_dags/example_branch_python_dop_operator_3.py
[2024-11-21T17:40:50.568+0100] {logging_mixin.py:190} INFO - [2024-11-21T17:40:50.568+0100] {dag.py:3239} INFO - Sync 1 DAGs
[2024-11-21T17:40:50.581+0100] {logging_mixin.py:190} INFO - [2024-11-21T17:40:50.581+0100] {dag.py:4180} INFO - Setting next_dagrun for example_branch_dop_operator_v3 to 2024-11-21 16:39:00+00:00, run_after=2024-11-21 16:40:00+00:00
[2024-11-21T17:40:50.591+0100] {processor.py:208} INFO - Processing /Users/jobandtalent/opt/anaconda3/envs/e2s-env/lib/python3.9/site-packages/airflow/example_dags/example_branch_python_dop_operator_3.py took 0.129 seconds
[2024-11-21T17:45:52.163+0100] {processor.py:186} INFO - Started process (PID=3973) to work on /Users/jobandtalent/opt/anaconda3/envs/e2s-env/lib/python3.9/site-packages/airflow/example_dags/example_branch_python_dop_operator_3.py
[2024-11-21T17:45:52.165+0100] {processor.py:914} INFO - Processing file /Users/jobandtalent/opt/anaconda3/envs/e2s-env/lib/python3.9/site-packages/airflow/example_dags/example_branch_python_dop_operator_3.py for tasks to queue
[2024-11-21T17:45:52.166+0100] {logging_mixin.py:190} INFO - [2024-11-21T17:45:52.166+0100] {dagbag.py:588} INFO - Filling up the DagBag from /Users/jobandtalent/opt/anaconda3/envs/e2s-env/lib/python3.9/site-packages/airflow/example_dags/example_branch_python_dop_operator_3.py
[2024-11-21T17:45:52.233+0100] {processor.py:925} INFO - DAG(s) 'example_branch_dop_operator_v3' retrieved from /Users/jobandtalent/opt/anaconda3/envs/e2s-env/lib/python3.9/site-packages/airflow/example_dags/example_branch_python_dop_operator_3.py
[2024-11-21T17:45:52.444+0100] {logging_mixin.py:190} INFO - [2024-11-21T17:45:52.443+0100] {dag.py:3239} INFO - Sync 1 DAGs
[2024-11-21T17:45:52.471+0100] {logging_mixin.py:190} INFO - [2024-11-21T17:45:52.471+0100] {dag.py:4180} INFO - Setting next_dagrun for example_branch_dop_operator_v3 to 2024-11-21 16:44:00+00:00, run_after=2024-11-21 16:45:00+00:00
[2024-11-21T17:45:52.498+0100] {processor.py:208} INFO - Processing /Users/jobandtalent/opt/anaconda3/envs/e2s-env/lib/python3.9/site-packages/airflow/example_dags/example_branch_python_dop_operator_3.py took 0.349 seconds
[2024-11-21T17:49:00.748+0100] {processor.py:186} INFO - Started process (PID=4716) to work on /Users/jobandtalent/opt/anaconda3/envs/e2s-env/lib/python3.9/site-packages/airflow/example_dags/example_branch_python_dop_operator_3.py
[2024-11-21T17:49:00.750+0100] {processor.py:914} INFO - Processing file /Users/jobandtalent/opt/anaconda3/envs/e2s-env/lib/python3.9/site-packages/airflow/example_dags/example_branch_python_dop_operator_3.py for tasks to queue
[2024-11-21T17:49:00.751+0100] {logging_mixin.py:190} INFO - [2024-11-21T17:49:00.751+0100] {dagbag.py:588} INFO - Filling up the DagBag from /Users/jobandtalent/opt/anaconda3/envs/e2s-env/lib/python3.9/site-packages/airflow/example_dags/example_branch_python_dop_operator_3.py
[2024-11-21T17:49:00.784+0100] {processor.py:925} INFO - DAG(s) 'example_branch_dop_operator_v3' retrieved from /Users/jobandtalent/opt/anaconda3/envs/e2s-env/lib/python3.9/site-packages/airflow/example_dags/example_branch_python_dop_operator_3.py
[2024-11-21T17:49:00.847+0100] {logging_mixin.py:190} INFO - [2024-11-21T17:49:00.847+0100] {dag.py:3239} INFO - Sync 1 DAGs
[2024-11-21T17:49:00.861+0100] {logging_mixin.py:190} INFO - [2024-11-21T17:49:00.861+0100] {dag.py:4180} INFO - Setting next_dagrun for example_branch_dop_operator_v3 to 2024-11-21 16:48:00+00:00, run_after=2024-11-21 16:49:00+00:00
[2024-11-21T17:49:00.873+0100] {processor.py:208} INFO - Processing /Users/jobandtalent/opt/anaconda3/envs/e2s-env/lib/python3.9/site-packages/airflow/example_dags/example_branch_python_dop_operator_3.py took 0.134 seconds
[2024-11-21T17:53:55.827+0100] {processor.py:186} INFO - Started process (PID=5426) to work on /Users/jobandtalent/opt/anaconda3/envs/e2s-env/lib/python3.9/site-packages/airflow/example_dags/example_branch_python_dop_operator_3.py
[2024-11-21T17:53:55.829+0100] {processor.py:914} INFO - Processing file /Users/jobandtalent/opt/anaconda3/envs/e2s-env/lib/python3.9/site-packages/airflow/example_dags/example_branch_python_dop_operator_3.py for tasks to queue
[2024-11-21T17:53:55.831+0100] {logging_mixin.py:190} INFO - [2024-11-21T17:53:55.831+0100] {dagbag.py:588} INFO - Filling up the DagBag from /Users/jobandtalent/opt/anaconda3/envs/e2s-env/lib/python3.9/site-packages/airflow/example_dags/example_branch_python_dop_operator_3.py
[2024-11-21T17:53:55.871+0100] {processor.py:925} INFO - DAG(s) 'example_branch_dop_operator_v3' retrieved from /Users/jobandtalent/opt/anaconda3/envs/e2s-env/lib/python3.9/site-packages/airflow/example_dags/example_branch_python_dop_operator_3.py
[2024-11-21T17:53:55.941+0100] {logging_mixin.py:190} INFO - [2024-11-21T17:53:55.940+0100] {dag.py:3239} INFO - Sync 1 DAGs
[2024-11-21T17:53:55.955+0100] {logging_mixin.py:190} INFO - [2024-11-21T17:53:55.955+0100] {dag.py:4180} INFO - Setting next_dagrun for example_branch_dop_operator_v3 to 2024-11-21 16:52:00+00:00, run_after=2024-11-21 16:53:00+00:00
[2024-11-21T17:53:55.968+0100] {processor.py:208} INFO - Processing /Users/jobandtalent/opt/anaconda3/envs/e2s-env/lib/python3.9/site-packages/airflow/example_dags/example_branch_python_dop_operator_3.py took 0.150 seconds
