[2024-11-21T17:35:25.335+0100] {processor.py:186} INFO - Started process (PID=2270) to work on /Users/jobandtalent/opt/anaconda3/envs/e2s-env/lib/python3.9/site-packages/airflow/example_dags/example_latest_only.py
[2024-11-21T17:35:25.337+0100] {processor.py:914} INFO - Processing file /Users/jobandtalent/opt/anaconda3/envs/e2s-env/lib/python3.9/site-packages/airflow/example_dags/example_latest_only.py for tasks to queue
[2024-11-21T17:35:25.338+0100] {logging_mixin.py:190} INFO - [2024-11-21T17:35:25.337+0100] {dagbag.py:588} INFO - Filling up the DagBag from /Users/jobandtalent/opt/anaconda3/envs/e2s-env/lib/python3.9/site-packages/airflow/example_dags/example_latest_only.py
[2024-11-21T17:35:25.344+0100] {processor.py:925} INFO - DAG(s) 'latest_only' retrieved from /Users/jobandtalent/opt/anaconda3/envs/e2s-env/lib/python3.9/site-packages/airflow/example_dags/example_latest_only.py
[2024-11-21T17:35:25.476+0100] {logging_mixin.py:190} INFO - [2024-11-21T17:35:25.475+0100] {override.py:1911} INFO - Created Permission View: can read on DAG:latest_only
[2024-11-21T17:35:25.480+0100] {logging_mixin.py:190} INFO - [2024-11-21T17:35:25.480+0100] {override.py:1911} INFO - Created Permission View: can delete on DAG:latest_only
[2024-11-21T17:35:25.484+0100] {logging_mixin.py:190} INFO - [2024-11-21T17:35:25.483+0100] {override.py:1911} INFO - Created Permission View: can edit on DAG:latest_only
[2024-11-21T17:35:25.488+0100] {logging_mixin.py:190} INFO - [2024-11-21T17:35:25.488+0100] {override.py:1911} INFO - Created Permission View: can read on DAG Run:latest_only
[2024-11-21T17:35:25.490+0100] {logging_mixin.py:190} INFO - [2024-11-21T17:35:25.490+0100] {override.py:1911} INFO - Created Permission View: can delete on DAG Run:latest_only
[2024-11-21T17:35:25.493+0100] {logging_mixin.py:190} INFO - [2024-11-21T17:35:25.493+0100] {override.py:1911} INFO - Created Permission View: can create on DAG Run:latest_only
[2024-11-21T17:35:25.497+0100] {logging_mixin.py:190} INFO - [2024-11-21T17:35:25.497+0100] {override.py:1911} INFO - Created Permission View: menu access on DAG Run:latest_only
[2024-11-21T17:35:25.498+0100] {logging_mixin.py:190} INFO - [2024-11-21T17:35:25.497+0100] {dag.py:3239} INFO - Sync 1 DAGs
[2024-11-21T17:35:25.504+0100] {logging_mixin.py:190} INFO - [2024-11-21T17:35:25.504+0100] {dag.py:3262} INFO - Creating ORM DAG for latest_only
[2024-11-21T17:35:25.509+0100] {logging_mixin.py:190} INFO - [2024-11-21T17:35:25.509+0100] {dag.py:4180} INFO - Setting next_dagrun for latest_only to 2024-11-21 12:00:00+00:00, run_after=2024-11-21 16:00:00+00:00
[2024-11-21T17:35:25.521+0100] {processor.py:208} INFO - Processing /Users/jobandtalent/opt/anaconda3/envs/e2s-env/lib/python3.9/site-packages/airflow/example_dags/example_latest_only.py took 0.194 seconds
[2024-11-21T17:38:18.911+0100] {processor.py:186} INFO - Started process (PID=2700) to work on /Users/jobandtalent/opt/anaconda3/envs/e2s-env/lib/python3.9/site-packages/airflow/example_dags/example_latest_only.py
[2024-11-21T17:38:18.913+0100] {processor.py:914} INFO - Processing file /Users/jobandtalent/opt/anaconda3/envs/e2s-env/lib/python3.9/site-packages/airflow/example_dags/example_latest_only.py for tasks to queue
[2024-11-21T17:38:18.914+0100] {logging_mixin.py:190} INFO - [2024-11-21T17:38:18.914+0100] {dagbag.py:588} INFO - Filling up the DagBag from /Users/jobandtalent/opt/anaconda3/envs/e2s-env/lib/python3.9/site-packages/airflow/example_dags/example_latest_only.py
[2024-11-21T17:38:18.921+0100] {processor.py:925} INFO - DAG(s) 'latest_only' retrieved from /Users/jobandtalent/opt/anaconda3/envs/e2s-env/lib/python3.9/site-packages/airflow/example_dags/example_latest_only.py
[2024-11-21T17:38:18.984+0100] {logging_mixin.py:190} INFO - [2024-11-21T17:38:18.984+0100] {dag.py:3239} INFO - Sync 1 DAGs
[2024-11-21T17:38:18.996+0100] {logging_mixin.py:190} INFO - [2024-11-21T17:38:18.996+0100] {dag.py:4180} INFO - Setting next_dagrun for latest_only to 2024-11-21 12:00:00+00:00, run_after=2024-11-21 16:00:00+00:00
[2024-11-21T17:38:19.010+0100] {processor.py:208} INFO - Processing /Users/jobandtalent/opt/anaconda3/envs/e2s-env/lib/python3.9/site-packages/airflow/example_dags/example_latest_only.py took 0.111 seconds
[2024-11-21T17:43:04.268+0100] {processor.py:186} INFO - Started process (PID=3395) to work on /Users/jobandtalent/opt/anaconda3/envs/e2s-env/lib/python3.9/site-packages/airflow/example_dags/example_latest_only.py
[2024-11-21T17:43:04.271+0100] {processor.py:914} INFO - Processing file /Users/jobandtalent/opt/anaconda3/envs/e2s-env/lib/python3.9/site-packages/airflow/example_dags/example_latest_only.py for tasks to queue
[2024-11-21T17:43:04.271+0100] {logging_mixin.py:190} INFO - [2024-11-21T17:43:04.271+0100] {dagbag.py:588} INFO - Filling up the DagBag from /Users/jobandtalent/opt/anaconda3/envs/e2s-env/lib/python3.9/site-packages/airflow/example_dags/example_latest_only.py
[2024-11-21T17:43:04.279+0100] {processor.py:925} INFO - DAG(s) 'latest_only' retrieved from /Users/jobandtalent/opt/anaconda3/envs/e2s-env/lib/python3.9/site-packages/airflow/example_dags/example_latest_only.py
[2024-11-21T17:43:04.348+0100] {logging_mixin.py:190} INFO - [2024-11-21T17:43:04.348+0100] {dag.py:3239} INFO - Sync 1 DAGs
[2024-11-21T17:43:04.361+0100] {logging_mixin.py:190} INFO - [2024-11-21T17:43:04.361+0100] {dag.py:4180} INFO - Setting next_dagrun for latest_only to 2024-11-21 12:00:00+00:00, run_after=2024-11-21 16:00:00+00:00
[2024-11-21T17:43:04.376+0100] {processor.py:208} INFO - Processing /Users/jobandtalent/opt/anaconda3/envs/e2s-env/lib/python3.9/site-packages/airflow/example_dags/example_latest_only.py took 0.115 seconds
[2024-11-21T17:45:41.577+0100] {processor.py:186} INFO - Started process (PID=3894) to work on /Users/jobandtalent/opt/anaconda3/envs/e2s-env/lib/python3.9/site-packages/airflow/example_dags/example_latest_only.py
[2024-11-21T17:45:41.579+0100] {processor.py:914} INFO - Processing file /Users/jobandtalent/opt/anaconda3/envs/e2s-env/lib/python3.9/site-packages/airflow/example_dags/example_latest_only.py for tasks to queue
[2024-11-21T17:45:41.580+0100] {logging_mixin.py:190} INFO - [2024-11-21T17:45:41.580+0100] {dagbag.py:588} INFO - Filling up the DagBag from /Users/jobandtalent/opt/anaconda3/envs/e2s-env/lib/python3.9/site-packages/airflow/example_dags/example_latest_only.py
[2024-11-21T17:45:41.586+0100] {processor.py:925} INFO - DAG(s) 'latest_only' retrieved from /Users/jobandtalent/opt/anaconda3/envs/e2s-env/lib/python3.9/site-packages/airflow/example_dags/example_latest_only.py
[2024-11-21T17:45:41.653+0100] {logging_mixin.py:190} INFO - [2024-11-21T17:45:41.653+0100] {dag.py:3239} INFO - Sync 1 DAGs
[2024-11-21T17:45:41.665+0100] {logging_mixin.py:190} INFO - [2024-11-21T17:45:41.665+0100] {dag.py:4180} INFO - Setting next_dagrun for latest_only to 2024-11-21 12:00:00+00:00, run_after=2024-11-21 16:00:00+00:00
[2024-11-21T17:45:41.678+0100] {processor.py:208} INFO - Processing /Users/jobandtalent/opt/anaconda3/envs/e2s-env/lib/python3.9/site-packages/airflow/example_dags/example_latest_only.py took 0.114 seconds
[2024-11-21T17:48:18.989+0100] {processor.py:186} INFO - Started process (PID=4606) to work on /Users/jobandtalent/opt/anaconda3/envs/e2s-env/lib/python3.9/site-packages/airflow/example_dags/example_latest_only.py
[2024-11-21T17:48:18.992+0100] {processor.py:914} INFO - Processing file /Users/jobandtalent/opt/anaconda3/envs/e2s-env/lib/python3.9/site-packages/airflow/example_dags/example_latest_only.py for tasks to queue
[2024-11-21T17:48:18.992+0100] {logging_mixin.py:190} INFO - [2024-11-21T17:48:18.992+0100] {dagbag.py:588} INFO - Filling up the DagBag from /Users/jobandtalent/opt/anaconda3/envs/e2s-env/lib/python3.9/site-packages/airflow/example_dags/example_latest_only.py
[2024-11-21T17:48:19.001+0100] {processor.py:925} INFO - DAG(s) 'latest_only' retrieved from /Users/jobandtalent/opt/anaconda3/envs/e2s-env/lib/python3.9/site-packages/airflow/example_dags/example_latest_only.py
[2024-11-21T17:48:19.073+0100] {logging_mixin.py:190} INFO - [2024-11-21T17:48:19.073+0100] {dag.py:3239} INFO - Sync 1 DAGs
[2024-11-21T17:48:19.086+0100] {logging_mixin.py:190} INFO - [2024-11-21T17:48:19.086+0100] {dag.py:4180} INFO - Setting next_dagrun for latest_only to 2024-11-21 12:00:00+00:00, run_after=2024-11-21 16:00:00+00:00
[2024-11-21T17:48:19.100+0100] {processor.py:208} INFO - Processing /Users/jobandtalent/opt/anaconda3/envs/e2s-env/lib/python3.9/site-packages/airflow/example_dags/example_latest_only.py took 0.121 seconds
[2024-11-21T17:50:58.478+0100] {processor.py:186} INFO - Started process (PID=4994) to work on /Users/jobandtalent/opt/anaconda3/envs/e2s-env/lib/python3.9/site-packages/airflow/example_dags/example_latest_only.py
[2024-11-21T17:50:58.484+0100] {processor.py:914} INFO - Processing file /Users/jobandtalent/opt/anaconda3/envs/e2s-env/lib/python3.9/site-packages/airflow/example_dags/example_latest_only.py for tasks to queue
[2024-11-21T17:50:58.484+0100] {logging_mixin.py:190} INFO - [2024-11-21T17:50:58.484+0100] {dagbag.py:588} INFO - Filling up the DagBag from /Users/jobandtalent/opt/anaconda3/envs/e2s-env/lib/python3.9/site-packages/airflow/example_dags/example_latest_only.py
[2024-11-21T17:50:58.491+0100] {processor.py:925} INFO - DAG(s) 'latest_only' retrieved from /Users/jobandtalent/opt/anaconda3/envs/e2s-env/lib/python3.9/site-packages/airflow/example_dags/example_latest_only.py
[2024-11-21T17:50:58.553+0100] {logging_mixin.py:190} INFO - [2024-11-21T17:50:58.553+0100] {dag.py:3239} INFO - Sync 1 DAGs
[2024-11-21T17:50:58.563+0100] {logging_mixin.py:190} INFO - [2024-11-21T17:50:58.563+0100] {dag.py:4180} INFO - Setting next_dagrun for latest_only to 2024-11-21 12:00:00+00:00, run_after=2024-11-21 16:00:00+00:00
[2024-11-21T17:50:58.575+0100] {processor.py:208} INFO - Processing /Users/jobandtalent/opt/anaconda3/envs/e2s-env/lib/python3.9/site-packages/airflow/example_dags/example_latest_only.py took 0.104 seconds
[2024-11-21T17:53:27.731+0100] {processor.py:186} INFO - Started process (PID=5354) to work on /Users/jobandtalent/opt/anaconda3/envs/e2s-env/lib/python3.9/site-packages/airflow/example_dags/example_latest_only.py
[2024-11-21T17:53:27.732+0100] {processor.py:914} INFO - Processing file /Users/jobandtalent/opt/anaconda3/envs/e2s-env/lib/python3.9/site-packages/airflow/example_dags/example_latest_only.py for tasks to queue
[2024-11-21T17:53:27.733+0100] {logging_mixin.py:190} INFO - [2024-11-21T17:53:27.733+0100] {dagbag.py:588} INFO - Filling up the DagBag from /Users/jobandtalent/opt/anaconda3/envs/e2s-env/lib/python3.9/site-packages/airflow/example_dags/example_latest_only.py
[2024-11-21T17:53:27.740+0100] {processor.py:925} INFO - DAG(s) 'latest_only' retrieved from /Users/jobandtalent/opt/anaconda3/envs/e2s-env/lib/python3.9/site-packages/airflow/example_dags/example_latest_only.py
[2024-11-21T17:53:27.797+0100] {logging_mixin.py:190} INFO - [2024-11-21T17:53:27.797+0100] {dag.py:3239} INFO - Sync 1 DAGs
[2024-11-21T17:53:27.810+0100] {logging_mixin.py:190} INFO - [2024-11-21T17:53:27.810+0100] {dag.py:4180} INFO - Setting next_dagrun for latest_only to 2024-11-21 12:00:00+00:00, run_after=2024-11-21 16:00:00+00:00
[2024-11-21T17:53:27.823+0100] {processor.py:208} INFO - Processing /Users/jobandtalent/opt/anaconda3/envs/e2s-env/lib/python3.9/site-packages/airflow/example_dags/example_latest_only.py took 0.101 seconds
[2024-11-21T17:58:11.505+0100] {processor.py:186} INFO - Started process (PID=6237) to work on /Users/jobandtalent/opt/anaconda3/envs/e2s-env/lib/python3.9/site-packages/airflow/example_dags/example_latest_only.py
[2024-11-21T17:58:11.507+0100] {processor.py:914} INFO - Processing file /Users/jobandtalent/opt/anaconda3/envs/e2s-env/lib/python3.9/site-packages/airflow/example_dags/example_latest_only.py for tasks to queue
[2024-11-21T17:58:11.508+0100] {logging_mixin.py:190} INFO - [2024-11-21T17:58:11.508+0100] {dagbag.py:588} INFO - Filling up the DagBag from /Users/jobandtalent/opt/anaconda3/envs/e2s-env/lib/python3.9/site-packages/airflow/example_dags/example_latest_only.py
[2024-11-21T17:58:11.514+0100] {processor.py:925} INFO - DAG(s) 'latest_only' retrieved from /Users/jobandtalent/opt/anaconda3/envs/e2s-env/lib/python3.9/site-packages/airflow/example_dags/example_latest_only.py
[2024-11-21T17:58:11.580+0100] {logging_mixin.py:190} INFO - [2024-11-21T17:58:11.580+0100] {dag.py:3239} INFO - Sync 1 DAGs
[2024-11-21T17:58:11.591+0100] {logging_mixin.py:190} INFO - [2024-11-21T17:58:11.591+0100] {dag.py:4180} INFO - Setting next_dagrun for latest_only to 2024-11-21 12:00:00+00:00, run_after=2024-11-21 16:00:00+00:00
[2024-11-21T17:58:11.612+0100] {processor.py:208} INFO - Processing /Users/jobandtalent/opt/anaconda3/envs/e2s-env/lib/python3.9/site-packages/airflow/example_dags/example_latest_only.py took 0.115 seconds
[2024-11-21T18:03:01.871+0100] {processor.py:186} INFO - Started process (PID=6987) to work on /Users/jobandtalent/opt/anaconda3/envs/e2s-env/lib/python3.9/site-packages/airflow/example_dags/example_latest_only.py
[2024-11-21T18:03:01.873+0100] {processor.py:914} INFO - Processing file /Users/jobandtalent/opt/anaconda3/envs/e2s-env/lib/python3.9/site-packages/airflow/example_dags/example_latest_only.py for tasks to queue
[2024-11-21T18:03:01.874+0100] {logging_mixin.py:190} INFO - [2024-11-21T18:03:01.874+0100] {dagbag.py:588} INFO - Filling up the DagBag from /Users/jobandtalent/opt/anaconda3/envs/e2s-env/lib/python3.9/site-packages/airflow/example_dags/example_latest_only.py
[2024-11-21T18:03:01.880+0100] {processor.py:925} INFO - DAG(s) 'latest_only' retrieved from /Users/jobandtalent/opt/anaconda3/envs/e2s-env/lib/python3.9/site-packages/airflow/example_dags/example_latest_only.py
[2024-11-21T18:03:01.939+0100] {logging_mixin.py:190} INFO - [2024-11-21T18:03:01.939+0100] {dag.py:3239} INFO - Sync 1 DAGs
[2024-11-21T18:03:01.951+0100] {logging_mixin.py:190} INFO - [2024-11-21T18:03:01.951+0100] {dag.py:4180} INFO - Setting next_dagrun for latest_only to 2024-11-21 12:00:00+00:00, run_after=2024-11-21 16:00:00+00:00
[2024-11-21T18:03:01.962+0100] {processor.py:208} INFO - Processing /Users/jobandtalent/opt/anaconda3/envs/e2s-env/lib/python3.9/site-packages/airflow/example_dags/example_latest_only.py took 0.098 seconds
