[2024-11-21T17:35:41.103+0100] {processor.py:186} INFO - Started process (PID=2308) to work on /Users/jobandtalent/opt/anaconda3/envs/e2s-env/lib/python3.9/site-packages/airflow/example_dags/example_dynamic_task_mapping.py
[2024-11-21T17:35:41.104+0100] {processor.py:914} INFO - Processing file /Users/jobandtalent/opt/anaconda3/envs/e2s-env/lib/python3.9/site-packages/airflow/example_dags/example_dynamic_task_mapping.py for tasks to queue
[2024-11-21T17:35:41.105+0100] {logging_mixin.py:190} INFO - [2024-11-21T17:35:41.105+0100] {dagbag.py:588} INFO - Filling up the DagBag from /Users/jobandtalent/opt/anaconda3/envs/e2s-env/lib/python3.9/site-packages/airflow/example_dags/example_dynamic_task_mapping.py
[2024-11-21T17:35:41.139+0100] {processor.py:925} INFO - DAG(s) 'example_dynamic_task_mapping' retrieved from /Users/jobandtalent/opt/anaconda3/envs/e2s-env/lib/python3.9/site-packages/airflow/example_dags/example_dynamic_task_mapping.py
[2024-11-21T17:35:41.272+0100] {logging_mixin.py:190} INFO - [2024-11-21T17:35:41.272+0100] {override.py:1911} INFO - Created Permission View: can edit on DAG:example_dynamic_task_mapping
[2024-11-21T17:35:41.277+0100] {logging_mixin.py:190} INFO - [2024-11-21T17:35:41.277+0100] {override.py:1911} INFO - Created Permission View: can read on DAG:example_dynamic_task_mapping
[2024-11-21T17:35:41.280+0100] {logging_mixin.py:190} INFO - [2024-11-21T17:35:41.280+0100] {override.py:1911} INFO - Created Permission View: can delete on DAG:example_dynamic_task_mapping
[2024-11-21T17:35:41.285+0100] {logging_mixin.py:190} INFO - [2024-11-21T17:35:41.285+0100] {override.py:1911} INFO - Created Permission View: menu access on DAG Run:example_dynamic_task_mapping
[2024-11-21T17:35:41.288+0100] {logging_mixin.py:190} INFO - [2024-11-21T17:35:41.288+0100] {override.py:1911} INFO - Created Permission View: can read on DAG Run:example_dynamic_task_mapping
[2024-11-21T17:35:41.291+0100] {logging_mixin.py:190} INFO - [2024-11-21T17:35:41.291+0100] {override.py:1911} INFO - Created Permission View: can delete on DAG Run:example_dynamic_task_mapping
[2024-11-21T17:35:41.294+0100] {logging_mixin.py:190} INFO - [2024-11-21T17:35:41.294+0100] {override.py:1911} INFO - Created Permission View: can create on DAG Run:example_dynamic_task_mapping
[2024-11-21T17:35:41.295+0100] {logging_mixin.py:190} INFO - [2024-11-21T17:35:41.294+0100] {dag.py:3239} INFO - Sync 1 DAGs
[2024-11-21T17:35:41.302+0100] {logging_mixin.py:190} INFO - [2024-11-21T17:35:41.302+0100] {dag.py:3262} INFO - Creating ORM DAG for example_dynamic_task_mapping
[2024-11-21T17:35:41.302+0100] {logging_mixin.py:190} INFO - [2024-11-21T17:35:41.302+0100] {dag.py:4180} INFO - Setting next_dagrun for example_dynamic_task_mapping to None, run_after=None
[2024-11-21T17:35:41.311+0100] {processor.py:208} INFO - Processing /Users/jobandtalent/opt/anaconda3/envs/e2s-env/lib/python3.9/site-packages/airflow/example_dags/example_dynamic_task_mapping.py took 0.223 seconds
[2024-11-21T17:38:33.231+0100] {processor.py:186} INFO - Started process (PID=2741) to work on /Users/jobandtalent/opt/anaconda3/envs/e2s-env/lib/python3.9/site-packages/airflow/example_dags/example_dynamic_task_mapping.py
[2024-11-21T17:38:33.233+0100] {processor.py:914} INFO - Processing file /Users/jobandtalent/opt/anaconda3/envs/e2s-env/lib/python3.9/site-packages/airflow/example_dags/example_dynamic_task_mapping.py for tasks to queue
[2024-11-21T17:38:33.234+0100] {logging_mixin.py:190} INFO - [2024-11-21T17:38:33.234+0100] {dagbag.py:588} INFO - Filling up the DagBag from /Users/jobandtalent/opt/anaconda3/envs/e2s-env/lib/python3.9/site-packages/airflow/example_dags/example_dynamic_task_mapping.py
[2024-11-21T17:38:33.266+0100] {processor.py:925} INFO - DAG(s) 'example_dynamic_task_mapping' retrieved from /Users/jobandtalent/opt/anaconda3/envs/e2s-env/lib/python3.9/site-packages/airflow/example_dags/example_dynamic_task_mapping.py
[2024-11-21T17:38:33.325+0100] {logging_mixin.py:190} INFO - [2024-11-21T17:38:33.325+0100] {dag.py:3239} INFO - Sync 1 DAGs
[2024-11-21T17:38:33.331+0100] {logging_mixin.py:190} INFO - [2024-11-21T17:38:33.331+0100] {dag.py:4180} INFO - Setting next_dagrun for example_dynamic_task_mapping to None, run_after=None
[2024-11-21T17:38:33.350+0100] {processor.py:208} INFO - Processing /Users/jobandtalent/opt/anaconda3/envs/e2s-env/lib/python3.9/site-packages/airflow/example_dags/example_dynamic_task_mapping.py took 0.134 seconds
[2024-11-21T17:43:19.412+0100] {processor.py:186} INFO - Started process (PID=3434) to work on /Users/jobandtalent/opt/anaconda3/envs/e2s-env/lib/python3.9/site-packages/airflow/example_dags/example_dynamic_task_mapping.py
[2024-11-21T17:43:19.414+0100] {processor.py:914} INFO - Processing file /Users/jobandtalent/opt/anaconda3/envs/e2s-env/lib/python3.9/site-packages/airflow/example_dags/example_dynamic_task_mapping.py for tasks to queue
[2024-11-21T17:43:19.415+0100] {logging_mixin.py:190} INFO - [2024-11-21T17:43:19.414+0100] {dagbag.py:588} INFO - Filling up the DagBag from /Users/jobandtalent/opt/anaconda3/envs/e2s-env/lib/python3.9/site-packages/airflow/example_dags/example_dynamic_task_mapping.py
[2024-11-21T17:43:19.464+0100] {processor.py:925} INFO - DAG(s) 'example_dynamic_task_mapping' retrieved from /Users/jobandtalent/opt/anaconda3/envs/e2s-env/lib/python3.9/site-packages/airflow/example_dags/example_dynamic_task_mapping.py
[2024-11-21T17:43:19.534+0100] {logging_mixin.py:190} INFO - [2024-11-21T17:43:19.534+0100] {dag.py:3239} INFO - Sync 1 DAGs
[2024-11-21T17:43:19.540+0100] {logging_mixin.py:190} INFO - [2024-11-21T17:43:19.540+0100] {dag.py:4180} INFO - Setting next_dagrun for example_dynamic_task_mapping to None, run_after=None
[2024-11-21T17:43:19.553+0100] {processor.py:208} INFO - Processing /Users/jobandtalent/opt/anaconda3/envs/e2s-env/lib/python3.9/site-packages/airflow/example_dags/example_dynamic_task_mapping.py took 0.151 seconds
