[2024-11-21T17:36:27.836+0100] {processor.py:186} INFO - Started process (PID=2413) to work on /Users/jobandtalent/opt/anaconda3/envs/e2s-env/lib/python3.9/site-packages/airflow/example_dags/example_bash_decorator.py
[2024-11-21T17:36:27.838+0100] {processor.py:914} INFO - Processing file /Users/jobandtalent/opt/anaconda3/envs/e2s-env/lib/python3.9/site-packages/airflow/example_dags/example_bash_decorator.py for tasks to queue
[2024-11-21T17:36:27.838+0100] {logging_mixin.py:190} INFO - [2024-11-21T17:36:27.838+0100] {dagbag.py:588} INFO - Filling up the DagBag from /Users/jobandtalent/opt/anaconda3/envs/e2s-env/lib/python3.9/site-packages/airflow/example_dags/example_bash_decorator.py
[2024-11-21T17:36:27.888+0100] {processor.py:925} INFO - DAG(s) 'example_bash_decorator' retrieved from /Users/jobandtalent/opt/anaconda3/envs/e2s-env/lib/python3.9/site-packages/airflow/example_dags/example_bash_decorator.py
[2024-11-21T17:36:28.021+0100] {logging_mixin.py:190} INFO - [2024-11-21T17:36:28.021+0100] {override.py:1911} INFO - Created Permission View: can delete on DAG:example_bash_decorator
[2024-11-21T17:36:28.027+0100] {logging_mixin.py:190} INFO - [2024-11-21T17:36:28.027+0100] {override.py:1911} INFO - Created Permission View: can edit on DAG:example_bash_decorator
[2024-11-21T17:36:28.031+0100] {logging_mixin.py:190} INFO - [2024-11-21T17:36:28.031+0100] {override.py:1911} INFO - Created Permission View: can read on DAG:example_bash_decorator
[2024-11-21T17:36:28.036+0100] {logging_mixin.py:190} INFO - [2024-11-21T17:36:28.036+0100] {override.py:1911} INFO - Created Permission View: menu access on DAG Run:example_bash_decorator
[2024-11-21T17:36:28.039+0100] {logging_mixin.py:190} INFO - [2024-11-21T17:36:28.039+0100] {override.py:1911} INFO - Created Permission View: can create on DAG Run:example_bash_decorator
[2024-11-21T17:36:28.042+0100] {logging_mixin.py:190} INFO - [2024-11-21T17:36:28.042+0100] {override.py:1911} INFO - Created Permission View: can delete on DAG Run:example_bash_decorator
[2024-11-21T17:36:28.046+0100] {logging_mixin.py:190} INFO - [2024-11-21T17:36:28.046+0100] {override.py:1911} INFO - Created Permission View: can read on DAG Run:example_bash_decorator
[2024-11-21T17:36:28.046+0100] {logging_mixin.py:190} INFO - [2024-11-21T17:36:28.046+0100] {dag.py:3239} INFO - Sync 1 DAGs
[2024-11-21T17:36:28.053+0100] {logging_mixin.py:190} INFO - [2024-11-21T17:36:28.053+0100] {dag.py:3262} INFO - Creating ORM DAG for example_bash_decorator
[2024-11-21T17:36:28.053+0100] {logging_mixin.py:190} INFO - [2024-11-21T17:36:28.053+0100] {dag.py:4180} INFO - Setting next_dagrun for example_bash_decorator to None, run_after=None
[2024-11-21T17:36:28.063+0100] {processor.py:208} INFO - Processing /Users/jobandtalent/opt/anaconda3/envs/e2s-env/lib/python3.9/site-packages/airflow/example_dags/example_bash_decorator.py took 0.236 seconds
[2024-11-21T17:41:09.842+0100] {processor.py:186} INFO - Started process (PID=3119) to work on /Users/jobandtalent/opt/anaconda3/envs/e2s-env/lib/python3.9/site-packages/airflow/example_dags/example_bash_decorator.py
[2024-11-21T17:41:09.844+0100] {processor.py:914} INFO - Processing file /Users/jobandtalent/opt/anaconda3/envs/e2s-env/lib/python3.9/site-packages/airflow/example_dags/example_bash_decorator.py for tasks to queue
[2024-11-21T17:41:09.845+0100] {logging_mixin.py:190} INFO - [2024-11-21T17:41:09.845+0100] {dagbag.py:588} INFO - Filling up the DagBag from /Users/jobandtalent/opt/anaconda3/envs/e2s-env/lib/python3.9/site-packages/airflow/example_dags/example_bash_decorator.py
[2024-11-21T17:41:09.882+0100] {processor.py:925} INFO - DAG(s) 'example_bash_decorator' retrieved from /Users/jobandtalent/opt/anaconda3/envs/e2s-env/lib/python3.9/site-packages/airflow/example_dags/example_bash_decorator.py
[2024-11-21T17:41:10.023+0100] {logging_mixin.py:190} INFO - [2024-11-21T17:41:10.023+0100] {dag.py:3239} INFO - Sync 1 DAGs
[2024-11-21T17:41:10.030+0100] {logging_mixin.py:190} INFO - [2024-11-21T17:41:10.030+0100] {dag.py:4180} INFO - Setting next_dagrun for example_bash_decorator to None, run_after=None
[2024-11-21T17:41:10.040+0100] {processor.py:208} INFO - Processing /Users/jobandtalent/opt/anaconda3/envs/e2s-env/lib/python3.9/site-packages/airflow/example_dags/example_bash_decorator.py took 0.201 seconds
[2024-11-21T17:46:24.147+0100] {processor.py:186} INFO - Started process (PID=4115) to work on /Users/jobandtalent/opt/anaconda3/envs/e2s-env/lib/python3.9/site-packages/airflow/example_dags/example_bash_decorator.py
[2024-11-21T17:46:24.149+0100] {processor.py:914} INFO - Processing file /Users/jobandtalent/opt/anaconda3/envs/e2s-env/lib/python3.9/site-packages/airflow/example_dags/example_bash_decorator.py for tasks to queue
[2024-11-21T17:46:24.150+0100] {logging_mixin.py:190} INFO - [2024-11-21T17:46:24.150+0100] {dagbag.py:588} INFO - Filling up the DagBag from /Users/jobandtalent/opt/anaconda3/envs/e2s-env/lib/python3.9/site-packages/airflow/example_dags/example_bash_decorator.py
[2024-11-21T17:46:24.195+0100] {processor.py:925} INFO - DAG(s) 'example_bash_decorator' retrieved from /Users/jobandtalent/opt/anaconda3/envs/e2s-env/lib/python3.9/site-packages/airflow/example_dags/example_bash_decorator.py
[2024-11-21T17:46:24.345+0100] {logging_mixin.py:190} INFO - [2024-11-21T17:46:24.345+0100] {dag.py:3239} INFO - Sync 1 DAGs
[2024-11-21T17:46:24.352+0100] {logging_mixin.py:190} INFO - [2024-11-21T17:46:24.351+0100] {dag.py:4180} INFO - Setting next_dagrun for example_bash_decorator to None, run_after=None
[2024-11-21T17:46:24.364+0100] {processor.py:208} INFO - Processing /Users/jobandtalent/opt/anaconda3/envs/e2s-env/lib/python3.9/site-packages/airflow/example_dags/example_bash_decorator.py took 0.224 seconds
