[2024-11-21T17:34:38.109+0100] {processor.py:186} INFO - Started process (PID=2160) to work on /Users/jobandtalent/opt/anaconda3/envs/e2s-env/lib/python3.9/site-packages/airflow/example_dags/example_short_circuit_operator.py
[2024-11-21T17:34:38.110+0100] {processor.py:914} INFO - Processing file /Users/jobandtalent/opt/anaconda3/envs/e2s-env/lib/python3.9/site-packages/airflow/example_dags/example_short_circuit_operator.py for tasks to queue
[2024-11-21T17:34:38.111+0100] {logging_mixin.py:190} INFO - [2024-11-21T17:34:38.111+0100] {dagbag.py:588} INFO - Filling up the DagBag from /Users/jobandtalent/opt/anaconda3/envs/e2s-env/lib/python3.9/site-packages/airflow/example_dags/example_short_circuit_operator.py
[2024-11-21T17:34:38.139+0100] {processor.py:925} INFO - DAG(s) 'example_short_circuit_operator' retrieved from /Users/jobandtalent/opt/anaconda3/envs/e2s-env/lib/python3.9/site-packages/airflow/example_dags/example_short_circuit_operator.py
[2024-11-21T17:34:38.296+0100] {logging_mixin.py:190} INFO - [2024-11-21T17:34:38.295+0100] {override.py:1911} INFO - Created Permission View: can edit on DAG:example_short_circuit_operator
[2024-11-21T17:34:38.302+0100] {logging_mixin.py:190} INFO - [2024-11-21T17:34:38.302+0100] {override.py:1911} INFO - Created Permission View: can delete on DAG:example_short_circuit_operator
[2024-11-21T17:34:38.307+0100] {logging_mixin.py:190} INFO - [2024-11-21T17:34:38.307+0100] {override.py:1911} INFO - Created Permission View: can read on DAG:example_short_circuit_operator
[2024-11-21T17:34:38.314+0100] {logging_mixin.py:190} INFO - [2024-11-21T17:34:38.314+0100] {override.py:1911} INFO - Created Permission View: can create on DAG Run:example_short_circuit_operator
[2024-11-21T17:34:38.345+0100] {logging_mixin.py:190} INFO - [2024-11-21T17:34:38.344+0100] {override.py:1911} INFO - Created Permission View: menu access on DAG Run:example_short_circuit_operator
[2024-11-21T17:34:38.350+0100] {logging_mixin.py:190} INFO - [2024-11-21T17:34:38.350+0100] {override.py:1911} INFO - Created Permission View: can delete on DAG Run:example_short_circuit_operator
[2024-11-21T17:34:38.357+0100] {logging_mixin.py:190} INFO - [2024-11-21T17:34:38.356+0100] {override.py:1911} INFO - Created Permission View: can read on DAG Run:example_short_circuit_operator
[2024-11-21T17:34:38.357+0100] {logging_mixin.py:190} INFO - [2024-11-21T17:34:38.357+0100] {dag.py:3239} INFO - Sync 1 DAGs
[2024-11-21T17:34:38.380+0100] {logging_mixin.py:190} INFO - [2024-11-21T17:34:38.379+0100] {dag.py:3262} INFO - Creating ORM DAG for example_short_circuit_operator
[2024-11-21T17:34:38.380+0100] {logging_mixin.py:190} INFO - [2024-11-21T17:34:38.380+0100] {dag.py:4180} INFO - Setting next_dagrun for example_short_circuit_operator to None, run_after=None
[2024-11-21T17:34:38.391+0100] {processor.py:208} INFO - Processing /Users/jobandtalent/opt/anaconda3/envs/e2s-env/lib/python3.9/site-packages/airflow/example_dags/example_short_circuit_operator.py took 0.289 seconds
[2024-11-21T17:37:33.352+0100] {processor.py:186} INFO - Started process (PID=2571) to work on /Users/jobandtalent/opt/anaconda3/envs/e2s-env/lib/python3.9/site-packages/airflow/example_dags/example_short_circuit_operator.py
[2024-11-21T17:37:33.355+0100] {processor.py:914} INFO - Processing file /Users/jobandtalent/opt/anaconda3/envs/e2s-env/lib/python3.9/site-packages/airflow/example_dags/example_short_circuit_operator.py for tasks to queue
[2024-11-21T17:37:33.356+0100] {logging_mixin.py:190} INFO - [2024-11-21T17:37:33.356+0100] {dagbag.py:588} INFO - Filling up the DagBag from /Users/jobandtalent/opt/anaconda3/envs/e2s-env/lib/python3.9/site-packages/airflow/example_dags/example_short_circuit_operator.py
[2024-11-21T17:37:33.379+0100] {processor.py:925} INFO - DAG(s) 'example_short_circuit_operator' retrieved from /Users/jobandtalent/opt/anaconda3/envs/e2s-env/lib/python3.9/site-packages/airflow/example_dags/example_short_circuit_operator.py
[2024-11-21T17:37:33.444+0100] {logging_mixin.py:190} INFO - [2024-11-21T17:37:33.444+0100] {dag.py:3239} INFO - Sync 1 DAGs
[2024-11-21T17:37:33.451+0100] {logging_mixin.py:190} INFO - [2024-11-21T17:37:33.451+0100] {dag.py:4180} INFO - Setting next_dagrun for example_short_circuit_operator to None, run_after=None
[2024-11-21T17:37:33.465+0100] {processor.py:208} INFO - Processing /Users/jobandtalent/opt/anaconda3/envs/e2s-env/lib/python3.9/site-packages/airflow/example_dags/example_short_circuit_operator.py took 0.121 seconds
[2024-11-21T17:40:00.787+0100] {processor.py:186} INFO - Started process (PID=2943) to work on /Users/jobandtalent/opt/anaconda3/envs/e2s-env/lib/python3.9/site-packages/airflow/example_dags/example_short_circuit_operator.py
[2024-11-21T17:40:00.789+0100] {processor.py:914} INFO - Processing file /Users/jobandtalent/opt/anaconda3/envs/e2s-env/lib/python3.9/site-packages/airflow/example_dags/example_short_circuit_operator.py for tasks to queue
[2024-11-21T17:40:00.790+0100] {logging_mixin.py:190} INFO - [2024-11-21T17:40:00.790+0100] {dagbag.py:588} INFO - Filling up the DagBag from /Users/jobandtalent/opt/anaconda3/envs/e2s-env/lib/python3.9/site-packages/airflow/example_dags/example_short_circuit_operator.py
[2024-11-21T17:40:00.821+0100] {processor.py:925} INFO - DAG(s) 'example_short_circuit_operator' retrieved from /Users/jobandtalent/opt/anaconda3/envs/e2s-env/lib/python3.9/site-packages/airflow/example_dags/example_short_circuit_operator.py
[2024-11-21T17:40:00.884+0100] {logging_mixin.py:190} INFO - [2024-11-21T17:40:00.884+0100] {dag.py:3239} INFO - Sync 1 DAGs
[2024-11-21T17:40:00.890+0100] {logging_mixin.py:190} INFO - [2024-11-21T17:40:00.890+0100] {dag.py:4180} INFO - Setting next_dagrun for example_short_circuit_operator to None, run_after=None
[2024-11-21T17:40:00.901+0100] {processor.py:208} INFO - Processing /Users/jobandtalent/opt/anaconda3/envs/e2s-env/lib/python3.9/site-packages/airflow/example_dags/example_short_circuit_operator.py took 0.127 seconds
[2024-11-21T17:42:20.136+0100] {processor.py:186} INFO - Started process (PID=3298) to work on /Users/jobandtalent/opt/anaconda3/envs/e2s-env/lib/python3.9/site-packages/airflow/example_dags/example_short_circuit_operator.py
[2024-11-21T17:42:20.139+0100] {processor.py:914} INFO - Processing file /Users/jobandtalent/opt/anaconda3/envs/e2s-env/lib/python3.9/site-packages/airflow/example_dags/example_short_circuit_operator.py for tasks to queue
[2024-11-21T17:42:20.140+0100] {logging_mixin.py:190} INFO - [2024-11-21T17:42:20.140+0100] {dagbag.py:588} INFO - Filling up the DagBag from /Users/jobandtalent/opt/anaconda3/envs/e2s-env/lib/python3.9/site-packages/airflow/example_dags/example_short_circuit_operator.py
[2024-11-21T17:42:20.164+0100] {processor.py:925} INFO - DAG(s) 'example_short_circuit_operator' retrieved from /Users/jobandtalent/opt/anaconda3/envs/e2s-env/lib/python3.9/site-packages/airflow/example_dags/example_short_circuit_operator.py
[2024-11-21T17:42:20.229+0100] {logging_mixin.py:190} INFO - [2024-11-21T17:42:20.229+0100] {dag.py:3239} INFO - Sync 1 DAGs
[2024-11-21T17:42:20.236+0100] {logging_mixin.py:190} INFO - [2024-11-21T17:42:20.236+0100] {dag.py:4180} INFO - Setting next_dagrun for example_short_circuit_operator to None, run_after=None
[2024-11-21T17:42:20.249+0100] {processor.py:208} INFO - Processing /Users/jobandtalent/opt/anaconda3/envs/e2s-env/lib/python3.9/site-packages/airflow/example_dags/example_short_circuit_operator.py took 0.121 seconds
[2024-11-21T17:44:52.778+0100] {processor.py:186} INFO - Started process (PID=3666) to work on /Users/jobandtalent/opt/anaconda3/envs/e2s-env/lib/python3.9/site-packages/airflow/example_dags/example_short_circuit_operator.py
[2024-11-21T17:44:52.779+0100] {processor.py:914} INFO - Processing file /Users/jobandtalent/opt/anaconda3/envs/e2s-env/lib/python3.9/site-packages/airflow/example_dags/example_short_circuit_operator.py for tasks to queue
[2024-11-21T17:44:52.780+0100] {logging_mixin.py:190} INFO - [2024-11-21T17:44:52.780+0100] {dagbag.py:588} INFO - Filling up the DagBag from /Users/jobandtalent/opt/anaconda3/envs/e2s-env/lib/python3.9/site-packages/airflow/example_dags/example_short_circuit_operator.py
[2024-11-21T17:44:52.808+0100] {processor.py:925} INFO - DAG(s) 'example_short_circuit_operator' retrieved from /Users/jobandtalent/opt/anaconda3/envs/e2s-env/lib/python3.9/site-packages/airflow/example_dags/example_short_circuit_operator.py
[2024-11-21T17:44:52.886+0100] {logging_mixin.py:190} INFO - [2024-11-21T17:44:52.886+0100] {dag.py:3239} INFO - Sync 1 DAGs
[2024-11-21T17:44:52.893+0100] {logging_mixin.py:190} INFO - [2024-11-21T17:44:52.893+0100] {dag.py:4180} INFO - Setting next_dagrun for example_short_circuit_operator to None, run_after=None
[2024-11-21T17:44:52.906+0100] {processor.py:208} INFO - Processing /Users/jobandtalent/opt/anaconda3/envs/e2s-env/lib/python3.9/site-packages/airflow/example_dags/example_short_circuit_operator.py took 0.136 seconds
[2024-11-21T17:47:32.481+0100] {processor.py:186} INFO - Started process (PID=4490) to work on /Users/jobandtalent/opt/anaconda3/envs/e2s-env/lib/python3.9/site-packages/airflow/example_dags/example_short_circuit_operator.py
[2024-11-21T17:47:32.483+0100] {processor.py:914} INFO - Processing file /Users/jobandtalent/opt/anaconda3/envs/e2s-env/lib/python3.9/site-packages/airflow/example_dags/example_short_circuit_operator.py for tasks to queue
[2024-11-21T17:47:32.484+0100] {logging_mixin.py:190} INFO - [2024-11-21T17:47:32.484+0100] {dagbag.py:588} INFO - Filling up the DagBag from /Users/jobandtalent/opt/anaconda3/envs/e2s-env/lib/python3.9/site-packages/airflow/example_dags/example_short_circuit_operator.py
[2024-11-21T17:47:32.506+0100] {processor.py:925} INFO - DAG(s) 'example_short_circuit_operator' retrieved from /Users/jobandtalent/opt/anaconda3/envs/e2s-env/lib/python3.9/site-packages/airflow/example_dags/example_short_circuit_operator.py
[2024-11-21T17:47:32.568+0100] {logging_mixin.py:190} INFO - [2024-11-21T17:47:32.567+0100] {dag.py:3239} INFO - Sync 1 DAGs
[2024-11-21T17:47:32.574+0100] {logging_mixin.py:190} INFO - [2024-11-21T17:47:32.574+0100] {dag.py:4180} INFO - Setting next_dagrun for example_short_circuit_operator to None, run_after=None
[2024-11-21T17:47:32.585+0100] {processor.py:208} INFO - Processing /Users/jobandtalent/opt/anaconda3/envs/e2s-env/lib/python3.9/site-packages/airflow/example_dags/example_short_circuit_operator.py took 0.112 seconds
[2024-11-21T17:50:13.491+0100] {processor.py:186} INFO - Started process (PID=4896) to work on /Users/jobandtalent/opt/anaconda3/envs/e2s-env/lib/python3.9/site-packages/airflow/example_dags/example_short_circuit_operator.py
[2024-11-21T17:50:13.494+0100] {processor.py:914} INFO - Processing file /Users/jobandtalent/opt/anaconda3/envs/e2s-env/lib/python3.9/site-packages/airflow/example_dags/example_short_circuit_operator.py for tasks to queue
[2024-11-21T17:50:13.495+0100] {logging_mixin.py:190} INFO - [2024-11-21T17:50:13.495+0100] {dagbag.py:588} INFO - Filling up the DagBag from /Users/jobandtalent/opt/anaconda3/envs/e2s-env/lib/python3.9/site-packages/airflow/example_dags/example_short_circuit_operator.py
[2024-11-21T17:50:13.523+0100] {processor.py:925} INFO - DAG(s) 'example_short_circuit_operator' retrieved from /Users/jobandtalent/opt/anaconda3/envs/e2s-env/lib/python3.9/site-packages/airflow/example_dags/example_short_circuit_operator.py
[2024-11-21T17:50:13.593+0100] {logging_mixin.py:190} INFO - [2024-11-21T17:50:13.592+0100] {dag.py:3239} INFO - Sync 1 DAGs
[2024-11-21T17:50:13.602+0100] {logging_mixin.py:190} INFO - [2024-11-21T17:50:13.601+0100] {dag.py:4180} INFO - Setting next_dagrun for example_short_circuit_operator to None, run_after=None
[2024-11-21T17:50:13.619+0100] {processor.py:208} INFO - Processing /Users/jobandtalent/opt/anaconda3/envs/e2s-env/lib/python3.9/site-packages/airflow/example_dags/example_short_circuit_operator.py took 0.149 seconds
[2024-11-21T17:52:40.041+0100] {processor.py:186} INFO - Started process (PID=5248) to work on /Users/jobandtalent/opt/anaconda3/envs/e2s-env/lib/python3.9/site-packages/airflow/example_dags/example_short_circuit_operator.py
[2024-11-21T17:52:40.045+0100] {processor.py:914} INFO - Processing file /Users/jobandtalent/opt/anaconda3/envs/e2s-env/lib/python3.9/site-packages/airflow/example_dags/example_short_circuit_operator.py for tasks to queue
[2024-11-21T17:52:40.046+0100] {logging_mixin.py:190} INFO - [2024-11-21T17:52:40.045+0100] {dagbag.py:588} INFO - Filling up the DagBag from /Users/jobandtalent/opt/anaconda3/envs/e2s-env/lib/python3.9/site-packages/airflow/example_dags/example_short_circuit_operator.py
[2024-11-21T17:52:40.073+0100] {processor.py:925} INFO - DAG(s) 'example_short_circuit_operator' retrieved from /Users/jobandtalent/opt/anaconda3/envs/e2s-env/lib/python3.9/site-packages/airflow/example_dags/example_short_circuit_operator.py
[2024-11-21T17:52:40.142+0100] {logging_mixin.py:190} INFO - [2024-11-21T17:52:40.142+0100] {dag.py:3239} INFO - Sync 1 DAGs
[2024-11-21T17:52:40.149+0100] {logging_mixin.py:190} INFO - [2024-11-21T17:52:40.149+0100] {dag.py:4180} INFO - Setting next_dagrun for example_short_circuit_operator to None, run_after=None
[2024-11-21T17:52:40.163+0100] {processor.py:208} INFO - Processing /Users/jobandtalent/opt/anaconda3/envs/e2s-env/lib/python3.9/site-packages/airflow/example_dags/example_short_circuit_operator.py took 0.131 seconds
[2024-11-21T17:55:03.054+0100] {processor.py:186} INFO - Started process (PID=5580) to work on /Users/jobandtalent/opt/anaconda3/envs/e2s-env/lib/python3.9/site-packages/airflow/example_dags/example_short_circuit_operator.py
[2024-11-21T17:55:03.056+0100] {processor.py:914} INFO - Processing file /Users/jobandtalent/opt/anaconda3/envs/e2s-env/lib/python3.9/site-packages/airflow/example_dags/example_short_circuit_operator.py for tasks to queue
[2024-11-21T17:55:03.057+0100] {logging_mixin.py:190} INFO - [2024-11-21T17:55:03.057+0100] {dagbag.py:588} INFO - Filling up the DagBag from /Users/jobandtalent/opt/anaconda3/envs/e2s-env/lib/python3.9/site-packages/airflow/example_dags/example_short_circuit_operator.py
[2024-11-21T17:55:03.078+0100] {processor.py:925} INFO - DAG(s) 'example_short_circuit_operator' retrieved from /Users/jobandtalent/opt/anaconda3/envs/e2s-env/lib/python3.9/site-packages/airflow/example_dags/example_short_circuit_operator.py
[2024-11-21T17:55:03.146+0100] {logging_mixin.py:190} INFO - [2024-11-21T17:55:03.146+0100] {dag.py:3239} INFO - Sync 1 DAGs
[2024-11-21T17:55:03.153+0100] {logging_mixin.py:190} INFO - [2024-11-21T17:55:03.153+0100] {dag.py:4180} INFO - Setting next_dagrun for example_short_circuit_operator to None, run_after=None
[2024-11-21T17:55:03.165+0100] {processor.py:208} INFO - Processing /Users/jobandtalent/opt/anaconda3/envs/e2s-env/lib/python3.9/site-packages/airflow/example_dags/example_short_circuit_operator.py took 0.140 seconds
[2024-11-21T17:57:22.995+0100] {processor.py:186} INFO - Started process (PID=6029) to work on /Users/jobandtalent/opt/anaconda3/envs/e2s-env/lib/python3.9/site-packages/airflow/example_dags/example_short_circuit_operator.py
[2024-11-21T17:57:22.997+0100] {processor.py:914} INFO - Processing file /Users/jobandtalent/opt/anaconda3/envs/e2s-env/lib/python3.9/site-packages/airflow/example_dags/example_short_circuit_operator.py for tasks to queue
[2024-11-21T17:57:22.998+0100] {logging_mixin.py:190} INFO - [2024-11-21T17:57:22.997+0100] {dagbag.py:588} INFO - Filling up the DagBag from /Users/jobandtalent/opt/anaconda3/envs/e2s-env/lib/python3.9/site-packages/airflow/example_dags/example_short_circuit_operator.py
[2024-11-21T17:57:23.018+0100] {processor.py:925} INFO - DAG(s) 'example_short_circuit_operator' retrieved from /Users/jobandtalent/opt/anaconda3/envs/e2s-env/lib/python3.9/site-packages/airflow/example_dags/example_short_circuit_operator.py
[2024-11-21T17:57:23.076+0100] {logging_mixin.py:190} INFO - [2024-11-21T17:57:23.076+0100] {dag.py:3239} INFO - Sync 1 DAGs
[2024-11-21T17:57:23.083+0100] {logging_mixin.py:190} INFO - [2024-11-21T17:57:23.083+0100] {dag.py:4180} INFO - Setting next_dagrun for example_short_circuit_operator to None, run_after=None
[2024-11-21T17:57:23.094+0100] {processor.py:208} INFO - Processing /Users/jobandtalent/opt/anaconda3/envs/e2s-env/lib/python3.9/site-packages/airflow/example_dags/example_short_circuit_operator.py took 0.109 seconds
[2024-11-21T17:59:47.423+0100] {processor.py:186} INFO - Started process (PID=6468) to work on /Users/jobandtalent/opt/anaconda3/envs/e2s-env/lib/python3.9/site-packages/airflow/example_dags/example_short_circuit_operator.py
[2024-11-21T17:59:47.425+0100] {processor.py:914} INFO - Processing file /Users/jobandtalent/opt/anaconda3/envs/e2s-env/lib/python3.9/site-packages/airflow/example_dags/example_short_circuit_operator.py for tasks to queue
[2024-11-21T17:59:47.426+0100] {logging_mixin.py:190} INFO - [2024-11-21T17:59:47.425+0100] {dagbag.py:588} INFO - Filling up the DagBag from /Users/jobandtalent/opt/anaconda3/envs/e2s-env/lib/python3.9/site-packages/airflow/example_dags/example_short_circuit_operator.py
[2024-11-21T17:59:47.452+0100] {processor.py:925} INFO - DAG(s) 'example_short_circuit_operator' retrieved from /Users/jobandtalent/opt/anaconda3/envs/e2s-env/lib/python3.9/site-packages/airflow/example_dags/example_short_circuit_operator.py
[2024-11-21T17:59:47.517+0100] {logging_mixin.py:190} INFO - [2024-11-21T17:59:47.517+0100] {dag.py:3239} INFO - Sync 1 DAGs
[2024-11-21T17:59:47.524+0100] {logging_mixin.py:190} INFO - [2024-11-21T17:59:47.524+0100] {dag.py:4180} INFO - Setting next_dagrun for example_short_circuit_operator to None, run_after=None
[2024-11-21T17:59:47.537+0100] {processor.py:208} INFO - Processing /Users/jobandtalent/opt/anaconda3/envs/e2s-env/lib/python3.9/site-packages/airflow/example_dags/example_short_circuit_operator.py took 0.132 seconds
[2024-11-21T18:02:15.180+0100] {processor.py:186} INFO - Started process (PID=6875) to work on /Users/jobandtalent/opt/anaconda3/envs/e2s-env/lib/python3.9/site-packages/airflow/example_dags/example_short_circuit_operator.py
[2024-11-21T18:02:15.182+0100] {processor.py:914} INFO - Processing file /Users/jobandtalent/opt/anaconda3/envs/e2s-env/lib/python3.9/site-packages/airflow/example_dags/example_short_circuit_operator.py for tasks to queue
[2024-11-21T18:02:15.183+0100] {logging_mixin.py:190} INFO - [2024-11-21T18:02:15.182+0100] {dagbag.py:588} INFO - Filling up the DagBag from /Users/jobandtalent/opt/anaconda3/envs/e2s-env/lib/python3.9/site-packages/airflow/example_dags/example_short_circuit_operator.py
[2024-11-21T18:02:15.209+0100] {processor.py:925} INFO - DAG(s) 'example_short_circuit_operator' retrieved from /Users/jobandtalent/opt/anaconda3/envs/e2s-env/lib/python3.9/site-packages/airflow/example_dags/example_short_circuit_operator.py
[2024-11-21T18:02:15.273+0100] {logging_mixin.py:190} INFO - [2024-11-21T18:02:15.272+0100] {dag.py:3239} INFO - Sync 1 DAGs
[2024-11-21T18:02:15.280+0100] {logging_mixin.py:190} INFO - [2024-11-21T18:02:15.279+0100] {dag.py:4180} INFO - Setting next_dagrun for example_short_circuit_operator to None, run_after=None
[2024-11-21T18:02:15.291+0100] {processor.py:208} INFO - Processing /Users/jobandtalent/opt/anaconda3/envs/e2s-env/lib/python3.9/site-packages/airflow/example_dags/example_short_circuit_operator.py took 0.121 seconds
[2024-11-21T18:04:39.286+0100] {processor.py:186} INFO - Started process (PID=7216) to work on /Users/jobandtalent/opt/anaconda3/envs/e2s-env/lib/python3.9/site-packages/airflow/example_dags/example_short_circuit_operator.py
[2024-11-21T18:04:39.288+0100] {processor.py:914} INFO - Processing file /Users/jobandtalent/opt/anaconda3/envs/e2s-env/lib/python3.9/site-packages/airflow/example_dags/example_short_circuit_operator.py for tasks to queue
[2024-11-21T18:04:39.289+0100] {logging_mixin.py:190} INFO - [2024-11-21T18:04:39.289+0100] {dagbag.py:588} INFO - Filling up the DagBag from /Users/jobandtalent/opt/anaconda3/envs/e2s-env/lib/python3.9/site-packages/airflow/example_dags/example_short_circuit_operator.py
[2024-11-21T18:04:39.313+0100] {processor.py:925} INFO - DAG(s) 'example_short_circuit_operator' retrieved from /Users/jobandtalent/opt/anaconda3/envs/e2s-env/lib/python3.9/site-packages/airflow/example_dags/example_short_circuit_operator.py
[2024-11-21T18:04:39.378+0100] {logging_mixin.py:190} INFO - [2024-11-21T18:04:39.378+0100] {dag.py:3239} INFO - Sync 1 DAGs
[2024-11-21T18:04:39.385+0100] {logging_mixin.py:190} INFO - [2024-11-21T18:04:39.385+0100] {dag.py:4180} INFO - Setting next_dagrun for example_short_circuit_operator to None, run_after=None
[2024-11-21T18:04:39.397+0100] {processor.py:208} INFO - Processing /Users/jobandtalent/opt/anaconda3/envs/e2s-env/lib/python3.9/site-packages/airflow/example_dags/example_short_circuit_operator.py took 0.123 seconds
