[2024-11-21T17:34:10.842+0100] {processor.py:186} INFO - Started process (PID=2081) to work on /Users/jobandtalent/opt/anaconda3/envs/e2s-env/lib/python3.9/site-packages/airflow/example_dags/example_workday_timetable.py
[2024-11-21T17:34:10.843+0100] {processor.py:914} INFO - Processing file /Users/jobandtalent/opt/anaconda3/envs/e2s-env/lib/python3.9/site-packages/airflow/example_dags/example_workday_timetable.py for tasks to queue
[2024-11-21T17:34:10.844+0100] {logging_mixin.py:190} INFO - [2024-11-21T17:34:10.844+0100] {dagbag.py:588} INFO - Filling up the DagBag from /Users/jobandtalent/opt/anaconda3/envs/e2s-env/lib/python3.9/site-packages/airflow/example_dags/example_workday_timetable.py
[2024-11-21T17:34:11.487+0100] {processor.py:925} INFO - DAG(s) 'example_workday_timetable' retrieved from /Users/jobandtalent/opt/anaconda3/envs/e2s-env/lib/python3.9/site-packages/airflow/example_dags/example_workday_timetable.py
[2024-11-21T17:34:11.624+0100] {logging_mixin.py:190} INFO - [2024-11-21T17:34:11.624+0100] {override.py:1911} INFO - Created Permission View: can delete on DAG:example_workday_timetable
[2024-11-21T17:34:11.629+0100] {logging_mixin.py:190} INFO - [2024-11-21T17:34:11.629+0100] {override.py:1911} INFO - Created Permission View: can edit on DAG:example_workday_timetable
[2024-11-21T17:34:11.632+0100] {logging_mixin.py:190} INFO - [2024-11-21T17:34:11.632+0100] {override.py:1911} INFO - Created Permission View: can read on DAG:example_workday_timetable
[2024-11-21T17:34:11.636+0100] {logging_mixin.py:190} INFO - [2024-11-21T17:34:11.636+0100] {override.py:1911} INFO - Created Permission View: can delete on DAG Run:example_workday_timetable
[2024-11-21T17:34:11.639+0100] {logging_mixin.py:190} INFO - [2024-11-21T17:34:11.639+0100] {override.py:1911} INFO - Created Permission View: menu access on DAG Run:example_workday_timetable
[2024-11-21T17:34:11.642+0100] {logging_mixin.py:190} INFO - [2024-11-21T17:34:11.642+0100] {override.py:1911} INFO - Created Permission View: can read on DAG Run:example_workday_timetable
[2024-11-21T17:34:11.645+0100] {logging_mixin.py:190} INFO - [2024-11-21T17:34:11.645+0100] {override.py:1911} INFO - Created Permission View: can create on DAG Run:example_workday_timetable
[2024-11-21T17:34:11.645+0100] {logging_mixin.py:190} INFO - [2024-11-21T17:34:11.645+0100] {dag.py:3239} INFO - Sync 1 DAGs
[2024-11-21T17:34:11.652+0100] {logging_mixin.py:190} INFO - [2024-11-21T17:34:11.652+0100] {dag.py:3262} INFO - Creating ORM DAG for example_workday_timetable
[2024-11-21T17:34:11.694+0100] {logging_mixin.py:190} INFO - [2024-11-21T17:34:11.693+0100] {dag.py:4180} INFO - Setting next_dagrun for example_workday_timetable to 2021-01-04 00:00:00+00:00, run_after=2021-01-05 00:00:00+00:00
[2024-11-21T17:34:11.704+0100] {processor.py:208} INFO - Processing /Users/jobandtalent/opt/anaconda3/envs/e2s-env/lib/python3.9/site-packages/airflow/example_dags/example_workday_timetable.py took 0.874 seconds
[2024-11-21T17:37:06.047+0100] {processor.py:186} INFO - Started process (PID=2516) to work on /Users/jobandtalent/opt/anaconda3/envs/e2s-env/lib/python3.9/site-packages/airflow/example_dags/example_workday_timetable.py
[2024-11-21T17:37:06.050+0100] {processor.py:914} INFO - Processing file /Users/jobandtalent/opt/anaconda3/envs/e2s-env/lib/python3.9/site-packages/airflow/example_dags/example_workday_timetable.py for tasks to queue
[2024-11-21T17:37:06.050+0100] {logging_mixin.py:190} INFO - [2024-11-21T17:37:06.050+0100] {dagbag.py:588} INFO - Filling up the DagBag from /Users/jobandtalent/opt/anaconda3/envs/e2s-env/lib/python3.9/site-packages/airflow/example_dags/example_workday_timetable.py
[2024-11-21T17:37:06.771+0100] {processor.py:925} INFO - DAG(s) 'example_workday_timetable' retrieved from /Users/jobandtalent/opt/anaconda3/envs/e2s-env/lib/python3.9/site-packages/airflow/example_dags/example_workday_timetable.py
[2024-11-21T17:37:06.843+0100] {logging_mixin.py:190} INFO - [2024-11-21T17:37:06.843+0100] {dag.py:3239} INFO - Sync 1 DAGs
[2024-11-21T17:37:06.871+0100] {logging_mixin.py:190} INFO - [2024-11-21T17:37:06.871+0100] {dag.py:4180} INFO - Setting next_dagrun for example_workday_timetable to 2021-01-04 00:00:00+00:00, run_after=2021-01-05 00:00:00+00:00
[2024-11-21T17:37:06.881+0100] {processor.py:208} INFO - Processing /Users/jobandtalent/opt/anaconda3/envs/e2s-env/lib/python3.9/site-packages/airflow/example_dags/example_workday_timetable.py took 0.844 seconds
[2024-11-21T17:39:28.149+0100] {processor.py:186} INFO - Started process (PID=2871) to work on /Users/jobandtalent/opt/anaconda3/envs/e2s-env/lib/python3.9/site-packages/airflow/example_dags/example_workday_timetable.py
[2024-11-21T17:39:28.151+0100] {processor.py:914} INFO - Processing file /Users/jobandtalent/opt/anaconda3/envs/e2s-env/lib/python3.9/site-packages/airflow/example_dags/example_workday_timetable.py for tasks to queue
[2024-11-21T17:39:28.152+0100] {logging_mixin.py:190} INFO - [2024-11-21T17:39:28.152+0100] {dagbag.py:588} INFO - Filling up the DagBag from /Users/jobandtalent/opt/anaconda3/envs/e2s-env/lib/python3.9/site-packages/airflow/example_dags/example_workday_timetable.py
[2024-11-21T17:39:28.948+0100] {processor.py:925} INFO - DAG(s) 'example_workday_timetable' retrieved from /Users/jobandtalent/opt/anaconda3/envs/e2s-env/lib/python3.9/site-packages/airflow/example_dags/example_workday_timetable.py
[2024-11-21T17:39:29.020+0100] {logging_mixin.py:190} INFO - [2024-11-21T17:39:29.020+0100] {dag.py:3239} INFO - Sync 1 DAGs
[2024-11-21T17:39:29.050+0100] {logging_mixin.py:190} INFO - [2024-11-21T17:39:29.050+0100] {dag.py:4180} INFO - Setting next_dagrun for example_workday_timetable to 2021-01-04 00:00:00+00:00, run_after=2021-01-05 00:00:00+00:00
[2024-11-21T17:39:29.062+0100] {processor.py:208} INFO - Processing /Users/jobandtalent/opt/anaconda3/envs/e2s-env/lib/python3.9/site-packages/airflow/example_dags/example_workday_timetable.py took 0.921 seconds
[2024-11-21T17:41:49.688+0100] {processor.py:186} INFO - Started process (PID=3219) to work on /Users/jobandtalent/opt/anaconda3/envs/e2s-env/lib/python3.9/site-packages/airflow/example_dags/example_workday_timetable.py
[2024-11-21T17:41:49.690+0100] {processor.py:914} INFO - Processing file /Users/jobandtalent/opt/anaconda3/envs/e2s-env/lib/python3.9/site-packages/airflow/example_dags/example_workday_timetable.py for tasks to queue
[2024-11-21T17:41:49.691+0100] {logging_mixin.py:190} INFO - [2024-11-21T17:41:49.690+0100] {dagbag.py:588} INFO - Filling up the DagBag from /Users/jobandtalent/opt/anaconda3/envs/e2s-env/lib/python3.9/site-packages/airflow/example_dags/example_workday_timetable.py
[2024-11-21T17:41:50.376+0100] {processor.py:925} INFO - DAG(s) 'example_workday_timetable' retrieved from /Users/jobandtalent/opt/anaconda3/envs/e2s-env/lib/python3.9/site-packages/airflow/example_dags/example_workday_timetable.py
[2024-11-21T17:41:50.457+0100] {logging_mixin.py:190} INFO - [2024-11-21T17:41:50.457+0100] {dag.py:3239} INFO - Sync 1 DAGs
[2024-11-21T17:41:50.488+0100] {logging_mixin.py:190} INFO - [2024-11-21T17:41:50.488+0100] {dag.py:4180} INFO - Setting next_dagrun for example_workday_timetable to 2021-01-04 00:00:00+00:00, run_after=2021-01-05 00:00:00+00:00
[2024-11-21T17:41:50.502+0100] {processor.py:208} INFO - Processing /Users/jobandtalent/opt/anaconda3/envs/e2s-env/lib/python3.9/site-packages/airflow/example_dags/example_workday_timetable.py took 0.822 seconds
[2024-11-21T17:44:17.665+0100] {processor.py:186} INFO - Started process (PID=3571) to work on /Users/jobandtalent/opt/anaconda3/envs/e2s-env/lib/python3.9/site-packages/airflow/example_dags/example_workday_timetable.py
[2024-11-21T17:44:17.667+0100] {processor.py:914} INFO - Processing file /Users/jobandtalent/opt/anaconda3/envs/e2s-env/lib/python3.9/site-packages/airflow/example_dags/example_workday_timetable.py for tasks to queue
[2024-11-21T17:44:17.668+0100] {logging_mixin.py:190} INFO - [2024-11-21T17:44:17.668+0100] {dagbag.py:588} INFO - Filling up the DagBag from /Users/jobandtalent/opt/anaconda3/envs/e2s-env/lib/python3.9/site-packages/airflow/example_dags/example_workday_timetable.py
[2024-11-21T17:44:18.469+0100] {processor.py:925} INFO - DAG(s) 'example_workday_timetable' retrieved from /Users/jobandtalent/opt/anaconda3/envs/e2s-env/lib/python3.9/site-packages/airflow/example_dags/example_workday_timetable.py
[2024-11-21T17:44:18.552+0100] {logging_mixin.py:190} INFO - [2024-11-21T17:44:18.552+0100] {dag.py:3239} INFO - Sync 1 DAGs
[2024-11-21T17:44:18.584+0100] {logging_mixin.py:190} INFO - [2024-11-21T17:44:18.583+0100] {dag.py:4180} INFO - Setting next_dagrun for example_workday_timetable to 2021-01-04 00:00:00+00:00, run_after=2021-01-05 00:00:00+00:00
[2024-11-21T17:44:18.598+0100] {processor.py:208} INFO - Processing /Users/jobandtalent/opt/anaconda3/envs/e2s-env/lib/python3.9/site-packages/airflow/example_dags/example_workday_timetable.py took 0.941 seconds
