[2024-11-21T17:34:23.527+0100] {processor.py:186} INFO - Started process (PID=2112) to work on /Users/jobandtalent/opt/anaconda3/envs/e2s-env/lib/python3.9/site-packages/airflow/example_dags/example_task_group_decorator.py
[2024-11-21T17:34:23.528+0100] {processor.py:914} INFO - Processing file /Users/jobandtalent/opt/anaconda3/envs/e2s-env/lib/python3.9/site-packages/airflow/example_dags/example_task_group_decorator.py for tasks to queue
[2024-11-21T17:34:23.529+0100] {logging_mixin.py:190} INFO - [2024-11-21T17:34:23.529+0100] {dagbag.py:588} INFO - Filling up the DagBag from /Users/jobandtalent/opt/anaconda3/envs/e2s-env/lib/python3.9/site-packages/airflow/example_dags/example_task_group_decorator.py
[2024-11-21T17:34:23.567+0100] {processor.py:925} INFO - DAG(s) 'example_task_group_decorator' retrieved from /Users/jobandtalent/opt/anaconda3/envs/e2s-env/lib/python3.9/site-packages/airflow/example_dags/example_task_group_decorator.py
[2024-11-21T17:34:23.698+0100] {logging_mixin.py:190} INFO - [2024-11-21T17:34:23.697+0100] {override.py:1911} INFO - Created Permission View: can delete on DAG:example_task_group_decorator
[2024-11-21T17:34:23.703+0100] {logging_mixin.py:190} INFO - [2024-11-21T17:34:23.703+0100] {override.py:1911} INFO - Created Permission View: can read on DAG:example_task_group_decorator
[2024-11-21T17:34:23.707+0100] {logging_mixin.py:190} INFO - [2024-11-21T17:34:23.707+0100] {override.py:1911} INFO - Created Permission View: can edit on DAG:example_task_group_decorator
[2024-11-21T17:34:23.711+0100] {logging_mixin.py:190} INFO - [2024-11-21T17:34:23.711+0100] {override.py:1911} INFO - Created Permission View: can delete on DAG Run:example_task_group_decorator
[2024-11-21T17:34:23.715+0100] {logging_mixin.py:190} INFO - [2024-11-21T17:34:23.715+0100] {override.py:1911} INFO - Created Permission View: can read on DAG Run:example_task_group_decorator
[2024-11-21T17:34:23.718+0100] {logging_mixin.py:190} INFO - [2024-11-21T17:34:23.718+0100] {override.py:1911} INFO - Created Permission View: can create on DAG Run:example_task_group_decorator
[2024-11-21T17:34:23.721+0100] {logging_mixin.py:190} INFO - [2024-11-21T17:34:23.721+0100] {override.py:1911} INFO - Created Permission View: menu access on DAG Run:example_task_group_decorator
[2024-11-21T17:34:23.722+0100] {logging_mixin.py:190} INFO - [2024-11-21T17:34:23.722+0100] {dag.py:3239} INFO - Sync 1 DAGs
[2024-11-21T17:34:23.729+0100] {logging_mixin.py:190} INFO - [2024-11-21T17:34:23.729+0100] {dag.py:3262} INFO - Creating ORM DAG for example_task_group_decorator
[2024-11-21T17:34:23.729+0100] {logging_mixin.py:190} INFO - [2024-11-21T17:34:23.729+0100] {dag.py:4180} INFO - Setting next_dagrun for example_task_group_decorator to None, run_after=None
[2024-11-21T17:34:23.739+0100] {processor.py:208} INFO - Processing /Users/jobandtalent/opt/anaconda3/envs/e2s-env/lib/python3.9/site-packages/airflow/example_dags/example_task_group_decorator.py took 0.222 seconds
[2024-11-21T17:37:19.371+0100] {processor.py:186} INFO - Started process (PID=2541) to work on /Users/jobandtalent/opt/anaconda3/envs/e2s-env/lib/python3.9/site-packages/airflow/example_dags/example_task_group_decorator.py
[2024-11-21T17:37:19.374+0100] {processor.py:914} INFO - Processing file /Users/jobandtalent/opt/anaconda3/envs/e2s-env/lib/python3.9/site-packages/airflow/example_dags/example_task_group_decorator.py for tasks to queue
[2024-11-21T17:37:19.375+0100] {logging_mixin.py:190} INFO - [2024-11-21T17:37:19.374+0100] {dagbag.py:588} INFO - Filling up the DagBag from /Users/jobandtalent/opt/anaconda3/envs/e2s-env/lib/python3.9/site-packages/airflow/example_dags/example_task_group_decorator.py
[2024-11-21T17:37:19.433+0100] {processor.py:925} INFO - DAG(s) 'example_task_group_decorator' retrieved from /Users/jobandtalent/opt/anaconda3/envs/e2s-env/lib/python3.9/site-packages/airflow/example_dags/example_task_group_decorator.py
[2024-11-21T17:37:19.506+0100] {logging_mixin.py:190} INFO - [2024-11-21T17:37:19.505+0100] {dag.py:3239} INFO - Sync 1 DAGs
[2024-11-21T17:37:19.513+0100] {logging_mixin.py:190} INFO - [2024-11-21T17:37:19.513+0100] {dag.py:4180} INFO - Setting next_dagrun for example_task_group_decorator to None, run_after=None
[2024-11-21T17:37:19.526+0100] {processor.py:208} INFO - Processing /Users/jobandtalent/opt/anaconda3/envs/e2s-env/lib/python3.9/site-packages/airflow/example_dags/example_task_group_decorator.py took 0.165 seconds
[2024-11-21T17:39:42.535+0100] {processor.py:186} INFO - Started process (PID=2896) to work on /Users/jobandtalent/opt/anaconda3/envs/e2s-env/lib/python3.9/site-packages/airflow/example_dags/example_task_group_decorator.py
[2024-11-21T17:39:42.537+0100] {processor.py:914} INFO - Processing file /Users/jobandtalent/opt/anaconda3/envs/e2s-env/lib/python3.9/site-packages/airflow/example_dags/example_task_group_decorator.py for tasks to queue
[2024-11-21T17:39:42.538+0100] {logging_mixin.py:190} INFO - [2024-11-21T17:39:42.538+0100] {dagbag.py:588} INFO - Filling up the DagBag from /Users/jobandtalent/opt/anaconda3/envs/e2s-env/lib/python3.9/site-packages/airflow/example_dags/example_task_group_decorator.py
[2024-11-21T17:39:42.590+0100] {processor.py:925} INFO - DAG(s) 'example_task_group_decorator' retrieved from /Users/jobandtalent/opt/anaconda3/envs/e2s-env/lib/python3.9/site-packages/airflow/example_dags/example_task_group_decorator.py
[2024-11-21T17:39:42.662+0100] {logging_mixin.py:190} INFO - [2024-11-21T17:39:42.662+0100] {dag.py:3239} INFO - Sync 1 DAGs
[2024-11-21T17:39:42.670+0100] {logging_mixin.py:190} INFO - [2024-11-21T17:39:42.670+0100] {dag.py:4180} INFO - Setting next_dagrun for example_task_group_decorator to None, run_after=None
[2024-11-21T17:39:42.683+0100] {processor.py:208} INFO - Processing /Users/jobandtalent/opt/anaconda3/envs/e2s-env/lib/python3.9/site-packages/airflow/example_dags/example_task_group_decorator.py took 0.157 seconds
[2024-11-21T17:42:03.489+0100] {processor.py:186} INFO - Started process (PID=3256) to work on /Users/jobandtalent/opt/anaconda3/envs/e2s-env/lib/python3.9/site-packages/airflow/example_dags/example_task_group_decorator.py
[2024-11-21T17:42:03.491+0100] {processor.py:914} INFO - Processing file /Users/jobandtalent/opt/anaconda3/envs/e2s-env/lib/python3.9/site-packages/airflow/example_dags/example_task_group_decorator.py for tasks to queue
[2024-11-21T17:42:03.492+0100] {logging_mixin.py:190} INFO - [2024-11-21T17:42:03.492+0100] {dagbag.py:588} INFO - Filling up the DagBag from /Users/jobandtalent/opt/anaconda3/envs/e2s-env/lib/python3.9/site-packages/airflow/example_dags/example_task_group_decorator.py
[2024-11-21T17:42:03.541+0100] {processor.py:925} INFO - DAG(s) 'example_task_group_decorator' retrieved from /Users/jobandtalent/opt/anaconda3/envs/e2s-env/lib/python3.9/site-packages/airflow/example_dags/example_task_group_decorator.py
[2024-11-21T17:42:03.613+0100] {logging_mixin.py:190} INFO - [2024-11-21T17:42:03.613+0100] {dag.py:3239} INFO - Sync 1 DAGs
[2024-11-21T17:42:03.620+0100] {logging_mixin.py:190} INFO - [2024-11-21T17:42:03.620+0100] {dag.py:4180} INFO - Setting next_dagrun for example_task_group_decorator to None, run_after=None
[2024-11-21T17:42:03.635+0100] {processor.py:208} INFO - Processing /Users/jobandtalent/opt/anaconda3/envs/e2s-env/lib/python3.9/site-packages/airflow/example_dags/example_task_group_decorator.py took 0.154 seconds
[2024-11-21T17:44:32.382+0100] {processor.py:186} INFO - Started process (PID=3612) to work on /Users/jobandtalent/opt/anaconda3/envs/e2s-env/lib/python3.9/site-packages/airflow/example_dags/example_task_group_decorator.py
[2024-11-21T17:44:32.384+0100] {processor.py:914} INFO - Processing file /Users/jobandtalent/opt/anaconda3/envs/e2s-env/lib/python3.9/site-packages/airflow/example_dags/example_task_group_decorator.py for tasks to queue
[2024-11-21T17:44:32.385+0100] {logging_mixin.py:190} INFO - [2024-11-21T17:44:32.385+0100] {dagbag.py:588} INFO - Filling up the DagBag from /Users/jobandtalent/opt/anaconda3/envs/e2s-env/lib/python3.9/site-packages/airflow/example_dags/example_task_group_decorator.py
[2024-11-21T17:44:32.439+0100] {processor.py:925} INFO - DAG(s) 'example_task_group_decorator' retrieved from /Users/jobandtalent/opt/anaconda3/envs/e2s-env/lib/python3.9/site-packages/airflow/example_dags/example_task_group_decorator.py
[2024-11-21T17:44:32.512+0100] {logging_mixin.py:190} INFO - [2024-11-21T17:44:32.512+0100] {dag.py:3239} INFO - Sync 1 DAGs
[2024-11-21T17:44:32.518+0100] {logging_mixin.py:190} INFO - [2024-11-21T17:44:32.518+0100] {dag.py:4180} INFO - Setting next_dagrun for example_task_group_decorator to None, run_after=None
[2024-11-21T17:44:32.533+0100] {processor.py:208} INFO - Processing /Users/jobandtalent/opt/anaconda3/envs/e2s-env/lib/python3.9/site-packages/airflow/example_dags/example_task_group_decorator.py took 0.160 seconds
[2024-11-21T17:47:18.612+0100] {processor.py:186} INFO - Started process (PID=4447) to work on /Users/jobandtalent/opt/anaconda3/envs/e2s-env/lib/python3.9/site-packages/airflow/example_dags/example_task_group_decorator.py
[2024-11-21T17:47:18.614+0100] {processor.py:914} INFO - Processing file /Users/jobandtalent/opt/anaconda3/envs/e2s-env/lib/python3.9/site-packages/airflow/example_dags/example_task_group_decorator.py for tasks to queue
[2024-11-21T17:47:18.615+0100] {logging_mixin.py:190} INFO - [2024-11-21T17:47:18.615+0100] {dagbag.py:588} INFO - Filling up the DagBag from /Users/jobandtalent/opt/anaconda3/envs/e2s-env/lib/python3.9/site-packages/airflow/example_dags/example_task_group_decorator.py
[2024-11-21T17:47:18.656+0100] {processor.py:925} INFO - DAG(s) 'example_task_group_decorator' retrieved from /Users/jobandtalent/opt/anaconda3/envs/e2s-env/lib/python3.9/site-packages/airflow/example_dags/example_task_group_decorator.py
[2024-11-21T17:47:18.797+0100] {logging_mixin.py:190} INFO - [2024-11-21T17:47:18.797+0100] {dag.py:3239} INFO - Sync 1 DAGs
[2024-11-21T17:47:18.805+0100] {logging_mixin.py:190} INFO - [2024-11-21T17:47:18.805+0100] {dag.py:4180} INFO - Setting next_dagrun for example_task_group_decorator to None, run_after=None
[2024-11-21T17:47:18.822+0100] {processor.py:208} INFO - Processing /Users/jobandtalent/opt/anaconda3/envs/e2s-env/lib/python3.9/site-packages/airflow/example_dags/example_task_group_decorator.py took 0.223 seconds
[2024-11-21T17:49:56.483+0100] {processor.py:186} INFO - Started process (PID=4853) to work on /Users/jobandtalent/opt/anaconda3/envs/e2s-env/lib/python3.9/site-packages/airflow/example_dags/example_task_group_decorator.py
[2024-11-21T17:49:56.485+0100] {processor.py:914} INFO - Processing file /Users/jobandtalent/opt/anaconda3/envs/e2s-env/lib/python3.9/site-packages/airflow/example_dags/example_task_group_decorator.py for tasks to queue
[2024-11-21T17:49:56.486+0100] {logging_mixin.py:190} INFO - [2024-11-21T17:49:56.486+0100] {dagbag.py:588} INFO - Filling up the DagBag from /Users/jobandtalent/opt/anaconda3/envs/e2s-env/lib/python3.9/site-packages/airflow/example_dags/example_task_group_decorator.py
[2024-11-21T17:49:56.534+0100] {processor.py:925} INFO - DAG(s) 'example_task_group_decorator' retrieved from /Users/jobandtalent/opt/anaconda3/envs/e2s-env/lib/python3.9/site-packages/airflow/example_dags/example_task_group_decorator.py
[2024-11-21T17:49:56.608+0100] {logging_mixin.py:190} INFO - [2024-11-21T17:49:56.608+0100] {dag.py:3239} INFO - Sync 1 DAGs
[2024-11-21T17:49:56.616+0100] {logging_mixin.py:190} INFO - [2024-11-21T17:49:56.616+0100] {dag.py:4180} INFO - Setting next_dagrun for example_task_group_decorator to None, run_after=None
[2024-11-21T17:49:56.646+0100] {processor.py:208} INFO - Processing /Users/jobandtalent/opt/anaconda3/envs/e2s-env/lib/python3.9/site-packages/airflow/example_dags/example_task_group_decorator.py took 0.173 seconds
[2024-11-21T17:52:24.800+0100] {processor.py:186} INFO - Started process (PID=5207) to work on /Users/jobandtalent/opt/anaconda3/envs/e2s-env/lib/python3.9/site-packages/airflow/example_dags/example_task_group_decorator.py
[2024-11-21T17:52:24.802+0100] {processor.py:914} INFO - Processing file /Users/jobandtalent/opt/anaconda3/envs/e2s-env/lib/python3.9/site-packages/airflow/example_dags/example_task_group_decorator.py for tasks to queue
[2024-11-21T17:52:24.803+0100] {logging_mixin.py:190} INFO - [2024-11-21T17:52:24.803+0100] {dagbag.py:588} INFO - Filling up the DagBag from /Users/jobandtalent/opt/anaconda3/envs/e2s-env/lib/python3.9/site-packages/airflow/example_dags/example_task_group_decorator.py
[2024-11-21T17:52:24.839+0100] {processor.py:925} INFO - DAG(s) 'example_task_group_decorator' retrieved from /Users/jobandtalent/opt/anaconda3/envs/e2s-env/lib/python3.9/site-packages/airflow/example_dags/example_task_group_decorator.py
[2024-11-21T17:52:24.945+0100] {logging_mixin.py:190} INFO - [2024-11-21T17:52:24.945+0100] {dag.py:3239} INFO - Sync 1 DAGs
[2024-11-21T17:52:24.953+0100] {logging_mixin.py:190} INFO - [2024-11-21T17:52:24.953+0100] {dag.py:4180} INFO - Setting next_dagrun for example_task_group_decorator to None, run_after=None
[2024-11-21T17:52:24.970+0100] {processor.py:208} INFO - Processing /Users/jobandtalent/opt/anaconda3/envs/e2s-env/lib/python3.9/site-packages/airflow/example_dags/example_task_group_decorator.py took 0.179 seconds
[2024-11-21T17:54:48.088+0100] {processor.py:186} INFO - Started process (PID=5553) to work on /Users/jobandtalent/opt/anaconda3/envs/e2s-env/lib/python3.9/site-packages/airflow/example_dags/example_task_group_decorator.py
[2024-11-21T17:54:48.090+0100] {processor.py:914} INFO - Processing file /Users/jobandtalent/opt/anaconda3/envs/e2s-env/lib/python3.9/site-packages/airflow/example_dags/example_task_group_decorator.py for tasks to queue
[2024-11-21T17:54:48.091+0100] {logging_mixin.py:190} INFO - [2024-11-21T17:54:48.090+0100] {dagbag.py:588} INFO - Filling up the DagBag from /Users/jobandtalent/opt/anaconda3/envs/e2s-env/lib/python3.9/site-packages/airflow/example_dags/example_task_group_decorator.py
[2024-11-21T17:54:48.132+0100] {processor.py:925} INFO - DAG(s) 'example_task_group_decorator' retrieved from /Users/jobandtalent/opt/anaconda3/envs/e2s-env/lib/python3.9/site-packages/airflow/example_dags/example_task_group_decorator.py
[2024-11-21T17:54:48.194+0100] {logging_mixin.py:190} INFO - [2024-11-21T17:54:48.194+0100] {dag.py:3239} INFO - Sync 1 DAGs
[2024-11-21T17:54:48.200+0100] {logging_mixin.py:190} INFO - [2024-11-21T17:54:48.200+0100] {dag.py:4180} INFO - Setting next_dagrun for example_task_group_decorator to None, run_after=None
[2024-11-21T17:54:48.211+0100] {processor.py:208} INFO - Processing /Users/jobandtalent/opt/anaconda3/envs/e2s-env/lib/python3.9/site-packages/airflow/example_dags/example_task_group_decorator.py took 0.132 seconds
[2024-11-21T17:57:08.715+0100] {processor.py:186} INFO - Started process (PID=5959) to work on /Users/jobandtalent/opt/anaconda3/envs/e2s-env/lib/python3.9/site-packages/airflow/example_dags/example_task_group_decorator.py
[2024-11-21T17:57:08.716+0100] {processor.py:914} INFO - Processing file /Users/jobandtalent/opt/anaconda3/envs/e2s-env/lib/python3.9/site-packages/airflow/example_dags/example_task_group_decorator.py for tasks to queue
[2024-11-21T17:57:08.717+0100] {logging_mixin.py:190} INFO - [2024-11-21T17:57:08.717+0100] {dagbag.py:588} INFO - Filling up the DagBag from /Users/jobandtalent/opt/anaconda3/envs/e2s-env/lib/python3.9/site-packages/airflow/example_dags/example_task_group_decorator.py
[2024-11-21T17:57:08.757+0100] {processor.py:925} INFO - DAG(s) 'example_task_group_decorator' retrieved from /Users/jobandtalent/opt/anaconda3/envs/e2s-env/lib/python3.9/site-packages/airflow/example_dags/example_task_group_decorator.py
[2024-11-21T17:57:08.827+0100] {logging_mixin.py:190} INFO - [2024-11-21T17:57:08.827+0100] {dag.py:3239} INFO - Sync 1 DAGs
[2024-11-21T17:57:08.834+0100] {logging_mixin.py:190} INFO - [2024-11-21T17:57:08.834+0100] {dag.py:4180} INFO - Setting next_dagrun for example_task_group_decorator to None, run_after=None
[2024-11-21T17:57:08.846+0100] {processor.py:208} INFO - Processing /Users/jobandtalent/opt/anaconda3/envs/e2s-env/lib/python3.9/site-packages/airflow/example_dags/example_task_group_decorator.py took 0.144 seconds
[2024-11-21T17:59:30.781+0100] {processor.py:186} INFO - Started process (PID=6427) to work on /Users/jobandtalent/opt/anaconda3/envs/e2s-env/lib/python3.9/site-packages/airflow/example_dags/example_task_group_decorator.py
[2024-11-21T17:59:30.784+0100] {processor.py:914} INFO - Processing file /Users/jobandtalent/opt/anaconda3/envs/e2s-env/lib/python3.9/site-packages/airflow/example_dags/example_task_group_decorator.py for tasks to queue
[2024-11-21T17:59:30.784+0100] {logging_mixin.py:190} INFO - [2024-11-21T17:59:30.784+0100] {dagbag.py:588} INFO - Filling up the DagBag from /Users/jobandtalent/opt/anaconda3/envs/e2s-env/lib/python3.9/site-packages/airflow/example_dags/example_task_group_decorator.py
[2024-11-21T17:59:30.823+0100] {processor.py:925} INFO - DAG(s) 'example_task_group_decorator' retrieved from /Users/jobandtalent/opt/anaconda3/envs/e2s-env/lib/python3.9/site-packages/airflow/example_dags/example_task_group_decorator.py
[2024-11-21T17:59:30.887+0100] {logging_mixin.py:190} INFO - [2024-11-21T17:59:30.887+0100] {dag.py:3239} INFO - Sync 1 DAGs
[2024-11-21T17:59:30.894+0100] {logging_mixin.py:190} INFO - [2024-11-21T17:59:30.893+0100] {dag.py:4180} INFO - Setting next_dagrun for example_task_group_decorator to None, run_after=None
[2024-11-21T17:59:30.907+0100] {processor.py:208} INFO - Processing /Users/jobandtalent/opt/anaconda3/envs/e2s-env/lib/python3.9/site-packages/airflow/example_dags/example_task_group_decorator.py took 0.136 seconds
[2024-11-21T18:02:00.155+0100] {processor.py:186} INFO - Started process (PID=6827) to work on /Users/jobandtalent/opt/anaconda3/envs/e2s-env/lib/python3.9/site-packages/airflow/example_dags/example_task_group_decorator.py
[2024-11-21T18:02:00.157+0100] {processor.py:914} INFO - Processing file /Users/jobandtalent/opt/anaconda3/envs/e2s-env/lib/python3.9/site-packages/airflow/example_dags/example_task_group_decorator.py for tasks to queue
[2024-11-21T18:02:00.158+0100] {logging_mixin.py:190} INFO - [2024-11-21T18:02:00.157+0100] {dagbag.py:588} INFO - Filling up the DagBag from /Users/jobandtalent/opt/anaconda3/envs/e2s-env/lib/python3.9/site-packages/airflow/example_dags/example_task_group_decorator.py
[2024-11-21T18:02:00.200+0100] {processor.py:925} INFO - DAG(s) 'example_task_group_decorator' retrieved from /Users/jobandtalent/opt/anaconda3/envs/e2s-env/lib/python3.9/site-packages/airflow/example_dags/example_task_group_decorator.py
[2024-11-21T18:02:00.268+0100] {logging_mixin.py:190} INFO - [2024-11-21T18:02:00.267+0100] {dag.py:3239} INFO - Sync 1 DAGs
[2024-11-21T18:02:00.279+0100] {logging_mixin.py:190} INFO - [2024-11-21T18:02:00.278+0100] {dag.py:4180} INFO - Setting next_dagrun for example_task_group_decorator to None, run_after=None
[2024-11-21T18:02:00.292+0100] {processor.py:208} INFO - Processing /Users/jobandtalent/opt/anaconda3/envs/e2s-env/lib/python3.9/site-packages/airflow/example_dags/example_task_group_decorator.py took 0.150 seconds
[2024-11-21T18:04:24.648+0100] {processor.py:186} INFO - Started process (PID=7185) to work on /Users/jobandtalent/opt/anaconda3/envs/e2s-env/lib/python3.9/site-packages/airflow/example_dags/example_task_group_decorator.py
[2024-11-21T18:04:24.650+0100] {processor.py:914} INFO - Processing file /Users/jobandtalent/opt/anaconda3/envs/e2s-env/lib/python3.9/site-packages/airflow/example_dags/example_task_group_decorator.py for tasks to queue
[2024-11-21T18:04:24.651+0100] {logging_mixin.py:190} INFO - [2024-11-21T18:04:24.651+0100] {dagbag.py:588} INFO - Filling up the DagBag from /Users/jobandtalent/opt/anaconda3/envs/e2s-env/lib/python3.9/site-packages/airflow/example_dags/example_task_group_decorator.py
[2024-11-21T18:04:24.691+0100] {processor.py:925} INFO - DAG(s) 'example_task_group_decorator' retrieved from /Users/jobandtalent/opt/anaconda3/envs/e2s-env/lib/python3.9/site-packages/airflow/example_dags/example_task_group_decorator.py
[2024-11-21T18:04:24.750+0100] {logging_mixin.py:190} INFO - [2024-11-21T18:04:24.749+0100] {dag.py:3239} INFO - Sync 1 DAGs
[2024-11-21T18:04:24.755+0100] {logging_mixin.py:190} INFO - [2024-11-21T18:04:24.755+0100] {dag.py:4180} INFO - Setting next_dagrun for example_task_group_decorator to None, run_after=None
[2024-11-21T18:04:24.766+0100] {processor.py:208} INFO - Processing /Users/jobandtalent/opt/anaconda3/envs/e2s-env/lib/python3.9/site-packages/airflow/example_dags/example_task_group_decorator.py took 0.125 seconds
