[2024-11-21T17:34:44.348+0100] {processor.py:186} INFO - Started process (PID=2169) to work on /Users/jobandtalent/opt/anaconda3/envs/e2s-env/lib/python3.9/site-packages/airflow/example_dags/example_setup_teardown_taskflow.py
[2024-11-21T17:34:44.349+0100] {processor.py:914} INFO - Processing file /Users/jobandtalent/opt/anaconda3/envs/e2s-env/lib/python3.9/site-packages/airflow/example_dags/example_setup_teardown_taskflow.py for tasks to queue
[2024-11-21T17:34:44.350+0100] {logging_mixin.py:190} INFO - [2024-11-21T17:34:44.350+0100] {dagbag.py:588} INFO - Filling up the DagBag from /Users/jobandtalent/opt/anaconda3/envs/e2s-env/lib/python3.9/site-packages/airflow/example_dags/example_setup_teardown_taskflow.py
[2024-11-21T17:34:44.394+0100] {processor.py:925} INFO - DAG(s) 'example_setup_teardown_taskflow' retrieved from /Users/jobandtalent/opt/anaconda3/envs/e2s-env/lib/python3.9/site-packages/airflow/example_dags/example_setup_teardown_taskflow.py
[2024-11-21T17:34:44.530+0100] {logging_mixin.py:190} INFO - [2024-11-21T17:34:44.530+0100] {override.py:1911} INFO - Created Permission View: can delete on DAG:example_setup_teardown_taskflow
[2024-11-21T17:34:44.536+0100] {logging_mixin.py:190} INFO - [2024-11-21T17:34:44.536+0100] {override.py:1911} INFO - Created Permission View: can read on DAG:example_setup_teardown_taskflow
[2024-11-21T17:34:44.539+0100] {logging_mixin.py:190} INFO - [2024-11-21T17:34:44.539+0100] {override.py:1911} INFO - Created Permission View: can edit on DAG:example_setup_teardown_taskflow
[2024-11-21T17:34:44.546+0100] {logging_mixin.py:190} INFO - [2024-11-21T17:34:44.545+0100] {override.py:1911} INFO - Created Permission View: can create on DAG Run:example_setup_teardown_taskflow
[2024-11-21T17:34:44.549+0100] {logging_mixin.py:190} INFO - [2024-11-21T17:34:44.549+0100] {override.py:1911} INFO - Created Permission View: can delete on DAG Run:example_setup_teardown_taskflow
[2024-11-21T17:34:44.552+0100] {logging_mixin.py:190} INFO - [2024-11-21T17:34:44.552+0100] {override.py:1911} INFO - Created Permission View: can read on DAG Run:example_setup_teardown_taskflow
[2024-11-21T17:34:44.556+0100] {logging_mixin.py:190} INFO - [2024-11-21T17:34:44.556+0100] {override.py:1911} INFO - Created Permission View: menu access on DAG Run:example_setup_teardown_taskflow
[2024-11-21T17:34:44.557+0100] {logging_mixin.py:190} INFO - [2024-11-21T17:34:44.556+0100] {dag.py:3239} INFO - Sync 1 DAGs
[2024-11-21T17:34:44.564+0100] {logging_mixin.py:190} INFO - [2024-11-21T17:34:44.564+0100] {dag.py:3262} INFO - Creating ORM DAG for example_setup_teardown_taskflow
[2024-11-21T17:34:44.564+0100] {logging_mixin.py:190} INFO - [2024-11-21T17:34:44.564+0100] {dag.py:4180} INFO - Setting next_dagrun for example_setup_teardown_taskflow to None, run_after=None
[2024-11-21T17:34:44.585+0100] {processor.py:208} INFO - Processing /Users/jobandtalent/opt/anaconda3/envs/e2s-env/lib/python3.9/site-packages/airflow/example_dags/example_setup_teardown_taskflow.py took 0.245 seconds
[2024-11-21T17:37:39.080+0100] {processor.py:186} INFO - Started process (PID=2592) to work on /Users/jobandtalent/opt/anaconda3/envs/e2s-env/lib/python3.9/site-packages/airflow/example_dags/example_setup_teardown_taskflow.py
[2024-11-21T17:37:39.082+0100] {processor.py:914} INFO - Processing file /Users/jobandtalent/opt/anaconda3/envs/e2s-env/lib/python3.9/site-packages/airflow/example_dags/example_setup_teardown_taskflow.py for tasks to queue
[2024-11-21T17:37:39.083+0100] {logging_mixin.py:190} INFO - [2024-11-21T17:37:39.082+0100] {dagbag.py:588} INFO - Filling up the DagBag from /Users/jobandtalent/opt/anaconda3/envs/e2s-env/lib/python3.9/site-packages/airflow/example_dags/example_setup_teardown_taskflow.py
[2024-11-21T17:37:39.115+0100] {processor.py:925} INFO - DAG(s) 'example_setup_teardown_taskflow' retrieved from /Users/jobandtalent/opt/anaconda3/envs/e2s-env/lib/python3.9/site-packages/airflow/example_dags/example_setup_teardown_taskflow.py
[2024-11-21T17:37:39.177+0100] {logging_mixin.py:190} INFO - [2024-11-21T17:37:39.176+0100] {dag.py:3239} INFO - Sync 1 DAGs
[2024-11-21T17:37:39.183+0100] {logging_mixin.py:190} INFO - [2024-11-21T17:37:39.183+0100] {dag.py:4180} INFO - Setting next_dagrun for example_setup_teardown_taskflow to None, run_after=None
[2024-11-21T17:37:39.193+0100] {processor.py:208} INFO - Processing /Users/jobandtalent/opt/anaconda3/envs/e2s-env/lib/python3.9/site-packages/airflow/example_dags/example_setup_teardown_taskflow.py took 0.122 seconds
[2024-11-21T17:40:07.127+0100] {processor.py:186} INFO - Started process (PID=2961) to work on /Users/jobandtalent/opt/anaconda3/envs/e2s-env/lib/python3.9/site-packages/airflow/example_dags/example_setup_teardown_taskflow.py
[2024-11-21T17:40:07.129+0100] {processor.py:914} INFO - Processing file /Users/jobandtalent/opt/anaconda3/envs/e2s-env/lib/python3.9/site-packages/airflow/example_dags/example_setup_teardown_taskflow.py for tasks to queue
[2024-11-21T17:40:07.130+0100] {logging_mixin.py:190} INFO - [2024-11-21T17:40:07.130+0100] {dagbag.py:588} INFO - Filling up the DagBag from /Users/jobandtalent/opt/anaconda3/envs/e2s-env/lib/python3.9/site-packages/airflow/example_dags/example_setup_teardown_taskflow.py
[2024-11-21T17:40:07.164+0100] {processor.py:925} INFO - DAG(s) 'example_setup_teardown_taskflow' retrieved from /Users/jobandtalent/opt/anaconda3/envs/e2s-env/lib/python3.9/site-packages/airflow/example_dags/example_setup_teardown_taskflow.py
[2024-11-21T17:40:07.224+0100] {logging_mixin.py:190} INFO - [2024-11-21T17:40:07.223+0100] {dag.py:3239} INFO - Sync 1 DAGs
[2024-11-21T17:40:07.230+0100] {logging_mixin.py:190} INFO - [2024-11-21T17:40:07.230+0100] {dag.py:4180} INFO - Setting next_dagrun for example_setup_teardown_taskflow to None, run_after=None
[2024-11-21T17:40:07.242+0100] {processor.py:208} INFO - Processing /Users/jobandtalent/opt/anaconda3/envs/e2s-env/lib/python3.9/site-packages/airflow/example_dags/example_setup_teardown_taskflow.py took 0.127 seconds
[2024-11-21T17:42:25.883+0100] {processor.py:186} INFO - Started process (PID=3305) to work on /Users/jobandtalent/opt/anaconda3/envs/e2s-env/lib/python3.9/site-packages/airflow/example_dags/example_setup_teardown_taskflow.py
[2024-11-21T17:42:25.885+0100] {processor.py:914} INFO - Processing file /Users/jobandtalent/opt/anaconda3/envs/e2s-env/lib/python3.9/site-packages/airflow/example_dags/example_setup_teardown_taskflow.py for tasks to queue
[2024-11-21T17:42:25.886+0100] {logging_mixin.py:190} INFO - [2024-11-21T17:42:25.886+0100] {dagbag.py:588} INFO - Filling up the DagBag from /Users/jobandtalent/opt/anaconda3/envs/e2s-env/lib/python3.9/site-packages/airflow/example_dags/example_setup_teardown_taskflow.py
[2024-11-21T17:42:25.920+0100] {processor.py:925} INFO - DAG(s) 'example_setup_teardown_taskflow' retrieved from /Users/jobandtalent/opt/anaconda3/envs/e2s-env/lib/python3.9/site-packages/airflow/example_dags/example_setup_teardown_taskflow.py
[2024-11-21T17:42:25.985+0100] {logging_mixin.py:190} INFO - [2024-11-21T17:42:25.985+0100] {dag.py:3239} INFO - Sync 1 DAGs
[2024-11-21T17:42:25.992+0100] {logging_mixin.py:190} INFO - [2024-11-21T17:42:25.992+0100] {dag.py:4180} INFO - Setting next_dagrun for example_setup_teardown_taskflow to None, run_after=None
[2024-11-21T17:42:26.005+0100] {processor.py:208} INFO - Processing /Users/jobandtalent/opt/anaconda3/envs/e2s-env/lib/python3.9/site-packages/airflow/example_dags/example_setup_teardown_taskflow.py took 0.132 seconds
[2024-11-21T17:44:59.450+0100] {processor.py:186} INFO - Started process (PID=3679) to work on /Users/jobandtalent/opt/anaconda3/envs/e2s-env/lib/python3.9/site-packages/airflow/example_dags/example_setup_teardown_taskflow.py
[2024-11-21T17:44:59.452+0100] {processor.py:914} INFO - Processing file /Users/jobandtalent/opt/anaconda3/envs/e2s-env/lib/python3.9/site-packages/airflow/example_dags/example_setup_teardown_taskflow.py for tasks to queue
[2024-11-21T17:44:59.453+0100] {logging_mixin.py:190} INFO - [2024-11-21T17:44:59.453+0100] {dagbag.py:588} INFO - Filling up the DagBag from /Users/jobandtalent/opt/anaconda3/envs/e2s-env/lib/python3.9/site-packages/airflow/example_dags/example_setup_teardown_taskflow.py
[2024-11-21T17:44:59.494+0100] {processor.py:925} INFO - DAG(s) 'example_setup_teardown_taskflow' retrieved from /Users/jobandtalent/opt/anaconda3/envs/e2s-env/lib/python3.9/site-packages/airflow/example_dags/example_setup_teardown_taskflow.py
[2024-11-21T17:44:59.563+0100] {logging_mixin.py:190} INFO - [2024-11-21T17:44:59.563+0100] {dag.py:3239} INFO - Sync 1 DAGs
[2024-11-21T17:44:59.570+0100] {logging_mixin.py:190} INFO - [2024-11-21T17:44:59.569+0100] {dag.py:4180} INFO - Setting next_dagrun for example_setup_teardown_taskflow to None, run_after=None
[2024-11-21T17:44:59.583+0100] {processor.py:208} INFO - Processing /Users/jobandtalent/opt/anaconda3/envs/e2s-env/lib/python3.9/site-packages/airflow/example_dags/example_setup_teardown_taskflow.py took 0.146 seconds
[2024-11-21T17:47:38.957+0100] {processor.py:186} INFO - Started process (PID=4497) to work on /Users/jobandtalent/opt/anaconda3/envs/e2s-env/lib/python3.9/site-packages/airflow/example_dags/example_setup_teardown_taskflow.py
[2024-11-21T17:47:38.959+0100] {processor.py:914} INFO - Processing file /Users/jobandtalent/opt/anaconda3/envs/e2s-env/lib/python3.9/site-packages/airflow/example_dags/example_setup_teardown_taskflow.py for tasks to queue
[2024-11-21T17:47:38.960+0100] {logging_mixin.py:190} INFO - [2024-11-21T17:47:38.960+0100] {dagbag.py:588} INFO - Filling up the DagBag from /Users/jobandtalent/opt/anaconda3/envs/e2s-env/lib/python3.9/site-packages/airflow/example_dags/example_setup_teardown_taskflow.py
[2024-11-21T17:47:38.999+0100] {processor.py:925} INFO - DAG(s) 'example_setup_teardown_taskflow' retrieved from /Users/jobandtalent/opt/anaconda3/envs/e2s-env/lib/python3.9/site-packages/airflow/example_dags/example_setup_teardown_taskflow.py
[2024-11-21T17:47:39.062+0100] {logging_mixin.py:190} INFO - [2024-11-21T17:47:39.062+0100] {dag.py:3239} INFO - Sync 1 DAGs
[2024-11-21T17:47:39.069+0100] {logging_mixin.py:190} INFO - [2024-11-21T17:47:39.069+0100] {dag.py:4180} INFO - Setting next_dagrun for example_setup_teardown_taskflow to None, run_after=None
[2024-11-21T17:47:39.082+0100] {processor.py:208} INFO - Processing /Users/jobandtalent/opt/anaconda3/envs/e2s-env/lib/python3.9/site-packages/airflow/example_dags/example_setup_teardown_taskflow.py took 0.135 seconds
[2024-11-21T17:50:19.291+0100] {processor.py:186} INFO - Started process (PID=4901) to work on /Users/jobandtalent/opt/anaconda3/envs/e2s-env/lib/python3.9/site-packages/airflow/example_dags/example_setup_teardown_taskflow.py
[2024-11-21T17:50:19.293+0100] {processor.py:914} INFO - Processing file /Users/jobandtalent/opt/anaconda3/envs/e2s-env/lib/python3.9/site-packages/airflow/example_dags/example_setup_teardown_taskflow.py for tasks to queue
[2024-11-21T17:50:19.294+0100] {logging_mixin.py:190} INFO - [2024-11-21T17:50:19.293+0100] {dagbag.py:588} INFO - Filling up the DagBag from /Users/jobandtalent/opt/anaconda3/envs/e2s-env/lib/python3.9/site-packages/airflow/example_dags/example_setup_teardown_taskflow.py
[2024-11-21T17:50:19.328+0100] {processor.py:925} INFO - DAG(s) 'example_setup_teardown_taskflow' retrieved from /Users/jobandtalent/opt/anaconda3/envs/e2s-env/lib/python3.9/site-packages/airflow/example_dags/example_setup_teardown_taskflow.py
[2024-11-21T17:50:19.390+0100] {logging_mixin.py:190} INFO - [2024-11-21T17:50:19.390+0100] {dag.py:3239} INFO - Sync 1 DAGs
[2024-11-21T17:50:19.397+0100] {logging_mixin.py:190} INFO - [2024-11-21T17:50:19.396+0100] {dag.py:4180} INFO - Setting next_dagrun for example_setup_teardown_taskflow to None, run_after=None
[2024-11-21T17:50:19.410+0100] {processor.py:208} INFO - Processing /Users/jobandtalent/opt/anaconda3/envs/e2s-env/lib/python3.9/site-packages/airflow/example_dags/example_setup_teardown_taskflow.py took 0.129 seconds
[2024-11-21T17:52:46.432+0100] {processor.py:186} INFO - Started process (PID=5266) to work on /Users/jobandtalent/opt/anaconda3/envs/e2s-env/lib/python3.9/site-packages/airflow/example_dags/example_setup_teardown_taskflow.py
[2024-11-21T17:52:46.433+0100] {processor.py:914} INFO - Processing file /Users/jobandtalent/opt/anaconda3/envs/e2s-env/lib/python3.9/site-packages/airflow/example_dags/example_setup_teardown_taskflow.py for tasks to queue
[2024-11-21T17:52:46.434+0100] {logging_mixin.py:190} INFO - [2024-11-21T17:52:46.434+0100] {dagbag.py:588} INFO - Filling up the DagBag from /Users/jobandtalent/opt/anaconda3/envs/e2s-env/lib/python3.9/site-packages/airflow/example_dags/example_setup_teardown_taskflow.py
[2024-11-21T17:52:46.474+0100] {processor.py:925} INFO - DAG(s) 'example_setup_teardown_taskflow' retrieved from /Users/jobandtalent/opt/anaconda3/envs/e2s-env/lib/python3.9/site-packages/airflow/example_dags/example_setup_teardown_taskflow.py
[2024-11-21T17:52:46.542+0100] {logging_mixin.py:190} INFO - [2024-11-21T17:52:46.542+0100] {dag.py:3239} INFO - Sync 1 DAGs
[2024-11-21T17:52:46.549+0100] {logging_mixin.py:190} INFO - [2024-11-21T17:52:46.549+0100] {dag.py:4180} INFO - Setting next_dagrun for example_setup_teardown_taskflow to None, run_after=None
[2024-11-21T17:52:46.564+0100] {processor.py:208} INFO - Processing /Users/jobandtalent/opt/anaconda3/envs/e2s-env/lib/python3.9/site-packages/airflow/example_dags/example_setup_teardown_taskflow.py took 0.142 seconds
[2024-11-21T17:55:07.867+0100] {processor.py:186} INFO - Started process (PID=5599) to work on /Users/jobandtalent/opt/anaconda3/envs/e2s-env/lib/python3.9/site-packages/airflow/example_dags/example_setup_teardown_taskflow.py
[2024-11-21T17:55:07.868+0100] {processor.py:914} INFO - Processing file /Users/jobandtalent/opt/anaconda3/envs/e2s-env/lib/python3.9/site-packages/airflow/example_dags/example_setup_teardown_taskflow.py for tasks to queue
[2024-11-21T17:55:07.869+0100] {logging_mixin.py:190} INFO - [2024-11-21T17:55:07.869+0100] {dagbag.py:588} INFO - Filling up the DagBag from /Users/jobandtalent/opt/anaconda3/envs/e2s-env/lib/python3.9/site-packages/airflow/example_dags/example_setup_teardown_taskflow.py
[2024-11-21T17:55:07.901+0100] {processor.py:925} INFO - DAG(s) 'example_setup_teardown_taskflow' retrieved from /Users/jobandtalent/opt/anaconda3/envs/e2s-env/lib/python3.9/site-packages/airflow/example_dags/example_setup_teardown_taskflow.py
[2024-11-21T17:55:07.966+0100] {logging_mixin.py:190} INFO - [2024-11-21T17:55:07.965+0100] {dag.py:3239} INFO - Sync 1 DAGs
[2024-11-21T17:55:07.972+0100] {logging_mixin.py:190} INFO - [2024-11-21T17:55:07.972+0100] {dag.py:4180} INFO - Setting next_dagrun for example_setup_teardown_taskflow to None, run_after=None
[2024-11-21T17:55:07.983+0100] {processor.py:208} INFO - Processing /Users/jobandtalent/opt/anaconda3/envs/e2s-env/lib/python3.9/site-packages/airflow/example_dags/example_setup_teardown_taskflow.py took 0.126 seconds
[2024-11-21T17:57:28.694+0100] {processor.py:186} INFO - Started process (PID=6065) to work on /Users/jobandtalent/opt/anaconda3/envs/e2s-env/lib/python3.9/site-packages/airflow/example_dags/example_setup_teardown_taskflow.py
[2024-11-21T17:57:28.695+0100] {processor.py:914} INFO - Processing file /Users/jobandtalent/opt/anaconda3/envs/e2s-env/lib/python3.9/site-packages/airflow/example_dags/example_setup_teardown_taskflow.py for tasks to queue
[2024-11-21T17:57:28.696+0100] {logging_mixin.py:190} INFO - [2024-11-21T17:57:28.696+0100] {dagbag.py:588} INFO - Filling up the DagBag from /Users/jobandtalent/opt/anaconda3/envs/e2s-env/lib/python3.9/site-packages/airflow/example_dags/example_setup_teardown_taskflow.py
[2024-11-21T17:57:28.732+0100] {processor.py:925} INFO - DAG(s) 'example_setup_teardown_taskflow' retrieved from /Users/jobandtalent/opt/anaconda3/envs/e2s-env/lib/python3.9/site-packages/airflow/example_dags/example_setup_teardown_taskflow.py
[2024-11-21T17:57:28.797+0100] {logging_mixin.py:190} INFO - [2024-11-21T17:57:28.797+0100] {dag.py:3239} INFO - Sync 1 DAGs
[2024-11-21T17:57:28.804+0100] {logging_mixin.py:190} INFO - [2024-11-21T17:57:28.804+0100] {dag.py:4180} INFO - Setting next_dagrun for example_setup_teardown_taskflow to None, run_after=None
[2024-11-21T17:57:28.816+0100] {processor.py:208} INFO - Processing /Users/jobandtalent/opt/anaconda3/envs/e2s-env/lib/python3.9/site-packages/airflow/example_dags/example_setup_teardown_taskflow.py took 0.136 seconds
[2024-11-21T17:59:53.169+0100] {processor.py:186} INFO - Started process (PID=6491) to work on /Users/jobandtalent/opt/anaconda3/envs/e2s-env/lib/python3.9/site-packages/airflow/example_dags/example_setup_teardown_taskflow.py
[2024-11-21T17:59:53.170+0100] {processor.py:914} INFO - Processing file /Users/jobandtalent/opt/anaconda3/envs/e2s-env/lib/python3.9/site-packages/airflow/example_dags/example_setup_teardown_taskflow.py for tasks to queue
[2024-11-21T17:59:53.171+0100] {logging_mixin.py:190} INFO - [2024-11-21T17:59:53.171+0100] {dagbag.py:588} INFO - Filling up the DagBag from /Users/jobandtalent/opt/anaconda3/envs/e2s-env/lib/python3.9/site-packages/airflow/example_dags/example_setup_teardown_taskflow.py
[2024-11-21T17:59:53.208+0100] {processor.py:925} INFO - DAG(s) 'example_setup_teardown_taskflow' retrieved from /Users/jobandtalent/opt/anaconda3/envs/e2s-env/lib/python3.9/site-packages/airflow/example_dags/example_setup_teardown_taskflow.py
[2024-11-21T17:59:53.271+0100] {logging_mixin.py:190} INFO - [2024-11-21T17:59:53.271+0100] {dag.py:3239} INFO - Sync 1 DAGs
[2024-11-21T17:59:53.277+0100] {logging_mixin.py:190} INFO - [2024-11-21T17:59:53.277+0100] {dag.py:4180} INFO - Setting next_dagrun for example_setup_teardown_taskflow to None, run_after=None
[2024-11-21T17:59:53.290+0100] {processor.py:208} INFO - Processing /Users/jobandtalent/opt/anaconda3/envs/e2s-env/lib/python3.9/site-packages/airflow/example_dags/example_setup_teardown_taskflow.py took 0.135 seconds
[2024-11-21T18:02:21.050+0100] {processor.py:186} INFO - Started process (PID=6882) to work on /Users/jobandtalent/opt/anaconda3/envs/e2s-env/lib/python3.9/site-packages/airflow/example_dags/example_setup_teardown_taskflow.py
[2024-11-21T18:02:21.052+0100] {processor.py:914} INFO - Processing file /Users/jobandtalent/opt/anaconda3/envs/e2s-env/lib/python3.9/site-packages/airflow/example_dags/example_setup_teardown_taskflow.py for tasks to queue
[2024-11-21T18:02:21.053+0100] {logging_mixin.py:190} INFO - [2024-11-21T18:02:21.052+0100] {dagbag.py:588} INFO - Filling up the DagBag from /Users/jobandtalent/opt/anaconda3/envs/e2s-env/lib/python3.9/site-packages/airflow/example_dags/example_setup_teardown_taskflow.py
[2024-11-21T18:02:21.085+0100] {processor.py:925} INFO - DAG(s) 'example_setup_teardown_taskflow' retrieved from /Users/jobandtalent/opt/anaconda3/envs/e2s-env/lib/python3.9/site-packages/airflow/example_dags/example_setup_teardown_taskflow.py
[2024-11-21T18:02:21.146+0100] {logging_mixin.py:190} INFO - [2024-11-21T18:02:21.146+0100] {dag.py:3239} INFO - Sync 1 DAGs
[2024-11-21T18:02:21.153+0100] {logging_mixin.py:190} INFO - [2024-11-21T18:02:21.153+0100] {dag.py:4180} INFO - Setting next_dagrun for example_setup_teardown_taskflow to None, run_after=None
[2024-11-21T18:02:21.166+0100] {processor.py:208} INFO - Processing /Users/jobandtalent/opt/anaconda3/envs/e2s-env/lib/python3.9/site-packages/airflow/example_dags/example_setup_teardown_taskflow.py took 0.128 seconds
[2024-11-21T18:04:45.006+0100] {processor.py:186} INFO - Started process (PID=7234) to work on /Users/jobandtalent/opt/anaconda3/envs/e2s-env/lib/python3.9/site-packages/airflow/example_dags/example_setup_teardown_taskflow.py
[2024-11-21T18:04:45.007+0100] {processor.py:914} INFO - Processing file /Users/jobandtalent/opt/anaconda3/envs/e2s-env/lib/python3.9/site-packages/airflow/example_dags/example_setup_teardown_taskflow.py for tasks to queue
[2024-11-21T18:04:45.008+0100] {logging_mixin.py:190} INFO - [2024-11-21T18:04:45.008+0100] {dagbag.py:588} INFO - Filling up the DagBag from /Users/jobandtalent/opt/anaconda3/envs/e2s-env/lib/python3.9/site-packages/airflow/example_dags/example_setup_teardown_taskflow.py
[2024-11-21T18:04:45.042+0100] {processor.py:925} INFO - DAG(s) 'example_setup_teardown_taskflow' retrieved from /Users/jobandtalent/opt/anaconda3/envs/e2s-env/lib/python3.9/site-packages/airflow/example_dags/example_setup_teardown_taskflow.py
[2024-11-21T18:04:45.103+0100] {logging_mixin.py:190} INFO - [2024-11-21T18:04:45.102+0100] {dag.py:3239} INFO - Sync 1 DAGs
[2024-11-21T18:04:45.109+0100] {logging_mixin.py:190} INFO - [2024-11-21T18:04:45.109+0100] {dag.py:4180} INFO - Setting next_dagrun for example_setup_teardown_taskflow to None, run_after=None
[2024-11-21T18:04:45.121+0100] {processor.py:208} INFO - Processing /Users/jobandtalent/opt/anaconda3/envs/e2s-env/lib/python3.9/site-packages/airflow/example_dags/example_setup_teardown_taskflow.py took 0.135 seconds
