[2024-11-21T17:34:14.220+0100] {processor.py:186} INFO - Started process (PID=2088) to work on /Users/jobandtalent/opt/anaconda3/envs/e2s-env/lib/python3.9/site-packages/airflow/example_dags/example_trigger_target_dag.py
[2024-11-21T17:34:14.221+0100] {processor.py:914} INFO - Processing file /Users/jobandtalent/opt/anaconda3/envs/e2s-env/lib/python3.9/site-packages/airflow/example_dags/example_trigger_target_dag.py for tasks to queue
[2024-11-21T17:34:14.223+0100] {logging_mixin.py:190} INFO - [2024-11-21T17:34:14.222+0100] {dagbag.py:588} INFO - Filling up the DagBag from /Users/jobandtalent/opt/anaconda3/envs/e2s-env/lib/python3.9/site-packages/airflow/example_dags/example_trigger_target_dag.py
[2024-11-21T17:34:14.338+0100] {processor.py:925} INFO - DAG(s) 'example_trigger_target_dag' retrieved from /Users/jobandtalent/opt/anaconda3/envs/e2s-env/lib/python3.9/site-packages/airflow/example_dags/example_trigger_target_dag.py
[2024-11-21T17:34:14.502+0100] {logging_mixin.py:190} INFO - [2024-11-21T17:34:14.502+0100] {override.py:1911} INFO - Created Permission View: can delete on DAG:example_trigger_target_dag
[2024-11-21T17:34:14.508+0100] {logging_mixin.py:190} INFO - [2024-11-21T17:34:14.508+0100] {override.py:1911} INFO - Created Permission View: can edit on DAG:example_trigger_target_dag
[2024-11-21T17:34:14.512+0100] {logging_mixin.py:190} INFO - [2024-11-21T17:34:14.512+0100] {override.py:1911} INFO - Created Permission View: can read on DAG:example_trigger_target_dag
[2024-11-21T17:34:14.517+0100] {logging_mixin.py:190} INFO - [2024-11-21T17:34:14.517+0100] {override.py:1911} INFO - Created Permission View: can create on DAG Run:example_trigger_target_dag
[2024-11-21T17:34:14.521+0100] {logging_mixin.py:190} INFO - [2024-11-21T17:34:14.520+0100] {override.py:1911} INFO - Created Permission View: can delete on DAG Run:example_trigger_target_dag
[2024-11-21T17:34:14.525+0100] {logging_mixin.py:190} INFO - [2024-11-21T17:34:14.524+0100] {override.py:1911} INFO - Created Permission View: menu access on DAG Run:example_trigger_target_dag
[2024-11-21T17:34:14.528+0100] {logging_mixin.py:190} INFO - [2024-11-21T17:34:14.528+0100] {override.py:1911} INFO - Created Permission View: can read on DAG Run:example_trigger_target_dag
[2024-11-21T17:34:14.529+0100] {logging_mixin.py:190} INFO - [2024-11-21T17:34:14.529+0100] {dag.py:3239} INFO - Sync 1 DAGs
[2024-11-21T17:34:14.536+0100] {logging_mixin.py:190} INFO - [2024-11-21T17:34:14.536+0100] {dag.py:3262} INFO - Creating ORM DAG for example_trigger_target_dag
[2024-11-21T17:34:14.537+0100] {logging_mixin.py:190} INFO - [2024-11-21T17:34:14.537+0100] {dag.py:4180} INFO - Setting next_dagrun for example_trigger_target_dag to None, run_after=None
[2024-11-21T17:34:14.548+0100] {processor.py:208} INFO - Processing /Users/jobandtalent/opt/anaconda3/envs/e2s-env/lib/python3.9/site-packages/airflow/example_dags/example_trigger_target_dag.py took 0.338 seconds
[2024-11-21T17:37:09.254+0100] {processor.py:186} INFO - Started process (PID=2519) to work on /Users/jobandtalent/opt/anaconda3/envs/e2s-env/lib/python3.9/site-packages/airflow/example_dags/example_trigger_target_dag.py
[2024-11-21T17:37:09.256+0100] {processor.py:914} INFO - Processing file /Users/jobandtalent/opt/anaconda3/envs/e2s-env/lib/python3.9/site-packages/airflow/example_dags/example_trigger_target_dag.py for tasks to queue
[2024-11-21T17:37:09.257+0100] {logging_mixin.py:190} INFO - [2024-11-21T17:37:09.257+0100] {dagbag.py:588} INFO - Filling up the DagBag from /Users/jobandtalent/opt/anaconda3/envs/e2s-env/lib/python3.9/site-packages/airflow/example_dags/example_trigger_target_dag.py
[2024-11-21T17:37:09.291+0100] {processor.py:925} INFO - DAG(s) 'example_trigger_target_dag' retrieved from /Users/jobandtalent/opt/anaconda3/envs/e2s-env/lib/python3.9/site-packages/airflow/example_dags/example_trigger_target_dag.py
[2024-11-21T17:37:09.352+0100] {logging_mixin.py:190} INFO - [2024-11-21T17:37:09.352+0100] {dag.py:3239} INFO - Sync 1 DAGs
[2024-11-21T17:37:09.359+0100] {logging_mixin.py:190} INFO - [2024-11-21T17:37:09.359+0100] {dag.py:4180} INFO - Setting next_dagrun for example_trigger_target_dag to None, run_after=None
[2024-11-21T17:37:09.371+0100] {processor.py:208} INFO - Processing /Users/jobandtalent/opt/anaconda3/envs/e2s-env/lib/python3.9/site-packages/airflow/example_dags/example_trigger_target_dag.py took 0.124 seconds
[2024-11-21T17:39:31.871+0100] {processor.py:186} INFO - Started process (PID=2874) to work on /Users/jobandtalent/opt/anaconda3/envs/e2s-env/lib/python3.9/site-packages/airflow/example_dags/example_trigger_target_dag.py
[2024-11-21T17:39:31.873+0100] {processor.py:914} INFO - Processing file /Users/jobandtalent/opt/anaconda3/envs/e2s-env/lib/python3.9/site-packages/airflow/example_dags/example_trigger_target_dag.py for tasks to queue
[2024-11-21T17:39:31.874+0100] {logging_mixin.py:190} INFO - [2024-11-21T17:39:31.874+0100] {dagbag.py:588} INFO - Filling up the DagBag from /Users/jobandtalent/opt/anaconda3/envs/e2s-env/lib/python3.9/site-packages/airflow/example_dags/example_trigger_target_dag.py
[2024-11-21T17:39:31.913+0100] {processor.py:925} INFO - DAG(s) 'example_trigger_target_dag' retrieved from /Users/jobandtalent/opt/anaconda3/envs/e2s-env/lib/python3.9/site-packages/airflow/example_dags/example_trigger_target_dag.py
[2024-11-21T17:39:31.977+0100] {logging_mixin.py:190} INFO - [2024-11-21T17:39:31.977+0100] {dag.py:3239} INFO - Sync 1 DAGs
[2024-11-21T17:39:31.983+0100] {logging_mixin.py:190} INFO - [2024-11-21T17:39:31.983+0100] {dag.py:4180} INFO - Setting next_dagrun for example_trigger_target_dag to None, run_after=None
[2024-11-21T17:39:31.996+0100] {processor.py:208} INFO - Processing /Users/jobandtalent/opt/anaconda3/envs/e2s-env/lib/python3.9/site-packages/airflow/example_dags/example_trigger_target_dag.py took 0.134 seconds
[2024-11-21T17:41:53.394+0100] {processor.py:186} INFO - Started process (PID=3235) to work on /Users/jobandtalent/opt/anaconda3/envs/e2s-env/lib/python3.9/site-packages/airflow/example_dags/example_trigger_target_dag.py
[2024-11-21T17:41:53.397+0100] {processor.py:914} INFO - Processing file /Users/jobandtalent/opt/anaconda3/envs/e2s-env/lib/python3.9/site-packages/airflow/example_dags/example_trigger_target_dag.py for tasks to queue
[2024-11-21T17:41:53.397+0100] {logging_mixin.py:190} INFO - [2024-11-21T17:41:53.397+0100] {dagbag.py:588} INFO - Filling up the DagBag from /Users/jobandtalent/opt/anaconda3/envs/e2s-env/lib/python3.9/site-packages/airflow/example_dags/example_trigger_target_dag.py
[2024-11-21T17:41:53.617+0100] {processor.py:925} INFO - DAG(s) 'example_trigger_target_dag' retrieved from /Users/jobandtalent/opt/anaconda3/envs/e2s-env/lib/python3.9/site-packages/airflow/example_dags/example_trigger_target_dag.py
[2024-11-21T17:41:53.713+0100] {logging_mixin.py:190} INFO - [2024-11-21T17:41:53.712+0100] {dag.py:3239} INFO - Sync 1 DAGs
[2024-11-21T17:41:53.720+0100] {logging_mixin.py:190} INFO - [2024-11-21T17:41:53.719+0100] {dag.py:4180} INFO - Setting next_dagrun for example_trigger_target_dag to None, run_after=None
[2024-11-21T17:41:53.754+0100] {processor.py:208} INFO - Processing /Users/jobandtalent/opt/anaconda3/envs/e2s-env/lib/python3.9/site-packages/airflow/example_dags/example_trigger_target_dag.py took 0.374 seconds
[2024-11-21T17:44:21.658+0100] {processor.py:186} INFO - Started process (PID=3585) to work on /Users/jobandtalent/opt/anaconda3/envs/e2s-env/lib/python3.9/site-packages/airflow/example_dags/example_trigger_target_dag.py
[2024-11-21T17:44:21.660+0100] {processor.py:914} INFO - Processing file /Users/jobandtalent/opt/anaconda3/envs/e2s-env/lib/python3.9/site-packages/airflow/example_dags/example_trigger_target_dag.py for tasks to queue
[2024-11-21T17:44:21.661+0100] {logging_mixin.py:190} INFO - [2024-11-21T17:44:21.661+0100] {dagbag.py:588} INFO - Filling up the DagBag from /Users/jobandtalent/opt/anaconda3/envs/e2s-env/lib/python3.9/site-packages/airflow/example_dags/example_trigger_target_dag.py
[2024-11-21T17:44:21.702+0100] {processor.py:925} INFO - DAG(s) 'example_trigger_target_dag' retrieved from /Users/jobandtalent/opt/anaconda3/envs/e2s-env/lib/python3.9/site-packages/airflow/example_dags/example_trigger_target_dag.py
[2024-11-21T17:44:21.776+0100] {logging_mixin.py:190} INFO - [2024-11-21T17:44:21.776+0100] {dag.py:3239} INFO - Sync 1 DAGs
[2024-11-21T17:44:21.783+0100] {logging_mixin.py:190} INFO - [2024-11-21T17:44:21.783+0100] {dag.py:4180} INFO - Setting next_dagrun for example_trigger_target_dag to None, run_after=None
[2024-11-21T17:44:21.796+0100] {processor.py:208} INFO - Processing /Users/jobandtalent/opt/anaconda3/envs/e2s-env/lib/python3.9/site-packages/airflow/example_dags/example_trigger_target_dag.py took 0.154 seconds
[2024-11-21T17:47:09.919+0100] {processor.py:186} INFO - Started process (PID=4400) to work on /Users/jobandtalent/opt/anaconda3/envs/e2s-env/lib/python3.9/site-packages/airflow/example_dags/example_trigger_target_dag.py
[2024-11-21T17:47:09.922+0100] {processor.py:914} INFO - Processing file /Users/jobandtalent/opt/anaconda3/envs/e2s-env/lib/python3.9/site-packages/airflow/example_dags/example_trigger_target_dag.py for tasks to queue
[2024-11-21T17:47:09.924+0100] {logging_mixin.py:190} INFO - [2024-11-21T17:47:09.923+0100] {dagbag.py:588} INFO - Filling up the DagBag from /Users/jobandtalent/opt/anaconda3/envs/e2s-env/lib/python3.9/site-packages/airflow/example_dags/example_trigger_target_dag.py
[2024-11-21T17:47:09.963+0100] {processor.py:925} INFO - DAG(s) 'example_trigger_target_dag' retrieved from /Users/jobandtalent/opt/anaconda3/envs/e2s-env/lib/python3.9/site-packages/airflow/example_dags/example_trigger_target_dag.py
[2024-11-21T17:47:10.024+0100] {logging_mixin.py:190} INFO - [2024-11-21T17:47:10.024+0100] {dag.py:3239} INFO - Sync 1 DAGs
[2024-11-21T17:47:10.030+0100] {logging_mixin.py:190} INFO - [2024-11-21T17:47:10.030+0100] {dag.py:4180} INFO - Setting next_dagrun for example_trigger_target_dag to None, run_after=None
[2024-11-21T17:47:10.040+0100] {processor.py:208} INFO - Processing /Users/jobandtalent/opt/anaconda3/envs/e2s-env/lib/python3.9/site-packages/airflow/example_dags/example_trigger_target_dag.py took 0.128 seconds
[2024-11-21T17:49:46.015+0100] {processor.py:186} INFO - Started process (PID=4824) to work on /Users/jobandtalent/opt/anaconda3/envs/e2s-env/lib/python3.9/site-packages/airflow/example_dags/example_trigger_target_dag.py
[2024-11-21T17:49:46.017+0100] {processor.py:914} INFO - Processing file /Users/jobandtalent/opt/anaconda3/envs/e2s-env/lib/python3.9/site-packages/airflow/example_dags/example_trigger_target_dag.py for tasks to queue
[2024-11-21T17:49:46.018+0100] {logging_mixin.py:190} INFO - [2024-11-21T17:49:46.017+0100] {dagbag.py:588} INFO - Filling up the DagBag from /Users/jobandtalent/opt/anaconda3/envs/e2s-env/lib/python3.9/site-packages/airflow/example_dags/example_trigger_target_dag.py
[2024-11-21T17:49:46.054+0100] {processor.py:925} INFO - DAG(s) 'example_trigger_target_dag' retrieved from /Users/jobandtalent/opt/anaconda3/envs/e2s-env/lib/python3.9/site-packages/airflow/example_dags/example_trigger_target_dag.py
[2024-11-21T17:49:46.123+0100] {logging_mixin.py:190} INFO - [2024-11-21T17:49:46.123+0100] {dag.py:3239} INFO - Sync 1 DAGs
[2024-11-21T17:49:46.130+0100] {logging_mixin.py:190} INFO - [2024-11-21T17:49:46.130+0100] {dag.py:4180} INFO - Setting next_dagrun for example_trigger_target_dag to None, run_after=None
[2024-11-21T17:49:46.145+0100] {processor.py:208} INFO - Processing /Users/jobandtalent/opt/anaconda3/envs/e2s-env/lib/python3.9/site-packages/airflow/example_dags/example_trigger_target_dag.py took 0.141 seconds
[2024-11-21T17:52:16.642+0100] {processor.py:186} INFO - Started process (PID=5198) to work on /Users/jobandtalent/opt/anaconda3/envs/e2s-env/lib/python3.9/site-packages/airflow/example_dags/example_trigger_target_dag.py
[2024-11-21T17:52:16.646+0100] {processor.py:914} INFO - Processing file /Users/jobandtalent/opt/anaconda3/envs/e2s-env/lib/python3.9/site-packages/airflow/example_dags/example_trigger_target_dag.py for tasks to queue
[2024-11-21T17:52:16.647+0100] {logging_mixin.py:190} INFO - [2024-11-21T17:52:16.647+0100] {dagbag.py:588} INFO - Filling up the DagBag from /Users/jobandtalent/opt/anaconda3/envs/e2s-env/lib/python3.9/site-packages/airflow/example_dags/example_trigger_target_dag.py
[2024-11-21T17:52:16.678+0100] {processor.py:925} INFO - DAG(s) 'example_trigger_target_dag' retrieved from /Users/jobandtalent/opt/anaconda3/envs/e2s-env/lib/python3.9/site-packages/airflow/example_dags/example_trigger_target_dag.py
[2024-11-21T17:52:16.741+0100] {logging_mixin.py:190} INFO - [2024-11-21T17:52:16.741+0100] {dag.py:3239} INFO - Sync 1 DAGs
[2024-11-21T17:52:16.747+0100] {logging_mixin.py:190} INFO - [2024-11-21T17:52:16.747+0100] {dag.py:4180} INFO - Setting next_dagrun for example_trigger_target_dag to None, run_after=None
[2024-11-21T17:52:16.760+0100] {processor.py:208} INFO - Processing /Users/jobandtalent/opt/anaconda3/envs/e2s-env/lib/python3.9/site-packages/airflow/example_dags/example_trigger_target_dag.py took 0.131 seconds
[2024-11-21T17:54:39.091+0100] {processor.py:186} INFO - Started process (PID=5531) to work on /Users/jobandtalent/opt/anaconda3/envs/e2s-env/lib/python3.9/site-packages/airflow/example_dags/example_trigger_target_dag.py
[2024-11-21T17:54:39.093+0100] {processor.py:914} INFO - Processing file /Users/jobandtalent/opt/anaconda3/envs/e2s-env/lib/python3.9/site-packages/airflow/example_dags/example_trigger_target_dag.py for tasks to queue
[2024-11-21T17:54:39.094+0100] {logging_mixin.py:190} INFO - [2024-11-21T17:54:39.093+0100] {dagbag.py:588} INFO - Filling up the DagBag from /Users/jobandtalent/opt/anaconda3/envs/e2s-env/lib/python3.9/site-packages/airflow/example_dags/example_trigger_target_dag.py
[2024-11-21T17:54:39.123+0100] {processor.py:925} INFO - DAG(s) 'example_trigger_target_dag' retrieved from /Users/jobandtalent/opt/anaconda3/envs/e2s-env/lib/python3.9/site-packages/airflow/example_dags/example_trigger_target_dag.py
[2024-11-21T17:54:39.184+0100] {logging_mixin.py:190} INFO - [2024-11-21T17:54:39.184+0100] {dag.py:3239} INFO - Sync 1 DAGs
[2024-11-21T17:54:39.190+0100] {logging_mixin.py:190} INFO - [2024-11-21T17:54:39.190+0100] {dag.py:4180} INFO - Setting next_dagrun for example_trigger_target_dag to None, run_after=None
[2024-11-21T17:54:39.202+0100] {processor.py:208} INFO - Processing /Users/jobandtalent/opt/anaconda3/envs/e2s-env/lib/python3.9/site-packages/airflow/example_dags/example_trigger_target_dag.py took 0.124 seconds
[2024-11-21T17:56:59.012+0100] {processor.py:186} INFO - Started process (PID=5933) to work on /Users/jobandtalent/opt/anaconda3/envs/e2s-env/lib/python3.9/site-packages/airflow/example_dags/example_trigger_target_dag.py
[2024-11-21T17:56:59.014+0100] {processor.py:914} INFO - Processing file /Users/jobandtalent/opt/anaconda3/envs/e2s-env/lib/python3.9/site-packages/airflow/example_dags/example_trigger_target_dag.py for tasks to queue
[2024-11-21T17:56:59.015+0100] {logging_mixin.py:190} INFO - [2024-11-21T17:56:59.015+0100] {dagbag.py:588} INFO - Filling up the DagBag from /Users/jobandtalent/opt/anaconda3/envs/e2s-env/lib/python3.9/site-packages/airflow/example_dags/example_trigger_target_dag.py
[2024-11-21T17:56:59.048+0100] {processor.py:925} INFO - DAG(s) 'example_trigger_target_dag' retrieved from /Users/jobandtalent/opt/anaconda3/envs/e2s-env/lib/python3.9/site-packages/airflow/example_dags/example_trigger_target_dag.py
[2024-11-21T17:56:59.109+0100] {logging_mixin.py:190} INFO - [2024-11-21T17:56:59.109+0100] {dag.py:3239} INFO - Sync 1 DAGs
[2024-11-21T17:56:59.115+0100] {logging_mixin.py:190} INFO - [2024-11-21T17:56:59.115+0100] {dag.py:4180} INFO - Setting next_dagrun for example_trigger_target_dag to None, run_after=None
[2024-11-21T17:56:59.127+0100] {processor.py:208} INFO - Processing /Users/jobandtalent/opt/anaconda3/envs/e2s-env/lib/python3.9/site-packages/airflow/example_dags/example_trigger_target_dag.py took 0.124 seconds
[2024-11-21T17:59:21.800+0100] {processor.py:186} INFO - Started process (PID=6404) to work on /Users/jobandtalent/opt/anaconda3/envs/e2s-env/lib/python3.9/site-packages/airflow/example_dags/example_trigger_target_dag.py
[2024-11-21T17:59:21.802+0100] {processor.py:914} INFO - Processing file /Users/jobandtalent/opt/anaconda3/envs/e2s-env/lib/python3.9/site-packages/airflow/example_dags/example_trigger_target_dag.py for tasks to queue
[2024-11-21T17:59:21.803+0100] {logging_mixin.py:190} INFO - [2024-11-21T17:59:21.803+0100] {dagbag.py:588} INFO - Filling up the DagBag from /Users/jobandtalent/opt/anaconda3/envs/e2s-env/lib/python3.9/site-packages/airflow/example_dags/example_trigger_target_dag.py
[2024-11-21T17:59:21.840+0100] {processor.py:925} INFO - DAG(s) 'example_trigger_target_dag' retrieved from /Users/jobandtalent/opt/anaconda3/envs/e2s-env/lib/python3.9/site-packages/airflow/example_dags/example_trigger_target_dag.py
[2024-11-21T17:59:21.898+0100] {logging_mixin.py:190} INFO - [2024-11-21T17:59:21.898+0100] {dag.py:3239} INFO - Sync 1 DAGs
[2024-11-21T17:59:21.904+0100] {logging_mixin.py:190} INFO - [2024-11-21T17:59:21.904+0100] {dag.py:4180} INFO - Setting next_dagrun for example_trigger_target_dag to None, run_after=None
[2024-11-21T17:59:21.915+0100] {processor.py:208} INFO - Processing /Users/jobandtalent/opt/anaconda3/envs/e2s-env/lib/python3.9/site-packages/airflow/example_dags/example_trigger_target_dag.py took 0.127 seconds
[2024-11-21T18:01:49.507+0100] {processor.py:186} INFO - Started process (PID=6806) to work on /Users/jobandtalent/opt/anaconda3/envs/e2s-env/lib/python3.9/site-packages/airflow/example_dags/example_trigger_target_dag.py
[2024-11-21T18:01:49.509+0100] {processor.py:914} INFO - Processing file /Users/jobandtalent/opt/anaconda3/envs/e2s-env/lib/python3.9/site-packages/airflow/example_dags/example_trigger_target_dag.py for tasks to queue
[2024-11-21T18:01:49.510+0100] {logging_mixin.py:190} INFO - [2024-11-21T18:01:49.510+0100] {dagbag.py:588} INFO - Filling up the DagBag from /Users/jobandtalent/opt/anaconda3/envs/e2s-env/lib/python3.9/site-packages/airflow/example_dags/example_trigger_target_dag.py
[2024-11-21T18:01:49.542+0100] {processor.py:925} INFO - DAG(s) 'example_trigger_target_dag' retrieved from /Users/jobandtalent/opt/anaconda3/envs/e2s-env/lib/python3.9/site-packages/airflow/example_dags/example_trigger_target_dag.py
[2024-11-21T18:01:49.602+0100] {logging_mixin.py:190} INFO - [2024-11-21T18:01:49.602+0100] {dag.py:3239} INFO - Sync 1 DAGs
[2024-11-21T18:01:49.608+0100] {logging_mixin.py:190} INFO - [2024-11-21T18:01:49.608+0100] {dag.py:4180} INFO - Setting next_dagrun for example_trigger_target_dag to None, run_after=None
[2024-11-21T18:01:49.621+0100] {processor.py:208} INFO - Processing /Users/jobandtalent/opt/anaconda3/envs/e2s-env/lib/python3.9/site-packages/airflow/example_dags/example_trigger_target_dag.py took 0.123 seconds
[2024-11-21T18:04:14.454+0100] {processor.py:186} INFO - Started process (PID=7154) to work on /Users/jobandtalent/opt/anaconda3/envs/e2s-env/lib/python3.9/site-packages/airflow/example_dags/example_trigger_target_dag.py
[2024-11-21T18:04:14.456+0100] {processor.py:914} INFO - Processing file /Users/jobandtalent/opt/anaconda3/envs/e2s-env/lib/python3.9/site-packages/airflow/example_dags/example_trigger_target_dag.py for tasks to queue
[2024-11-21T18:04:14.457+0100] {logging_mixin.py:190} INFO - [2024-11-21T18:04:14.457+0100] {dagbag.py:588} INFO - Filling up the DagBag from /Users/jobandtalent/opt/anaconda3/envs/e2s-env/lib/python3.9/site-packages/airflow/example_dags/example_trigger_target_dag.py
[2024-11-21T18:04:14.489+0100] {processor.py:925} INFO - DAG(s) 'example_trigger_target_dag' retrieved from /Users/jobandtalent/opt/anaconda3/envs/e2s-env/lib/python3.9/site-packages/airflow/example_dags/example_trigger_target_dag.py
[2024-11-21T18:04:14.548+0100] {logging_mixin.py:190} INFO - [2024-11-21T18:04:14.548+0100] {dag.py:3239} INFO - Sync 1 DAGs
[2024-11-21T18:04:14.554+0100] {logging_mixin.py:190} INFO - [2024-11-21T18:04:14.554+0100] {dag.py:4180} INFO - Setting next_dagrun for example_trigger_target_dag to None, run_after=None
[2024-11-21T18:04:14.567+0100] {processor.py:208} INFO - Processing /Users/jobandtalent/opt/anaconda3/envs/e2s-env/lib/python3.9/site-packages/airflow/example_dags/example_trigger_target_dag.py took 0.121 seconds
