[2024-11-21T17:34:17.469+0100] {processor.py:186} INFO - Started process (PID=2103) to work on /Users/jobandtalent/opt/anaconda3/envs/e2s-env/lib/python3.9/site-packages/airflow/example_dags/example_trigger_controller_dag.py
[2024-11-21T17:34:17.471+0100] {processor.py:914} INFO - Processing file /Users/jobandtalent/opt/anaconda3/envs/e2s-env/lib/python3.9/site-packages/airflow/example_dags/example_trigger_controller_dag.py for tasks to queue
[2024-11-21T17:34:17.472+0100] {logging_mixin.py:190} INFO - [2024-11-21T17:34:17.471+0100] {dagbag.py:588} INFO - Filling up the DagBag from /Users/jobandtalent/opt/anaconda3/envs/e2s-env/lib/python3.9/site-packages/airflow/example_dags/example_trigger_controller_dag.py
[2024-11-21T17:34:17.481+0100] {processor.py:925} INFO - DAG(s) 'example_trigger_controller_dag' retrieved from /Users/jobandtalent/opt/anaconda3/envs/e2s-env/lib/python3.9/site-packages/airflow/example_dags/example_trigger_controller_dag.py
[2024-11-21T17:34:17.602+0100] {logging_mixin.py:190} INFO - [2024-11-21T17:34:17.601+0100] {override.py:1911} INFO - Created Permission View: can read on DAG:example_trigger_controller_dag
[2024-11-21T17:34:17.606+0100] {logging_mixin.py:190} INFO - [2024-11-21T17:34:17.606+0100] {override.py:1911} INFO - Created Permission View: can delete on DAG:example_trigger_controller_dag
[2024-11-21T17:34:17.609+0100] {logging_mixin.py:190} INFO - [2024-11-21T17:34:17.609+0100] {override.py:1911} INFO - Created Permission View: can edit on DAG:example_trigger_controller_dag
[2024-11-21T17:34:17.615+0100] {logging_mixin.py:190} INFO - [2024-11-21T17:34:17.615+0100] {override.py:1911} INFO - Created Permission View: can read on DAG Run:example_trigger_controller_dag
[2024-11-21T17:34:17.617+0100] {logging_mixin.py:190} INFO - [2024-11-21T17:34:17.617+0100] {override.py:1911} INFO - Created Permission View: can delete on DAG Run:example_trigger_controller_dag
[2024-11-21T17:34:17.621+0100] {logging_mixin.py:190} INFO - [2024-11-21T17:34:17.621+0100] {override.py:1911} INFO - Created Permission View: menu access on DAG Run:example_trigger_controller_dag
[2024-11-21T17:34:17.625+0100] {logging_mixin.py:190} INFO - [2024-11-21T17:34:17.625+0100] {override.py:1911} INFO - Created Permission View: can create on DAG Run:example_trigger_controller_dag
[2024-11-21T17:34:17.625+0100] {logging_mixin.py:190} INFO - [2024-11-21T17:34:17.625+0100] {dag.py:3239} INFO - Sync 1 DAGs
[2024-11-21T17:34:17.632+0100] {logging_mixin.py:190} INFO - [2024-11-21T17:34:17.632+0100] {dag.py:3262} INFO - Creating ORM DAG for example_trigger_controller_dag
[2024-11-21T17:34:17.636+0100] {logging_mixin.py:190} INFO - [2024-11-21T17:34:17.636+0100] {dag.py:4180} INFO - Setting next_dagrun for example_trigger_controller_dag to 2021-01-01 00:00:00+00:00, run_after=2021-01-01 00:00:00+00:00
[2024-11-21T17:34:17.648+0100] {processor.py:208} INFO - Processing /Users/jobandtalent/opt/anaconda3/envs/e2s-env/lib/python3.9/site-packages/airflow/example_dags/example_trigger_controller_dag.py took 0.188 seconds
[2024-11-21T17:37:12.493+0100] {processor.py:186} INFO - Started process (PID=2524) to work on /Users/jobandtalent/opt/anaconda3/envs/e2s-env/lib/python3.9/site-packages/airflow/example_dags/example_trigger_controller_dag.py
[2024-11-21T17:37:12.496+0100] {processor.py:914} INFO - Processing file /Users/jobandtalent/opt/anaconda3/envs/e2s-env/lib/python3.9/site-packages/airflow/example_dags/example_trigger_controller_dag.py for tasks to queue
[2024-11-21T17:37:12.496+0100] {logging_mixin.py:190} INFO - [2024-11-21T17:37:12.496+0100] {dagbag.py:588} INFO - Filling up the DagBag from /Users/jobandtalent/opt/anaconda3/envs/e2s-env/lib/python3.9/site-packages/airflow/example_dags/example_trigger_controller_dag.py
[2024-11-21T17:37:12.507+0100] {processor.py:925} INFO - DAG(s) 'example_trigger_controller_dag' retrieved from /Users/jobandtalent/opt/anaconda3/envs/e2s-env/lib/python3.9/site-packages/airflow/example_dags/example_trigger_controller_dag.py
[2024-11-21T17:37:12.567+0100] {logging_mixin.py:190} INFO - [2024-11-21T17:37:12.567+0100] {dag.py:3239} INFO - Sync 1 DAGs
[2024-11-21T17:37:12.578+0100] {logging_mixin.py:190} INFO - [2024-11-21T17:37:12.578+0100] {dag.py:4180} INFO - Setting next_dagrun for example_trigger_controller_dag to 2021-01-01 00:00:00+00:00, run_after=2021-01-01 00:00:00+00:00
[2024-11-21T17:37:12.593+0100] {processor.py:208} INFO - Processing /Users/jobandtalent/opt/anaconda3/envs/e2s-env/lib/python3.9/site-packages/airflow/example_dags/example_trigger_controller_dag.py took 0.110 seconds
[2024-11-21T17:39:35.007+0100] {processor.py:186} INFO - Started process (PID=2878) to work on /Users/jobandtalent/opt/anaconda3/envs/e2s-env/lib/python3.9/site-packages/airflow/example_dags/example_trigger_controller_dag.py
[2024-11-21T17:39:35.009+0100] {processor.py:914} INFO - Processing file /Users/jobandtalent/opt/anaconda3/envs/e2s-env/lib/python3.9/site-packages/airflow/example_dags/example_trigger_controller_dag.py for tasks to queue
[2024-11-21T17:39:35.010+0100] {logging_mixin.py:190} INFO - [2024-11-21T17:39:35.010+0100] {dagbag.py:588} INFO - Filling up the DagBag from /Users/jobandtalent/opt/anaconda3/envs/e2s-env/lib/python3.9/site-packages/airflow/example_dags/example_trigger_controller_dag.py
[2024-11-21T17:39:35.019+0100] {processor.py:925} INFO - DAG(s) 'example_trigger_controller_dag' retrieved from /Users/jobandtalent/opt/anaconda3/envs/e2s-env/lib/python3.9/site-packages/airflow/example_dags/example_trigger_controller_dag.py
[2024-11-21T17:39:35.078+0100] {logging_mixin.py:190} INFO - [2024-11-21T17:39:35.078+0100] {dag.py:3239} INFO - Sync 1 DAGs
[2024-11-21T17:39:35.089+0100] {logging_mixin.py:190} INFO - [2024-11-21T17:39:35.089+0100] {dag.py:4180} INFO - Setting next_dagrun for example_trigger_controller_dag to 2021-01-01 00:00:00+00:00, run_after=2021-01-01 00:00:00+00:00
[2024-11-21T17:39:35.102+0100] {processor.py:208} INFO - Processing /Users/jobandtalent/opt/anaconda3/envs/e2s-env/lib/python3.9/site-packages/airflow/example_dags/example_trigger_controller_dag.py took 0.104 seconds
[2024-11-21T17:41:56.239+0100] {processor.py:186} INFO - Started process (PID=3239) to work on /Users/jobandtalent/opt/anaconda3/envs/e2s-env/lib/python3.9/site-packages/airflow/example_dags/example_trigger_controller_dag.py
[2024-11-21T17:41:56.241+0100] {processor.py:914} INFO - Processing file /Users/jobandtalent/opt/anaconda3/envs/e2s-env/lib/python3.9/site-packages/airflow/example_dags/example_trigger_controller_dag.py for tasks to queue
[2024-11-21T17:41:56.242+0100] {logging_mixin.py:190} INFO - [2024-11-21T17:41:56.242+0100] {dagbag.py:588} INFO - Filling up the DagBag from /Users/jobandtalent/opt/anaconda3/envs/e2s-env/lib/python3.9/site-packages/airflow/example_dags/example_trigger_controller_dag.py
[2024-11-21T17:41:56.251+0100] {processor.py:925} INFO - DAG(s) 'example_trigger_controller_dag' retrieved from /Users/jobandtalent/opt/anaconda3/envs/e2s-env/lib/python3.9/site-packages/airflow/example_dags/example_trigger_controller_dag.py
[2024-11-21T17:41:56.310+0100] {logging_mixin.py:190} INFO - [2024-11-21T17:41:56.309+0100] {dag.py:3239} INFO - Sync 1 DAGs
[2024-11-21T17:41:56.320+0100] {logging_mixin.py:190} INFO - [2024-11-21T17:41:56.320+0100] {dag.py:4180} INFO - Setting next_dagrun for example_trigger_controller_dag to 2021-01-01 00:00:00+00:00, run_after=2021-01-01 00:00:00+00:00
[2024-11-21T17:41:56.333+0100] {processor.py:208} INFO - Processing /Users/jobandtalent/opt/anaconda3/envs/e2s-env/lib/python3.9/site-packages/airflow/example_dags/example_trigger_controller_dag.py took 0.109 seconds
[2024-11-21T17:44:25.024+0100] {processor.py:186} INFO - Started process (PID=3590) to work on /Users/jobandtalent/opt/anaconda3/envs/e2s-env/lib/python3.9/site-packages/airflow/example_dags/example_trigger_controller_dag.py
[2024-11-21T17:44:25.026+0100] {processor.py:914} INFO - Processing file /Users/jobandtalent/opt/anaconda3/envs/e2s-env/lib/python3.9/site-packages/airflow/example_dags/example_trigger_controller_dag.py for tasks to queue
[2024-11-21T17:44:25.027+0100] {logging_mixin.py:190} INFO - [2024-11-21T17:44:25.027+0100] {dagbag.py:588} INFO - Filling up the DagBag from /Users/jobandtalent/opt/anaconda3/envs/e2s-env/lib/python3.9/site-packages/airflow/example_dags/example_trigger_controller_dag.py
[2024-11-21T17:44:25.039+0100] {processor.py:925} INFO - DAG(s) 'example_trigger_controller_dag' retrieved from /Users/jobandtalent/opt/anaconda3/envs/e2s-env/lib/python3.9/site-packages/airflow/example_dags/example_trigger_controller_dag.py
[2024-11-21T17:44:25.161+0100] {logging_mixin.py:190} INFO - [2024-11-21T17:44:25.160+0100] {dag.py:3239} INFO - Sync 1 DAGs
[2024-11-21T17:44:25.177+0100] {logging_mixin.py:190} INFO - [2024-11-21T17:44:25.177+0100] {dag.py:4180} INFO - Setting next_dagrun for example_trigger_controller_dag to 2021-01-01 00:00:00+00:00, run_after=2021-01-01 00:00:00+00:00
[2024-11-21T17:44:25.193+0100] {processor.py:208} INFO - Processing /Users/jobandtalent/opt/anaconda3/envs/e2s-env/lib/python3.9/site-packages/airflow/example_dags/example_trigger_controller_dag.py took 0.178 seconds
[2024-11-21T17:47:12.868+0100] {processor.py:186} INFO - Started process (PID=4418) to work on /Users/jobandtalent/opt/anaconda3/envs/e2s-env/lib/python3.9/site-packages/airflow/example_dags/example_trigger_controller_dag.py
[2024-11-21T17:47:12.869+0100] {processor.py:914} INFO - Processing file /Users/jobandtalent/opt/anaconda3/envs/e2s-env/lib/python3.9/site-packages/airflow/example_dags/example_trigger_controller_dag.py for tasks to queue
[2024-11-21T17:47:12.870+0100] {logging_mixin.py:190} INFO - [2024-11-21T17:47:12.870+0100] {dagbag.py:588} INFO - Filling up the DagBag from /Users/jobandtalent/opt/anaconda3/envs/e2s-env/lib/python3.9/site-packages/airflow/example_dags/example_trigger_controller_dag.py
[2024-11-21T17:47:12.879+0100] {processor.py:925} INFO - DAG(s) 'example_trigger_controller_dag' retrieved from /Users/jobandtalent/opt/anaconda3/envs/e2s-env/lib/python3.9/site-packages/airflow/example_dags/example_trigger_controller_dag.py
[2024-11-21T17:47:12.936+0100] {logging_mixin.py:190} INFO - [2024-11-21T17:47:12.936+0100] {dag.py:3239} INFO - Sync 1 DAGs
[2024-11-21T17:47:12.946+0100] {logging_mixin.py:190} INFO - [2024-11-21T17:47:12.945+0100] {dag.py:4180} INFO - Setting next_dagrun for example_trigger_controller_dag to 2021-01-01 00:00:00+00:00, run_after=2021-01-01 00:00:00+00:00
[2024-11-21T17:47:12.959+0100] {processor.py:208} INFO - Processing /Users/jobandtalent/opt/anaconda3/envs/e2s-env/lib/python3.9/site-packages/airflow/example_dags/example_trigger_controller_dag.py took 0.102 seconds
[2024-11-21T17:49:49.154+0100] {processor.py:186} INFO - Started process (PID=4834) to work on /Users/jobandtalent/opt/anaconda3/envs/e2s-env/lib/python3.9/site-packages/airflow/example_dags/example_trigger_controller_dag.py
[2024-11-21T17:49:49.157+0100] {processor.py:914} INFO - Processing file /Users/jobandtalent/opt/anaconda3/envs/e2s-env/lib/python3.9/site-packages/airflow/example_dags/example_trigger_controller_dag.py for tasks to queue
[2024-11-21T17:49:49.158+0100] {logging_mixin.py:190} INFO - [2024-11-21T17:49:49.158+0100] {dagbag.py:588} INFO - Filling up the DagBag from /Users/jobandtalent/opt/anaconda3/envs/e2s-env/lib/python3.9/site-packages/airflow/example_dags/example_trigger_controller_dag.py
[2024-11-21T17:49:49.169+0100] {processor.py:925} INFO - DAG(s) 'example_trigger_controller_dag' retrieved from /Users/jobandtalent/opt/anaconda3/envs/e2s-env/lib/python3.9/site-packages/airflow/example_dags/example_trigger_controller_dag.py
[2024-11-21T17:49:49.237+0100] {logging_mixin.py:190} INFO - [2024-11-21T17:49:49.236+0100] {dag.py:3239} INFO - Sync 1 DAGs
[2024-11-21T17:49:49.249+0100] {logging_mixin.py:190} INFO - [2024-11-21T17:49:49.249+0100] {dag.py:4180} INFO - Setting next_dagrun for example_trigger_controller_dag to 2021-01-01 00:00:00+00:00, run_after=2021-01-01 00:00:00+00:00
[2024-11-21T17:49:49.263+0100] {processor.py:208} INFO - Processing /Users/jobandtalent/opt/anaconda3/envs/e2s-env/lib/python3.9/site-packages/airflow/example_dags/example_trigger_controller_dag.py took 0.118 seconds
[2024-11-21T17:52:18.856+0100] {processor.py:186} INFO - Started process (PID=5200) to work on /Users/jobandtalent/opt/anaconda3/envs/e2s-env/lib/python3.9/site-packages/airflow/example_dags/example_trigger_controller_dag.py
[2024-11-21T17:52:18.859+0100] {processor.py:914} INFO - Processing file /Users/jobandtalent/opt/anaconda3/envs/e2s-env/lib/python3.9/site-packages/airflow/example_dags/example_trigger_controller_dag.py for tasks to queue
[2024-11-21T17:52:18.859+0100] {logging_mixin.py:190} INFO - [2024-11-21T17:52:18.859+0100] {dagbag.py:588} INFO - Filling up the DagBag from /Users/jobandtalent/opt/anaconda3/envs/e2s-env/lib/python3.9/site-packages/airflow/example_dags/example_trigger_controller_dag.py
[2024-11-21T17:52:18.868+0100] {processor.py:925} INFO - DAG(s) 'example_trigger_controller_dag' retrieved from /Users/jobandtalent/opt/anaconda3/envs/e2s-env/lib/python3.9/site-packages/airflow/example_dags/example_trigger_controller_dag.py
[2024-11-21T17:52:18.924+0100] {logging_mixin.py:190} INFO - [2024-11-21T17:52:18.924+0100] {dag.py:3239} INFO - Sync 1 DAGs
[2024-11-21T17:52:18.934+0100] {logging_mixin.py:190} INFO - [2024-11-21T17:52:18.934+0100] {dag.py:4180} INFO - Setting next_dagrun for example_trigger_controller_dag to 2021-01-01 00:00:00+00:00, run_after=2021-01-01 00:00:00+00:00
[2024-11-21T17:52:18.946+0100] {processor.py:208} INFO - Processing /Users/jobandtalent/opt/anaconda3/envs/e2s-env/lib/python3.9/site-packages/airflow/example_dags/example_trigger_controller_dag.py took 0.098 seconds
[2024-11-21T17:54:41.906+0100] {processor.py:186} INFO - Started process (PID=5535) to work on /Users/jobandtalent/opt/anaconda3/envs/e2s-env/lib/python3.9/site-packages/airflow/example_dags/example_trigger_controller_dag.py
[2024-11-21T17:54:41.909+0100] {processor.py:914} INFO - Processing file /Users/jobandtalent/opt/anaconda3/envs/e2s-env/lib/python3.9/site-packages/airflow/example_dags/example_trigger_controller_dag.py for tasks to queue
[2024-11-21T17:54:41.910+0100] {logging_mixin.py:190} INFO - [2024-11-21T17:54:41.909+0100] {dagbag.py:588} INFO - Filling up the DagBag from /Users/jobandtalent/opt/anaconda3/envs/e2s-env/lib/python3.9/site-packages/airflow/example_dags/example_trigger_controller_dag.py
[2024-11-21T17:54:41.919+0100] {processor.py:925} INFO - DAG(s) 'example_trigger_controller_dag' retrieved from /Users/jobandtalent/opt/anaconda3/envs/e2s-env/lib/python3.9/site-packages/airflow/example_dags/example_trigger_controller_dag.py
[2024-11-21T17:54:41.972+0100] {logging_mixin.py:190} INFO - [2024-11-21T17:54:41.972+0100] {dag.py:3239} INFO - Sync 1 DAGs
[2024-11-21T17:54:41.982+0100] {logging_mixin.py:190} INFO - [2024-11-21T17:54:41.981+0100] {dag.py:4180} INFO - Setting next_dagrun for example_trigger_controller_dag to 2021-01-01 00:00:00+00:00, run_after=2021-01-01 00:00:00+00:00
[2024-11-21T17:54:41.993+0100] {processor.py:208} INFO - Processing /Users/jobandtalent/opt/anaconda3/envs/e2s-env/lib/python3.9/site-packages/airflow/example_dags/example_trigger_controller_dag.py took 0.095 seconds
[2024-11-21T17:57:01.905+0100] {processor.py:186} INFO - Started process (PID=5947) to work on /Users/jobandtalent/opt/anaconda3/envs/e2s-env/lib/python3.9/site-packages/airflow/example_dags/example_trigger_controller_dag.py
[2024-11-21T17:57:01.907+0100] {processor.py:914} INFO - Processing file /Users/jobandtalent/opt/anaconda3/envs/e2s-env/lib/python3.9/site-packages/airflow/example_dags/example_trigger_controller_dag.py for tasks to queue
[2024-11-21T17:57:01.908+0100] {logging_mixin.py:190} INFO - [2024-11-21T17:57:01.908+0100] {dagbag.py:588} INFO - Filling up the DagBag from /Users/jobandtalent/opt/anaconda3/envs/e2s-env/lib/python3.9/site-packages/airflow/example_dags/example_trigger_controller_dag.py
[2024-11-21T17:57:01.918+0100] {processor.py:925} INFO - DAG(s) 'example_trigger_controller_dag' retrieved from /Users/jobandtalent/opt/anaconda3/envs/e2s-env/lib/python3.9/site-packages/airflow/example_dags/example_trigger_controller_dag.py
[2024-11-21T17:57:01.976+0100] {logging_mixin.py:190} INFO - [2024-11-21T17:57:01.976+0100] {dag.py:3239} INFO - Sync 1 DAGs
[2024-11-21T17:57:01.987+0100] {logging_mixin.py:190} INFO - [2024-11-21T17:57:01.987+0100] {dag.py:4180} INFO - Setting next_dagrun for example_trigger_controller_dag to 2021-01-01 00:00:00+00:00, run_after=2021-01-01 00:00:00+00:00
[2024-11-21T17:57:02.000+0100] {processor.py:208} INFO - Processing /Users/jobandtalent/opt/anaconda3/envs/e2s-env/lib/python3.9/site-packages/airflow/example_dags/example_trigger_controller_dag.py took 0.103 seconds
[2024-11-21T17:59:24.725+0100] {processor.py:186} INFO - Started process (PID=6420) to work on /Users/jobandtalent/opt/anaconda3/envs/e2s-env/lib/python3.9/site-packages/airflow/example_dags/example_trigger_controller_dag.py
[2024-11-21T17:59:24.727+0100] {processor.py:914} INFO - Processing file /Users/jobandtalent/opt/anaconda3/envs/e2s-env/lib/python3.9/site-packages/airflow/example_dags/example_trigger_controller_dag.py for tasks to queue
[2024-11-21T17:59:24.728+0100] {logging_mixin.py:190} INFO - [2024-11-21T17:59:24.728+0100] {dagbag.py:588} INFO - Filling up the DagBag from /Users/jobandtalent/opt/anaconda3/envs/e2s-env/lib/python3.9/site-packages/airflow/example_dags/example_trigger_controller_dag.py
[2024-11-21T17:59:24.736+0100] {processor.py:925} INFO - DAG(s) 'example_trigger_controller_dag' retrieved from /Users/jobandtalent/opt/anaconda3/envs/e2s-env/lib/python3.9/site-packages/airflow/example_dags/example_trigger_controller_dag.py
[2024-11-21T17:59:24.791+0100] {logging_mixin.py:190} INFO - [2024-11-21T17:59:24.791+0100] {dag.py:3239} INFO - Sync 1 DAGs
[2024-11-21T17:59:24.800+0100] {logging_mixin.py:190} INFO - [2024-11-21T17:59:24.800+0100] {dag.py:4180} INFO - Setting next_dagrun for example_trigger_controller_dag to 2021-01-01 00:00:00+00:00, run_after=2021-01-01 00:00:00+00:00
[2024-11-21T17:59:24.814+0100] {processor.py:208} INFO - Processing /Users/jobandtalent/opt/anaconda3/envs/e2s-env/lib/python3.9/site-packages/airflow/example_dags/example_trigger_controller_dag.py took 0.104 seconds
[2024-11-21T18:01:52.776+0100] {processor.py:186} INFO - Started process (PID=6810) to work on /Users/jobandtalent/opt/anaconda3/envs/e2s-env/lib/python3.9/site-packages/airflow/example_dags/example_trigger_controller_dag.py
[2024-11-21T18:01:52.778+0100] {processor.py:914} INFO - Processing file /Users/jobandtalent/opt/anaconda3/envs/e2s-env/lib/python3.9/site-packages/airflow/example_dags/example_trigger_controller_dag.py for tasks to queue
[2024-11-21T18:01:52.779+0100] {logging_mixin.py:190} INFO - [2024-11-21T18:01:52.779+0100] {dagbag.py:588} INFO - Filling up the DagBag from /Users/jobandtalent/opt/anaconda3/envs/e2s-env/lib/python3.9/site-packages/airflow/example_dags/example_trigger_controller_dag.py
[2024-11-21T18:01:52.790+0100] {processor.py:925} INFO - DAG(s) 'example_trigger_controller_dag' retrieved from /Users/jobandtalent/opt/anaconda3/envs/e2s-env/lib/python3.9/site-packages/airflow/example_dags/example_trigger_controller_dag.py
[2024-11-21T18:01:52.847+0100] {logging_mixin.py:190} INFO - [2024-11-21T18:01:52.847+0100] {dag.py:3239} INFO - Sync 1 DAGs
[2024-11-21T18:01:52.857+0100] {logging_mixin.py:190} INFO - [2024-11-21T18:01:52.857+0100] {dag.py:4180} INFO - Setting next_dagrun for example_trigger_controller_dag to 2021-01-01 00:00:00+00:00, run_after=2021-01-01 00:00:00+00:00
[2024-11-21T18:01:52.870+0100] {processor.py:208} INFO - Processing /Users/jobandtalent/opt/anaconda3/envs/e2s-env/lib/python3.9/site-packages/airflow/example_dags/example_trigger_controller_dag.py took 0.103 seconds
[2024-11-21T18:04:17.551+0100] {processor.py:186} INFO - Started process (PID=7168) to work on /Users/jobandtalent/opt/anaconda3/envs/e2s-env/lib/python3.9/site-packages/airflow/example_dags/example_trigger_controller_dag.py
[2024-11-21T18:04:17.553+0100] {processor.py:914} INFO - Processing file /Users/jobandtalent/opt/anaconda3/envs/e2s-env/lib/python3.9/site-packages/airflow/example_dags/example_trigger_controller_dag.py for tasks to queue
[2024-11-21T18:04:17.554+0100] {logging_mixin.py:190} INFO - [2024-11-21T18:04:17.554+0100] {dagbag.py:588} INFO - Filling up the DagBag from /Users/jobandtalent/opt/anaconda3/envs/e2s-env/lib/python3.9/site-packages/airflow/example_dags/example_trigger_controller_dag.py
[2024-11-21T18:04:17.564+0100] {processor.py:925} INFO - DAG(s) 'example_trigger_controller_dag' retrieved from /Users/jobandtalent/opt/anaconda3/envs/e2s-env/lib/python3.9/site-packages/airflow/example_dags/example_trigger_controller_dag.py
[2024-11-21T18:04:17.623+0100] {logging_mixin.py:190} INFO - [2024-11-21T18:04:17.623+0100] {dag.py:3239} INFO - Sync 1 DAGs
[2024-11-21T18:04:17.633+0100] {logging_mixin.py:190} INFO - [2024-11-21T18:04:17.633+0100] {dag.py:4180} INFO - Setting next_dagrun for example_trigger_controller_dag to 2021-01-01 00:00:00+00:00, run_after=2021-01-01 00:00:00+00:00
[2024-11-21T18:04:17.645+0100] {processor.py:208} INFO - Processing /Users/jobandtalent/opt/anaconda3/envs/e2s-env/lib/python3.9/site-packages/airflow/example_dags/example_trigger_controller_dag.py took 0.108 seconds
