[2024-11-21T17:35:46.952+0100] {processor.py:186} INFO - Started process (PID=2317) to work on /Users/jobandtalent/opt/anaconda3/envs/e2s-env/lib/python3.9/site-packages/airflow/example_dags/example_datasets.py
[2024-11-21T17:35:46.953+0100] {processor.py:914} INFO - Processing file /Users/jobandtalent/opt/anaconda3/envs/e2s-env/lib/python3.9/site-packages/airflow/example_dags/example_datasets.py for tasks to queue
[2024-11-21T17:35:46.954+0100] {logging_mixin.py:190} INFO - [2024-11-21T17:35:46.954+0100] {dagbag.py:588} INFO - Filling up the DagBag from /Users/jobandtalent/opt/anaconda3/envs/e2s-env/lib/python3.9/site-packages/airflow/example_dags/example_datasets.py
[2024-11-21T17:35:47.182+0100] {processor.py:925} INFO - DAG(s) 'dataset_consumes_1_and_2', 'consume_1_and_2_with_dataset_expressions', 'dataset_consumes_1_never_scheduled', 'dataset_consumes_1', 'consume_1_or_both_2_and_3_with_dataset_expressions', 'conditional_dataset_and_time_based_timetable', 'dataset_consumes_unknown_never_scheduled', 'dataset_produces_2', 'dataset_produces_1', 'consume_1_or_2_with_dataset_expressions' retrieved from /Users/jobandtalent/opt/anaconda3/envs/e2s-env/lib/python3.9/site-packages/airflow/example_dags/example_datasets.py
[2024-11-21T17:35:47.446+0100] {logging_mixin.py:190} INFO - [2024-11-21T17:35:47.445+0100] {override.py:1911} INFO - Created Permission View: can read on DAG:dataset_consumes_1_and_2
[2024-11-21T17:35:47.451+0100] {logging_mixin.py:190} INFO - [2024-11-21T17:35:47.451+0100] {override.py:1911} INFO - Created Permission View: can delete on DAG:dataset_consumes_1_and_2
[2024-11-21T17:35:47.456+0100] {logging_mixin.py:190} INFO - [2024-11-21T17:35:47.456+0100] {override.py:1911} INFO - Created Permission View: can edit on DAG:dataset_consumes_1_and_2
[2024-11-21T17:35:47.462+0100] {logging_mixin.py:190} INFO - [2024-11-21T17:35:47.462+0100] {override.py:1911} INFO - Created Permission View: can read on DAG Run:dataset_consumes_1_and_2
[2024-11-21T17:35:47.468+0100] {logging_mixin.py:190} INFO - [2024-11-21T17:35:47.467+0100] {override.py:1911} INFO - Created Permission View: menu access on DAG Run:dataset_consumes_1_and_2
[2024-11-21T17:35:47.472+0100] {logging_mixin.py:190} INFO - [2024-11-21T17:35:47.471+0100] {override.py:1911} INFO - Created Permission View: can delete on DAG Run:dataset_consumes_1_and_2
[2024-11-21T17:35:47.479+0100] {logging_mixin.py:190} INFO - [2024-11-21T17:35:47.479+0100] {override.py:1911} INFO - Created Permission View: can create on DAG Run:dataset_consumes_1_and_2
[2024-11-21T17:35:47.490+0100] {logging_mixin.py:190} INFO - [2024-11-21T17:35:47.490+0100] {override.py:1911} INFO - Created Permission View: can read on DAG:consume_1_and_2_with_dataset_expressions
[2024-11-21T17:35:47.494+0100] {logging_mixin.py:190} INFO - [2024-11-21T17:35:47.494+0100] {override.py:1911} INFO - Created Permission View: can delete on DAG:consume_1_and_2_with_dataset_expressions
[2024-11-21T17:35:47.500+0100] {logging_mixin.py:190} INFO - [2024-11-21T17:35:47.500+0100] {override.py:1911} INFO - Created Permission View: can edit on DAG:consume_1_and_2_with_dataset_expressions
[2024-11-21T17:35:47.506+0100] {logging_mixin.py:190} INFO - [2024-11-21T17:35:47.505+0100] {override.py:1911} INFO - Created Permission View: can read on DAG Run:consume_1_and_2_with_dataset_expressions
[2024-11-21T17:35:47.512+0100] {logging_mixin.py:190} INFO - [2024-11-21T17:35:47.511+0100] {override.py:1911} INFO - Created Permission View: menu access on DAG Run:consume_1_and_2_with_dataset_expressions
[2024-11-21T17:35:47.516+0100] {logging_mixin.py:190} INFO - [2024-11-21T17:35:47.516+0100] {override.py:1911} INFO - Created Permission View: can delete on DAG Run:consume_1_and_2_with_dataset_expressions
[2024-11-21T17:35:47.520+0100] {logging_mixin.py:190} INFO - [2024-11-21T17:35:47.519+0100] {override.py:1911} INFO - Created Permission View: can create on DAG Run:consume_1_and_2_with_dataset_expressions
[2024-11-21T17:35:47.530+0100] {logging_mixin.py:190} INFO - [2024-11-21T17:35:47.529+0100] {override.py:1911} INFO - Created Permission View: can read on DAG:dataset_consumes_1_never_scheduled
[2024-11-21T17:35:47.535+0100] {logging_mixin.py:190} INFO - [2024-11-21T17:35:47.534+0100] {override.py:1911} INFO - Created Permission View: can delete on DAG:dataset_consumes_1_never_scheduled
[2024-11-21T17:35:47.594+0100] {logging_mixin.py:190} INFO - [2024-11-21T17:35:47.593+0100] {override.py:1911} INFO - Created Permission View: can edit on DAG:dataset_consumes_1_never_scheduled
[2024-11-21T17:35:47.601+0100] {logging_mixin.py:190} INFO - [2024-11-21T17:35:47.601+0100] {override.py:1911} INFO - Created Permission View: can read on DAG Run:dataset_consumes_1_never_scheduled
[2024-11-21T17:35:47.608+0100] {logging_mixin.py:190} INFO - [2024-11-21T17:35:47.607+0100] {override.py:1911} INFO - Created Permission View: menu access on DAG Run:dataset_consumes_1_never_scheduled
[2024-11-21T17:35:47.613+0100] {logging_mixin.py:190} INFO - [2024-11-21T17:35:47.612+0100] {override.py:1911} INFO - Created Permission View: can delete on DAG Run:dataset_consumes_1_never_scheduled
[2024-11-21T17:35:47.617+0100] {logging_mixin.py:190} INFO - [2024-11-21T17:35:47.616+0100] {override.py:1911} INFO - Created Permission View: can create on DAG Run:dataset_consumes_1_never_scheduled
[2024-11-21T17:35:47.624+0100] {logging_mixin.py:190} INFO - [2024-11-21T17:35:47.624+0100] {override.py:1911} INFO - Created Permission View: can read on DAG:dataset_consumes_1
[2024-11-21T17:35:47.629+0100] {logging_mixin.py:190} INFO - [2024-11-21T17:35:47.628+0100] {override.py:1911} INFO - Created Permission View: can delete on DAG:dataset_consumes_1
[2024-11-21T17:35:47.632+0100] {logging_mixin.py:190} INFO - [2024-11-21T17:35:47.632+0100] {override.py:1911} INFO - Created Permission View: can edit on DAG:dataset_consumes_1
[2024-11-21T17:35:47.638+0100] {logging_mixin.py:190} INFO - [2024-11-21T17:35:47.638+0100] {override.py:1911} INFO - Created Permission View: can read on DAG Run:dataset_consumes_1
[2024-11-21T17:35:47.643+0100] {logging_mixin.py:190} INFO - [2024-11-21T17:35:47.643+0100] {override.py:1911} INFO - Created Permission View: menu access on DAG Run:dataset_consumes_1
[2024-11-21T17:35:47.647+0100] {logging_mixin.py:190} INFO - [2024-11-21T17:35:47.647+0100] {override.py:1911} INFO - Created Permission View: can delete on DAG Run:dataset_consumes_1
[2024-11-21T17:35:47.651+0100] {logging_mixin.py:190} INFO - [2024-11-21T17:35:47.651+0100] {override.py:1911} INFO - Created Permission View: can create on DAG Run:dataset_consumes_1
[2024-11-21T17:35:47.659+0100] {logging_mixin.py:190} INFO - [2024-11-21T17:35:47.659+0100] {override.py:1911} INFO - Created Permission View: can read on DAG:consume_1_or_both_2_and_3_with_dataset_expressions
[2024-11-21T17:35:47.663+0100] {logging_mixin.py:190} INFO - [2024-11-21T17:35:47.663+0100] {override.py:1911} INFO - Created Permission View: can delete on DAG:consume_1_or_both_2_and_3_with_dataset_expressions
[2024-11-21T17:35:47.668+0100] {logging_mixin.py:190} INFO - [2024-11-21T17:35:47.668+0100] {override.py:1911} INFO - Created Permission View: can edit on DAG:consume_1_or_both_2_and_3_with_dataset_expressions
[2024-11-21T17:35:47.674+0100] {logging_mixin.py:190} INFO - [2024-11-21T17:35:47.673+0100] {override.py:1911} INFO - Created Permission View: can read on DAG Run:consume_1_or_both_2_and_3_with_dataset_expressions
[2024-11-21T17:35:47.678+0100] {logging_mixin.py:190} INFO - [2024-11-21T17:35:47.678+0100] {override.py:1911} INFO - Created Permission View: menu access on DAG Run:consume_1_or_both_2_and_3_with_dataset_expressions
[2024-11-21T17:35:47.682+0100] {logging_mixin.py:190} INFO - [2024-11-21T17:35:47.682+0100] {override.py:1911} INFO - Created Permission View: can delete on DAG Run:consume_1_or_both_2_and_3_with_dataset_expressions
[2024-11-21T17:35:47.686+0100] {logging_mixin.py:190} INFO - [2024-11-21T17:35:47.686+0100] {override.py:1911} INFO - Created Permission View: can create on DAG Run:consume_1_or_both_2_and_3_with_dataset_expressions
[2024-11-21T17:35:47.696+0100] {logging_mixin.py:190} INFO - [2024-11-21T17:35:47.695+0100] {override.py:1911} INFO - Created Permission View: can read on DAG:conditional_dataset_and_time_based_timetable
[2024-11-21T17:35:47.700+0100] {logging_mixin.py:190} INFO - [2024-11-21T17:35:47.699+0100] {override.py:1911} INFO - Created Permission View: can delete on DAG:conditional_dataset_and_time_based_timetable
[2024-11-21T17:35:47.706+0100] {logging_mixin.py:190} INFO - [2024-11-21T17:35:47.706+0100] {override.py:1911} INFO - Created Permission View: can edit on DAG:conditional_dataset_and_time_based_timetable
[2024-11-21T17:35:47.712+0100] {logging_mixin.py:190} INFO - [2024-11-21T17:35:47.712+0100] {override.py:1911} INFO - Created Permission View: can read on DAG Run:conditional_dataset_and_time_based_timetable
[2024-11-21T17:35:47.716+0100] {logging_mixin.py:190} INFO - [2024-11-21T17:35:47.716+0100] {override.py:1911} INFO - Created Permission View: menu access on DAG Run:conditional_dataset_and_time_based_timetable
[2024-11-21T17:35:47.721+0100] {logging_mixin.py:190} INFO - [2024-11-21T17:35:47.721+0100] {override.py:1911} INFO - Created Permission View: can delete on DAG Run:conditional_dataset_and_time_based_timetable
[2024-11-21T17:35:47.725+0100] {logging_mixin.py:190} INFO - [2024-11-21T17:35:47.725+0100] {override.py:1911} INFO - Created Permission View: can create on DAG Run:conditional_dataset_and_time_based_timetable
[2024-11-21T17:35:47.734+0100] {logging_mixin.py:190} INFO - [2024-11-21T17:35:47.734+0100] {override.py:1911} INFO - Created Permission View: can read on DAG:dataset_consumes_unknown_never_scheduled
[2024-11-21T17:35:47.739+0100] {logging_mixin.py:190} INFO - [2024-11-21T17:35:47.738+0100] {override.py:1911} INFO - Created Permission View: can delete on DAG:dataset_consumes_unknown_never_scheduled
[2024-11-21T17:35:47.744+0100] {logging_mixin.py:190} INFO - [2024-11-21T17:35:47.744+0100] {override.py:1911} INFO - Created Permission View: can edit on DAG:dataset_consumes_unknown_never_scheduled
[2024-11-21T17:35:47.750+0100] {logging_mixin.py:190} INFO - [2024-11-21T17:35:47.749+0100] {override.py:1911} INFO - Created Permission View: can read on DAG Run:dataset_consumes_unknown_never_scheduled
[2024-11-21T17:35:47.753+0100] {logging_mixin.py:190} INFO - [2024-11-21T17:35:47.753+0100] {override.py:1911} INFO - Created Permission View: menu access on DAG Run:dataset_consumes_unknown_never_scheduled
[2024-11-21T17:35:47.761+0100] {logging_mixin.py:190} INFO - [2024-11-21T17:35:47.760+0100] {override.py:1911} INFO - Created Permission View: can delete on DAG Run:dataset_consumes_unknown_never_scheduled
[2024-11-21T17:35:47.766+0100] {logging_mixin.py:190} INFO - [2024-11-21T17:35:47.765+0100] {override.py:1911} INFO - Created Permission View: can create on DAG Run:dataset_consumes_unknown_never_scheduled
[2024-11-21T17:35:47.777+0100] {logging_mixin.py:190} INFO - [2024-11-21T17:35:47.777+0100] {override.py:1911} INFO - Created Permission View: can read on DAG:dataset_produces_2
[2024-11-21T17:35:47.782+0100] {logging_mixin.py:190} INFO - [2024-11-21T17:35:47.781+0100] {override.py:1911} INFO - Created Permission View: can delete on DAG:dataset_produces_2
[2024-11-21T17:35:47.791+0100] {logging_mixin.py:190} INFO - [2024-11-21T17:35:47.790+0100] {override.py:1911} INFO - Created Permission View: can edit on DAG:dataset_produces_2
[2024-11-21T17:35:47.797+0100] {logging_mixin.py:190} INFO - [2024-11-21T17:35:47.797+0100] {override.py:1911} INFO - Created Permission View: can read on DAG Run:dataset_produces_2
[2024-11-21T17:35:47.801+0100] {logging_mixin.py:190} INFO - [2024-11-21T17:35:47.801+0100] {override.py:1911} INFO - Created Permission View: menu access on DAG Run:dataset_produces_2
[2024-11-21T17:35:47.807+0100] {logging_mixin.py:190} INFO - [2024-11-21T17:35:47.807+0100] {override.py:1911} INFO - Created Permission View: can delete on DAG Run:dataset_produces_2
[2024-11-21T17:35:47.811+0100] {logging_mixin.py:190} INFO - [2024-11-21T17:35:47.811+0100] {override.py:1911} INFO - Created Permission View: can create on DAG Run:dataset_produces_2
[2024-11-21T17:35:47.820+0100] {logging_mixin.py:190} INFO - [2024-11-21T17:35:47.820+0100] {override.py:1911} INFO - Created Permission View: can read on DAG:dataset_produces_1
[2024-11-21T17:35:47.824+0100] {logging_mixin.py:190} INFO - [2024-11-21T17:35:47.824+0100] {override.py:1911} INFO - Created Permission View: can delete on DAG:dataset_produces_1
[2024-11-21T17:35:47.828+0100] {logging_mixin.py:190} INFO - [2024-11-21T17:35:47.828+0100] {override.py:1911} INFO - Created Permission View: can edit on DAG:dataset_produces_1
[2024-11-21T17:35:47.834+0100] {logging_mixin.py:190} INFO - [2024-11-21T17:35:47.834+0100] {override.py:1911} INFO - Created Permission View: can read on DAG Run:dataset_produces_1
[2024-11-21T17:35:47.838+0100] {logging_mixin.py:190} INFO - [2024-11-21T17:35:47.838+0100] {override.py:1911} INFO - Created Permission View: menu access on DAG Run:dataset_produces_1
[2024-11-21T17:35:47.842+0100] {logging_mixin.py:190} INFO - [2024-11-21T17:35:47.842+0100] {override.py:1911} INFO - Created Permission View: can delete on DAG Run:dataset_produces_1
[2024-11-21T17:35:47.846+0100] {logging_mixin.py:190} INFO - [2024-11-21T17:35:47.846+0100] {override.py:1911} INFO - Created Permission View: can create on DAG Run:dataset_produces_1
[2024-11-21T17:35:47.855+0100] {logging_mixin.py:190} INFO - [2024-11-21T17:35:47.854+0100] {override.py:1911} INFO - Created Permission View: can read on DAG:consume_1_or_2_with_dataset_expressions
[2024-11-21T17:35:47.859+0100] {logging_mixin.py:190} INFO - [2024-11-21T17:35:47.858+0100] {override.py:1911} INFO - Created Permission View: can delete on DAG:consume_1_or_2_with_dataset_expressions
[2024-11-21T17:35:47.863+0100] {logging_mixin.py:190} INFO - [2024-11-21T17:35:47.863+0100] {override.py:1911} INFO - Created Permission View: can edit on DAG:consume_1_or_2_with_dataset_expressions
[2024-11-21T17:35:47.869+0100] {logging_mixin.py:190} INFO - [2024-11-21T17:35:47.869+0100] {override.py:1911} INFO - Created Permission View: can read on DAG Run:consume_1_or_2_with_dataset_expressions
[2024-11-21T17:35:47.875+0100] {logging_mixin.py:190} INFO - [2024-11-21T17:35:47.873+0100] {override.py:1911} INFO - Created Permission View: menu access on DAG Run:consume_1_or_2_with_dataset_expressions
[2024-11-21T17:35:47.930+0100] {logging_mixin.py:190} INFO - [2024-11-21T17:35:47.929+0100] {override.py:1911} INFO - Created Permission View: can delete on DAG Run:consume_1_or_2_with_dataset_expressions
[2024-11-21T17:35:47.959+0100] {logging_mixin.py:190} INFO - [2024-11-21T17:35:47.956+0100] {override.py:1911} INFO - Created Permission View: can create on DAG Run:consume_1_or_2_with_dataset_expressions
[2024-11-21T17:35:47.959+0100] {logging_mixin.py:190} INFO - [2024-11-21T17:35:47.959+0100] {dag.py:3239} INFO - Sync 10 DAGs
[2024-11-21T17:35:47.979+0100] {logging_mixin.py:190} INFO - [2024-11-21T17:35:47.979+0100] {dag.py:3262} INFO - Creating ORM DAG for dataset_produces_1
[2024-11-21T17:35:47.979+0100] {logging_mixin.py:190} INFO - [2024-11-21T17:35:47.979+0100] {dag.py:3262} INFO - Creating ORM DAG for consume_1_or_both_2_and_3_with_dataset_expressions
[2024-11-21T17:35:47.980+0100] {logging_mixin.py:190} INFO - [2024-11-21T17:35:47.980+0100] {dag.py:3262} INFO - Creating ORM DAG for dataset_consumes_unknown_never_scheduled
[2024-11-21T17:35:47.981+0100] {logging_mixin.py:190} INFO - [2024-11-21T17:35:47.980+0100] {dag.py:3262} INFO - Creating ORM DAG for consume_1_and_2_with_dataset_expressions
[2024-11-21T17:35:47.981+0100] {logging_mixin.py:190} INFO - [2024-11-21T17:35:47.981+0100] {dag.py:3262} INFO - Creating ORM DAG for dataset_consumes_1
[2024-11-21T17:35:47.981+0100] {logging_mixin.py:190} INFO - [2024-11-21T17:35:47.981+0100] {dag.py:3262} INFO - Creating ORM DAG for dataset_consumes_1_and_2
[2024-11-21T17:35:47.982+0100] {logging_mixin.py:190} INFO - [2024-11-21T17:35:47.982+0100] {dag.py:3262} INFO - Creating ORM DAG for conditional_dataset_and_time_based_timetable
[2024-11-21T17:35:47.982+0100] {logging_mixin.py:190} INFO - [2024-11-21T17:35:47.982+0100] {dag.py:3262} INFO - Creating ORM DAG for consume_1_or_2_with_dataset_expressions
[2024-11-21T17:35:47.983+0100] {logging_mixin.py:190} INFO - [2024-11-21T17:35:47.982+0100] {dag.py:3262} INFO - Creating ORM DAG for dataset_consumes_1_never_scheduled
[2024-11-21T17:35:47.983+0100] {logging_mixin.py:190} INFO - [2024-11-21T17:35:47.983+0100] {dag.py:3262} INFO - Creating ORM DAG for dataset_produces_2
[2024-11-21T17:35:47.997+0100] {logging_mixin.py:190} INFO - [2024-11-21T17:35:47.997+0100] {dag.py:4180} INFO - Setting next_dagrun for conditional_dataset_and_time_based_timetable to 2024-11-20 01:00:00+00:00, run_after=2024-11-20 01:00:00+00:00
[2024-11-21T17:35:47.998+0100] {logging_mixin.py:190} INFO - [2024-11-21T17:35:47.998+0100] {dag.py:4180} INFO - Setting next_dagrun for consume_1_and_2_with_dataset_expressions to None, run_after=None
[2024-11-21T17:35:47.998+0100] {logging_mixin.py:190} INFO - [2024-11-21T17:35:47.998+0100] {dag.py:4180} INFO - Setting next_dagrun for consume_1_or_2_with_dataset_expressions to None, run_after=None
[2024-11-21T17:35:47.999+0100] {logging_mixin.py:190} INFO - [2024-11-21T17:35:47.998+0100] {dag.py:4180} INFO - Setting next_dagrun for consume_1_or_both_2_and_3_with_dataset_expressions to None, run_after=None
[2024-11-21T17:35:47.999+0100] {logging_mixin.py:190} INFO - [2024-11-21T17:35:47.999+0100] {dag.py:4180} INFO - Setting next_dagrun for dataset_consumes_1 to None, run_after=None
[2024-11-21T17:35:47.999+0100] {logging_mixin.py:190} INFO - [2024-11-21T17:35:47.999+0100] {dag.py:4180} INFO - Setting next_dagrun for dataset_consumes_1_and_2 to None, run_after=None
[2024-11-21T17:35:47.999+0100] {logging_mixin.py:190} INFO - [2024-11-21T17:35:47.999+0100] {dag.py:4180} INFO - Setting next_dagrun for dataset_consumes_1_never_scheduled to None, run_after=None
[2024-11-21T17:35:48.000+0100] {logging_mixin.py:190} INFO - [2024-11-21T17:35:48.000+0100] {dag.py:4180} INFO - Setting next_dagrun for dataset_consumes_unknown_never_scheduled to None, run_after=None
[2024-11-21T17:35:48.001+0100] {logging_mixin.py:190} INFO - [2024-11-21T17:35:48.001+0100] {dag.py:4180} INFO - Setting next_dagrun for dataset_produces_1 to 2024-11-20 00:00:00+00:00, run_after=2024-11-21 00:00:00+00:00
[2024-11-21T17:35:48.001+0100] {logging_mixin.py:190} INFO - [2024-11-21T17:35:48.001+0100] {dag.py:4180} INFO - Setting next_dagrun for dataset_produces_2 to None, run_after=None
[2024-11-21T17:35:48.741+0100] {processor.py:208} INFO - Processing /Users/jobandtalent/opt/anaconda3/envs/e2s-env/lib/python3.9/site-packages/airflow/example_dags/example_datasets.py took 1.799 seconds
[2024-11-21T17:38:38.721+0100] {processor.py:186} INFO - Started process (PID=2749) to work on /Users/jobandtalent/opt/anaconda3/envs/e2s-env/lib/python3.9/site-packages/airflow/example_dags/example_datasets.py
[2024-11-21T17:38:38.723+0100] {processor.py:914} INFO - Processing file /Users/jobandtalent/opt/anaconda3/envs/e2s-env/lib/python3.9/site-packages/airflow/example_dags/example_datasets.py for tasks to queue
[2024-11-21T17:38:38.723+0100] {logging_mixin.py:190} INFO - [2024-11-21T17:38:38.723+0100] {dagbag.py:588} INFO - Filling up the DagBag from /Users/jobandtalent/opt/anaconda3/envs/e2s-env/lib/python3.9/site-packages/airflow/example_dags/example_datasets.py
[2024-11-21T17:38:38.943+0100] {processor.py:925} INFO - DAG(s) 'consume_1_or_2_with_dataset_expressions', 'consume_1_and_2_with_dataset_expressions', 'consume_1_or_both_2_and_3_with_dataset_expressions', 'conditional_dataset_and_time_based_timetable', 'dataset_produces_1', 'dataset_produces_2', 'dataset_consumes_1', 'dataset_consumes_1_and_2', 'dataset_consumes_1_never_scheduled', 'dataset_consumes_unknown_never_scheduled' retrieved from /Users/jobandtalent/opt/anaconda3/envs/e2s-env/lib/python3.9/site-packages/airflow/example_dags/example_datasets.py
[2024-11-21T17:38:39.012+0100] {logging_mixin.py:190} INFO - [2024-11-21T17:38:39.012+0100] {dag.py:3239} INFO - Sync 10 DAGs
[2024-11-21T17:38:39.025+0100] {logging_mixin.py:190} INFO - [2024-11-21T17:38:39.025+0100] {dag.py:4180} INFO - Setting next_dagrun for conditional_dataset_and_time_based_timetable to 2024-11-20 01:00:00+00:00, run_after=2024-11-20 01:00:00+00:00
[2024-11-21T17:38:39.027+0100] {logging_mixin.py:190} INFO - [2024-11-21T17:38:39.027+0100] {dag.py:4180} INFO - Setting next_dagrun for consume_1_and_2_with_dataset_expressions to None, run_after=None
[2024-11-21T17:38:39.028+0100] {logging_mixin.py:190} INFO - [2024-11-21T17:38:39.028+0100] {dag.py:4180} INFO - Setting next_dagrun for consume_1_or_2_with_dataset_expressions to None, run_after=None
[2024-11-21T17:38:39.028+0100] {logging_mixin.py:190} INFO - [2024-11-21T17:38:39.028+0100] {dag.py:4180} INFO - Setting next_dagrun for consume_1_or_both_2_and_3_with_dataset_expressions to None, run_after=None
[2024-11-21T17:38:39.029+0100] {logging_mixin.py:190} INFO - [2024-11-21T17:38:39.029+0100] {dag.py:4180} INFO - Setting next_dagrun for dataset_consumes_1 to None, run_after=None
[2024-11-21T17:38:39.029+0100] {logging_mixin.py:190} INFO - [2024-11-21T17:38:39.029+0100] {dag.py:4180} INFO - Setting next_dagrun for dataset_consumes_1_and_2 to None, run_after=None
[2024-11-21T17:38:39.029+0100] {logging_mixin.py:190} INFO - [2024-11-21T17:38:39.029+0100] {dag.py:4180} INFO - Setting next_dagrun for dataset_consumes_1_never_scheduled to None, run_after=None
[2024-11-21T17:38:39.030+0100] {logging_mixin.py:190} INFO - [2024-11-21T17:38:39.030+0100] {dag.py:4180} INFO - Setting next_dagrun for dataset_consumes_unknown_never_scheduled to None, run_after=None
[2024-11-21T17:38:39.031+0100] {logging_mixin.py:190} INFO - [2024-11-21T17:38:39.031+0100] {dag.py:4180} INFO - Setting next_dagrun for dataset_produces_1 to 2024-11-20 00:00:00+00:00, run_after=2024-11-21 00:00:00+00:00
[2024-11-21T17:38:39.031+0100] {logging_mixin.py:190} INFO - [2024-11-21T17:38:39.031+0100] {dag.py:4180} INFO - Setting next_dagrun for dataset_produces_2 to None, run_after=None
[2024-11-21T17:38:39.050+0100] {processor.py:208} INFO - Processing /Users/jobandtalent/opt/anaconda3/envs/e2s-env/lib/python3.9/site-packages/airflow/example_dags/example_datasets.py took 0.337 seconds
[2024-11-21T17:43:25.364+0100] {processor.py:186} INFO - Started process (PID=3452) to work on /Users/jobandtalent/opt/anaconda3/envs/e2s-env/lib/python3.9/site-packages/airflow/example_dags/example_datasets.py
[2024-11-21T17:43:25.365+0100] {processor.py:914} INFO - Processing file /Users/jobandtalent/opt/anaconda3/envs/e2s-env/lib/python3.9/site-packages/airflow/example_dags/example_datasets.py for tasks to queue
[2024-11-21T17:43:25.366+0100] {logging_mixin.py:190} INFO - [2024-11-21T17:43:25.366+0100] {dagbag.py:588} INFO - Filling up the DagBag from /Users/jobandtalent/opt/anaconda3/envs/e2s-env/lib/python3.9/site-packages/airflow/example_dags/example_datasets.py
[2024-11-21T17:43:25.631+0100] {processor.py:925} INFO - DAG(s) 'dataset_consumes_unknown_never_scheduled', 'consume_1_and_2_with_dataset_expressions', 'consume_1_or_2_with_dataset_expressions', 'conditional_dataset_and_time_based_timetable', 'dataset_consumes_1_never_scheduled', 'dataset_produces_1', 'dataset_consumes_1', 'dataset_consumes_1_and_2', 'dataset_produces_2', 'consume_1_or_both_2_and_3_with_dataset_expressions' retrieved from /Users/jobandtalent/opt/anaconda3/envs/e2s-env/lib/python3.9/site-packages/airflow/example_dags/example_datasets.py
[2024-11-21T17:43:25.710+0100] {logging_mixin.py:190} INFO - [2024-11-21T17:43:25.710+0100] {dag.py:3239} INFO - Sync 10 DAGs
[2024-11-21T17:43:25.724+0100] {logging_mixin.py:190} INFO - [2024-11-21T17:43:25.724+0100] {dag.py:4180} INFO - Setting next_dagrun for conditional_dataset_and_time_based_timetable to 2024-11-20 01:00:00+00:00, run_after=2024-11-20 01:00:00+00:00
[2024-11-21T17:43:25.726+0100] {logging_mixin.py:190} INFO - [2024-11-21T17:43:25.726+0100] {dag.py:4180} INFO - Setting next_dagrun for consume_1_and_2_with_dataset_expressions to None, run_after=None
[2024-11-21T17:43:25.727+0100] {logging_mixin.py:190} INFO - [2024-11-21T17:43:25.727+0100] {dag.py:4180} INFO - Setting next_dagrun for consume_1_or_2_with_dataset_expressions to None, run_after=None
[2024-11-21T17:43:25.730+0100] {logging_mixin.py:190} INFO - [2024-11-21T17:43:25.729+0100] {dag.py:4180} INFO - Setting next_dagrun for consume_1_or_both_2_and_3_with_dataset_expressions to None, run_after=None
[2024-11-21T17:43:25.731+0100] {logging_mixin.py:190} INFO - [2024-11-21T17:43:25.731+0100] {dag.py:4180} INFO - Setting next_dagrun for dataset_consumes_1 to None, run_after=None
[2024-11-21T17:43:25.733+0100] {logging_mixin.py:190} INFO - [2024-11-21T17:43:25.732+0100] {dag.py:4180} INFO - Setting next_dagrun for dataset_consumes_1_and_2 to None, run_after=None
[2024-11-21T17:43:25.733+0100] {logging_mixin.py:190} INFO - [2024-11-21T17:43:25.733+0100] {dag.py:4180} INFO - Setting next_dagrun for dataset_consumes_1_never_scheduled to None, run_after=None
[2024-11-21T17:43:25.735+0100] {logging_mixin.py:190} INFO - [2024-11-21T17:43:25.734+0100] {dag.py:4180} INFO - Setting next_dagrun for dataset_consumes_unknown_never_scheduled to None, run_after=None
[2024-11-21T17:43:25.736+0100] {logging_mixin.py:190} INFO - [2024-11-21T17:43:25.736+0100] {dag.py:4180} INFO - Setting next_dagrun for dataset_produces_1 to 2024-11-20 00:00:00+00:00, run_after=2024-11-21 00:00:00+00:00
[2024-11-21T17:43:25.737+0100] {logging_mixin.py:190} INFO - [2024-11-21T17:43:25.737+0100] {dag.py:4180} INFO - Setting next_dagrun for dataset_produces_2 to None, run_after=None
[2024-11-21T17:43:25.768+0100] {processor.py:208} INFO - Processing /Users/jobandtalent/opt/anaconda3/envs/e2s-env/lib/python3.9/site-packages/airflow/example_dags/example_datasets.py took 0.414 seconds
