[2024-11-21T17:34:58.510+0100] {processor.py:186} INFO - Started process (PID=2206) to work on /Users/jobandtalent/opt/anaconda3/envs/e2s-env/lib/python3.9/site-packages/airflow/example_dags/example_python_operator.py
[2024-11-21T17:34:58.513+0100] {processor.py:914} INFO - Processing file /Users/jobandtalent/opt/anaconda3/envs/e2s-env/lib/python3.9/site-packages/airflow/example_dags/example_python_operator.py for tasks to queue
[2024-11-21T17:34:58.514+0100] {logging_mixin.py:190} INFO - [2024-11-21T17:34:58.514+0100] {dagbag.py:588} INFO - Filling up the DagBag from /Users/jobandtalent/opt/anaconda3/envs/e2s-env/lib/python3.9/site-packages/airflow/example_dags/example_python_operator.py
[2024-11-21T17:34:58.534+0100] {logging_mixin.py:190} INFO - [2024-11-21T17:34:58.534+0100] {example_python_operator.py:93} WARNING - The virtalenv_python example task requires virtualenv, please install it.
[2024-11-21T17:34:58.538+0100] {processor.py:925} INFO - DAG(s) 'example_python_operator' retrieved from /Users/jobandtalent/opt/anaconda3/envs/e2s-env/lib/python3.9/site-packages/airflow/example_dags/example_python_operator.py
[2024-11-21T17:34:58.683+0100] {logging_mixin.py:190} INFO - [2024-11-21T17:34:58.682+0100] {override.py:1911} INFO - Created Permission View: can read on DAG:example_python_operator
[2024-11-21T17:34:58.688+0100] {logging_mixin.py:190} INFO - [2024-11-21T17:34:58.688+0100] {override.py:1911} INFO - Created Permission View: can delete on DAG:example_python_operator
[2024-11-21T17:34:58.691+0100] {logging_mixin.py:190} INFO - [2024-11-21T17:34:58.691+0100] {override.py:1911} INFO - Created Permission View: can edit on DAG:example_python_operator
[2024-11-21T17:34:58.698+0100] {logging_mixin.py:190} INFO - [2024-11-21T17:34:58.697+0100] {override.py:1911} INFO - Created Permission View: can read on DAG Run:example_python_operator
[2024-11-21T17:34:58.701+0100] {logging_mixin.py:190} INFO - [2024-11-21T17:34:58.701+0100] {override.py:1911} INFO - Created Permission View: can delete on DAG Run:example_python_operator
[2024-11-21T17:34:58.704+0100] {logging_mixin.py:190} INFO - [2024-11-21T17:34:58.704+0100] {override.py:1911} INFO - Created Permission View: can create on DAG Run:example_python_operator
[2024-11-21T17:34:58.708+0100] {logging_mixin.py:190} INFO - [2024-11-21T17:34:58.708+0100] {override.py:1911} INFO - Created Permission View: menu access on DAG Run:example_python_operator
[2024-11-21T17:34:58.708+0100] {logging_mixin.py:190} INFO - [2024-11-21T17:34:58.708+0100] {dag.py:3239} INFO - Sync 1 DAGs
[2024-11-21T17:34:58.715+0100] {logging_mixin.py:190} INFO - [2024-11-21T17:34:58.715+0100] {dag.py:3262} INFO - Creating ORM DAG for example_python_operator
[2024-11-21T17:34:58.715+0100] {logging_mixin.py:190} INFO - [2024-11-21T17:34:58.715+0100] {dag.py:4180} INFO - Setting next_dagrun for example_python_operator to None, run_after=None
[2024-11-21T17:34:58.728+0100] {processor.py:208} INFO - Processing /Users/jobandtalent/opt/anaconda3/envs/e2s-env/lib/python3.9/site-packages/airflow/example_dags/example_python_operator.py took 0.227 seconds
[2024-11-21T17:37:51.608+0100] {processor.py:186} INFO - Started process (PID=2634) to work on /Users/jobandtalent/opt/anaconda3/envs/e2s-env/lib/python3.9/site-packages/airflow/example_dags/example_python_operator.py
[2024-11-21T17:37:51.609+0100] {processor.py:914} INFO - Processing file /Users/jobandtalent/opt/anaconda3/envs/e2s-env/lib/python3.9/site-packages/airflow/example_dags/example_python_operator.py for tasks to queue
[2024-11-21T17:37:51.610+0100] {logging_mixin.py:190} INFO - [2024-11-21T17:37:51.610+0100] {dagbag.py:588} INFO - Filling up the DagBag from /Users/jobandtalent/opt/anaconda3/envs/e2s-env/lib/python3.9/site-packages/airflow/example_dags/example_python_operator.py
[2024-11-21T17:37:51.631+0100] {logging_mixin.py:190} INFO - [2024-11-21T17:37:51.630+0100] {example_python_operator.py:93} WARNING - The virtalenv_python example task requires virtualenv, please install it.
[2024-11-21T17:37:51.634+0100] {processor.py:925} INFO - DAG(s) 'example_python_operator' retrieved from /Users/jobandtalent/opt/anaconda3/envs/e2s-env/lib/python3.9/site-packages/airflow/example_dags/example_python_operator.py
[2024-11-21T17:37:51.694+0100] {logging_mixin.py:190} INFO - [2024-11-21T17:37:51.694+0100] {dag.py:3239} INFO - Sync 1 DAGs
[2024-11-21T17:37:51.701+0100] {logging_mixin.py:190} INFO - [2024-11-21T17:37:51.701+0100] {dag.py:4180} INFO - Setting next_dagrun for example_python_operator to None, run_after=None
[2024-11-21T17:37:51.713+0100] {processor.py:208} INFO - Processing /Users/jobandtalent/opt/anaconda3/envs/e2s-env/lib/python3.9/site-packages/airflow/example_dags/example_python_operator.py took 0.115 seconds
[2024-11-21T17:40:20.225+0100] {processor.py:186} INFO - Started process (PID=2986) to work on /Users/jobandtalent/opt/anaconda3/envs/e2s-env/lib/python3.9/site-packages/airflow/example_dags/example_python_operator.py
[2024-11-21T17:40:20.227+0100] {processor.py:914} INFO - Processing file /Users/jobandtalent/opt/anaconda3/envs/e2s-env/lib/python3.9/site-packages/airflow/example_dags/example_python_operator.py for tasks to queue
[2024-11-21T17:40:20.227+0100] {logging_mixin.py:190} INFO - [2024-11-21T17:40:20.227+0100] {dagbag.py:588} INFO - Filling up the DagBag from /Users/jobandtalent/opt/anaconda3/envs/e2s-env/lib/python3.9/site-packages/airflow/example_dags/example_python_operator.py
[2024-11-21T17:40:20.247+0100] {logging_mixin.py:190} INFO - [2024-11-21T17:40:20.247+0100] {example_python_operator.py:93} WARNING - The virtalenv_python example task requires virtualenv, please install it.
[2024-11-21T17:40:20.251+0100] {processor.py:925} INFO - DAG(s) 'example_python_operator' retrieved from /Users/jobandtalent/opt/anaconda3/envs/e2s-env/lib/python3.9/site-packages/airflow/example_dags/example_python_operator.py
[2024-11-21T17:40:20.317+0100] {logging_mixin.py:190} INFO - [2024-11-21T17:40:20.317+0100] {dag.py:3239} INFO - Sync 1 DAGs
[2024-11-21T17:40:20.324+0100] {logging_mixin.py:190} INFO - [2024-11-21T17:40:20.324+0100] {dag.py:4180} INFO - Setting next_dagrun for example_python_operator to None, run_after=None
[2024-11-21T17:40:20.337+0100] {processor.py:208} INFO - Processing /Users/jobandtalent/opt/anaconda3/envs/e2s-env/lib/python3.9/site-packages/airflow/example_dags/example_python_operator.py took 0.124 seconds
[2024-11-21T17:42:39.384+0100] {processor.py:186} INFO - Started process (PID=3345) to work on /Users/jobandtalent/opt/anaconda3/envs/e2s-env/lib/python3.9/site-packages/airflow/example_dags/example_python_operator.py
[2024-11-21T17:42:39.386+0100] {processor.py:914} INFO - Processing file /Users/jobandtalent/opt/anaconda3/envs/e2s-env/lib/python3.9/site-packages/airflow/example_dags/example_python_operator.py for tasks to queue
[2024-11-21T17:42:39.387+0100] {logging_mixin.py:190} INFO - [2024-11-21T17:42:39.387+0100] {dagbag.py:588} INFO - Filling up the DagBag from /Users/jobandtalent/opt/anaconda3/envs/e2s-env/lib/python3.9/site-packages/airflow/example_dags/example_python_operator.py
[2024-11-21T17:42:39.413+0100] {logging_mixin.py:190} INFO - [2024-11-21T17:42:39.413+0100] {example_python_operator.py:93} WARNING - The virtalenv_python example task requires virtualenv, please install it.
[2024-11-21T17:42:39.418+0100] {processor.py:925} INFO - DAG(s) 'example_python_operator' retrieved from /Users/jobandtalent/opt/anaconda3/envs/e2s-env/lib/python3.9/site-packages/airflow/example_dags/example_python_operator.py
[2024-11-21T17:42:39.478+0100] {logging_mixin.py:190} INFO - [2024-11-21T17:42:39.478+0100] {dag.py:3239} INFO - Sync 1 DAGs
[2024-11-21T17:42:39.486+0100] {logging_mixin.py:190} INFO - [2024-11-21T17:42:39.486+0100] {dag.py:4180} INFO - Setting next_dagrun for example_python_operator to None, run_after=None
[2024-11-21T17:42:39.499+0100] {processor.py:208} INFO - Processing /Users/jobandtalent/opt/anaconda3/envs/e2s-env/lib/python3.9/site-packages/airflow/example_dags/example_python_operator.py took 0.127 seconds
[2024-11-21T17:45:11.937+0100] {processor.py:186} INFO - Started process (PID=3717) to work on /Users/jobandtalent/opt/anaconda3/envs/e2s-env/lib/python3.9/site-packages/airflow/example_dags/example_python_operator.py
[2024-11-21T17:45:11.939+0100] {processor.py:914} INFO - Processing file /Users/jobandtalent/opt/anaconda3/envs/e2s-env/lib/python3.9/site-packages/airflow/example_dags/example_python_operator.py for tasks to queue
[2024-11-21T17:45:11.939+0100] {logging_mixin.py:190} INFO - [2024-11-21T17:45:11.939+0100] {dagbag.py:588} INFO - Filling up the DagBag from /Users/jobandtalent/opt/anaconda3/envs/e2s-env/lib/python3.9/site-packages/airflow/example_dags/example_python_operator.py
[2024-11-21T17:45:11.958+0100] {logging_mixin.py:190} INFO - [2024-11-21T17:45:11.958+0100] {example_python_operator.py:93} WARNING - The virtalenv_python example task requires virtualenv, please install it.
[2024-11-21T17:45:11.962+0100] {processor.py:925} INFO - DAG(s) 'example_python_operator' retrieved from /Users/jobandtalent/opt/anaconda3/envs/e2s-env/lib/python3.9/site-packages/airflow/example_dags/example_python_operator.py
[2024-11-21T17:45:12.020+0100] {logging_mixin.py:190} INFO - [2024-11-21T17:45:12.020+0100] {dag.py:3239} INFO - Sync 1 DAGs
[2024-11-21T17:45:12.026+0100] {logging_mixin.py:190} INFO - [2024-11-21T17:45:12.026+0100] {dag.py:4180} INFO - Setting next_dagrun for example_python_operator to None, run_after=None
[2024-11-21T17:45:12.041+0100] {processor.py:208} INFO - Processing /Users/jobandtalent/opt/anaconda3/envs/e2s-env/lib/python3.9/site-packages/airflow/example_dags/example_python_operator.py took 0.116 seconds
