[2024-11-21T17:34:41.263+0100] {processor.py:186} INFO - Started process (PID=2165) to work on /Users/jobandtalent/opt/anaconda3/envs/e2s-env/lib/python3.9/site-packages/airflow/example_dags/example_short_circuit_decorator.py
[2024-11-21T17:34:41.264+0100] {processor.py:914} INFO - Processing file /Users/jobandtalent/opt/anaconda3/envs/e2s-env/lib/python3.9/site-packages/airflow/example_dags/example_short_circuit_decorator.py for tasks to queue
[2024-11-21T17:34:41.265+0100] {logging_mixin.py:190} INFO - [2024-11-21T17:34:41.265+0100] {dagbag.py:588} INFO - Filling up the DagBag from /Users/jobandtalent/opt/anaconda3/envs/e2s-env/lib/python3.9/site-packages/airflow/example_dags/example_short_circuit_decorator.py
[2024-11-21T17:34:41.305+0100] {processor.py:925} INFO - DAG(s) 'example_short_circuit_decorator' retrieved from /Users/jobandtalent/opt/anaconda3/envs/e2s-env/lib/python3.9/site-packages/airflow/example_dags/example_short_circuit_decorator.py
[2024-11-21T17:34:41.441+0100] {logging_mixin.py:190} INFO - [2024-11-21T17:34:41.440+0100] {override.py:1911} INFO - Created Permission View: can edit on DAG:example_short_circuit_decorator
[2024-11-21T17:34:41.446+0100] {logging_mixin.py:190} INFO - [2024-11-21T17:34:41.446+0100] {override.py:1911} INFO - Created Permission View: can read on DAG:example_short_circuit_decorator
[2024-11-21T17:34:41.449+0100] {logging_mixin.py:190} INFO - [2024-11-21T17:34:41.449+0100] {override.py:1911} INFO - Created Permission View: can delete on DAG:example_short_circuit_decorator
[2024-11-21T17:34:41.454+0100] {logging_mixin.py:190} INFO - [2024-11-21T17:34:41.454+0100] {override.py:1911} INFO - Created Permission View: can create on DAG Run:example_short_circuit_decorator
[2024-11-21T17:34:41.457+0100] {logging_mixin.py:190} INFO - [2024-11-21T17:34:41.457+0100] {override.py:1911} INFO - Created Permission View: menu access on DAG Run:example_short_circuit_decorator
[2024-11-21T17:34:41.460+0100] {logging_mixin.py:190} INFO - [2024-11-21T17:34:41.460+0100] {override.py:1911} INFO - Created Permission View: can read on DAG Run:example_short_circuit_decorator
[2024-11-21T17:34:41.463+0100] {logging_mixin.py:190} INFO - [2024-11-21T17:34:41.463+0100] {override.py:1911} INFO - Created Permission View: can delete on DAG Run:example_short_circuit_decorator
[2024-11-21T17:34:41.463+0100] {logging_mixin.py:190} INFO - [2024-11-21T17:34:41.463+0100] {dag.py:3239} INFO - Sync 1 DAGs
[2024-11-21T17:34:41.470+0100] {logging_mixin.py:190} INFO - [2024-11-21T17:34:41.470+0100] {dag.py:3262} INFO - Creating ORM DAG for example_short_circuit_decorator
[2024-11-21T17:34:41.471+0100] {logging_mixin.py:190} INFO - [2024-11-21T17:34:41.471+0100] {dag.py:4180} INFO - Setting next_dagrun for example_short_circuit_decorator to None, run_after=None
[2024-11-21T17:34:41.482+0100] {processor.py:208} INFO - Processing /Users/jobandtalent/opt/anaconda3/envs/e2s-env/lib/python3.9/site-packages/airflow/example_dags/example_short_circuit_decorator.py took 0.231 seconds
[2024-11-21T17:37:36.302+0100] {processor.py:186} INFO - Started process (PID=2586) to work on /Users/jobandtalent/opt/anaconda3/envs/e2s-env/lib/python3.9/site-packages/airflow/example_dags/example_short_circuit_decorator.py
[2024-11-21T17:37:36.304+0100] {processor.py:914} INFO - Processing file /Users/jobandtalent/opt/anaconda3/envs/e2s-env/lib/python3.9/site-packages/airflow/example_dags/example_short_circuit_decorator.py for tasks to queue
[2024-11-21T17:37:36.304+0100] {logging_mixin.py:190} INFO - [2024-11-21T17:37:36.304+0100] {dagbag.py:588} INFO - Filling up the DagBag from /Users/jobandtalent/opt/anaconda3/envs/e2s-env/lib/python3.9/site-packages/airflow/example_dags/example_short_circuit_decorator.py
[2024-11-21T17:37:36.338+0100] {processor.py:925} INFO - DAG(s) 'example_short_circuit_decorator' retrieved from /Users/jobandtalent/opt/anaconda3/envs/e2s-env/lib/python3.9/site-packages/airflow/example_dags/example_short_circuit_decorator.py
[2024-11-21T17:37:36.402+0100] {logging_mixin.py:190} INFO - [2024-11-21T17:37:36.402+0100] {dag.py:3239} INFO - Sync 1 DAGs
[2024-11-21T17:37:36.408+0100] {logging_mixin.py:190} INFO - [2024-11-21T17:37:36.408+0100] {dag.py:4180} INFO - Setting next_dagrun for example_short_circuit_decorator to None, run_after=None
[2024-11-21T17:37:36.420+0100] {processor.py:208} INFO - Processing /Users/jobandtalent/opt/anaconda3/envs/e2s-env/lib/python3.9/site-packages/airflow/example_dags/example_short_circuit_decorator.py took 0.127 seconds
[2024-11-21T17:40:03.860+0100] {processor.py:186} INFO - Started process (PID=2947) to work on /Users/jobandtalent/opt/anaconda3/envs/e2s-env/lib/python3.9/site-packages/airflow/example_dags/example_short_circuit_decorator.py
[2024-11-21T17:40:03.861+0100] {processor.py:914} INFO - Processing file /Users/jobandtalent/opt/anaconda3/envs/e2s-env/lib/python3.9/site-packages/airflow/example_dags/example_short_circuit_decorator.py for tasks to queue
[2024-11-21T17:40:03.862+0100] {logging_mixin.py:190} INFO - [2024-11-21T17:40:03.862+0100] {dagbag.py:588} INFO - Filling up the DagBag from /Users/jobandtalent/opt/anaconda3/envs/e2s-env/lib/python3.9/site-packages/airflow/example_dags/example_short_circuit_decorator.py
[2024-11-21T17:40:03.895+0100] {processor.py:925} INFO - DAG(s) 'example_short_circuit_decorator' retrieved from /Users/jobandtalent/opt/anaconda3/envs/e2s-env/lib/python3.9/site-packages/airflow/example_dags/example_short_circuit_decorator.py
[2024-11-21T17:40:03.978+0100] {logging_mixin.py:190} INFO - [2024-11-21T17:40:03.978+0100] {dag.py:3239} INFO - Sync 1 DAGs
[2024-11-21T17:40:03.986+0100] {logging_mixin.py:190} INFO - [2024-11-21T17:40:03.986+0100] {dag.py:4180} INFO - Setting next_dagrun for example_short_circuit_decorator to None, run_after=None
[2024-11-21T17:40:04.014+0100] {processor.py:208} INFO - Processing /Users/jobandtalent/opt/anaconda3/envs/e2s-env/lib/python3.9/site-packages/airflow/example_dags/example_short_circuit_decorator.py took 0.171 seconds
[2024-11-21T17:42:22.969+0100] {processor.py:186} INFO - Started process (PID=3301) to work on /Users/jobandtalent/opt/anaconda3/envs/e2s-env/lib/python3.9/site-packages/airflow/example_dags/example_short_circuit_decorator.py
[2024-11-21T17:42:22.972+0100] {processor.py:914} INFO - Processing file /Users/jobandtalent/opt/anaconda3/envs/e2s-env/lib/python3.9/site-packages/airflow/example_dags/example_short_circuit_decorator.py for tasks to queue
[2024-11-21T17:42:22.972+0100] {logging_mixin.py:190} INFO - [2024-11-21T17:42:22.972+0100] {dagbag.py:588} INFO - Filling up the DagBag from /Users/jobandtalent/opt/anaconda3/envs/e2s-env/lib/python3.9/site-packages/airflow/example_dags/example_short_circuit_decorator.py
[2024-11-21T17:42:23.011+0100] {processor.py:925} INFO - DAG(s) 'example_short_circuit_decorator' retrieved from /Users/jobandtalent/opt/anaconda3/envs/e2s-env/lib/python3.9/site-packages/airflow/example_dags/example_short_circuit_decorator.py
[2024-11-21T17:42:23.079+0100] {logging_mixin.py:190} INFO - [2024-11-21T17:42:23.078+0100] {dag.py:3239} INFO - Sync 1 DAGs
[2024-11-21T17:42:23.086+0100] {logging_mixin.py:190} INFO - [2024-11-21T17:42:23.086+0100] {dag.py:4180} INFO - Setting next_dagrun for example_short_circuit_decorator to None, run_after=None
[2024-11-21T17:42:23.099+0100] {processor.py:208} INFO - Processing /Users/jobandtalent/opt/anaconda3/envs/e2s-env/lib/python3.9/site-packages/airflow/example_dags/example_short_circuit_decorator.py took 0.138 seconds
[2024-11-21T17:44:56.354+0100] {processor.py:186} INFO - Started process (PID=3674) to work on /Users/jobandtalent/opt/anaconda3/envs/e2s-env/lib/python3.9/site-packages/airflow/example_dags/example_short_circuit_decorator.py
[2024-11-21T17:44:56.356+0100] {processor.py:914} INFO - Processing file /Users/jobandtalent/opt/anaconda3/envs/e2s-env/lib/python3.9/site-packages/airflow/example_dags/example_short_circuit_decorator.py for tasks to queue
[2024-11-21T17:44:56.357+0100] {logging_mixin.py:190} INFO - [2024-11-21T17:44:56.356+0100] {dagbag.py:588} INFO - Filling up the DagBag from /Users/jobandtalent/opt/anaconda3/envs/e2s-env/lib/python3.9/site-packages/airflow/example_dags/example_short_circuit_decorator.py
[2024-11-21T17:44:56.389+0100] {processor.py:925} INFO - DAG(s) 'example_short_circuit_decorator' retrieved from /Users/jobandtalent/opt/anaconda3/envs/e2s-env/lib/python3.9/site-packages/airflow/example_dags/example_short_circuit_decorator.py
[2024-11-21T17:44:56.457+0100] {logging_mixin.py:190} INFO - [2024-11-21T17:44:56.456+0100] {dag.py:3239} INFO - Sync 1 DAGs
[2024-11-21T17:44:56.463+0100] {logging_mixin.py:190} INFO - [2024-11-21T17:44:56.463+0100] {dag.py:4180} INFO - Setting next_dagrun for example_short_circuit_decorator to None, run_after=None
[2024-11-21T17:44:56.476+0100] {processor.py:208} INFO - Processing /Users/jobandtalent/opt/anaconda3/envs/e2s-env/lib/python3.9/site-packages/airflow/example_dags/example_short_circuit_decorator.py took 0.131 seconds
[2024-11-21T17:47:35.404+0100] {processor.py:186} INFO - Started process (PID=4493) to work on /Users/jobandtalent/opt/anaconda3/envs/e2s-env/lib/python3.9/site-packages/airflow/example_dags/example_short_circuit_decorator.py
[2024-11-21T17:47:35.407+0100] {processor.py:914} INFO - Processing file /Users/jobandtalent/opt/anaconda3/envs/e2s-env/lib/python3.9/site-packages/airflow/example_dags/example_short_circuit_decorator.py for tasks to queue
[2024-11-21T17:47:35.408+0100] {logging_mixin.py:190} INFO - [2024-11-21T17:47:35.408+0100] {dagbag.py:588} INFO - Filling up the DagBag from /Users/jobandtalent/opt/anaconda3/envs/e2s-env/lib/python3.9/site-packages/airflow/example_dags/example_short_circuit_decorator.py
[2024-11-21T17:47:35.437+0100] {processor.py:925} INFO - DAG(s) 'example_short_circuit_decorator' retrieved from /Users/jobandtalent/opt/anaconda3/envs/e2s-env/lib/python3.9/site-packages/airflow/example_dags/example_short_circuit_decorator.py
[2024-11-21T17:47:35.495+0100] {logging_mixin.py:190} INFO - [2024-11-21T17:47:35.495+0100] {dag.py:3239} INFO - Sync 1 DAGs
[2024-11-21T17:47:35.502+0100] {logging_mixin.py:190} INFO - [2024-11-21T17:47:35.502+0100] {dag.py:4180} INFO - Setting next_dagrun for example_short_circuit_decorator to None, run_after=None
[2024-11-21T17:47:35.515+0100] {processor.py:208} INFO - Processing /Users/jobandtalent/opt/anaconda3/envs/e2s-env/lib/python3.9/site-packages/airflow/example_dags/example_short_circuit_decorator.py took 0.118 seconds
[2024-11-21T17:50:16.139+0100] {processor.py:186} INFO - Started process (PID=4898) to work on /Users/jobandtalent/opt/anaconda3/envs/e2s-env/lib/python3.9/site-packages/airflow/example_dags/example_short_circuit_decorator.py
[2024-11-21T17:50:16.142+0100] {processor.py:914} INFO - Processing file /Users/jobandtalent/opt/anaconda3/envs/e2s-env/lib/python3.9/site-packages/airflow/example_dags/example_short_circuit_decorator.py for tasks to queue
[2024-11-21T17:50:16.142+0100] {logging_mixin.py:190} INFO - [2024-11-21T17:50:16.142+0100] {dagbag.py:588} INFO - Filling up the DagBag from /Users/jobandtalent/opt/anaconda3/envs/e2s-env/lib/python3.9/site-packages/airflow/example_dags/example_short_circuit_decorator.py
[2024-11-21T17:50:16.182+0100] {processor.py:925} INFO - DAG(s) 'example_short_circuit_decorator' retrieved from /Users/jobandtalent/opt/anaconda3/envs/e2s-env/lib/python3.9/site-packages/airflow/example_dags/example_short_circuit_decorator.py
[2024-11-21T17:50:16.250+0100] {logging_mixin.py:190} INFO - [2024-11-21T17:50:16.250+0100] {dag.py:3239} INFO - Sync 1 DAGs
[2024-11-21T17:50:16.258+0100] {logging_mixin.py:190} INFO - [2024-11-21T17:50:16.258+0100] {dag.py:4180} INFO - Setting next_dagrun for example_short_circuit_decorator to None, run_after=None
[2024-11-21T17:50:16.270+0100] {processor.py:208} INFO - Processing /Users/jobandtalent/opt/anaconda3/envs/e2s-env/lib/python3.9/site-packages/airflow/example_dags/example_short_circuit_decorator.py took 0.137 seconds
[2024-11-21T17:52:43.212+0100] {processor.py:186} INFO - Started process (PID=5252) to work on /Users/jobandtalent/opt/anaconda3/envs/e2s-env/lib/python3.9/site-packages/airflow/example_dags/example_short_circuit_decorator.py
[2024-11-21T17:52:43.214+0100] {processor.py:914} INFO - Processing file /Users/jobandtalent/opt/anaconda3/envs/e2s-env/lib/python3.9/site-packages/airflow/example_dags/example_short_circuit_decorator.py for tasks to queue
[2024-11-21T17:52:43.215+0100] {logging_mixin.py:190} INFO - [2024-11-21T17:52:43.215+0100] {dagbag.py:588} INFO - Filling up the DagBag from /Users/jobandtalent/opt/anaconda3/envs/e2s-env/lib/python3.9/site-packages/airflow/example_dags/example_short_circuit_decorator.py
[2024-11-21T17:52:43.255+0100] {processor.py:925} INFO - DAG(s) 'example_short_circuit_decorator' retrieved from /Users/jobandtalent/opt/anaconda3/envs/e2s-env/lib/python3.9/site-packages/airflow/example_dags/example_short_circuit_decorator.py
[2024-11-21T17:52:43.321+0100] {logging_mixin.py:190} INFO - [2024-11-21T17:52:43.320+0100] {dag.py:3239} INFO - Sync 1 DAGs
[2024-11-21T17:52:43.327+0100] {logging_mixin.py:190} INFO - [2024-11-21T17:52:43.327+0100] {dag.py:4180} INFO - Setting next_dagrun for example_short_circuit_decorator to None, run_after=None
[2024-11-21T17:52:43.340+0100] {processor.py:208} INFO - Processing /Users/jobandtalent/opt/anaconda3/envs/e2s-env/lib/python3.9/site-packages/airflow/example_dags/example_short_circuit_decorator.py took 0.137 seconds
[2024-11-21T17:55:04.957+0100] {processor.py:186} INFO - Started process (PID=5583) to work on /Users/jobandtalent/opt/anaconda3/envs/e2s-env/lib/python3.9/site-packages/airflow/example_dags/example_short_circuit_decorator.py
[2024-11-21T17:55:04.960+0100] {processor.py:914} INFO - Processing file /Users/jobandtalent/opt/anaconda3/envs/e2s-env/lib/python3.9/site-packages/airflow/example_dags/example_short_circuit_decorator.py for tasks to queue
[2024-11-21T17:55:04.960+0100] {logging_mixin.py:190} INFO - [2024-11-21T17:55:04.960+0100] {dagbag.py:588} INFO - Filling up the DagBag from /Users/jobandtalent/opt/anaconda3/envs/e2s-env/lib/python3.9/site-packages/airflow/example_dags/example_short_circuit_decorator.py
[2024-11-21T17:55:04.998+0100] {processor.py:925} INFO - DAG(s) 'example_short_circuit_decorator' retrieved from /Users/jobandtalent/opt/anaconda3/envs/e2s-env/lib/python3.9/site-packages/airflow/example_dags/example_short_circuit_decorator.py
[2024-11-21T17:55:05.061+0100] {logging_mixin.py:190} INFO - [2024-11-21T17:55:05.061+0100] {dag.py:3239} INFO - Sync 1 DAGs
[2024-11-21T17:55:05.067+0100] {logging_mixin.py:190} INFO - [2024-11-21T17:55:05.067+0100] {dag.py:4180} INFO - Setting next_dagrun for example_short_circuit_decorator to None, run_after=None
[2024-11-21T17:55:05.087+0100] {processor.py:208} INFO - Processing /Users/jobandtalent/opt/anaconda3/envs/e2s-env/lib/python3.9/site-packages/airflow/example_dags/example_short_circuit_decorator.py took 0.132 seconds
