[2024-11-21T17:35:07.382+0100] {processor.py:186} INFO - Started process (PID=2227) to work on /Users/jobandtalent/opt/anaconda3/envs/e2s-env/lib/python3.9/site-packages/airflow/example_dags/example_params_ui_tutorial.py
[2024-11-21T17:35:07.383+0100] {processor.py:914} INFO - Processing file /Users/jobandtalent/opt/anaconda3/envs/e2s-env/lib/python3.9/site-packages/airflow/example_dags/example_params_ui_tutorial.py for tasks to queue
[2024-11-21T17:35:07.384+0100] {logging_mixin.py:190} INFO - [2024-11-21T17:35:07.384+0100] {dagbag.py:588} INFO - Filling up the DagBag from /Users/jobandtalent/opt/anaconda3/envs/e2s-env/lib/python3.9/site-packages/airflow/example_dags/example_params_ui_tutorial.py
[2024-11-21T17:35:07.419+0100] {processor.py:925} INFO - DAG(s) 'example_params_ui_tutorial' retrieved from /Users/jobandtalent/opt/anaconda3/envs/e2s-env/lib/python3.9/site-packages/airflow/example_dags/example_params_ui_tutorial.py
[2024-11-21T17:35:07.562+0100] {logging_mixin.py:190} INFO - [2024-11-21T17:35:07.562+0100] {override.py:1911} INFO - Created Permission View: can edit on DAG:example_params_ui_tutorial
[2024-11-21T17:35:07.567+0100] {logging_mixin.py:190} INFO - [2024-11-21T17:35:07.567+0100] {override.py:1911} INFO - Created Permission View: can read on DAG:example_params_ui_tutorial
[2024-11-21T17:35:07.570+0100] {logging_mixin.py:190} INFO - [2024-11-21T17:35:07.570+0100] {override.py:1911} INFO - Created Permission View: can delete on DAG:example_params_ui_tutorial
[2024-11-21T17:35:07.574+0100] {logging_mixin.py:190} INFO - [2024-11-21T17:35:07.574+0100] {override.py:1911} INFO - Created Permission View: can create on DAG Run:example_params_ui_tutorial
[2024-11-21T17:35:07.577+0100] {logging_mixin.py:190} INFO - [2024-11-21T17:35:07.577+0100] {override.py:1911} INFO - Created Permission View: menu access on DAG Run:example_params_ui_tutorial
[2024-11-21T17:35:07.580+0100] {logging_mixin.py:190} INFO - [2024-11-21T17:35:07.580+0100] {override.py:1911} INFO - Created Permission View: can read on DAG Run:example_params_ui_tutorial
[2024-11-21T17:35:07.583+0100] {logging_mixin.py:190} INFO - [2024-11-21T17:35:07.583+0100] {override.py:1911} INFO - Created Permission View: can delete on DAG Run:example_params_ui_tutorial
[2024-11-21T17:35:07.583+0100] {logging_mixin.py:190} INFO - [2024-11-21T17:35:07.583+0100] {dag.py:3239} INFO - Sync 1 DAGs
[2024-11-21T17:35:07.591+0100] {logging_mixin.py:190} INFO - [2024-11-21T17:35:07.591+0100] {dag.py:3262} INFO - Creating ORM DAG for example_params_ui_tutorial
[2024-11-21T17:35:07.591+0100] {logging_mixin.py:190} INFO - [2024-11-21T17:35:07.591+0100] {dag.py:4180} INFO - Setting next_dagrun for example_params_ui_tutorial to None, run_after=None
[2024-11-21T17:35:07.602+0100] {processor.py:208} INFO - Processing /Users/jobandtalent/opt/anaconda3/envs/e2s-env/lib/python3.9/site-packages/airflow/example_dags/example_params_ui_tutorial.py took 0.229 seconds
[2024-11-21T17:38:00.587+0100] {processor.py:186} INFO - Started process (PID=2655) to work on /Users/jobandtalent/opt/anaconda3/envs/e2s-env/lib/python3.9/site-packages/airflow/example_dags/example_params_ui_tutorial.py
[2024-11-21T17:38:00.590+0100] {processor.py:914} INFO - Processing file /Users/jobandtalent/opt/anaconda3/envs/e2s-env/lib/python3.9/site-packages/airflow/example_dags/example_params_ui_tutorial.py for tasks to queue
[2024-11-21T17:38:00.591+0100] {logging_mixin.py:190} INFO - [2024-11-21T17:38:00.591+0100] {dagbag.py:588} INFO - Filling up the DagBag from /Users/jobandtalent/opt/anaconda3/envs/e2s-env/lib/python3.9/site-packages/airflow/example_dags/example_params_ui_tutorial.py
[2024-11-21T17:38:00.631+0100] {processor.py:925} INFO - DAG(s) 'example_params_ui_tutorial' retrieved from /Users/jobandtalent/opt/anaconda3/envs/e2s-env/lib/python3.9/site-packages/airflow/example_dags/example_params_ui_tutorial.py
[2024-11-21T17:38:00.719+0100] {logging_mixin.py:190} INFO - [2024-11-21T17:38:00.719+0100] {dag.py:3239} INFO - Sync 1 DAGs
[2024-11-21T17:38:00.726+0100] {logging_mixin.py:190} INFO - [2024-11-21T17:38:00.726+0100] {dag.py:4180} INFO - Setting next_dagrun for example_params_ui_tutorial to None, run_after=None
[2024-11-21T17:38:00.738+0100] {processor.py:208} INFO - Processing /Users/jobandtalent/opt/anaconda3/envs/e2s-env/lib/python3.9/site-packages/airflow/example_dags/example_params_ui_tutorial.py took 0.166 seconds
[2024-11-21T17:40:28.086+0100] {processor.py:186} INFO - Started process (PID=3020) to work on /Users/jobandtalent/opt/anaconda3/envs/e2s-env/lib/python3.9/site-packages/airflow/example_dags/example_params_ui_tutorial.py
[2024-11-21T17:40:28.088+0100] {processor.py:914} INFO - Processing file /Users/jobandtalent/opt/anaconda3/envs/e2s-env/lib/python3.9/site-packages/airflow/example_dags/example_params_ui_tutorial.py for tasks to queue
[2024-11-21T17:40:28.088+0100] {logging_mixin.py:190} INFO - [2024-11-21T17:40:28.088+0100] {dagbag.py:588} INFO - Filling up the DagBag from /Users/jobandtalent/opt/anaconda3/envs/e2s-env/lib/python3.9/site-packages/airflow/example_dags/example_params_ui_tutorial.py
[2024-11-21T17:40:28.122+0100] {processor.py:925} INFO - DAG(s) 'example_params_ui_tutorial' retrieved from /Users/jobandtalent/opt/anaconda3/envs/e2s-env/lib/python3.9/site-packages/airflow/example_dags/example_params_ui_tutorial.py
[2024-11-21T17:40:28.196+0100] {logging_mixin.py:190} INFO - [2024-11-21T17:40:28.196+0100] {dag.py:3239} INFO - Sync 1 DAGs
[2024-11-21T17:40:28.202+0100] {logging_mixin.py:190} INFO - [2024-11-21T17:40:28.202+0100] {dag.py:4180} INFO - Setting next_dagrun for example_params_ui_tutorial to None, run_after=None
[2024-11-21T17:40:28.212+0100] {processor.py:208} INFO - Processing /Users/jobandtalent/opt/anaconda3/envs/e2s-env/lib/python3.9/site-packages/airflow/example_dags/example_params_ui_tutorial.py took 0.137 seconds
[2024-11-21T17:42:48.612+0100] {processor.py:186} INFO - Started process (PID=3367) to work on /Users/jobandtalent/opt/anaconda3/envs/e2s-env/lib/python3.9/site-packages/airflow/example_dags/example_params_ui_tutorial.py
[2024-11-21T17:42:48.614+0100] {processor.py:914} INFO - Processing file /Users/jobandtalent/opt/anaconda3/envs/e2s-env/lib/python3.9/site-packages/airflow/example_dags/example_params_ui_tutorial.py for tasks to queue
[2024-11-21T17:42:48.615+0100] {logging_mixin.py:190} INFO - [2024-11-21T17:42:48.615+0100] {dagbag.py:588} INFO - Filling up the DagBag from /Users/jobandtalent/opt/anaconda3/envs/e2s-env/lib/python3.9/site-packages/airflow/example_dags/example_params_ui_tutorial.py
[2024-11-21T17:42:48.657+0100] {processor.py:925} INFO - DAG(s) 'example_params_ui_tutorial' retrieved from /Users/jobandtalent/opt/anaconda3/envs/e2s-env/lib/python3.9/site-packages/airflow/example_dags/example_params_ui_tutorial.py
[2024-11-21T17:42:48.749+0100] {logging_mixin.py:190} INFO - [2024-11-21T17:42:48.749+0100] {dag.py:3239} INFO - Sync 1 DAGs
[2024-11-21T17:42:48.757+0100] {logging_mixin.py:190} INFO - [2024-11-21T17:42:48.757+0100] {dag.py:4180} INFO - Setting next_dagrun for example_params_ui_tutorial to None, run_after=None
[2024-11-21T17:42:48.771+0100] {processor.py:208} INFO - Processing /Users/jobandtalent/opt/anaconda3/envs/e2s-env/lib/python3.9/site-packages/airflow/example_dags/example_params_ui_tutorial.py took 0.167 seconds
[2024-11-21T17:45:20.875+0100] {processor.py:186} INFO - Started process (PID=3741) to work on /Users/jobandtalent/opt/anaconda3/envs/e2s-env/lib/python3.9/site-packages/airflow/example_dags/example_params_ui_tutorial.py
[2024-11-21T17:45:20.876+0100] {processor.py:914} INFO - Processing file /Users/jobandtalent/opt/anaconda3/envs/e2s-env/lib/python3.9/site-packages/airflow/example_dags/example_params_ui_tutorial.py for tasks to queue
[2024-11-21T17:45:20.877+0100] {logging_mixin.py:190} INFO - [2024-11-21T17:45:20.877+0100] {dagbag.py:588} INFO - Filling up the DagBag from /Users/jobandtalent/opt/anaconda3/envs/e2s-env/lib/python3.9/site-packages/airflow/example_dags/example_params_ui_tutorial.py
[2024-11-21T17:45:20.907+0100] {processor.py:925} INFO - DAG(s) 'example_params_ui_tutorial' retrieved from /Users/jobandtalent/opt/anaconda3/envs/e2s-env/lib/python3.9/site-packages/airflow/example_dags/example_params_ui_tutorial.py
[2024-11-21T17:45:20.986+0100] {logging_mixin.py:190} INFO - [2024-11-21T17:45:20.986+0100] {dag.py:3239} INFO - Sync 1 DAGs
[2024-11-21T17:45:20.992+0100] {logging_mixin.py:190} INFO - [2024-11-21T17:45:20.992+0100] {dag.py:4180} INFO - Setting next_dagrun for example_params_ui_tutorial to None, run_after=None
[2024-11-21T17:45:21.002+0100] {processor.py:208} INFO - Processing /Users/jobandtalent/opt/anaconda3/envs/e2s-env/lib/python3.9/site-packages/airflow/example_dags/example_params_ui_tutorial.py took 0.141 seconds
[2024-11-21T17:48:00.833+0100] {processor.py:186} INFO - Started process (PID=4571) to work on /Users/jobandtalent/opt/anaconda3/envs/e2s-env/lib/python3.9/site-packages/airflow/example_dags/example_params_ui_tutorial.py
[2024-11-21T17:48:00.834+0100] {processor.py:914} INFO - Processing file /Users/jobandtalent/opt/anaconda3/envs/e2s-env/lib/python3.9/site-packages/airflow/example_dags/example_params_ui_tutorial.py for tasks to queue
[2024-11-21T17:48:00.835+0100] {logging_mixin.py:190} INFO - [2024-11-21T17:48:00.835+0100] {dagbag.py:588} INFO - Filling up the DagBag from /Users/jobandtalent/opt/anaconda3/envs/e2s-env/lib/python3.9/site-packages/airflow/example_dags/example_params_ui_tutorial.py
[2024-11-21T17:48:00.876+0100] {processor.py:925} INFO - DAG(s) 'example_params_ui_tutorial' retrieved from /Users/jobandtalent/opt/anaconda3/envs/e2s-env/lib/python3.9/site-packages/airflow/example_dags/example_params_ui_tutorial.py
[2024-11-21T17:48:00.963+0100] {logging_mixin.py:190} INFO - [2024-11-21T17:48:00.963+0100] {dag.py:3239} INFO - Sync 1 DAGs
[2024-11-21T17:48:00.970+0100] {logging_mixin.py:190} INFO - [2024-11-21T17:48:00.970+0100] {dag.py:4180} INFO - Setting next_dagrun for example_params_ui_tutorial to None, run_after=None
[2024-11-21T17:48:00.982+0100] {processor.py:208} INFO - Processing /Users/jobandtalent/opt/anaconda3/envs/e2s-env/lib/python3.9/site-packages/airflow/example_dags/example_params_ui_tutorial.py took 0.161 seconds
[2024-11-21T17:50:40.630+0100] {processor.py:186} INFO - Started process (PID=4951) to work on /Users/jobandtalent/opt/anaconda3/envs/e2s-env/lib/python3.9/site-packages/airflow/example_dags/example_params_ui_tutorial.py
[2024-11-21T17:50:40.632+0100] {processor.py:914} INFO - Processing file /Users/jobandtalent/opt/anaconda3/envs/e2s-env/lib/python3.9/site-packages/airflow/example_dags/example_params_ui_tutorial.py for tasks to queue
[2024-11-21T17:50:40.633+0100] {logging_mixin.py:190} INFO - [2024-11-21T17:50:40.633+0100] {dagbag.py:588} INFO - Filling up the DagBag from /Users/jobandtalent/opt/anaconda3/envs/e2s-env/lib/python3.9/site-packages/airflow/example_dags/example_params_ui_tutorial.py
[2024-11-21T17:50:40.663+0100] {processor.py:925} INFO - DAG(s) 'example_params_ui_tutorial' retrieved from /Users/jobandtalent/opt/anaconda3/envs/e2s-env/lib/python3.9/site-packages/airflow/example_dags/example_params_ui_tutorial.py
[2024-11-21T17:50:40.738+0100] {logging_mixin.py:190} INFO - [2024-11-21T17:50:40.738+0100] {dag.py:3239} INFO - Sync 1 DAGs
[2024-11-21T17:50:40.744+0100] {logging_mixin.py:190} INFO - [2024-11-21T17:50:40.744+0100] {dag.py:4180} INFO - Setting next_dagrun for example_params_ui_tutorial to None, run_after=None
[2024-11-21T17:50:40.756+0100] {processor.py:208} INFO - Processing /Users/jobandtalent/opt/anaconda3/envs/e2s-env/lib/python3.9/site-packages/airflow/example_dags/example_params_ui_tutorial.py took 0.141 seconds
[2024-11-21T17:53:09.582+0100] {processor.py:186} INFO - Started process (PID=5312) to work on /Users/jobandtalent/opt/anaconda3/envs/e2s-env/lib/python3.9/site-packages/airflow/example_dags/example_params_ui_tutorial.py
[2024-11-21T17:53:09.583+0100] {processor.py:914} INFO - Processing file /Users/jobandtalent/opt/anaconda3/envs/e2s-env/lib/python3.9/site-packages/airflow/example_dags/example_params_ui_tutorial.py for tasks to queue
[2024-11-21T17:53:09.584+0100] {logging_mixin.py:190} INFO - [2024-11-21T17:53:09.584+0100] {dagbag.py:588} INFO - Filling up the DagBag from /Users/jobandtalent/opt/anaconda3/envs/e2s-env/lib/python3.9/site-packages/airflow/example_dags/example_params_ui_tutorial.py
[2024-11-21T17:53:09.620+0100] {processor.py:925} INFO - DAG(s) 'example_params_ui_tutorial' retrieved from /Users/jobandtalent/opt/anaconda3/envs/e2s-env/lib/python3.9/site-packages/airflow/example_dags/example_params_ui_tutorial.py
[2024-11-21T17:53:09.706+0100] {logging_mixin.py:190} INFO - [2024-11-21T17:53:09.706+0100] {dag.py:3239} INFO - Sync 1 DAGs
[2024-11-21T17:53:09.713+0100] {logging_mixin.py:190} INFO - [2024-11-21T17:53:09.713+0100] {dag.py:4180} INFO - Setting next_dagrun for example_params_ui_tutorial to None, run_after=None
[2024-11-21T17:53:09.727+0100] {processor.py:208} INFO - Processing /Users/jobandtalent/opt/anaconda3/envs/e2s-env/lib/python3.9/site-packages/airflow/example_dags/example_params_ui_tutorial.py took 0.154 seconds
[2024-11-21T17:55:27.543+0100] {processor.py:186} INFO - Started process (PID=5644) to work on /Users/jobandtalent/opt/anaconda3/envs/e2s-env/lib/python3.9/site-packages/airflow/example_dags/example_params_ui_tutorial.py
[2024-11-21T17:55:27.545+0100] {processor.py:914} INFO - Processing file /Users/jobandtalent/opt/anaconda3/envs/e2s-env/lib/python3.9/site-packages/airflow/example_dags/example_params_ui_tutorial.py for tasks to queue
[2024-11-21T17:55:27.546+0100] {logging_mixin.py:190} INFO - [2024-11-21T17:55:27.546+0100] {dagbag.py:588} INFO - Filling up the DagBag from /Users/jobandtalent/opt/anaconda3/envs/e2s-env/lib/python3.9/site-packages/airflow/example_dags/example_params_ui_tutorial.py
[2024-11-21T17:55:27.579+0100] {processor.py:925} INFO - DAG(s) 'example_params_ui_tutorial' retrieved from /Users/jobandtalent/opt/anaconda3/envs/e2s-env/lib/python3.9/site-packages/airflow/example_dags/example_params_ui_tutorial.py
[2024-11-21T17:55:27.656+0100] {logging_mixin.py:190} INFO - [2024-11-21T17:55:27.656+0100] {dag.py:3239} INFO - Sync 1 DAGs
[2024-11-21T17:55:27.662+0100] {logging_mixin.py:190} INFO - [2024-11-21T17:55:27.662+0100] {dag.py:4180} INFO - Setting next_dagrun for example_params_ui_tutorial to None, run_after=None
[2024-11-21T17:55:27.672+0100] {processor.py:208} INFO - Processing /Users/jobandtalent/opt/anaconda3/envs/e2s-env/lib/python3.9/site-packages/airflow/example_dags/example_params_ui_tutorial.py took 0.136 seconds
[2024-11-21T17:57:51.544+0100] {processor.py:186} INFO - Started process (PID=6188) to work on /Users/jobandtalent/opt/anaconda3/envs/e2s-env/lib/python3.9/site-packages/airflow/example_dags/example_params_ui_tutorial.py
[2024-11-21T17:57:51.546+0100] {processor.py:914} INFO - Processing file /Users/jobandtalent/opt/anaconda3/envs/e2s-env/lib/python3.9/site-packages/airflow/example_dags/example_params_ui_tutorial.py for tasks to queue
[2024-11-21T17:57:51.547+0100] {logging_mixin.py:190} INFO - [2024-11-21T17:57:51.546+0100] {dagbag.py:588} INFO - Filling up the DagBag from /Users/jobandtalent/opt/anaconda3/envs/e2s-env/lib/python3.9/site-packages/airflow/example_dags/example_params_ui_tutorial.py
[2024-11-21T17:57:51.579+0100] {processor.py:925} INFO - DAG(s) 'example_params_ui_tutorial' retrieved from /Users/jobandtalent/opt/anaconda3/envs/e2s-env/lib/python3.9/site-packages/airflow/example_dags/example_params_ui_tutorial.py
[2024-11-21T17:57:51.660+0100] {logging_mixin.py:190} INFO - [2024-11-21T17:57:51.660+0100] {dag.py:3239} INFO - Sync 1 DAGs
[2024-11-21T17:57:51.666+0100] {logging_mixin.py:190} INFO - [2024-11-21T17:57:51.666+0100] {dag.py:4180} INFO - Setting next_dagrun for example_params_ui_tutorial to None, run_after=None
[2024-11-21T17:57:51.686+0100] {processor.py:208} INFO - Processing /Users/jobandtalent/opt/anaconda3/envs/e2s-env/lib/python3.9/site-packages/airflow/example_dags/example_params_ui_tutorial.py took 0.152 seconds
[2024-11-21T18:00:16.796+0100] {processor.py:186} INFO - Started process (PID=6539) to work on /Users/jobandtalent/opt/anaconda3/envs/e2s-env/lib/python3.9/site-packages/airflow/example_dags/example_params_ui_tutorial.py
[2024-11-21T18:00:16.798+0100] {processor.py:914} INFO - Processing file /Users/jobandtalent/opt/anaconda3/envs/e2s-env/lib/python3.9/site-packages/airflow/example_dags/example_params_ui_tutorial.py for tasks to queue
[2024-11-21T18:00:16.799+0100] {logging_mixin.py:190} INFO - [2024-11-21T18:00:16.798+0100] {dagbag.py:588} INFO - Filling up the DagBag from /Users/jobandtalent/opt/anaconda3/envs/e2s-env/lib/python3.9/site-packages/airflow/example_dags/example_params_ui_tutorial.py
[2024-11-21T18:00:16.843+0100] {processor.py:925} INFO - DAG(s) 'example_params_ui_tutorial' retrieved from /Users/jobandtalent/opt/anaconda3/envs/e2s-env/lib/python3.9/site-packages/airflow/example_dags/example_params_ui_tutorial.py
[2024-11-21T18:00:16.925+0100] {logging_mixin.py:190} INFO - [2024-11-21T18:00:16.925+0100] {dag.py:3239} INFO - Sync 1 DAGs
[2024-11-21T18:00:16.932+0100] {logging_mixin.py:190} INFO - [2024-11-21T18:00:16.931+0100] {dag.py:4180} INFO - Setting next_dagrun for example_params_ui_tutorial to None, run_after=None
[2024-11-21T18:00:16.943+0100] {processor.py:208} INFO - Processing /Users/jobandtalent/opt/anaconda3/envs/e2s-env/lib/python3.9/site-packages/airflow/example_dags/example_params_ui_tutorial.py took 0.157 seconds
[2024-11-21T18:02:43.462+0100] {processor.py:186} INFO - Started process (PID=6942) to work on /Users/jobandtalent/opt/anaconda3/envs/e2s-env/lib/python3.9/site-packages/airflow/example_dags/example_params_ui_tutorial.py
[2024-11-21T18:02:43.464+0100] {processor.py:914} INFO - Processing file /Users/jobandtalent/opt/anaconda3/envs/e2s-env/lib/python3.9/site-packages/airflow/example_dags/example_params_ui_tutorial.py for tasks to queue
[2024-11-21T18:02:43.465+0100] {logging_mixin.py:190} INFO - [2024-11-21T18:02:43.465+0100] {dagbag.py:588} INFO - Filling up the DagBag from /Users/jobandtalent/opt/anaconda3/envs/e2s-env/lib/python3.9/site-packages/airflow/example_dags/example_params_ui_tutorial.py
[2024-11-21T18:02:43.525+0100] {processor.py:925} INFO - DAG(s) 'example_params_ui_tutorial' retrieved from /Users/jobandtalent/opt/anaconda3/envs/e2s-env/lib/python3.9/site-packages/airflow/example_dags/example_params_ui_tutorial.py
[2024-11-21T18:02:43.690+0100] {logging_mixin.py:190} INFO - [2024-11-21T18:02:43.690+0100] {dag.py:3239} INFO - Sync 1 DAGs
[2024-11-21T18:02:43.705+0100] {logging_mixin.py:190} INFO - [2024-11-21T18:02:43.705+0100] {dag.py:4180} INFO - Setting next_dagrun for example_params_ui_tutorial to None, run_after=None
[2024-11-21T18:02:43.719+0100] {processor.py:208} INFO - Processing /Users/jobandtalent/opt/anaconda3/envs/e2s-env/lib/python3.9/site-packages/airflow/example_dags/example_params_ui_tutorial.py took 0.267 seconds
[2024-11-21T18:05:07.004+0100] {processor.py:186} INFO - Started process (PID=7281) to work on /Users/jobandtalent/opt/anaconda3/envs/e2s-env/lib/python3.9/site-packages/airflow/example_dags/example_params_ui_tutorial.py
[2024-11-21T18:05:07.005+0100] {processor.py:914} INFO - Processing file /Users/jobandtalent/opt/anaconda3/envs/e2s-env/lib/python3.9/site-packages/airflow/example_dags/example_params_ui_tutorial.py for tasks to queue
[2024-11-21T18:05:07.006+0100] {logging_mixin.py:190} INFO - [2024-11-21T18:05:07.006+0100] {dagbag.py:588} INFO - Filling up the DagBag from /Users/jobandtalent/opt/anaconda3/envs/e2s-env/lib/python3.9/site-packages/airflow/example_dags/example_params_ui_tutorial.py
[2024-11-21T18:05:07.037+0100] {processor.py:925} INFO - DAG(s) 'example_params_ui_tutorial' retrieved from /Users/jobandtalent/opt/anaconda3/envs/e2s-env/lib/python3.9/site-packages/airflow/example_dags/example_params_ui_tutorial.py
[2024-11-21T18:05:07.111+0100] {logging_mixin.py:190} INFO - [2024-11-21T18:05:07.111+0100] {dag.py:3239} INFO - Sync 1 DAGs
[2024-11-21T18:05:07.117+0100] {logging_mixin.py:190} INFO - [2024-11-21T18:05:07.117+0100] {dag.py:4180} INFO - Setting next_dagrun for example_params_ui_tutorial to None, run_after=None
[2024-11-21T18:05:07.127+0100] {processor.py:208} INFO - Processing /Users/jobandtalent/opt/anaconda3/envs/e2s-env/lib/python3.9/site-packages/airflow/example_dags/example_params_ui_tutorial.py took 0.135 seconds
