[2024-11-21T17:36:15.869+0100] {processor.py:186} INFO - Started process (PID=2389) to work on /Users/jobandtalent/opt/anaconda3/envs/e2s-env/lib/python3.9/site-packages/airflow/example_dags/example_branch_labels.py
[2024-11-21T17:36:15.870+0100] {processor.py:914} INFO - Processing file /Users/jobandtalent/opt/anaconda3/envs/e2s-env/lib/python3.9/site-packages/airflow/example_dags/example_branch_labels.py for tasks to queue
[2024-11-21T17:36:15.871+0100] {logging_mixin.py:190} INFO - [2024-11-21T17:36:15.871+0100] {dagbag.py:588} INFO - Filling up the DagBag from /Users/jobandtalent/opt/anaconda3/envs/e2s-env/lib/python3.9/site-packages/airflow/example_dags/example_branch_labels.py
[2024-11-21T17:36:15.879+0100] {processor.py:925} INFO - DAG(s) 'example_branch_labels' retrieved from /Users/jobandtalent/opt/anaconda3/envs/e2s-env/lib/python3.9/site-packages/airflow/example_dags/example_branch_labels.py
[2024-11-21T17:36:16.014+0100] {logging_mixin.py:190} INFO - [2024-11-21T17:36:16.014+0100] {override.py:1911} INFO - Created Permission View: can read on DAG:example_branch_labels
[2024-11-21T17:36:16.019+0100] {logging_mixin.py:190} INFO - [2024-11-21T17:36:16.019+0100] {override.py:1911} INFO - Created Permission View: can delete on DAG:example_branch_labels
[2024-11-21T17:36:16.024+0100] {logging_mixin.py:190} INFO - [2024-11-21T17:36:16.024+0100] {override.py:1911} INFO - Created Permission View: can edit on DAG:example_branch_labels
[2024-11-21T17:36:16.030+0100] {logging_mixin.py:190} INFO - [2024-11-21T17:36:16.029+0100] {override.py:1911} INFO - Created Permission View: can read on DAG Run:example_branch_labels
[2024-11-21T17:36:16.033+0100] {logging_mixin.py:190} INFO - [2024-11-21T17:36:16.033+0100] {override.py:1911} INFO - Created Permission View: can delete on DAG Run:example_branch_labels
[2024-11-21T17:36:16.037+0100] {logging_mixin.py:190} INFO - [2024-11-21T17:36:16.037+0100] {override.py:1911} INFO - Created Permission View: can create on DAG Run:example_branch_labels
[2024-11-21T17:36:16.042+0100] {logging_mixin.py:190} INFO - [2024-11-21T17:36:16.041+0100] {override.py:1911} INFO - Created Permission View: menu access on DAG Run:example_branch_labels
[2024-11-21T17:36:16.042+0100] {logging_mixin.py:190} INFO - [2024-11-21T17:36:16.042+0100] {dag.py:3239} INFO - Sync 1 DAGs
[2024-11-21T17:36:16.048+0100] {logging_mixin.py:190} INFO - [2024-11-21T17:36:16.048+0100] {dag.py:3262} INFO - Creating ORM DAG for example_branch_labels
[2024-11-21T17:36:16.053+0100] {logging_mixin.py:190} INFO - [2024-11-21T17:36:16.053+0100] {dag.py:4180} INFO - Setting next_dagrun for example_branch_labels to 2024-11-20 00:00:00+00:00, run_after=2024-11-21 00:00:00+00:00
[2024-11-21T17:36:16.065+0100] {processor.py:208} INFO - Processing /Users/jobandtalent/opt/anaconda3/envs/e2s-env/lib/python3.9/site-packages/airflow/example_dags/example_branch_labels.py took 0.209 seconds
[2024-11-21T17:40:58.787+0100] {processor.py:186} INFO - Started process (PID=3091) to work on /Users/jobandtalent/opt/anaconda3/envs/e2s-env/lib/python3.9/site-packages/airflow/example_dags/example_branch_labels.py
[2024-11-21T17:40:58.789+0100] {processor.py:914} INFO - Processing file /Users/jobandtalent/opt/anaconda3/envs/e2s-env/lib/python3.9/site-packages/airflow/example_dags/example_branch_labels.py for tasks to queue
[2024-11-21T17:40:58.790+0100] {logging_mixin.py:190} INFO - [2024-11-21T17:40:58.790+0100] {dagbag.py:588} INFO - Filling up the DagBag from /Users/jobandtalent/opt/anaconda3/envs/e2s-env/lib/python3.9/site-packages/airflow/example_dags/example_branch_labels.py
[2024-11-21T17:40:58.801+0100] {processor.py:925} INFO - DAG(s) 'example_branch_labels' retrieved from /Users/jobandtalent/opt/anaconda3/envs/e2s-env/lib/python3.9/site-packages/airflow/example_dags/example_branch_labels.py
[2024-11-21T17:40:58.862+0100] {logging_mixin.py:190} INFO - [2024-11-21T17:40:58.862+0100] {dag.py:3239} INFO - Sync 1 DAGs
[2024-11-21T17:40:58.873+0100] {logging_mixin.py:190} INFO - [2024-11-21T17:40:58.873+0100] {dag.py:4180} INFO - Setting next_dagrun for example_branch_labels to 2024-11-20 00:00:00+00:00, run_after=2024-11-21 00:00:00+00:00
[2024-11-21T17:40:58.883+0100] {processor.py:208} INFO - Processing /Users/jobandtalent/opt/anaconda3/envs/e2s-env/lib/python3.9/site-packages/airflow/example_dags/example_branch_labels.py took 0.107 seconds
[2024-11-21T17:46:08.531+0100] {processor.py:186} INFO - Started process (PID=4077) to work on /Users/jobandtalent/opt/anaconda3/envs/e2s-env/lib/python3.9/site-packages/airflow/example_dags/example_branch_labels.py
[2024-11-21T17:46:08.533+0100] {processor.py:914} INFO - Processing file /Users/jobandtalent/opt/anaconda3/envs/e2s-env/lib/python3.9/site-packages/airflow/example_dags/example_branch_labels.py for tasks to queue
[2024-11-21T17:46:08.535+0100] {logging_mixin.py:190} INFO - [2024-11-21T17:46:08.535+0100] {dagbag.py:588} INFO - Filling up the DagBag from /Users/jobandtalent/opt/anaconda3/envs/e2s-env/lib/python3.9/site-packages/airflow/example_dags/example_branch_labels.py
[2024-11-21T17:46:08.546+0100] {processor.py:925} INFO - DAG(s) 'example_branch_labels' retrieved from /Users/jobandtalent/opt/anaconda3/envs/e2s-env/lib/python3.9/site-packages/airflow/example_dags/example_branch_labels.py
[2024-11-21T17:46:08.722+0100] {logging_mixin.py:190} INFO - [2024-11-21T17:46:08.721+0100] {dag.py:3239} INFO - Sync 1 DAGs
[2024-11-21T17:46:08.736+0100] {logging_mixin.py:190} INFO - [2024-11-21T17:46:08.735+0100] {dag.py:4180} INFO - Setting next_dagrun for example_branch_labels to 2024-11-20 00:00:00+00:00, run_after=2024-11-21 00:00:00+00:00
[2024-11-21T17:46:08.751+0100] {processor.py:208} INFO - Processing /Users/jobandtalent/opt/anaconda3/envs/e2s-env/lib/python3.9/site-packages/airflow/example_dags/example_branch_labels.py took 0.230 seconds
[2024-11-21T17:51:19.920+0100] {processor.py:186} INFO - Started process (PID=5053) to work on /Users/jobandtalent/opt/anaconda3/envs/e2s-env/lib/python3.9/site-packages/airflow/example_dags/example_branch_labels.py
[2024-11-21T17:51:19.924+0100] {processor.py:914} INFO - Processing file /Users/jobandtalent/opt/anaconda3/envs/e2s-env/lib/python3.9/site-packages/airflow/example_dags/example_branch_labels.py for tasks to queue
[2024-11-21T17:51:19.925+0100] {logging_mixin.py:190} INFO - [2024-11-21T17:51:19.925+0100] {dagbag.py:588} INFO - Filling up the DagBag from /Users/jobandtalent/opt/anaconda3/envs/e2s-env/lib/python3.9/site-packages/airflow/example_dags/example_branch_labels.py
[2024-11-21T17:51:19.933+0100] {processor.py:925} INFO - DAG(s) 'example_branch_labels' retrieved from /Users/jobandtalent/opt/anaconda3/envs/e2s-env/lib/python3.9/site-packages/airflow/example_dags/example_branch_labels.py
[2024-11-21T17:51:19.999+0100] {logging_mixin.py:190} INFO - [2024-11-21T17:51:19.999+0100] {dag.py:3239} INFO - Sync 1 DAGs
[2024-11-21T17:51:20.012+0100] {logging_mixin.py:190} INFO - [2024-11-21T17:51:20.012+0100] {dag.py:4180} INFO - Setting next_dagrun for example_branch_labels to 2024-11-20 00:00:00+00:00, run_after=2024-11-21 00:00:00+00:00
[2024-11-21T17:51:20.023+0100] {processor.py:208} INFO - Processing /Users/jobandtalent/opt/anaconda3/envs/e2s-env/lib/python3.9/site-packages/airflow/example_dags/example_branch_labels.py took 0.111 seconds
[2024-11-21T17:56:01.011+0100] {processor.py:186} INFO - Started process (PID=5769) to work on /Users/jobandtalent/opt/anaconda3/envs/e2s-env/lib/python3.9/site-packages/airflow/example_dags/example_branch_labels.py
[2024-11-21T17:56:01.013+0100] {processor.py:914} INFO - Processing file /Users/jobandtalent/opt/anaconda3/envs/e2s-env/lib/python3.9/site-packages/airflow/example_dags/example_branch_labels.py for tasks to queue
[2024-11-21T17:56:01.013+0100] {logging_mixin.py:190} INFO - [2024-11-21T17:56:01.013+0100] {dagbag.py:588} INFO - Filling up the DagBag from /Users/jobandtalent/opt/anaconda3/envs/e2s-env/lib/python3.9/site-packages/airflow/example_dags/example_branch_labels.py
[2024-11-21T17:56:01.021+0100] {processor.py:925} INFO - DAG(s) 'example_branch_labels' retrieved from /Users/jobandtalent/opt/anaconda3/envs/e2s-env/lib/python3.9/site-packages/airflow/example_dags/example_branch_labels.py
[2024-11-21T17:56:01.079+0100] {logging_mixin.py:190} INFO - [2024-11-21T17:56:01.079+0100] {dag.py:3239} INFO - Sync 1 DAGs
[2024-11-21T17:56:01.089+0100] {logging_mixin.py:190} INFO - [2024-11-21T17:56:01.089+0100] {dag.py:4180} INFO - Setting next_dagrun for example_branch_labels to 2024-11-20 00:00:00+00:00, run_after=2024-11-21 00:00:00+00:00
[2024-11-21T17:56:01.101+0100] {processor.py:208} INFO - Processing /Users/jobandtalent/opt/anaconda3/envs/e2s-env/lib/python3.9/site-packages/airflow/example_dags/example_branch_labels.py took 0.101 seconds
[2024-11-21T18:00:50.798+0100] {processor.py:186} INFO - Started process (PID=6640) to work on /Users/jobandtalent/opt/anaconda3/envs/e2s-env/lib/python3.9/site-packages/airflow/example_dags/example_branch_labels.py
[2024-11-21T18:00:50.800+0100] {processor.py:914} INFO - Processing file /Users/jobandtalent/opt/anaconda3/envs/e2s-env/lib/python3.9/site-packages/airflow/example_dags/example_branch_labels.py for tasks to queue
[2024-11-21T18:00:50.800+0100] {logging_mixin.py:190} INFO - [2024-11-21T18:00:50.800+0100] {dagbag.py:588} INFO - Filling up the DagBag from /Users/jobandtalent/opt/anaconda3/envs/e2s-env/lib/python3.9/site-packages/airflow/example_dags/example_branch_labels.py
[2024-11-21T18:00:50.809+0100] {processor.py:925} INFO - DAG(s) 'example_branch_labels' retrieved from /Users/jobandtalent/opt/anaconda3/envs/e2s-env/lib/python3.9/site-packages/airflow/example_dags/example_branch_labels.py
[2024-11-21T18:00:50.871+0100] {logging_mixin.py:190} INFO - [2024-11-21T18:00:50.871+0100] {dag.py:3239} INFO - Sync 1 DAGs
[2024-11-21T18:00:50.882+0100] {logging_mixin.py:190} INFO - [2024-11-21T18:00:50.882+0100] {dag.py:4180} INFO - Setting next_dagrun for example_branch_labels to 2024-11-20 00:00:00+00:00, run_after=2024-11-21 00:00:00+00:00
[2024-11-21T18:00:50.897+0100] {processor.py:208} INFO - Processing /Users/jobandtalent/opt/anaconda3/envs/e2s-env/lib/python3.9/site-packages/airflow/example_dags/example_branch_labels.py took 0.109 seconds
