[2024-11-21T17:33:55.973+0100] {processor.py:186} INFO - Started process (PID=2039) to work on /Users/jobandtalent/opt/anaconda3/envs/e2s-env/lib/python3.9/site-packages/airflow/example_dags/tutorial_objectstorage.py
[2024-11-21T17:33:55.976+0100] {processor.py:914} INFO - Processing file /Users/jobandtalent/opt/anaconda3/envs/e2s-env/lib/python3.9/site-packages/airflow/example_dags/tutorial_objectstorage.py for tasks to queue
[2024-11-21T17:33:55.976+0100] {logging_mixin.py:190} INFO - [2024-11-21T17:33:55.976+0100] {dagbag.py:588} INFO - Filling up the DagBag from /Users/jobandtalent/opt/anaconda3/envs/e2s-env/lib/python3.9/site-packages/airflow/example_dags/tutorial_objectstorage.py
[2024-11-21T17:33:56.007+0100] {processor.py:925} INFO - DAG(s) 'tutorial_objectstorage' retrieved from /Users/jobandtalent/opt/anaconda3/envs/e2s-env/lib/python3.9/site-packages/airflow/example_dags/tutorial_objectstorage.py
[2024-11-21T17:33:56.136+0100] {logging_mixin.py:190} INFO - [2024-11-21T17:33:56.136+0100] {override.py:1911} INFO - Created Permission View: can edit on DAG:tutorial_objectstorage
[2024-11-21T17:33:56.141+0100] {logging_mixin.py:190} INFO - [2024-11-21T17:33:56.140+0100] {override.py:1911} INFO - Created Permission View: can delete on DAG:tutorial_objectstorage
[2024-11-21T17:33:56.144+0100] {logging_mixin.py:190} INFO - [2024-11-21T17:33:56.144+0100] {override.py:1911} INFO - Created Permission View: can read on DAG:tutorial_objectstorage
[2024-11-21T17:33:56.148+0100] {logging_mixin.py:190} INFO - [2024-11-21T17:33:56.148+0100] {override.py:1911} INFO - Created Permission View: can create on DAG Run:tutorial_objectstorage
[2024-11-21T17:33:56.151+0100] {logging_mixin.py:190} INFO - [2024-11-21T17:33:56.151+0100] {override.py:1911} INFO - Created Permission View: can delete on DAG Run:tutorial_objectstorage
[2024-11-21T17:33:56.154+0100] {logging_mixin.py:190} INFO - [2024-11-21T17:33:56.154+0100] {override.py:1911} INFO - Created Permission View: menu access on DAG Run:tutorial_objectstorage
[2024-11-21T17:33:56.157+0100] {logging_mixin.py:190} INFO - [2024-11-21T17:33:56.156+0100] {override.py:1911} INFO - Created Permission View: can read on DAG Run:tutorial_objectstorage
[2024-11-21T17:33:56.157+0100] {logging_mixin.py:190} INFO - [2024-11-21T17:33:56.157+0100] {dag.py:3239} INFO - Sync 1 DAGs
[2024-11-21T17:33:56.164+0100] {logging_mixin.py:190} INFO - [2024-11-21T17:33:56.164+0100] {dag.py:3262} INFO - Creating ORM DAG for tutorial_objectstorage
[2024-11-21T17:33:56.164+0100] {logging_mixin.py:190} INFO - [2024-11-21T17:33:56.164+0100] {dag.py:4180} INFO - Setting next_dagrun for tutorial_objectstorage to None, run_after=None
[2024-11-21T17:33:56.173+0100] {processor.py:208} INFO - Processing /Users/jobandtalent/opt/anaconda3/envs/e2s-env/lib/python3.9/site-packages/airflow/example_dags/tutorial_objectstorage.py took 0.207 seconds
[2024-11-21T17:36:51.745+0100] {processor.py:186} INFO - Started process (PID=2476) to work on /Users/jobandtalent/opt/anaconda3/envs/e2s-env/lib/python3.9/site-packages/airflow/example_dags/tutorial_objectstorage.py
[2024-11-21T17:36:51.747+0100] {processor.py:914} INFO - Processing file /Users/jobandtalent/opt/anaconda3/envs/e2s-env/lib/python3.9/site-packages/airflow/example_dags/tutorial_objectstorage.py for tasks to queue
[2024-11-21T17:36:51.748+0100] {logging_mixin.py:190} INFO - [2024-11-21T17:36:51.748+0100] {dagbag.py:588} INFO - Filling up the DagBag from /Users/jobandtalent/opt/anaconda3/envs/e2s-env/lib/python3.9/site-packages/airflow/example_dags/tutorial_objectstorage.py
[2024-11-21T17:36:51.778+0100] {processor.py:925} INFO - DAG(s) 'tutorial_objectstorage' retrieved from /Users/jobandtalent/opt/anaconda3/envs/e2s-env/lib/python3.9/site-packages/airflow/example_dags/tutorial_objectstorage.py
[2024-11-21T17:36:51.835+0100] {logging_mixin.py:190} INFO - [2024-11-21T17:36:51.834+0100] {dag.py:3239} INFO - Sync 1 DAGs
[2024-11-21T17:36:51.841+0100] {logging_mixin.py:190} INFO - [2024-11-21T17:36:51.841+0100] {dag.py:4180} INFO - Setting next_dagrun for tutorial_objectstorage to None, run_after=None
[2024-11-21T17:36:51.851+0100] {processor.py:208} INFO - Processing /Users/jobandtalent/opt/anaconda3/envs/e2s-env/lib/python3.9/site-packages/airflow/example_dags/tutorial_objectstorage.py took 0.114 seconds
[2024-11-21T17:39:13.129+0100] {processor.py:186} INFO - Started process (PID=2832) to work on /Users/jobandtalent/opt/anaconda3/envs/e2s-env/lib/python3.9/site-packages/airflow/example_dags/tutorial_objectstorage.py
[2024-11-21T17:39:13.131+0100] {processor.py:914} INFO - Processing file /Users/jobandtalent/opt/anaconda3/envs/e2s-env/lib/python3.9/site-packages/airflow/example_dags/tutorial_objectstorage.py for tasks to queue
[2024-11-21T17:39:13.132+0100] {logging_mixin.py:190} INFO - [2024-11-21T17:39:13.132+0100] {dagbag.py:588} INFO - Filling up the DagBag from /Users/jobandtalent/opt/anaconda3/envs/e2s-env/lib/python3.9/site-packages/airflow/example_dags/tutorial_objectstorage.py
[2024-11-21T17:39:13.164+0100] {processor.py:925} INFO - DAG(s) 'tutorial_objectstorage' retrieved from /Users/jobandtalent/opt/anaconda3/envs/e2s-env/lib/python3.9/site-packages/airflow/example_dags/tutorial_objectstorage.py
[2024-11-21T17:39:13.226+0100] {logging_mixin.py:190} INFO - [2024-11-21T17:39:13.225+0100] {dag.py:3239} INFO - Sync 1 DAGs
[2024-11-21T17:39:13.232+0100] {logging_mixin.py:190} INFO - [2024-11-21T17:39:13.232+0100] {dag.py:4180} INFO - Setting next_dagrun for tutorial_objectstorage to None, run_after=None
[2024-11-21T17:39:13.245+0100] {processor.py:208} INFO - Processing /Users/jobandtalent/opt/anaconda3/envs/e2s-env/lib/python3.9/site-packages/airflow/example_dags/tutorial_objectstorage.py took 0.125 seconds
[2024-11-21T17:41:35.541+0100] {processor.py:186} INFO - Started process (PID=3182) to work on /Users/jobandtalent/opt/anaconda3/envs/e2s-env/lib/python3.9/site-packages/airflow/example_dags/tutorial_objectstorage.py
[2024-11-21T17:41:35.542+0100] {processor.py:914} INFO - Processing file /Users/jobandtalent/opt/anaconda3/envs/e2s-env/lib/python3.9/site-packages/airflow/example_dags/tutorial_objectstorage.py for tasks to queue
[2024-11-21T17:41:35.543+0100] {logging_mixin.py:190} INFO - [2024-11-21T17:41:35.543+0100] {dagbag.py:588} INFO - Filling up the DagBag from /Users/jobandtalent/opt/anaconda3/envs/e2s-env/lib/python3.9/site-packages/airflow/example_dags/tutorial_objectstorage.py
[2024-11-21T17:41:35.577+0100] {processor.py:925} INFO - DAG(s) 'tutorial_objectstorage' retrieved from /Users/jobandtalent/opt/anaconda3/envs/e2s-env/lib/python3.9/site-packages/airflow/example_dags/tutorial_objectstorage.py
[2024-11-21T17:41:35.634+0100] {logging_mixin.py:190} INFO - [2024-11-21T17:41:35.634+0100] {dag.py:3239} INFO - Sync 1 DAGs
[2024-11-21T17:41:35.641+0100] {logging_mixin.py:190} INFO - [2024-11-21T17:41:35.640+0100] {dag.py:4180} INFO - Setting next_dagrun for tutorial_objectstorage to None, run_after=None
[2024-11-21T17:41:35.654+0100] {processor.py:208} INFO - Processing /Users/jobandtalent/opt/anaconda3/envs/e2s-env/lib/python3.9/site-packages/airflow/example_dags/tutorial_objectstorage.py took 0.124 seconds
[2024-11-21T17:44:03.077+0100] {processor.py:186} INFO - Started process (PID=3542) to work on /Users/jobandtalent/opt/anaconda3/envs/e2s-env/lib/python3.9/site-packages/airflow/example_dags/tutorial_objectstorage.py
[2024-11-21T17:44:03.078+0100] {processor.py:914} INFO - Processing file /Users/jobandtalent/opt/anaconda3/envs/e2s-env/lib/python3.9/site-packages/airflow/example_dags/tutorial_objectstorage.py for tasks to queue
[2024-11-21T17:44:03.079+0100] {logging_mixin.py:190} INFO - [2024-11-21T17:44:03.079+0100] {dagbag.py:588} INFO - Filling up the DagBag from /Users/jobandtalent/opt/anaconda3/envs/e2s-env/lib/python3.9/site-packages/airflow/example_dags/tutorial_objectstorage.py
[2024-11-21T17:44:03.112+0100] {processor.py:925} INFO - DAG(s) 'tutorial_objectstorage' retrieved from /Users/jobandtalent/opt/anaconda3/envs/e2s-env/lib/python3.9/site-packages/airflow/example_dags/tutorial_objectstorage.py
[2024-11-21T17:44:03.173+0100] {logging_mixin.py:190} INFO - [2024-11-21T17:44:03.173+0100] {dag.py:3239} INFO - Sync 1 DAGs
[2024-11-21T17:44:03.180+0100] {logging_mixin.py:190} INFO - [2024-11-21T17:44:03.179+0100] {dag.py:4180} INFO - Setting next_dagrun for tutorial_objectstorage to None, run_after=None
[2024-11-21T17:44:03.191+0100] {processor.py:208} INFO - Processing /Users/jobandtalent/opt/anaconda3/envs/e2s-env/lib/python3.9/site-packages/airflow/example_dags/tutorial_objectstorage.py took 0.128 seconds
[2024-11-21T17:46:51.419+0100] {processor.py:186} INFO - Started process (PID=4288) to work on /Users/jobandtalent/opt/anaconda3/envs/e2s-env/lib/python3.9/site-packages/airflow/example_dags/tutorial_objectstorage.py
[2024-11-21T17:46:51.421+0100] {processor.py:914} INFO - Processing file /Users/jobandtalent/opt/anaconda3/envs/e2s-env/lib/python3.9/site-packages/airflow/example_dags/tutorial_objectstorage.py for tasks to queue
[2024-11-21T17:46:51.422+0100] {logging_mixin.py:190} INFO - [2024-11-21T17:46:51.422+0100] {dagbag.py:588} INFO - Filling up the DagBag from /Users/jobandtalent/opt/anaconda3/envs/e2s-env/lib/python3.9/site-packages/airflow/example_dags/tutorial_objectstorage.py
[2024-11-21T17:46:51.455+0100] {processor.py:925} INFO - DAG(s) 'tutorial_objectstorage' retrieved from /Users/jobandtalent/opt/anaconda3/envs/e2s-env/lib/python3.9/site-packages/airflow/example_dags/tutorial_objectstorage.py
[2024-11-21T17:46:51.513+0100] {logging_mixin.py:190} INFO - [2024-11-21T17:46:51.513+0100] {dag.py:3239} INFO - Sync 1 DAGs
[2024-11-21T17:46:51.519+0100] {logging_mixin.py:190} INFO - [2024-11-21T17:46:51.519+0100] {dag.py:4180} INFO - Setting next_dagrun for tutorial_objectstorage to None, run_after=None
[2024-11-21T17:46:51.529+0100] {processor.py:208} INFO - Processing /Users/jobandtalent/opt/anaconda3/envs/e2s-env/lib/python3.9/site-packages/airflow/example_dags/tutorial_objectstorage.py took 0.120 seconds
[2024-11-21T17:49:27.818+0100] {processor.py:186} INFO - Started process (PID=4780) to work on /Users/jobandtalent/opt/anaconda3/envs/e2s-env/lib/python3.9/site-packages/airflow/example_dags/tutorial_objectstorage.py
[2024-11-21T17:49:27.820+0100] {processor.py:914} INFO - Processing file /Users/jobandtalent/opt/anaconda3/envs/e2s-env/lib/python3.9/site-packages/airflow/example_dags/tutorial_objectstorage.py for tasks to queue
[2024-11-21T17:49:27.822+0100] {logging_mixin.py:190} INFO - [2024-11-21T17:49:27.822+0100] {dagbag.py:588} INFO - Filling up the DagBag from /Users/jobandtalent/opt/anaconda3/envs/e2s-env/lib/python3.9/site-packages/airflow/example_dags/tutorial_objectstorage.py
[2024-11-21T17:49:27.858+0100] {processor.py:925} INFO - DAG(s) 'tutorial_objectstorage' retrieved from /Users/jobandtalent/opt/anaconda3/envs/e2s-env/lib/python3.9/site-packages/airflow/example_dags/tutorial_objectstorage.py
[2024-11-21T17:49:27.921+0100] {logging_mixin.py:190} INFO - [2024-11-21T17:49:27.920+0100] {dag.py:3239} INFO - Sync 1 DAGs
[2024-11-21T17:49:27.927+0100] {logging_mixin.py:190} INFO - [2024-11-21T17:49:27.927+0100] {dag.py:4180} INFO - Setting next_dagrun for tutorial_objectstorage to None, run_after=None
[2024-11-21T17:49:27.940+0100] {processor.py:208} INFO - Processing /Users/jobandtalent/opt/anaconda3/envs/e2s-env/lib/python3.9/site-packages/airflow/example_dags/tutorial_objectstorage.py took 0.125 seconds
[2024-11-21T17:51:59.069+0100] {processor.py:186} INFO - Started process (PID=5155) to work on /Users/jobandtalent/opt/anaconda3/envs/e2s-env/lib/python3.9/site-packages/airflow/example_dags/tutorial_objectstorage.py
[2024-11-21T17:51:59.070+0100] {processor.py:914} INFO - Processing file /Users/jobandtalent/opt/anaconda3/envs/e2s-env/lib/python3.9/site-packages/airflow/example_dags/tutorial_objectstorage.py for tasks to queue
[2024-11-21T17:51:59.071+0100] {logging_mixin.py:190} INFO - [2024-11-21T17:51:59.071+0100] {dagbag.py:588} INFO - Filling up the DagBag from /Users/jobandtalent/opt/anaconda3/envs/e2s-env/lib/python3.9/site-packages/airflow/example_dags/tutorial_objectstorage.py
[2024-11-21T17:51:59.104+0100] {processor.py:925} INFO - DAG(s) 'tutorial_objectstorage' retrieved from /Users/jobandtalent/opt/anaconda3/envs/e2s-env/lib/python3.9/site-packages/airflow/example_dags/tutorial_objectstorage.py
[2024-11-21T17:51:59.160+0100] {logging_mixin.py:190} INFO - [2024-11-21T17:51:59.160+0100] {dag.py:3239} INFO - Sync 1 DAGs
[2024-11-21T17:51:59.166+0100] {logging_mixin.py:190} INFO - [2024-11-21T17:51:59.166+0100] {dag.py:4180} INFO - Setting next_dagrun for tutorial_objectstorage to None, run_after=None
[2024-11-21T17:51:59.180+0100] {processor.py:208} INFO - Processing /Users/jobandtalent/opt/anaconda3/envs/e2s-env/lib/python3.9/site-packages/airflow/example_dags/tutorial_objectstorage.py took 0.126 seconds
[2024-11-21T17:54:20.974+0100] {processor.py:186} INFO - Started process (PID=5489) to work on /Users/jobandtalent/opt/anaconda3/envs/e2s-env/lib/python3.9/site-packages/airflow/example_dags/tutorial_objectstorage.py
[2024-11-21T17:54:20.976+0100] {processor.py:914} INFO - Processing file /Users/jobandtalent/opt/anaconda3/envs/e2s-env/lib/python3.9/site-packages/airflow/example_dags/tutorial_objectstorage.py for tasks to queue
[2024-11-21T17:54:20.977+0100] {logging_mixin.py:190} INFO - [2024-11-21T17:54:20.977+0100] {dagbag.py:588} INFO - Filling up the DagBag from /Users/jobandtalent/opt/anaconda3/envs/e2s-env/lib/python3.9/site-packages/airflow/example_dags/tutorial_objectstorage.py
[2024-11-21T17:54:21.013+0100] {processor.py:925} INFO - DAG(s) 'tutorial_objectstorage' retrieved from /Users/jobandtalent/opt/anaconda3/envs/e2s-env/lib/python3.9/site-packages/airflow/example_dags/tutorial_objectstorage.py
[2024-11-21T17:54:21.069+0100] {logging_mixin.py:190} INFO - [2024-11-21T17:54:21.069+0100] {dag.py:3239} INFO - Sync 1 DAGs
[2024-11-21T17:54:21.075+0100] {logging_mixin.py:190} INFO - [2024-11-21T17:54:21.075+0100] {dag.py:4180} INFO - Setting next_dagrun for tutorial_objectstorage to None, run_after=None
[2024-11-21T17:54:21.086+0100] {processor.py:208} INFO - Processing /Users/jobandtalent/opt/anaconda3/envs/e2s-env/lib/python3.9/site-packages/airflow/example_dags/tutorial_objectstorage.py took 0.123 seconds
[2024-11-21T17:56:41.225+0100] {processor.py:186} INFO - Started process (PID=5886) to work on /Users/jobandtalent/opt/anaconda3/envs/e2s-env/lib/python3.9/site-packages/airflow/example_dags/tutorial_objectstorage.py
[2024-11-21T17:56:41.228+0100] {processor.py:914} INFO - Processing file /Users/jobandtalent/opt/anaconda3/envs/e2s-env/lib/python3.9/site-packages/airflow/example_dags/tutorial_objectstorage.py for tasks to queue
[2024-11-21T17:56:41.229+0100] {logging_mixin.py:190} INFO - [2024-11-21T17:56:41.229+0100] {dagbag.py:588} INFO - Filling up the DagBag from /Users/jobandtalent/opt/anaconda3/envs/e2s-env/lib/python3.9/site-packages/airflow/example_dags/tutorial_objectstorage.py
[2024-11-21T17:56:41.314+0100] {processor.py:925} INFO - DAG(s) 'tutorial_objectstorage' retrieved from /Users/jobandtalent/opt/anaconda3/envs/e2s-env/lib/python3.9/site-packages/airflow/example_dags/tutorial_objectstorage.py
[2024-11-21T17:56:41.399+0100] {logging_mixin.py:190} INFO - [2024-11-21T17:56:41.398+0100] {dag.py:3239} INFO - Sync 1 DAGs
[2024-11-21T17:56:41.410+0100] {logging_mixin.py:190} INFO - [2024-11-21T17:56:41.410+0100] {dag.py:4180} INFO - Setting next_dagrun for tutorial_objectstorage to None, run_after=None
[2024-11-21T17:56:41.429+0100] {processor.py:208} INFO - Processing /Users/jobandtalent/opt/anaconda3/envs/e2s-env/lib/python3.9/site-packages/airflow/example_dags/tutorial_objectstorage.py took 0.215 seconds
