[2024-11-21T17:33:49.206+0100] {processor.py:186} INFO - Started process (PID=2025) to work on /Users/jobandtalent/opt/anaconda3/envs/e2s-env/lib/python3.9/site-packages/airflow/example_dags/tutorial_taskflow_api_virtualenv.py
[2024-11-21T17:33:49.209+0100] {processor.py:914} INFO - Processing file /Users/jobandtalent/opt/anaconda3/envs/e2s-env/lib/python3.9/site-packages/airflow/example_dags/tutorial_taskflow_api_virtualenv.py for tasks to queue
[2024-11-21T17:33:49.210+0100] {logging_mixin.py:190} INFO - [2024-11-21T17:33:49.210+0100] {dagbag.py:588} INFO - Filling up the DagBag from /Users/jobandtalent/opt/anaconda3/envs/e2s-env/lib/python3.9/site-packages/airflow/example_dags/tutorial_taskflow_api_virtualenv.py
[2024-11-21T17:33:49.241+0100] {logging_mixin.py:190} INFO - [2024-11-21T17:33:49.241+0100] {tutorial_taskflow_api_virtualenv.py:29} WARNING - The tutorial_taskflow_api_virtualenv example DAG requires virtualenv, please install it.
[2024-11-21T17:33:49.241+0100] {processor.py:927} WARNING - No viable dags retrieved from /Users/jobandtalent/opt/anaconda3/envs/e2s-env/lib/python3.9/site-packages/airflow/example_dags/tutorial_taskflow_api_virtualenv.py
[2024-11-21T17:33:49.295+0100] {processor.py:208} INFO - Processing /Users/jobandtalent/opt/anaconda3/envs/e2s-env/lib/python3.9/site-packages/airflow/example_dags/tutorial_taskflow_api_virtualenv.py took 0.096 seconds
[2024-11-21T17:36:46.190+0100] {processor.py:186} INFO - Started process (PID=2459) to work on /Users/jobandtalent/opt/anaconda3/envs/e2s-env/lib/python3.9/site-packages/airflow/example_dags/tutorial_taskflow_api_virtualenv.py
[2024-11-21T17:36:46.192+0100] {processor.py:914} INFO - Processing file /Users/jobandtalent/opt/anaconda3/envs/e2s-env/lib/python3.9/site-packages/airflow/example_dags/tutorial_taskflow_api_virtualenv.py for tasks to queue
[2024-11-21T17:36:46.193+0100] {logging_mixin.py:190} INFO - [2024-11-21T17:36:46.193+0100] {dagbag.py:588} INFO - Filling up the DagBag from /Users/jobandtalent/opt/anaconda3/envs/e2s-env/lib/python3.9/site-packages/airflow/example_dags/tutorial_taskflow_api_virtualenv.py
[2024-11-21T17:36:46.219+0100] {logging_mixin.py:190} INFO - [2024-11-21T17:36:46.219+0100] {tutorial_taskflow_api_virtualenv.py:29} WARNING - The tutorial_taskflow_api_virtualenv example DAG requires virtualenv, please install it.
[2024-11-21T17:36:46.219+0100] {processor.py:927} WARNING - No viable dags retrieved from /Users/jobandtalent/opt/anaconda3/envs/e2s-env/lib/python3.9/site-packages/airflow/example_dags/tutorial_taskflow_api_virtualenv.py
[2024-11-21T17:36:46.267+0100] {processor.py:208} INFO - Processing /Users/jobandtalent/opt/anaconda3/envs/e2s-env/lib/python3.9/site-packages/airflow/example_dags/tutorial_taskflow_api_virtualenv.py took 0.084 seconds
[2024-11-21T17:39:07.255+0100] {processor.py:186} INFO - Started process (PID=2812) to work on /Users/jobandtalent/opt/anaconda3/envs/e2s-env/lib/python3.9/site-packages/airflow/example_dags/tutorial_taskflow_api_virtualenv.py
[2024-11-21T17:39:07.256+0100] {processor.py:914} INFO - Processing file /Users/jobandtalent/opt/anaconda3/envs/e2s-env/lib/python3.9/site-packages/airflow/example_dags/tutorial_taskflow_api_virtualenv.py for tasks to queue
[2024-11-21T17:39:07.257+0100] {logging_mixin.py:190} INFO - [2024-11-21T17:39:07.257+0100] {dagbag.py:588} INFO - Filling up the DagBag from /Users/jobandtalent/opt/anaconda3/envs/e2s-env/lib/python3.9/site-packages/airflow/example_dags/tutorial_taskflow_api_virtualenv.py
[2024-11-21T17:39:07.290+0100] {logging_mixin.py:190} INFO - [2024-11-21T17:39:07.289+0100] {tutorial_taskflow_api_virtualenv.py:29} WARNING - The tutorial_taskflow_api_virtualenv example DAG requires virtualenv, please install it.
[2024-11-21T17:39:07.290+0100] {processor.py:927} WARNING - No viable dags retrieved from /Users/jobandtalent/opt/anaconda3/envs/e2s-env/lib/python3.9/site-packages/airflow/example_dags/tutorial_taskflow_api_virtualenv.py
[2024-11-21T17:39:07.343+0100] {processor.py:208} INFO - Processing /Users/jobandtalent/opt/anaconda3/envs/e2s-env/lib/python3.9/site-packages/airflow/example_dags/tutorial_taskflow_api_virtualenv.py took 0.099 seconds
[2024-11-21T17:41:29.978+0100] {processor.py:186} INFO - Started process (PID=3163) to work on /Users/jobandtalent/opt/anaconda3/envs/e2s-env/lib/python3.9/site-packages/airflow/example_dags/tutorial_taskflow_api_virtualenv.py
[2024-11-21T17:41:29.980+0100] {processor.py:914} INFO - Processing file /Users/jobandtalent/opt/anaconda3/envs/e2s-env/lib/python3.9/site-packages/airflow/example_dags/tutorial_taskflow_api_virtualenv.py for tasks to queue
[2024-11-21T17:41:29.980+0100] {logging_mixin.py:190} INFO - [2024-11-21T17:41:29.980+0100] {dagbag.py:588} INFO - Filling up the DagBag from /Users/jobandtalent/opt/anaconda3/envs/e2s-env/lib/python3.9/site-packages/airflow/example_dags/tutorial_taskflow_api_virtualenv.py
[2024-11-21T17:41:30.008+0100] {logging_mixin.py:190} INFO - [2024-11-21T17:41:30.008+0100] {tutorial_taskflow_api_virtualenv.py:29} WARNING - The tutorial_taskflow_api_virtualenv example DAG requires virtualenv, please install it.
[2024-11-21T17:41:30.008+0100] {processor.py:927} WARNING - No viable dags retrieved from /Users/jobandtalent/opt/anaconda3/envs/e2s-env/lib/python3.9/site-packages/airflow/example_dags/tutorial_taskflow_api_virtualenv.py
[2024-11-21T17:41:30.063+0100] {processor.py:208} INFO - Processing /Users/jobandtalent/opt/anaconda3/envs/e2s-env/lib/python3.9/site-packages/airflow/example_dags/tutorial_taskflow_api_virtualenv.py took 0.097 seconds
[2024-11-21T17:43:56.859+0100] {processor.py:186} INFO - Started process (PID=3524) to work on /Users/jobandtalent/opt/anaconda3/envs/e2s-env/lib/python3.9/site-packages/airflow/example_dags/tutorial_taskflow_api_virtualenv.py
[2024-11-21T17:43:56.861+0100] {processor.py:914} INFO - Processing file /Users/jobandtalent/opt/anaconda3/envs/e2s-env/lib/python3.9/site-packages/airflow/example_dags/tutorial_taskflow_api_virtualenv.py for tasks to queue
[2024-11-21T17:43:56.862+0100] {logging_mixin.py:190} INFO - [2024-11-21T17:43:56.862+0100] {dagbag.py:588} INFO - Filling up the DagBag from /Users/jobandtalent/opt/anaconda3/envs/e2s-env/lib/python3.9/site-packages/airflow/example_dags/tutorial_taskflow_api_virtualenv.py
[2024-11-21T17:43:56.894+0100] {logging_mixin.py:190} INFO - [2024-11-21T17:43:56.894+0100] {tutorial_taskflow_api_virtualenv.py:29} WARNING - The tutorial_taskflow_api_virtualenv example DAG requires virtualenv, please install it.
[2024-11-21T17:43:56.894+0100] {processor.py:927} WARNING - No viable dags retrieved from /Users/jobandtalent/opt/anaconda3/envs/e2s-env/lib/python3.9/site-packages/airflow/example_dags/tutorial_taskflow_api_virtualenv.py
[2024-11-21T17:43:56.950+0100] {processor.py:208} INFO - Processing /Users/jobandtalent/opt/anaconda3/envs/e2s-env/lib/python3.9/site-packages/airflow/example_dags/tutorial_taskflow_api_virtualenv.py took 0.102 seconds
[2024-11-21T17:46:45.717+0100] {processor.py:186} INFO - Started process (PID=4269) to work on /Users/jobandtalent/opt/anaconda3/envs/e2s-env/lib/python3.9/site-packages/airflow/example_dags/tutorial_taskflow_api_virtualenv.py
[2024-11-21T17:46:45.720+0100] {processor.py:914} INFO - Processing file /Users/jobandtalent/opt/anaconda3/envs/e2s-env/lib/python3.9/site-packages/airflow/example_dags/tutorial_taskflow_api_virtualenv.py for tasks to queue
[2024-11-21T17:46:45.721+0100] {logging_mixin.py:190} INFO - [2024-11-21T17:46:45.720+0100] {dagbag.py:588} INFO - Filling up the DagBag from /Users/jobandtalent/opt/anaconda3/envs/e2s-env/lib/python3.9/site-packages/airflow/example_dags/tutorial_taskflow_api_virtualenv.py
[2024-11-21T17:46:45.747+0100] {logging_mixin.py:190} INFO - [2024-11-21T17:46:45.747+0100] {tutorial_taskflow_api_virtualenv.py:29} WARNING - The tutorial_taskflow_api_virtualenv example DAG requires virtualenv, please install it.
[2024-11-21T17:46:45.747+0100] {processor.py:927} WARNING - No viable dags retrieved from /Users/jobandtalent/opt/anaconda3/envs/e2s-env/lib/python3.9/site-packages/airflow/example_dags/tutorial_taskflow_api_virtualenv.py
[2024-11-21T17:46:45.799+0100] {processor.py:208} INFO - Processing /Users/jobandtalent/opt/anaconda3/envs/e2s-env/lib/python3.9/site-packages/airflow/example_dags/tutorial_taskflow_api_virtualenv.py took 0.092 seconds
[2024-11-21T17:49:21.985+0100] {processor.py:186} INFO - Started process (PID=4762) to work on /Users/jobandtalent/opt/anaconda3/envs/e2s-env/lib/python3.9/site-packages/airflow/example_dags/tutorial_taskflow_api_virtualenv.py
[2024-11-21T17:49:21.987+0100] {processor.py:914} INFO - Processing file /Users/jobandtalent/opt/anaconda3/envs/e2s-env/lib/python3.9/site-packages/airflow/example_dags/tutorial_taskflow_api_virtualenv.py for tasks to queue
[2024-11-21T17:49:21.988+0100] {logging_mixin.py:190} INFO - [2024-11-21T17:49:21.988+0100] {dagbag.py:588} INFO - Filling up the DagBag from /Users/jobandtalent/opt/anaconda3/envs/e2s-env/lib/python3.9/site-packages/airflow/example_dags/tutorial_taskflow_api_virtualenv.py
[2024-11-21T17:49:22.014+0100] {logging_mixin.py:190} INFO - [2024-11-21T17:49:22.013+0100] {tutorial_taskflow_api_virtualenv.py:29} WARNING - The tutorial_taskflow_api_virtualenv example DAG requires virtualenv, please install it.
[2024-11-21T17:49:22.014+0100] {processor.py:927} WARNING - No viable dags retrieved from /Users/jobandtalent/opt/anaconda3/envs/e2s-env/lib/python3.9/site-packages/airflow/example_dags/tutorial_taskflow_api_virtualenv.py
[2024-11-21T17:49:22.062+0100] {processor.py:208} INFO - Processing /Users/jobandtalent/opt/anaconda3/envs/e2s-env/lib/python3.9/site-packages/airflow/example_dags/tutorial_taskflow_api_virtualenv.py took 0.086 seconds
[2024-11-21T17:51:52.528+0100] {processor.py:186} INFO - Started process (PID=5137) to work on /Users/jobandtalent/opt/anaconda3/envs/e2s-env/lib/python3.9/site-packages/airflow/example_dags/tutorial_taskflow_api_virtualenv.py
[2024-11-21T17:51:52.529+0100] {processor.py:914} INFO - Processing file /Users/jobandtalent/opt/anaconda3/envs/e2s-env/lib/python3.9/site-packages/airflow/example_dags/tutorial_taskflow_api_virtualenv.py for tasks to queue
[2024-11-21T17:51:52.530+0100] {logging_mixin.py:190} INFO - [2024-11-21T17:51:52.530+0100] {dagbag.py:588} INFO - Filling up the DagBag from /Users/jobandtalent/opt/anaconda3/envs/e2s-env/lib/python3.9/site-packages/airflow/example_dags/tutorial_taskflow_api_virtualenv.py
[2024-11-21T17:51:52.561+0100] {logging_mixin.py:190} INFO - [2024-11-21T17:51:52.561+0100] {tutorial_taskflow_api_virtualenv.py:29} WARNING - The tutorial_taskflow_api_virtualenv example DAG requires virtualenv, please install it.
[2024-11-21T17:51:52.561+0100] {processor.py:927} WARNING - No viable dags retrieved from /Users/jobandtalent/opt/anaconda3/envs/e2s-env/lib/python3.9/site-packages/airflow/example_dags/tutorial_taskflow_api_virtualenv.py
[2024-11-21T17:51:52.614+0100] {processor.py:208} INFO - Processing /Users/jobandtalent/opt/anaconda3/envs/e2s-env/lib/python3.9/site-packages/airflow/example_dags/tutorial_taskflow_api_virtualenv.py took 0.098 seconds
[2024-11-21T17:54:15.706+0100] {processor.py:186} INFO - Started process (PID=5473) to work on /Users/jobandtalent/opt/anaconda3/envs/e2s-env/lib/python3.9/site-packages/airflow/example_dags/tutorial_taskflow_api_virtualenv.py
[2024-11-21T17:54:15.708+0100] {processor.py:914} INFO - Processing file /Users/jobandtalent/opt/anaconda3/envs/e2s-env/lib/python3.9/site-packages/airflow/example_dags/tutorial_taskflow_api_virtualenv.py for tasks to queue
[2024-11-21T17:54:15.709+0100] {logging_mixin.py:190} INFO - [2024-11-21T17:54:15.709+0100] {dagbag.py:588} INFO - Filling up the DagBag from /Users/jobandtalent/opt/anaconda3/envs/e2s-env/lib/python3.9/site-packages/airflow/example_dags/tutorial_taskflow_api_virtualenv.py
[2024-11-21T17:54:15.736+0100] {logging_mixin.py:190} INFO - [2024-11-21T17:54:15.736+0100] {tutorial_taskflow_api_virtualenv.py:29} WARNING - The tutorial_taskflow_api_virtualenv example DAG requires virtualenv, please install it.
[2024-11-21T17:54:15.736+0100] {processor.py:927} WARNING - No viable dags retrieved from /Users/jobandtalent/opt/anaconda3/envs/e2s-env/lib/python3.9/site-packages/airflow/example_dags/tutorial_taskflow_api_virtualenv.py
[2024-11-21T17:54:15.789+0100] {processor.py:208} INFO - Processing /Users/jobandtalent/opt/anaconda3/envs/e2s-env/lib/python3.9/site-packages/airflow/example_dags/tutorial_taskflow_api_virtualenv.py took 0.097 seconds
[2024-11-21T17:56:35.226+0100] {processor.py:186} INFO - Started process (PID=5872) to work on /Users/jobandtalent/opt/anaconda3/envs/e2s-env/lib/python3.9/site-packages/airflow/example_dags/tutorial_taskflow_api_virtualenv.py
[2024-11-21T17:56:35.228+0100] {processor.py:914} INFO - Processing file /Users/jobandtalent/opt/anaconda3/envs/e2s-env/lib/python3.9/site-packages/airflow/example_dags/tutorial_taskflow_api_virtualenv.py for tasks to queue
[2024-11-21T17:56:35.228+0100] {logging_mixin.py:190} INFO - [2024-11-21T17:56:35.228+0100] {dagbag.py:588} INFO - Filling up the DagBag from /Users/jobandtalent/opt/anaconda3/envs/e2s-env/lib/python3.9/site-packages/airflow/example_dags/tutorial_taskflow_api_virtualenv.py
[2024-11-21T17:56:35.258+0100] {logging_mixin.py:190} INFO - [2024-11-21T17:56:35.257+0100] {tutorial_taskflow_api_virtualenv.py:29} WARNING - The tutorial_taskflow_api_virtualenv example DAG requires virtualenv, please install it.
[2024-11-21T17:56:35.258+0100] {processor.py:927} WARNING - No viable dags retrieved from /Users/jobandtalent/opt/anaconda3/envs/e2s-env/lib/python3.9/site-packages/airflow/example_dags/tutorial_taskflow_api_virtualenv.py
[2024-11-21T17:56:35.308+0100] {processor.py:208} INFO - Processing /Users/jobandtalent/opt/anaconda3/envs/e2s-env/lib/python3.9/site-packages/airflow/example_dags/tutorial_taskflow_api_virtualenv.py took 0.092 seconds
[2024-11-21T17:58:59.043+0100] {processor.py:186} INFO - Started process (PID=6354) to work on /Users/jobandtalent/opt/anaconda3/envs/e2s-env/lib/python3.9/site-packages/airflow/example_dags/tutorial_taskflow_api_virtualenv.py
[2024-11-21T17:58:59.046+0100] {processor.py:914} INFO - Processing file /Users/jobandtalent/opt/anaconda3/envs/e2s-env/lib/python3.9/site-packages/airflow/example_dags/tutorial_taskflow_api_virtualenv.py for tasks to queue
[2024-11-21T17:58:59.047+0100] {logging_mixin.py:190} INFO - [2024-11-21T17:58:59.047+0100] {dagbag.py:588} INFO - Filling up the DagBag from /Users/jobandtalent/opt/anaconda3/envs/e2s-env/lib/python3.9/site-packages/airflow/example_dags/tutorial_taskflow_api_virtualenv.py
[2024-11-21T17:58:59.074+0100] {logging_mixin.py:190} INFO - [2024-11-21T17:58:59.074+0100] {tutorial_taskflow_api_virtualenv.py:29} WARNING - The tutorial_taskflow_api_virtualenv example DAG requires virtualenv, please install it.
[2024-11-21T17:58:59.074+0100] {processor.py:927} WARNING - No viable dags retrieved from /Users/jobandtalent/opt/anaconda3/envs/e2s-env/lib/python3.9/site-packages/airflow/example_dags/tutorial_taskflow_api_virtualenv.py
[2024-11-21T17:58:59.123+0100] {processor.py:208} INFO - Processing /Users/jobandtalent/opt/anaconda3/envs/e2s-env/lib/python3.9/site-packages/airflow/example_dags/tutorial_taskflow_api_virtualenv.py took 0.092 seconds
[2024-11-21T18:01:24.645+0100] {processor.py:186} INFO - Started process (PID=6731) to work on /Users/jobandtalent/opt/anaconda3/envs/e2s-env/lib/python3.9/site-packages/airflow/example_dags/tutorial_taskflow_api_virtualenv.py
[2024-11-21T18:01:24.648+0100] {processor.py:914} INFO - Processing file /Users/jobandtalent/opt/anaconda3/envs/e2s-env/lib/python3.9/site-packages/airflow/example_dags/tutorial_taskflow_api_virtualenv.py for tasks to queue
[2024-11-21T18:01:24.648+0100] {logging_mixin.py:190} INFO - [2024-11-21T18:01:24.648+0100] {dagbag.py:588} INFO - Filling up the DagBag from /Users/jobandtalent/opt/anaconda3/envs/e2s-env/lib/python3.9/site-packages/airflow/example_dags/tutorial_taskflow_api_virtualenv.py
[2024-11-21T18:01:24.675+0100] {logging_mixin.py:190} INFO - [2024-11-21T18:01:24.675+0100] {tutorial_taskflow_api_virtualenv.py:29} WARNING - The tutorial_taskflow_api_virtualenv example DAG requires virtualenv, please install it.
[2024-11-21T18:01:24.675+0100] {processor.py:927} WARNING - No viable dags retrieved from /Users/jobandtalent/opt/anaconda3/envs/e2s-env/lib/python3.9/site-packages/airflow/example_dags/tutorial_taskflow_api_virtualenv.py
[2024-11-21T18:01:24.724+0100] {processor.py:208} INFO - Processing /Users/jobandtalent/opt/anaconda3/envs/e2s-env/lib/python3.9/site-packages/airflow/example_dags/tutorial_taskflow_api_virtualenv.py took 0.087 seconds
[2024-11-21T18:03:47.825+0100] {processor.py:186} INFO - Started process (PID=7097) to work on /Users/jobandtalent/opt/anaconda3/envs/e2s-env/lib/python3.9/site-packages/airflow/example_dags/tutorial_taskflow_api_virtualenv.py
[2024-11-21T18:03:47.828+0100] {processor.py:914} INFO - Processing file /Users/jobandtalent/opt/anaconda3/envs/e2s-env/lib/python3.9/site-packages/airflow/example_dags/tutorial_taskflow_api_virtualenv.py for tasks to queue
[2024-11-21T18:03:47.829+0100] {logging_mixin.py:190} INFO - [2024-11-21T18:03:47.829+0100] {dagbag.py:588} INFO - Filling up the DagBag from /Users/jobandtalent/opt/anaconda3/envs/e2s-env/lib/python3.9/site-packages/airflow/example_dags/tutorial_taskflow_api_virtualenv.py
[2024-11-21T18:03:47.880+0100] {logging_mixin.py:190} INFO - [2024-11-21T18:03:47.880+0100] {tutorial_taskflow_api_virtualenv.py:29} WARNING - The tutorial_taskflow_api_virtualenv example DAG requires virtualenv, please install it.
[2024-11-21T18:03:47.880+0100] {processor.py:927} WARNING - No viable dags retrieved from /Users/jobandtalent/opt/anaconda3/envs/e2s-env/lib/python3.9/site-packages/airflow/example_dags/tutorial_taskflow_api_virtualenv.py
[2024-11-21T18:03:47.936+0100] {processor.py:208} INFO - Processing /Users/jobandtalent/opt/anaconda3/envs/e2s-env/lib/python3.9/site-packages/airflow/example_dags/tutorial_taskflow_api_virtualenv.py took 0.120 seconds
