[2024-11-21T17:34:01.379+0100] {processor.py:186} INFO - Started process (PID=2056) to work on /Users/jobandtalent/opt/anaconda3/envs/e2s-env/lib/python3.9/site-packages/airflow/example_dags/tutorial.py
[2024-11-21T17:34:01.381+0100] {processor.py:914} INFO - Processing file /Users/jobandtalent/opt/anaconda3/envs/e2s-env/lib/python3.9/site-packages/airflow/example_dags/tutorial.py for tasks to queue
[2024-11-21T17:34:01.382+0100] {logging_mixin.py:190} INFO - [2024-11-21T17:34:01.382+0100] {dagbag.py:588} INFO - Filling up the DagBag from /Users/jobandtalent/opt/anaconda3/envs/e2s-env/lib/python3.9/site-packages/airflow/example_dags/tutorial.py
[2024-11-21T17:34:01.391+0100] {processor.py:925} INFO - DAG(s) 'tutorial' retrieved from /Users/jobandtalent/opt/anaconda3/envs/e2s-env/lib/python3.9/site-packages/airflow/example_dags/tutorial.py
[2024-11-21T17:34:01.532+0100] {logging_mixin.py:190} INFO - [2024-11-21T17:34:01.531+0100] {override.py:1911} INFO - Created Permission View: can edit on DAG:tutorial
[2024-11-21T17:34:01.537+0100] {logging_mixin.py:190} INFO - [2024-11-21T17:34:01.537+0100] {override.py:1911} INFO - Created Permission View: can read on DAG:tutorial
[2024-11-21T17:34:01.541+0100] {logging_mixin.py:190} INFO - [2024-11-21T17:34:01.540+0100] {override.py:1911} INFO - Created Permission View: can delete on DAG:tutorial
[2024-11-21T17:34:01.545+0100] {logging_mixin.py:190} INFO - [2024-11-21T17:34:01.545+0100] {override.py:1911} INFO - Created Permission View: menu access on DAG Run:tutorial
[2024-11-21T17:34:01.549+0100] {logging_mixin.py:190} INFO - [2024-11-21T17:34:01.548+0100] {override.py:1911} INFO - Created Permission View: can create on DAG Run:tutorial
[2024-11-21T17:34:01.552+0100] {logging_mixin.py:190} INFO - [2024-11-21T17:34:01.552+0100] {override.py:1911} INFO - Created Permission View: can read on DAG Run:tutorial
[2024-11-21T17:34:01.556+0100] {logging_mixin.py:190} INFO - [2024-11-21T17:34:01.556+0100] {override.py:1911} INFO - Created Permission View: can delete on DAG Run:tutorial
[2024-11-21T17:34:01.556+0100] {logging_mixin.py:190} INFO - [2024-11-21T17:34:01.556+0100] {dag.py:3239} INFO - Sync 1 DAGs
[2024-11-21T17:34:01.563+0100] {logging_mixin.py:190} INFO - [2024-11-21T17:34:01.563+0100] {dag.py:3262} INFO - Creating ORM DAG for tutorial
[2024-11-21T17:34:01.568+0100] {logging_mixin.py:190} INFO - [2024-11-21T17:34:01.568+0100] {dag.py:4180} INFO - Setting next_dagrun for tutorial to 2024-11-20 00:00:00+00:00, run_after=2024-11-21 00:00:00+00:00
[2024-11-21T17:34:01.580+0100] {processor.py:208} INFO - Processing /Users/jobandtalent/opt/anaconda3/envs/e2s-env/lib/python3.9/site-packages/airflow/example_dags/tutorial.py took 0.204 seconds
[2024-11-21T17:36:57.429+0100] {processor.py:186} INFO - Started process (PID=2495) to work on /Users/jobandtalent/opt/anaconda3/envs/e2s-env/lib/python3.9/site-packages/airflow/example_dags/tutorial.py
[2024-11-21T17:36:57.430+0100] {processor.py:914} INFO - Processing file /Users/jobandtalent/opt/anaconda3/envs/e2s-env/lib/python3.9/site-packages/airflow/example_dags/tutorial.py for tasks to queue
[2024-11-21T17:36:57.431+0100] {logging_mixin.py:190} INFO - [2024-11-21T17:36:57.431+0100] {dagbag.py:588} INFO - Filling up the DagBag from /Users/jobandtalent/opt/anaconda3/envs/e2s-env/lib/python3.9/site-packages/airflow/example_dags/tutorial.py
[2024-11-21T17:36:57.438+0100] {processor.py:925} INFO - DAG(s) 'tutorial' retrieved from /Users/jobandtalent/opt/anaconda3/envs/e2s-env/lib/python3.9/site-packages/airflow/example_dags/tutorial.py
[2024-11-21T17:36:57.497+0100] {logging_mixin.py:190} INFO - [2024-11-21T17:36:57.497+0100] {dag.py:3239} INFO - Sync 1 DAGs
[2024-11-21T17:36:57.508+0100] {logging_mixin.py:190} INFO - [2024-11-21T17:36:57.508+0100] {dag.py:4180} INFO - Setting next_dagrun for tutorial to 2024-11-20 00:00:00+00:00, run_after=2024-11-21 00:00:00+00:00
[2024-11-21T17:36:57.518+0100] {processor.py:208} INFO - Processing /Users/jobandtalent/opt/anaconda3/envs/e2s-env/lib/python3.9/site-packages/airflow/example_dags/tutorial.py took 0.100 seconds
[2024-11-21T17:39:18.950+0100] {processor.py:186} INFO - Started process (PID=2850) to work on /Users/jobandtalent/opt/anaconda3/envs/e2s-env/lib/python3.9/site-packages/airflow/example_dags/tutorial.py
[2024-11-21T17:39:18.952+0100] {processor.py:914} INFO - Processing file /Users/jobandtalent/opt/anaconda3/envs/e2s-env/lib/python3.9/site-packages/airflow/example_dags/tutorial.py for tasks to queue
[2024-11-21T17:39:18.953+0100] {logging_mixin.py:190} INFO - [2024-11-21T17:39:18.952+0100] {dagbag.py:588} INFO - Filling up the DagBag from /Users/jobandtalent/opt/anaconda3/envs/e2s-env/lib/python3.9/site-packages/airflow/example_dags/tutorial.py
[2024-11-21T17:39:18.960+0100] {processor.py:925} INFO - DAG(s) 'tutorial' retrieved from /Users/jobandtalent/opt/anaconda3/envs/e2s-env/lib/python3.9/site-packages/airflow/example_dags/tutorial.py
[2024-11-21T17:39:19.024+0100] {logging_mixin.py:190} INFO - [2024-11-21T17:39:19.024+0100] {dag.py:3239} INFO - Sync 1 DAGs
[2024-11-21T17:39:19.036+0100] {logging_mixin.py:190} INFO - [2024-11-21T17:39:19.036+0100] {dag.py:4180} INFO - Setting next_dagrun for tutorial to 2024-11-20 00:00:00+00:00, run_after=2024-11-21 00:00:00+00:00
[2024-11-21T17:39:19.049+0100] {processor.py:208} INFO - Processing /Users/jobandtalent/opt/anaconda3/envs/e2s-env/lib/python3.9/site-packages/airflow/example_dags/tutorial.py took 0.112 seconds
[2024-11-21T17:41:41.309+0100] {processor.py:186} INFO - Started process (PID=3201) to work on /Users/jobandtalent/opt/anaconda3/envs/e2s-env/lib/python3.9/site-packages/airflow/example_dags/tutorial.py
[2024-11-21T17:41:41.311+0100] {processor.py:914} INFO - Processing file /Users/jobandtalent/opt/anaconda3/envs/e2s-env/lib/python3.9/site-packages/airflow/example_dags/tutorial.py for tasks to queue
[2024-11-21T17:41:41.312+0100] {logging_mixin.py:190} INFO - [2024-11-21T17:41:41.312+0100] {dagbag.py:588} INFO - Filling up the DagBag from /Users/jobandtalent/opt/anaconda3/envs/e2s-env/lib/python3.9/site-packages/airflow/example_dags/tutorial.py
[2024-11-21T17:41:41.319+0100] {processor.py:925} INFO - DAG(s) 'tutorial' retrieved from /Users/jobandtalent/opt/anaconda3/envs/e2s-env/lib/python3.9/site-packages/airflow/example_dags/tutorial.py
[2024-11-21T17:41:41.383+0100] {logging_mixin.py:190} INFO - [2024-11-21T17:41:41.383+0100] {dag.py:3239} INFO - Sync 1 DAGs
[2024-11-21T17:41:41.395+0100] {logging_mixin.py:190} INFO - [2024-11-21T17:41:41.394+0100] {dag.py:4180} INFO - Setting next_dagrun for tutorial to 2024-11-20 00:00:00+00:00, run_after=2024-11-21 00:00:00+00:00
[2024-11-21T17:41:41.407+0100] {processor.py:208} INFO - Processing /Users/jobandtalent/opt/anaconda3/envs/e2s-env/lib/python3.9/site-packages/airflow/example_dags/tutorial.py took 0.105 seconds
[2024-11-21T17:44:08.880+0100] {processor.py:186} INFO - Started process (PID=3550) to work on /Users/jobandtalent/opt/anaconda3/envs/e2s-env/lib/python3.9/site-packages/airflow/example_dags/tutorial.py
[2024-11-21T17:44:08.882+0100] {processor.py:914} INFO - Processing file /Users/jobandtalent/opt/anaconda3/envs/e2s-env/lib/python3.9/site-packages/airflow/example_dags/tutorial.py for tasks to queue
[2024-11-21T17:44:08.882+0100] {logging_mixin.py:190} INFO - [2024-11-21T17:44:08.882+0100] {dagbag.py:588} INFO - Filling up the DagBag from /Users/jobandtalent/opt/anaconda3/envs/e2s-env/lib/python3.9/site-packages/airflow/example_dags/tutorial.py
[2024-11-21T17:44:08.889+0100] {processor.py:925} INFO - DAG(s) 'tutorial' retrieved from /Users/jobandtalent/opt/anaconda3/envs/e2s-env/lib/python3.9/site-packages/airflow/example_dags/tutorial.py
[2024-11-21T17:44:08.951+0100] {logging_mixin.py:190} INFO - [2024-11-21T17:44:08.950+0100] {dag.py:3239} INFO - Sync 1 DAGs
[2024-11-21T17:44:08.962+0100] {logging_mixin.py:190} INFO - [2024-11-21T17:44:08.962+0100] {dag.py:4180} INFO - Setting next_dagrun for tutorial to 2024-11-20 00:00:00+00:00, run_after=2024-11-21 00:00:00+00:00
[2024-11-21T17:44:08.973+0100] {processor.py:208} INFO - Processing /Users/jobandtalent/opt/anaconda3/envs/e2s-env/lib/python3.9/site-packages/airflow/example_dags/tutorial.py took 0.103 seconds
[2024-11-21T17:46:57.173+0100] {processor.py:186} INFO - Started process (PID=4307) to work on /Users/jobandtalent/opt/anaconda3/envs/e2s-env/lib/python3.9/site-packages/airflow/example_dags/tutorial.py
[2024-11-21T17:46:57.175+0100] {processor.py:914} INFO - Processing file /Users/jobandtalent/opt/anaconda3/envs/e2s-env/lib/python3.9/site-packages/airflow/example_dags/tutorial.py for tasks to queue
[2024-11-21T17:46:57.176+0100] {logging_mixin.py:190} INFO - [2024-11-21T17:46:57.176+0100] {dagbag.py:588} INFO - Filling up the DagBag from /Users/jobandtalent/opt/anaconda3/envs/e2s-env/lib/python3.9/site-packages/airflow/example_dags/tutorial.py
[2024-11-21T17:46:57.183+0100] {processor.py:925} INFO - DAG(s) 'tutorial' retrieved from /Users/jobandtalent/opt/anaconda3/envs/e2s-env/lib/python3.9/site-packages/airflow/example_dags/tutorial.py
[2024-11-21T17:46:57.243+0100] {logging_mixin.py:190} INFO - [2024-11-21T17:46:57.242+0100] {dag.py:3239} INFO - Sync 1 DAGs
[2024-11-21T17:46:57.260+0100] {logging_mixin.py:190} INFO - [2024-11-21T17:46:57.260+0100] {dag.py:4180} INFO - Setting next_dagrun for tutorial to 2024-11-20 00:00:00+00:00, run_after=2024-11-21 00:00:00+00:00
[2024-11-21T17:46:57.290+0100] {processor.py:208} INFO - Processing /Users/jobandtalent/opt/anaconda3/envs/e2s-env/lib/python3.9/site-packages/airflow/example_dags/tutorial.py took 0.131 seconds
[2024-11-21T17:49:33.518+0100] {processor.py:186} INFO - Started process (PID=4788) to work on /Users/jobandtalent/opt/anaconda3/envs/e2s-env/lib/python3.9/site-packages/airflow/example_dags/tutorial.py
[2024-11-21T17:49:33.521+0100] {processor.py:914} INFO - Processing file /Users/jobandtalent/opt/anaconda3/envs/e2s-env/lib/python3.9/site-packages/airflow/example_dags/tutorial.py for tasks to queue
[2024-11-21T17:49:33.522+0100] {logging_mixin.py:190} INFO - [2024-11-21T17:49:33.521+0100] {dagbag.py:588} INFO - Filling up the DagBag from /Users/jobandtalent/opt/anaconda3/envs/e2s-env/lib/python3.9/site-packages/airflow/example_dags/tutorial.py
[2024-11-21T17:49:33.528+0100] {processor.py:925} INFO - DAG(s) 'tutorial' retrieved from /Users/jobandtalent/opt/anaconda3/envs/e2s-env/lib/python3.9/site-packages/airflow/example_dags/tutorial.py
[2024-11-21T17:49:33.591+0100] {logging_mixin.py:190} INFO - [2024-11-21T17:49:33.590+0100] {dag.py:3239} INFO - Sync 1 DAGs
[2024-11-21T17:49:33.603+0100] {logging_mixin.py:190} INFO - [2024-11-21T17:49:33.602+0100] {dag.py:4180} INFO - Setting next_dagrun for tutorial to 2024-11-20 00:00:00+00:00, run_after=2024-11-21 00:00:00+00:00
[2024-11-21T17:49:33.614+0100] {processor.py:208} INFO - Processing /Users/jobandtalent/opt/anaconda3/envs/e2s-env/lib/python3.9/site-packages/airflow/example_dags/tutorial.py took 0.106 seconds
[2024-11-21T17:52:04.516+0100] {processor.py:186} INFO - Started process (PID=5162) to work on /Users/jobandtalent/opt/anaconda3/envs/e2s-env/lib/python3.9/site-packages/airflow/example_dags/tutorial.py
[2024-11-21T17:52:04.517+0100] {processor.py:914} INFO - Processing file /Users/jobandtalent/opt/anaconda3/envs/e2s-env/lib/python3.9/site-packages/airflow/example_dags/tutorial.py for tasks to queue
[2024-11-21T17:52:04.518+0100] {logging_mixin.py:190} INFO - [2024-11-21T17:52:04.518+0100] {dagbag.py:588} INFO - Filling up the DagBag from /Users/jobandtalent/opt/anaconda3/envs/e2s-env/lib/python3.9/site-packages/airflow/example_dags/tutorial.py
[2024-11-21T17:52:04.525+0100] {processor.py:925} INFO - DAG(s) 'tutorial' retrieved from /Users/jobandtalent/opt/anaconda3/envs/e2s-env/lib/python3.9/site-packages/airflow/example_dags/tutorial.py
[2024-11-21T17:52:04.589+0100] {logging_mixin.py:190} INFO - [2024-11-21T17:52:04.589+0100] {dag.py:3239} INFO - Sync 1 DAGs
[2024-11-21T17:52:04.601+0100] {logging_mixin.py:190} INFO - [2024-11-21T17:52:04.601+0100] {dag.py:4180} INFO - Setting next_dagrun for tutorial to 2024-11-20 00:00:00+00:00, run_after=2024-11-21 00:00:00+00:00
[2024-11-21T17:52:04.612+0100] {processor.py:208} INFO - Processing /Users/jobandtalent/opt/anaconda3/envs/e2s-env/lib/python3.9/site-packages/airflow/example_dags/tutorial.py took 0.099 seconds
[2024-11-21T17:54:26.777+0100] {processor.py:186} INFO - Started process (PID=5496) to work on /Users/jobandtalent/opt/anaconda3/envs/e2s-env/lib/python3.9/site-packages/airflow/example_dags/tutorial.py
[2024-11-21T17:54:26.778+0100] {processor.py:914} INFO - Processing file /Users/jobandtalent/opt/anaconda3/envs/e2s-env/lib/python3.9/site-packages/airflow/example_dags/tutorial.py for tasks to queue
[2024-11-21T17:54:26.779+0100] {logging_mixin.py:190} INFO - [2024-11-21T17:54:26.779+0100] {dagbag.py:588} INFO - Filling up the DagBag from /Users/jobandtalent/opt/anaconda3/envs/e2s-env/lib/python3.9/site-packages/airflow/example_dags/tutorial.py
[2024-11-21T17:54:26.786+0100] {processor.py:925} INFO - DAG(s) 'tutorial' retrieved from /Users/jobandtalent/opt/anaconda3/envs/e2s-env/lib/python3.9/site-packages/airflow/example_dags/tutorial.py
[2024-11-21T17:54:26.847+0100] {logging_mixin.py:190} INFO - [2024-11-21T17:54:26.847+0100] {dag.py:3239} INFO - Sync 1 DAGs
[2024-11-21T17:54:26.858+0100] {logging_mixin.py:190} INFO - [2024-11-21T17:54:26.858+0100] {dag.py:4180} INFO - Setting next_dagrun for tutorial to 2024-11-20 00:00:00+00:00, run_after=2024-11-21 00:00:00+00:00
[2024-11-21T17:54:26.868+0100] {processor.py:208} INFO - Processing /Users/jobandtalent/opt/anaconda3/envs/e2s-env/lib/python3.9/site-packages/airflow/example_dags/tutorial.py took 0.101 seconds
[2024-11-21T17:56:47.174+0100] {processor.py:186} INFO - Started process (PID=5904) to work on /Users/jobandtalent/opt/anaconda3/envs/e2s-env/lib/python3.9/site-packages/airflow/example_dags/tutorial.py
[2024-11-21T17:56:47.176+0100] {processor.py:914} INFO - Processing file /Users/jobandtalent/opt/anaconda3/envs/e2s-env/lib/python3.9/site-packages/airflow/example_dags/tutorial.py for tasks to queue
[2024-11-21T17:56:47.177+0100] {logging_mixin.py:190} INFO - [2024-11-21T17:56:47.176+0100] {dagbag.py:588} INFO - Filling up the DagBag from /Users/jobandtalent/opt/anaconda3/envs/e2s-env/lib/python3.9/site-packages/airflow/example_dags/tutorial.py
[2024-11-21T17:56:47.184+0100] {processor.py:925} INFO - DAG(s) 'tutorial' retrieved from /Users/jobandtalent/opt/anaconda3/envs/e2s-env/lib/python3.9/site-packages/airflow/example_dags/tutorial.py
[2024-11-21T17:56:47.244+0100] {logging_mixin.py:190} INFO - [2024-11-21T17:56:47.244+0100] {dag.py:3239} INFO - Sync 1 DAGs
[2024-11-21T17:56:47.257+0100] {logging_mixin.py:190} INFO - [2024-11-21T17:56:47.257+0100] {dag.py:4180} INFO - Setting next_dagrun for tutorial to 2024-11-20 00:00:00+00:00, run_after=2024-11-21 00:00:00+00:00
[2024-11-21T17:56:47.269+0100] {processor.py:208} INFO - Processing /Users/jobandtalent/opt/anaconda3/envs/e2s-env/lib/python3.9/site-packages/airflow/example_dags/tutorial.py took 0.105 seconds
[2024-11-21T17:59:09.936+0100] {processor.py:186} INFO - Started process (PID=6381) to work on /Users/jobandtalent/opt/anaconda3/envs/e2s-env/lib/python3.9/site-packages/airflow/example_dags/tutorial.py
[2024-11-21T17:59:09.938+0100] {processor.py:914} INFO - Processing file /Users/jobandtalent/opt/anaconda3/envs/e2s-env/lib/python3.9/site-packages/airflow/example_dags/tutorial.py for tasks to queue
[2024-11-21T17:59:09.939+0100] {logging_mixin.py:190} INFO - [2024-11-21T17:59:09.939+0100] {dagbag.py:588} INFO - Filling up the DagBag from /Users/jobandtalent/opt/anaconda3/envs/e2s-env/lib/python3.9/site-packages/airflow/example_dags/tutorial.py
[2024-11-21T17:59:09.945+0100] {processor.py:925} INFO - DAG(s) 'tutorial' retrieved from /Users/jobandtalent/opt/anaconda3/envs/e2s-env/lib/python3.9/site-packages/airflow/example_dags/tutorial.py
[2024-11-21T17:59:10.008+0100] {logging_mixin.py:190} INFO - [2024-11-21T17:59:10.008+0100] {dag.py:3239} INFO - Sync 1 DAGs
[2024-11-21T17:59:10.023+0100] {logging_mixin.py:190} INFO - [2024-11-21T17:59:10.023+0100] {dag.py:4180} INFO - Setting next_dagrun for tutorial to 2024-11-20 00:00:00+00:00, run_after=2024-11-21 00:00:00+00:00
[2024-11-21T17:59:10.035+0100] {processor.py:208} INFO - Processing /Users/jobandtalent/opt/anaconda3/envs/e2s-env/lib/python3.9/site-packages/airflow/example_dags/tutorial.py took 0.110 seconds
[2024-11-21T18:01:36.615+0100] {processor.py:186} INFO - Started process (PID=6766) to work on /Users/jobandtalent/opt/anaconda3/envs/e2s-env/lib/python3.9/site-packages/airflow/example_dags/tutorial.py
[2024-11-21T18:01:36.617+0100] {processor.py:914} INFO - Processing file /Users/jobandtalent/opt/anaconda3/envs/e2s-env/lib/python3.9/site-packages/airflow/example_dags/tutorial.py for tasks to queue
[2024-11-21T18:01:36.618+0100] {logging_mixin.py:190} INFO - [2024-11-21T18:01:36.618+0100] {dagbag.py:588} INFO - Filling up the DagBag from /Users/jobandtalent/opt/anaconda3/envs/e2s-env/lib/python3.9/site-packages/airflow/example_dags/tutorial.py
[2024-11-21T18:01:36.625+0100] {processor.py:925} INFO - DAG(s) 'tutorial' retrieved from /Users/jobandtalent/opt/anaconda3/envs/e2s-env/lib/python3.9/site-packages/airflow/example_dags/tutorial.py
[2024-11-21T18:01:36.685+0100] {logging_mixin.py:190} INFO - [2024-11-21T18:01:36.684+0100] {dag.py:3239} INFO - Sync 1 DAGs
[2024-11-21T18:01:36.696+0100] {logging_mixin.py:190} INFO - [2024-11-21T18:01:36.696+0100] {dag.py:4180} INFO - Setting next_dagrun for tutorial to 2024-11-20 00:00:00+00:00, run_after=2024-11-21 00:00:00+00:00
[2024-11-21T18:01:36.707+0100] {processor.py:208} INFO - Processing /Users/jobandtalent/opt/anaconda3/envs/e2s-env/lib/python3.9/site-packages/airflow/example_dags/tutorial.py took 0.103 seconds
[2024-11-21T18:04:01.850+0100] {processor.py:186} INFO - Started process (PID=7128) to work on /Users/jobandtalent/opt/anaconda3/envs/e2s-env/lib/python3.9/site-packages/airflow/example_dags/tutorial.py
[2024-11-21T18:04:01.852+0100] {processor.py:914} INFO - Processing file /Users/jobandtalent/opt/anaconda3/envs/e2s-env/lib/python3.9/site-packages/airflow/example_dags/tutorial.py for tasks to queue
[2024-11-21T18:04:01.852+0100] {logging_mixin.py:190} INFO - [2024-11-21T18:04:01.852+0100] {dagbag.py:588} INFO - Filling up the DagBag from /Users/jobandtalent/opt/anaconda3/envs/e2s-env/lib/python3.9/site-packages/airflow/example_dags/tutorial.py
[2024-11-21T18:04:01.860+0100] {processor.py:925} INFO - DAG(s) 'tutorial' retrieved from /Users/jobandtalent/opt/anaconda3/envs/e2s-env/lib/python3.9/site-packages/airflow/example_dags/tutorial.py
[2024-11-21T18:04:01.924+0100] {logging_mixin.py:190} INFO - [2024-11-21T18:04:01.924+0100] {dag.py:3239} INFO - Sync 1 DAGs
[2024-11-21T18:04:01.936+0100] {logging_mixin.py:190} INFO - [2024-11-21T18:04:01.935+0100] {dag.py:4180} INFO - Setting next_dagrun for tutorial to 2024-11-20 00:00:00+00:00, run_after=2024-11-21 00:00:00+00:00
[2024-11-21T18:04:01.948+0100] {processor.py:208} INFO - Processing /Users/jobandtalent/opt/anaconda3/envs/e2s-env/lib/python3.9/site-packages/airflow/example_dags/tutorial.py took 0.108 seconds
