[2024-11-21T17:33:58.311+0100] {processor.py:186} INFO - Started process (PID=2053) to work on /Users/jobandtalent/opt/anaconda3/envs/e2s-env/lib/python3.9/site-packages/airflow/example_dags/tutorial_dag.py
[2024-11-21T17:33:58.312+0100] {processor.py:914} INFO - Processing file /Users/jobandtalent/opt/anaconda3/envs/e2s-env/lib/python3.9/site-packages/airflow/example_dags/tutorial_dag.py for tasks to queue
[2024-11-21T17:33:58.313+0100] {logging_mixin.py:190} INFO - [2024-11-21T17:33:58.313+0100] {dagbag.py:588} INFO - Filling up the DagBag from /Users/jobandtalent/opt/anaconda3/envs/e2s-env/lib/python3.9/site-packages/airflow/example_dags/tutorial_dag.py
[2024-11-21T17:33:58.333+0100] {processor.py:925} INFO - DAG(s) 'tutorial_dag' retrieved from /Users/jobandtalent/opt/anaconda3/envs/e2s-env/lib/python3.9/site-packages/airflow/example_dags/tutorial_dag.py
[2024-11-21T17:33:58.470+0100] {logging_mixin.py:190} INFO - [2024-11-21T17:33:58.469+0100] {override.py:1911} INFO - Created Permission View: can read on DAG:tutorial_dag
[2024-11-21T17:33:58.474+0100] {logging_mixin.py:190} INFO - [2024-11-21T17:33:58.474+0100] {override.py:1911} INFO - Created Permission View: can edit on DAG:tutorial_dag
[2024-11-21T17:33:58.478+0100] {logging_mixin.py:190} INFO - [2024-11-21T17:33:58.478+0100] {override.py:1911} INFO - Created Permission View: can delete on DAG:tutorial_dag
[2024-11-21T17:33:58.483+0100] {logging_mixin.py:190} INFO - [2024-11-21T17:33:58.482+0100] {override.py:1911} INFO - Created Permission View: can create on DAG Run:tutorial_dag
[2024-11-21T17:33:58.486+0100] {logging_mixin.py:190} INFO - [2024-11-21T17:33:58.486+0100] {override.py:1911} INFO - Created Permission View: can read on DAG Run:tutorial_dag
[2024-11-21T17:33:58.490+0100] {logging_mixin.py:190} INFO - [2024-11-21T17:33:58.490+0100] {override.py:1911} INFO - Created Permission View: menu access on DAG Run:tutorial_dag
[2024-11-21T17:33:58.494+0100] {logging_mixin.py:190} INFO - [2024-11-21T17:33:58.493+0100] {override.py:1911} INFO - Created Permission View: can delete on DAG Run:tutorial_dag
[2024-11-21T17:33:58.494+0100] {logging_mixin.py:190} INFO - [2024-11-21T17:33:58.494+0100] {dag.py:3239} INFO - Sync 1 DAGs
[2024-11-21T17:33:58.502+0100] {logging_mixin.py:190} INFO - [2024-11-21T17:33:58.502+0100] {dag.py:3262} INFO - Creating ORM DAG for tutorial_dag
[2024-11-21T17:33:58.502+0100] {logging_mixin.py:190} INFO - [2024-11-21T17:33:58.502+0100] {dag.py:4180} INFO - Setting next_dagrun for tutorial_dag to None, run_after=None
[2024-11-21T17:33:58.514+0100] {processor.py:208} INFO - Processing /Users/jobandtalent/opt/anaconda3/envs/e2s-env/lib/python3.9/site-packages/airflow/example_dags/tutorial_dag.py took 0.218 seconds
[2024-11-21T17:36:54.758+0100] {processor.py:186} INFO - Started process (PID=2481) to work on /Users/jobandtalent/opt/anaconda3/envs/e2s-env/lib/python3.9/site-packages/airflow/example_dags/tutorial_dag.py
[2024-11-21T17:36:54.760+0100] {processor.py:914} INFO - Processing file /Users/jobandtalent/opt/anaconda3/envs/e2s-env/lib/python3.9/site-packages/airflow/example_dags/tutorial_dag.py for tasks to queue
[2024-11-21T17:36:54.762+0100] {logging_mixin.py:190} INFO - [2024-11-21T17:36:54.761+0100] {dagbag.py:588} INFO - Filling up the DagBag from /Users/jobandtalent/opt/anaconda3/envs/e2s-env/lib/python3.9/site-packages/airflow/example_dags/tutorial_dag.py
[2024-11-21T17:36:54.785+0100] {processor.py:925} INFO - DAG(s) 'tutorial_dag' retrieved from /Users/jobandtalent/opt/anaconda3/envs/e2s-env/lib/python3.9/site-packages/airflow/example_dags/tutorial_dag.py
[2024-11-21T17:36:54.844+0100] {logging_mixin.py:190} INFO - [2024-11-21T17:36:54.844+0100] {dag.py:3239} INFO - Sync 1 DAGs
[2024-11-21T17:36:54.852+0100] {logging_mixin.py:190} INFO - [2024-11-21T17:36:54.852+0100] {dag.py:4180} INFO - Setting next_dagrun for tutorial_dag to None, run_after=None
[2024-11-21T17:36:54.863+0100] {processor.py:208} INFO - Processing /Users/jobandtalent/opt/anaconda3/envs/e2s-env/lib/python3.9/site-packages/airflow/example_dags/tutorial_dag.py took 0.120 seconds
[2024-11-21T17:39:15.994+0100] {processor.py:186} INFO - Started process (PID=2836) to work on /Users/jobandtalent/opt/anaconda3/envs/e2s-env/lib/python3.9/site-packages/airflow/example_dags/tutorial_dag.py
[2024-11-21T17:39:15.997+0100] {processor.py:914} INFO - Processing file /Users/jobandtalent/opt/anaconda3/envs/e2s-env/lib/python3.9/site-packages/airflow/example_dags/tutorial_dag.py for tasks to queue
[2024-11-21T17:39:15.998+0100] {logging_mixin.py:190} INFO - [2024-11-21T17:39:15.998+0100] {dagbag.py:588} INFO - Filling up the DagBag from /Users/jobandtalent/opt/anaconda3/envs/e2s-env/lib/python3.9/site-packages/airflow/example_dags/tutorial_dag.py
[2024-11-21T17:39:16.022+0100] {processor.py:925} INFO - DAG(s) 'tutorial_dag' retrieved from /Users/jobandtalent/opt/anaconda3/envs/e2s-env/lib/python3.9/site-packages/airflow/example_dags/tutorial_dag.py
[2024-11-21T17:39:16.084+0100] {logging_mixin.py:190} INFO - [2024-11-21T17:39:16.084+0100] {dag.py:3239} INFO - Sync 1 DAGs
[2024-11-21T17:39:16.090+0100] {logging_mixin.py:190} INFO - [2024-11-21T17:39:16.090+0100] {dag.py:4180} INFO - Setting next_dagrun for tutorial_dag to None, run_after=None
[2024-11-21T17:39:16.103+0100] {processor.py:208} INFO - Processing /Users/jobandtalent/opt/anaconda3/envs/e2s-env/lib/python3.9/site-packages/airflow/example_dags/tutorial_dag.py took 0.119 seconds
[2024-11-21T17:41:38.433+0100] {processor.py:186} INFO - Started process (PID=3187) to work on /Users/jobandtalent/opt/anaconda3/envs/e2s-env/lib/python3.9/site-packages/airflow/example_dags/tutorial_dag.py
[2024-11-21T17:41:38.435+0100] {processor.py:914} INFO - Processing file /Users/jobandtalent/opt/anaconda3/envs/e2s-env/lib/python3.9/site-packages/airflow/example_dags/tutorial_dag.py for tasks to queue
[2024-11-21T17:41:38.435+0100] {logging_mixin.py:190} INFO - [2024-11-21T17:41:38.435+0100] {dagbag.py:588} INFO - Filling up the DagBag from /Users/jobandtalent/opt/anaconda3/envs/e2s-env/lib/python3.9/site-packages/airflow/example_dags/tutorial_dag.py
[2024-11-21T17:41:38.456+0100] {processor.py:925} INFO - DAG(s) 'tutorial_dag' retrieved from /Users/jobandtalent/opt/anaconda3/envs/e2s-env/lib/python3.9/site-packages/airflow/example_dags/tutorial_dag.py
[2024-11-21T17:41:38.518+0100] {logging_mixin.py:190} INFO - [2024-11-21T17:41:38.518+0100] {dag.py:3239} INFO - Sync 1 DAGs
[2024-11-21T17:41:38.525+0100] {logging_mixin.py:190} INFO - [2024-11-21T17:41:38.525+0100] {dag.py:4180} INFO - Setting next_dagrun for tutorial_dag to None, run_after=None
[2024-11-21T17:41:38.537+0100] {processor.py:208} INFO - Processing /Users/jobandtalent/opt/anaconda3/envs/e2s-env/lib/python3.9/site-packages/airflow/example_dags/tutorial_dag.py took 0.115 seconds
[2024-11-21T17:44:06.012+0100] {processor.py:186} INFO - Started process (PID=3545) to work on /Users/jobandtalent/opt/anaconda3/envs/e2s-env/lib/python3.9/site-packages/airflow/example_dags/tutorial_dag.py
[2024-11-21T17:44:06.013+0100] {processor.py:914} INFO - Processing file /Users/jobandtalent/opt/anaconda3/envs/e2s-env/lib/python3.9/site-packages/airflow/example_dags/tutorial_dag.py for tasks to queue
[2024-11-21T17:44:06.014+0100] {logging_mixin.py:190} INFO - [2024-11-21T17:44:06.014+0100] {dagbag.py:588} INFO - Filling up the DagBag from /Users/jobandtalent/opt/anaconda3/envs/e2s-env/lib/python3.9/site-packages/airflow/example_dags/tutorial_dag.py
[2024-11-21T17:44:06.040+0100] {processor.py:925} INFO - DAG(s) 'tutorial_dag' retrieved from /Users/jobandtalent/opt/anaconda3/envs/e2s-env/lib/python3.9/site-packages/airflow/example_dags/tutorial_dag.py
[2024-11-21T17:44:06.097+0100] {logging_mixin.py:190} INFO - [2024-11-21T17:44:06.097+0100] {dag.py:3239} INFO - Sync 1 DAGs
[2024-11-21T17:44:06.103+0100] {logging_mixin.py:190} INFO - [2024-11-21T17:44:06.103+0100] {dag.py:4180} INFO - Setting next_dagrun for tutorial_dag to None, run_after=None
[2024-11-21T17:44:06.115+0100] {processor.py:208} INFO - Processing /Users/jobandtalent/opt/anaconda3/envs/e2s-env/lib/python3.9/site-packages/airflow/example_dags/tutorial_dag.py took 0.114 seconds
