[2024-11-21T17:33:45.920+0100] {processor.py:186} INFO - Started process (PID=2011) to work on /Users/jobandtalent/opt/anaconda3/envs/e2s-env/lib/python3.9/site-packages/airflow/example_dags/tutorial_taskflow_templates.py
[2024-11-21T17:33:45.921+0100] {processor.py:914} INFO - Processing file /Users/jobandtalent/opt/anaconda3/envs/e2s-env/lib/python3.9/site-packages/airflow/example_dags/tutorial_taskflow_templates.py for tasks to queue
[2024-11-21T17:33:45.922+0100] {logging_mixin.py:190} INFO - [2024-11-21T17:33:45.921+0100] {dagbag.py:588} INFO - Filling up the DagBag from /Users/jobandtalent/opt/anaconda3/envs/e2s-env/lib/python3.9/site-packages/airflow/example_dags/tutorial_taskflow_templates.py
[2024-11-21T17:33:45.963+0100] {processor.py:925} INFO - DAG(s) 'tutorial_taskflow_templates' retrieved from /Users/jobandtalent/opt/anaconda3/envs/e2s-env/lib/python3.9/site-packages/airflow/example_dags/tutorial_taskflow_templates.py
[2024-11-21T17:33:46.475+0100] {logging_mixin.py:190} INFO - [2024-11-21T17:33:46.474+0100] {override.py:1911} INFO - Created Permission View: can read on DAG:tutorial_taskflow_templates
[2024-11-21T17:33:46.483+0100] {logging_mixin.py:190} INFO - [2024-11-21T17:33:46.483+0100] {override.py:1911} INFO - Created Permission View: can edit on DAG:tutorial_taskflow_templates
[2024-11-21T17:33:46.492+0100] {logging_mixin.py:190} INFO - [2024-11-21T17:33:46.491+0100] {override.py:1911} INFO - Created Permission View: can delete on DAG:tutorial_taskflow_templates
[2024-11-21T17:33:46.498+0100] {logging_mixin.py:190} INFO - [2024-11-21T17:33:46.498+0100] {override.py:1911} INFO - Created Permission View: can read on DAG Run:tutorial_taskflow_templates
[2024-11-21T17:33:46.502+0100] {logging_mixin.py:190} INFO - [2024-11-21T17:33:46.502+0100] {override.py:1911} INFO - Created Permission View: can create on DAG Run:tutorial_taskflow_templates
[2024-11-21T17:33:46.507+0100] {logging_mixin.py:190} INFO - [2024-11-21T17:33:46.506+0100] {override.py:1911} INFO - Created Permission View: can delete on DAG Run:tutorial_taskflow_templates
[2024-11-21T17:33:46.511+0100] {logging_mixin.py:190} INFO - [2024-11-21T17:33:46.511+0100] {override.py:1911} INFO - Created Permission View: menu access on DAG Run:tutorial_taskflow_templates
[2024-11-21T17:33:46.511+0100] {logging_mixin.py:190} INFO - [2024-11-21T17:33:46.511+0100] {dag.py:3239} INFO - Sync 1 DAGs
[2024-11-21T17:33:46.520+0100] {logging_mixin.py:190} INFO - [2024-11-21T17:33:46.520+0100] {dag.py:3262} INFO - Creating ORM DAG for tutorial_taskflow_templates
[2024-11-21T17:33:46.526+0100] {logging_mixin.py:190} INFO - [2024-11-21T17:33:46.526+0100] {dag.py:4180} INFO - Setting next_dagrun for tutorial_taskflow_templates to 2024-11-20 00:00:00+00:00, run_after=2024-11-21 00:00:00+00:00
[2024-11-21T17:33:46.538+0100] {processor.py:208} INFO - Processing /Users/jobandtalent/opt/anaconda3/envs/e2s-env/lib/python3.9/site-packages/airflow/example_dags/tutorial_taskflow_templates.py took 0.629 seconds
[2024-11-21T17:36:43.419+0100] {processor.py:186} INFO - Started process (PID=2455) to work on /Users/jobandtalent/opt/anaconda3/envs/e2s-env/lib/python3.9/site-packages/airflow/example_dags/tutorial_taskflow_templates.py
[2024-11-21T17:36:43.421+0100] {processor.py:914} INFO - Processing file /Users/jobandtalent/opt/anaconda3/envs/e2s-env/lib/python3.9/site-packages/airflow/example_dags/tutorial_taskflow_templates.py for tasks to queue
[2024-11-21T17:36:43.422+0100] {logging_mixin.py:190} INFO - [2024-11-21T17:36:43.422+0100] {dagbag.py:588} INFO - Filling up the DagBag from /Users/jobandtalent/opt/anaconda3/envs/e2s-env/lib/python3.9/site-packages/airflow/example_dags/tutorial_taskflow_templates.py
[2024-11-21T17:36:43.465+0100] {processor.py:925} INFO - DAG(s) 'tutorial_taskflow_templates' retrieved from /Users/jobandtalent/opt/anaconda3/envs/e2s-env/lib/python3.9/site-packages/airflow/example_dags/tutorial_taskflow_templates.py
[2024-11-21T17:36:43.524+0100] {logging_mixin.py:190} INFO - [2024-11-21T17:36:43.523+0100] {dag.py:3239} INFO - Sync 1 DAGs
[2024-11-21T17:36:43.534+0100] {logging_mixin.py:190} INFO - [2024-11-21T17:36:43.534+0100] {dag.py:4180} INFO - Setting next_dagrun for tutorial_taskflow_templates to 2024-11-20 00:00:00+00:00, run_after=2024-11-21 00:00:00+00:00
[2024-11-21T17:36:43.544+0100] {processor.py:208} INFO - Processing /Users/jobandtalent/opt/anaconda3/envs/e2s-env/lib/python3.9/site-packages/airflow/example_dags/tutorial_taskflow_templates.py took 0.133 seconds
[2024-11-21T17:39:04.691+0100] {processor.py:186} INFO - Started process (PID=2808) to work on /Users/jobandtalent/opt/anaconda3/envs/e2s-env/lib/python3.9/site-packages/airflow/example_dags/tutorial_taskflow_templates.py
[2024-11-21T17:39:04.693+0100] {processor.py:914} INFO - Processing file /Users/jobandtalent/opt/anaconda3/envs/e2s-env/lib/python3.9/site-packages/airflow/example_dags/tutorial_taskflow_templates.py for tasks to queue
[2024-11-21T17:39:04.694+0100] {logging_mixin.py:190} INFO - [2024-11-21T17:39:04.693+0100] {dagbag.py:588} INFO - Filling up the DagBag from /Users/jobandtalent/opt/anaconda3/envs/e2s-env/lib/python3.9/site-packages/airflow/example_dags/tutorial_taskflow_templates.py
[2024-11-21T17:39:04.750+0100] {processor.py:925} INFO - DAG(s) 'tutorial_taskflow_templates' retrieved from /Users/jobandtalent/opt/anaconda3/envs/e2s-env/lib/python3.9/site-packages/airflow/example_dags/tutorial_taskflow_templates.py
[2024-11-21T17:39:04.818+0100] {logging_mixin.py:190} INFO - [2024-11-21T17:39:04.818+0100] {dag.py:3239} INFO - Sync 1 DAGs
[2024-11-21T17:39:04.829+0100] {logging_mixin.py:190} INFO - [2024-11-21T17:39:04.829+0100] {dag.py:4180} INFO - Setting next_dagrun for tutorial_taskflow_templates to 2024-11-20 00:00:00+00:00, run_after=2024-11-21 00:00:00+00:00
[2024-11-21T17:39:04.841+0100] {processor.py:208} INFO - Processing /Users/jobandtalent/opt/anaconda3/envs/e2s-env/lib/python3.9/site-packages/airflow/example_dags/tutorial_taskflow_templates.py took 0.161 seconds
[2024-11-21T17:41:27.163+0100] {processor.py:186} INFO - Started process (PID=3159) to work on /Users/jobandtalent/opt/anaconda3/envs/e2s-env/lib/python3.9/site-packages/airflow/example_dags/tutorial_taskflow_templates.py
[2024-11-21T17:41:27.165+0100] {processor.py:914} INFO - Processing file /Users/jobandtalent/opt/anaconda3/envs/e2s-env/lib/python3.9/site-packages/airflow/example_dags/tutorial_taskflow_templates.py for tasks to queue
[2024-11-21T17:41:27.166+0100] {logging_mixin.py:190} INFO - [2024-11-21T17:41:27.165+0100] {dagbag.py:588} INFO - Filling up the DagBag from /Users/jobandtalent/opt/anaconda3/envs/e2s-env/lib/python3.9/site-packages/airflow/example_dags/tutorial_taskflow_templates.py
[2024-11-21T17:41:27.206+0100] {processor.py:925} INFO - DAG(s) 'tutorial_taskflow_templates' retrieved from /Users/jobandtalent/opt/anaconda3/envs/e2s-env/lib/python3.9/site-packages/airflow/example_dags/tutorial_taskflow_templates.py
[2024-11-21T17:41:27.268+0100] {logging_mixin.py:190} INFO - [2024-11-21T17:41:27.267+0100] {dag.py:3239} INFO - Sync 1 DAGs
[2024-11-21T17:41:27.277+0100] {logging_mixin.py:190} INFO - [2024-11-21T17:41:27.277+0100] {dag.py:4180} INFO - Setting next_dagrun for tutorial_taskflow_templates to 2024-11-20 00:00:00+00:00, run_after=2024-11-21 00:00:00+00:00
[2024-11-21T17:41:27.288+0100] {processor.py:208} INFO - Processing /Users/jobandtalent/opt/anaconda3/envs/e2s-env/lib/python3.9/site-packages/airflow/example_dags/tutorial_taskflow_templates.py took 0.136 seconds
[2024-11-21T17:43:52.657+0100] {processor.py:186} INFO - Started process (PID=3521) to work on /Users/jobandtalent/opt/anaconda3/envs/e2s-env/lib/python3.9/site-packages/airflow/example_dags/tutorial_taskflow_templates.py
[2024-11-21T17:43:52.659+0100] {processor.py:914} INFO - Processing file /Users/jobandtalent/opt/anaconda3/envs/e2s-env/lib/python3.9/site-packages/airflow/example_dags/tutorial_taskflow_templates.py for tasks to queue
[2024-11-21T17:43:52.660+0100] {logging_mixin.py:190} INFO - [2024-11-21T17:43:52.660+0100] {dagbag.py:588} INFO - Filling up the DagBag from /Users/jobandtalent/opt/anaconda3/envs/e2s-env/lib/python3.9/site-packages/airflow/example_dags/tutorial_taskflow_templates.py
[2024-11-21T17:43:52.808+0100] {processor.py:925} INFO - DAG(s) 'tutorial_taskflow_templates' retrieved from /Users/jobandtalent/opt/anaconda3/envs/e2s-env/lib/python3.9/site-packages/airflow/example_dags/tutorial_taskflow_templates.py
[2024-11-21T17:43:52.889+0100] {logging_mixin.py:190} INFO - [2024-11-21T17:43:52.889+0100] {dag.py:3239} INFO - Sync 1 DAGs
[2024-11-21T17:43:52.902+0100] {logging_mixin.py:190} INFO - [2024-11-21T17:43:52.902+0100] {dag.py:4180} INFO - Setting next_dagrun for tutorial_taskflow_templates to 2024-11-20 00:00:00+00:00, run_after=2024-11-21 00:00:00+00:00
[2024-11-21T17:43:52.916+0100] {processor.py:208} INFO - Processing /Users/jobandtalent/opt/anaconda3/envs/e2s-env/lib/python3.9/site-packages/airflow/example_dags/tutorial_taskflow_templates.py took 0.266 seconds
